2020-07-19 16:01:12: ETL Start: 2020-07-19 16:01:12.789870
2020-07-19 16:01:12: Available Snapshots: 20200707 20200718
2020-07-19 16:01:12: Processing Snapshot: 20200718
2020-07-19 16:01:12: ETL_00_COLLECT Start: 2020-07-19 16:01:12.801855
2020-07-19 16:01:12: Processing Source: portal inmobiliario
2020-07-19 16:01:14: ETL_00_COLLECT Output Files: D:\Reference\housemodel\data\T\ETL/20200718/ETL_00_COLLECT/portal inmobiliario.csv
2020-07-19 16:01:14: ETL_00_COLLECT End: 2020-07-19 16:01:14.387834
2020-07-19 16:01:14: ETL_00_COLLECT Total Execution Time: 1.5859792232513428
2020-07-19 16:01:14: ETL_00_COLLECT Creating stats files for portal inmobiliario
2020-07-19 16:01:14: 	Info:		D:\Reference\housemodel\stats\ETL/20200718/ETL_00_COLLECT/portal inmobiliario/info.txt
2020-07-19 16:01:14: 	Describe:	D:\Reference\housemodel\stats\ETL/20200718/ETL_00_COLLECT/portal inmobiliario/describe.csv
2020-07-19 16:01:14: 	Nulls:		D:\Reference\housemodel\stats\ETL/20200718/ETL_00_COLLECT/portal inmobiliario/nulls.txt
2020-07-19 16:01:14: 	Ceros:		D:\Reference\housemodel\stats\ETL/20200718/ETL_00_COLLECT/portal inmobiliario/ceros.txt
2020-07-19 16:01:14: ETL_01_BUILD Start: 2020-07-19 16:01:14.525831
2020-07-19 16:01:14: Processing Source: D:\Reference\housemodel\data\T\ETL/20200718/ETL_00_COLLECT/portal inmobiliario.csv
2020-07-19 16:01:15: ETL_01_BUILD End: 2020-07-19 16:01:15.042881
2020-07-19 16:01:15: ETL_01_BUILD Total Execution Time: 0.5170495510101318
2020-07-19 16:01:15: ETL_01_BUILD Creating stats files for portal inmobiliario
2020-07-19 16:01:15: 	Info:		D:\Reference\housemodel\stats\ETL/20200718/ETL_01_BUILD/portal inmobiliario/info.txt
2020-07-19 16:01:15: 	Describe:	D:\Reference\housemodel\stats\ETL/20200718/ETL_01_BUILD/portal inmobiliario/describe.csv
2020-07-19 16:01:15: 	Nulls:		D:\Reference\housemodel\stats\ETL/20200718/ETL_01_BUILD/portal inmobiliario/nulls.txt
2020-07-19 16:01:15: 	Ceros:		D:\Reference\housemodel\stats\ETL/20200718/ETL_01_BUILD/portal inmobiliario/ceros.txt
