2020-07-19 16:47:23: ETL Start: 2020-07-19 16:47:23.916730
2020-07-19 16:47:23: Available Snapshots: 20200707 20200718
2020-07-19 16:47:23: Processing Snapshot: 20200718
2020-07-19 16:47:23: ETL_00_COLLECT Start: 2020-07-19 16:47:23.928699
2020-07-19 16:47:23: Processing Source: portal inmobiliario
2020-07-19 16:47:25: ETL_00_COLLECT Output Files: D:\Reference\housemodel\data\T\ETL/20200718/ETL_00_COLLECT/portal inmobiliario.csv
2020-07-19 16:47:25: ETL_00_COLLECT End: 2020-07-19 16:47:25.431741
2020-07-19 16:47:25: ETL_00_COLLECT Total Execution Time: 1.5030429363250732
2020-07-19 16:47:25: ETL_00_COLLECT Creating stats files for portal inmobiliario
2020-07-19 16:47:25: 	Info:		D:\Reference\housemodel\stats\ETL/20200718/ETL_00_COLLECT/portal inmobiliario/info.txt
2020-07-19 16:47:25: 	Describe:	D:\Reference\housemodel\stats\ETL/20200718/ETL_00_COLLECT/portal inmobiliario/describe.csv
2020-07-19 16:47:25: 	Nulls:		D:\Reference\housemodel\stats\ETL/20200718/ETL_00_COLLECT/portal inmobiliario/nulls.txt
2020-07-19 16:47:25: 	Ceros:		D:\Reference\housemodel\stats\ETL/20200718/ETL_00_COLLECT/portal inmobiliario/ceros.txt
2020-07-19 16:47:25: ETL_01_BUILD Start: 2020-07-19 16:47:25.571715
2020-07-19 16:47:25: Processing Source: D:\Reference\housemodel\data\T\ETL/20200718/ETL_00_COLLECT/portal inmobiliario.csv
2020-07-19 16:47:26: ETL_01_BUILD End: 2020-07-19 16:47:26.151730
2020-07-19 16:47:26: ETL_01_BUILD Total Execution Time: 0.5800149440765381
2020-07-19 16:47:26: ETL_01_BUILD Creating stats files for portal inmobiliario
2020-07-19 16:47:26: 	Info:		D:\Reference\housemodel\stats\ETL/20200718/ETL_01_BUILD/portal inmobiliario/info.txt
2020-07-19 16:47:26: 	Describe:	D:\Reference\housemodel\stats\ETL/20200718/ETL_01_BUILD/portal inmobiliario/describe.csv
2020-07-19 16:47:26: 	Nulls:		D:\Reference\housemodel\stats\ETL/20200718/ETL_01_BUILD/portal inmobiliario/nulls.txt
2020-07-19 16:47:26: 	Ceros:		D:\Reference\housemodel\stats\ETL/20200718/ETL_01_BUILD/portal inmobiliario/ceros.txt
