2020-07-19 21:48:36: ETL Start: 2020-07-19 21:48:36.216938
2020-07-19 21:48:36: Available Snapshots: 20200707 20200718
2020-07-19 21:48:36: Processing Snapshot: 20200718
2020-07-19 21:48:36: ETL_00_COLLECT Start: 2020-07-19 21:48:36.239941
2020-07-19 21:48:36: Processing Source: portal inmobiliario
2020-07-19 21:48:37: ETL_00_COLLECT Output Files: D:\Reference\housemodel\data\T\ETL/20200718/ETL_00_COLLECT/portal inmobiliario.csv
2020-07-19 21:48:37: ETL_00_COLLECT End: 2020-07-19 21:48:37.888937
2020-07-19 21:48:37: ETL_00_COLLECT Total Execution Time: 1.648996353149414
2020-07-19 21:48:37: ETL_00_COLLECT Creating stats files for portal inmobiliario
2020-07-19 21:48:37: 	Info:		D:\Reference\housemodel\stats\ETL/20200718/ETL_00_COLLECT/portal inmobiliario/info.txt
2020-07-19 21:48:38: 	Describe:	D:\Reference\housemodel\stats\ETL/20200718/ETL_00_COLLECT/portal inmobiliario/describe.csv
2020-07-19 21:48:38: 	Nulls:		D:\Reference\housemodel\stats\ETL/20200718/ETL_00_COLLECT/portal inmobiliario/nulls.txt
2020-07-19 21:48:38: 	Ceros:		D:\Reference\housemodel\stats\ETL/20200718/ETL_00_COLLECT/portal inmobiliario/ceros.txt
2020-07-19 21:48:38: ETL_01_BUILD Start: 2020-07-19 21:48:38.063936
2020-07-19 21:48:38: Processing Source: D:\Reference\housemodel\data\T\ETL/20200718/ETL_00_COLLECT/portal inmobiliario.csv
2020-07-19 21:48:40: ETL_01_BUILD End: 2020-07-19 21:48:40.125936
2020-07-19 21:48:40: ETL_01_BUILD Total Execution Time: 2.0619993209838867
2020-07-19 21:48:40: ETL_01_BUILD Creating stats files for portal inmobiliario
2020-07-19 21:48:40: 	Info:		D:\Reference\housemodel\stats\ETL/20200718/ETL_01_BUILD/portal inmobiliario/info.txt
2020-07-19 21:48:40: 	Describe:	D:\Reference\housemodel\stats\ETL/20200718/ETL_01_BUILD/portal inmobiliario/describe.csv
2020-07-19 21:48:40: 	Nulls:		D:\Reference\housemodel\stats\ETL/20200718/ETL_01_BUILD/portal inmobiliario/nulls.txt
2020-07-19 21:48:40: 	Ceros:		D:\Reference\housemodel\stats\ETL/20200718/ETL_01_BUILD/portal inmobiliario/ceros.txt
