2020-07-19 21:52:28: ETL Start: 2020-07-19 21:52:28.336115
2020-07-19 21:52:28: Available Snapshots: 20200707 20200718
2020-07-19 21:52:28: Processing Snapshot: 20200718
2020-07-19 21:52:28: ETL_00_COLLECT Start: 2020-07-19 21:52:28.359119
2020-07-19 21:52:28: Processing Source: portal inmobiliario
2020-07-19 21:52:29: ETL_00_COLLECT Output Files: D:\Reference\housemodel\data\T\ETL/20200718/ETL_00_COLLECT/portal inmobiliario.csv
2020-07-19 21:52:29: ETL_00_COLLECT End: 2020-07-19 21:52:29.883116
2020-07-19 21:52:29: ETL_00_COLLECT Total Execution Time: 1.5239977836608887
2020-07-19 21:52:29: ETL_00_COLLECT Creating stats files for portal inmobiliario
2020-07-19 21:52:29: 	Info:		D:\Reference\housemodel\stats\ETL/20200718/ETL_00_COLLECT/portal inmobiliario/info.txt
2020-07-19 21:52:30: 	Describe:	D:\Reference\housemodel\stats\ETL/20200718/ETL_00_COLLECT/portal inmobiliario/describe.csv
2020-07-19 21:52:30: 	Nulls:		D:\Reference\housemodel\stats\ETL/20200718/ETL_00_COLLECT/portal inmobiliario/nulls.txt
2020-07-19 21:52:30: 	Ceros:		D:\Reference\housemodel\stats\ETL/20200718/ETL_00_COLLECT/portal inmobiliario/ceros.txt
2020-07-19 21:52:30: ETL_01_BUILD Start: 2020-07-19 21:52:30.053084
2020-07-19 21:52:30: Processing Source: D:\Reference\housemodel\data\T\ETL/20200718/ETL_00_COLLECT/portal inmobiliario.csv
2020-07-19 21:52:32: ETL_01_BUILD End: 2020-07-19 21:52:32.349083
2020-07-19 21:52:32: ETL_01_BUILD Total Execution Time: 2.295999526977539
2020-07-19 21:52:32: ETL_01_BUILD Creating stats files for portal inmobiliario
2020-07-19 21:52:32: 	Info:		D:\Reference\housemodel\stats\ETL/20200718/ETL_01_BUILD/portal inmobiliario/info.txt
2020-07-19 21:52:32: 	Describe:	D:\Reference\housemodel\stats\ETL/20200718/ETL_01_BUILD/portal inmobiliario/describe.csv
2020-07-19 21:52:32: 	Nulls:		D:\Reference\housemodel\stats\ETL/20200718/ETL_01_BUILD/portal inmobiliario/nulls.txt
2020-07-19 21:52:32: 	Ceros:		D:\Reference\housemodel\stats\ETL/20200718/ETL_01_BUILD/portal inmobiliario/ceros.txt
2020-07-19 21:52:32: ETL_02_CLEAN Start: 2020-07-19 21:52:32.488116
