2020-07-19 22:08:49: ETL Start: 2020-07-19 22:08:49.790608
2020-07-19 22:08:49: Available Snapshots: 20200707 20200718
2020-07-19 22:08:49: Processing Snapshot: 20200718
2020-07-19 22:08:49: ETL_00_COLLECT Start: 2020-07-19 22:08:49.812617
2020-07-19 22:08:49: Processing Source: portal inmobiliario
2020-07-19 22:08:51: ETL_00_COLLECT Output Files: D:\Reference\housemodel\data\T\ETL/20200718/ETL_00_COLLECT/portal inmobiliario.csv
2020-07-19 22:08:51: ETL_00_COLLECT End: 2020-07-19 22:08:51.358566
2020-07-19 22:08:51: ETL_00_COLLECT Total Execution Time: 1.5459489822387695
2020-07-19 22:08:51: ETL_00_COLLECT Creating stats files for portal inmobiliario
2020-07-19 22:08:51: 	Info:		D:\Reference\housemodel\stats\ETL/20200718/ETL_00_COLLECT/portal inmobiliario/info.txt
2020-07-19 22:08:51: 	Describe:	D:\Reference\housemodel\stats\ETL/20200718/ETL_00_COLLECT/portal inmobiliario/describe.csv
2020-07-19 22:08:51: 	Nulls:		D:\Reference\housemodel\stats\ETL/20200718/ETL_00_COLLECT/portal inmobiliario/nulls.txt
2020-07-19 22:08:51: 	Ceros:		D:\Reference\housemodel\stats\ETL/20200718/ETL_00_COLLECT/portal inmobiliario/ceros.txt
2020-07-19 22:08:51: ETL_01_BUILD Start: 2020-07-19 22:08:51.532605
2020-07-19 22:08:51: Processing Source: D:\Reference\housemodel\data\T\ETL/20200718/ETL_00_COLLECT/portal inmobiliario.csv
2020-07-19 22:08:53: ETL_01_BUILD End: 2020-07-19 22:08:53.642613
2020-07-19 22:08:53: ETL_01_BUILD Total Execution Time: 2.110008478164673
2020-07-19 22:08:53: ETL_01_BUILD Creating stats files for portal inmobiliario
2020-07-19 22:08:53: 	Info:		D:\Reference\housemodel\stats\ETL/20200718/ETL_01_BUILD/portal inmobiliario/info.txt
2020-07-19 22:08:53: 	Describe:	D:\Reference\housemodel\stats\ETL/20200718/ETL_01_BUILD/portal inmobiliario/describe.csv
2020-07-19 22:08:53: 	Nulls:		D:\Reference\housemodel\stats\ETL/20200718/ETL_01_BUILD/portal inmobiliario/nulls.txt
2020-07-19 22:08:53: 	Ceros:		D:\Reference\housemodel\stats\ETL/20200718/ETL_01_BUILD/portal inmobiliario/ceros.txt
2020-07-19 22:08:53: ETL_02_CLEAN Start: 2020-07-19 22:08:53.775564
2020-07-19 22:08:53: Processing Source: D:\Reference\housemodel\data\T\ETL/20200718/ETL_01_BUILD/portal inmobiliario.csv
2020-07-19 22:08:54: ETL_02_CLEAN End: 2020-07-19 22:08:54.434577
2020-07-19 22:08:54: ETL_02_CLEAN Total Execution Time: 0.6590123176574707
2020-07-19 22:08:54: ETL_02_CLEAN Creating stats files for portal inmobiliario
2020-07-19 22:08:54: 	Info:		D:\Reference\housemodel\stats\ETL/20200718/ETL_02_CLEAN/portal inmobiliario/info.txt
2020-07-19 22:08:54: 	Describe:	D:\Reference\housemodel\stats\ETL/20200718/ETL_02_CLEAN/portal inmobiliario/describe.csv
2020-07-19 22:08:54: 	Nulls:		D:\Reference\housemodel\stats\ETL/20200718/ETL_02_CLEAN/portal inmobiliario/nulls.txt
2020-07-19 22:08:54: 	Ceros:		D:\Reference\housemodel\stats\ETL/20200718/ETL_02_CLEAN/portal inmobiliario/ceros.txt
2020-07-19 22:08:54: ETL_03_FORMAT Start: 2020-07-19 22:08:54.553571
2020-07-19 22:08:54: Processing Source: D:\Reference\housemodel\data\T\ETL/20200718/ETL_02_CLEAN/portal inmobiliario.csv
2020-07-19 22:08:54: ETL_03_FORMAT End: 2020-07-19 22:08:54.620566
2020-07-19 22:08:54: ETL_03_FORMAT Total Execution Time: 0.06699562072753906
2020-07-19 22:08:54: ETL_03_FORMAT Creating stats files for portal inmobiliario
2020-07-19 22:08:54: 	Info:		D:\Reference\housemodel\stats\ETL/20200718/ETL_03_FORMAT/portal inmobiliario/info.txt
2020-07-19 22:08:54: 	Describe:	D:\Reference\housemodel\stats\ETL/20200718/ETL_03_FORMAT/portal inmobiliario/describe.csv
2020-07-19 22:08:54: 	Nulls:		D:\Reference\housemodel\stats\ETL/20200718/ETL_03_FORMAT/portal inmobiliario/nulls.txt
2020-07-19 22:08:54: 	Ceros:		D:\Reference\housemodel\stats\ETL/20200718/ETL_03_FORMAT/portal inmobiliario/ceros.txt
