2020-07-19 22:07:53: ETL Start: 2020-07-19 22:07:53.242077
2020-07-19 22:07:53: Available Snapshots: 20200707 20200718
2020-07-19 22:07:53: Processing Snapshot: 20200718
2020-07-19 22:07:53: ETL_00_COLLECT Start: 2020-07-19 22:07:53.264118
2020-07-19 22:07:53: Processing Source: portal inmobiliario
2020-07-19 22:07:55: ETL_00_COLLECT Output Files: D:\Reference\housemodel\data\T\ETL/20200718/ETL_00_COLLECT/portal inmobiliario.csv
2020-07-19 22:07:55: ETL_00_COLLECT End: 2020-07-19 22:07:55.179075
2020-07-19 22:07:55: ETL_00_COLLECT Total Execution Time: 1.9149565696716309
2020-07-19 22:07:55: ETL_00_COLLECT Creating stats files for portal inmobiliario
2020-07-19 22:07:55: 	Info:		D:\Reference\housemodel\stats\ETL/20200718/ETL_00_COLLECT/portal inmobiliario/info.txt
2020-07-19 22:07:55: 	Describe:	D:\Reference\housemodel\stats\ETL/20200718/ETL_00_COLLECT/portal inmobiliario/describe.csv
2020-07-19 22:07:55: 	Nulls:		D:\Reference\housemodel\stats\ETL/20200718/ETL_00_COLLECT/portal inmobiliario/nulls.txt
2020-07-19 22:07:55: 	Ceros:		D:\Reference\housemodel\stats\ETL/20200718/ETL_00_COLLECT/portal inmobiliario/ceros.txt
2020-07-19 22:07:55: ETL_01_BUILD Start: 2020-07-19 22:07:55.367071
2020-07-19 22:07:55: Processing Source: D:\Reference\housemodel\data\T\ETL/20200718/ETL_00_COLLECT/portal inmobiliario.csv
2020-07-19 22:07:57: ETL_01_BUILD End: 2020-07-19 22:07:57.678244
2020-07-19 22:07:57: ETL_01_BUILD Total Execution Time: 2.3111729621887207
2020-07-19 22:07:57: ETL_01_BUILD Creating stats files for portal inmobiliario
2020-07-19 22:07:57: 	Info:		D:\Reference\housemodel\stats\ETL/20200718/ETL_01_BUILD/portal inmobiliario/info.txt
2020-07-19 22:07:57: 	Describe:	D:\Reference\housemodel\stats\ETL/20200718/ETL_01_BUILD/portal inmobiliario/describe.csv
2020-07-19 22:07:57: 	Nulls:		D:\Reference\housemodel\stats\ETL/20200718/ETL_01_BUILD/portal inmobiliario/nulls.txt
2020-07-19 22:07:57: 	Ceros:		D:\Reference\housemodel\stats\ETL/20200718/ETL_01_BUILD/portal inmobiliario/ceros.txt
2020-07-19 22:07:57: ETL_02_CLEAN Start: 2020-07-19 22:07:57.813279
2020-07-19 22:07:57: Processing Source: D:\Reference\housemodel\data\T\ETL/20200718/ETL_01_BUILD/portal inmobiliario.csv
2020-07-19 22:07:58: ETL_02_CLEAN End: 2020-07-19 22:07:58.482284
2020-07-19 22:07:58: ETL_02_CLEAN Total Execution Time: 0.6690042018890381
2020-07-19 22:07:58: ETL_02_CLEAN Creating stats files for portal inmobiliario
2020-07-19 22:07:58: 	Info:		D:\Reference\housemodel\stats\ETL/20200718/ETL_02_CLEAN/portal inmobiliario/info.txt
2020-07-19 22:07:58: 	Describe:	D:\Reference\housemodel\stats\ETL/20200718/ETL_02_CLEAN/portal inmobiliario/describe.csv
2020-07-19 22:07:58: 	Nulls:		D:\Reference\housemodel\stats\ETL/20200718/ETL_02_CLEAN/portal inmobiliario/nulls.txt
2020-07-19 22:07:58: 	Ceros:		D:\Reference\housemodel\stats\ETL/20200718/ETL_02_CLEAN/portal inmobiliario/ceros.txt
2020-07-19 22:07:58: ETL_02_FORMAT Start: 2020-07-19 22:07:58.612281
2020-07-19 22:07:58: Processing Source: D:\Reference\housemodel\data\T\ETL/20200718/ETL_02_CLEAN/portal inmobiliario.csv
2020-07-19 22:07:58: ETL_02_FORMAT End: 2020-07-19 22:07:58.718480
2020-07-19 22:07:58: ETL_02_FORMAT Total Execution Time: 0.10619926452636719
2020-07-19 22:07:58: ETL_02_FORMAT Creating stats files for portal inmobiliario
2020-07-19 22:07:58: 	Info:		D:\Reference\housemodel\stats\ETL/20200718/ETL_02_FORMAT/portal inmobiliario/info.txt
2020-07-19 22:07:58: 	Describe:	D:\Reference\housemodel\stats\ETL/20200718/ETL_02_FORMAT/portal inmobiliario/describe.csv
2020-07-19 22:07:58: 	Nulls:		D:\Reference\housemodel\stats\ETL/20200718/ETL_02_FORMAT/portal inmobiliario/nulls.txt
2020-07-19 22:07:58: 	Ceros:		D:\Reference\housemodel\stats\ETL/20200718/ETL_02_FORMAT/portal inmobiliario/ceros.txt
