2020-07-19 22:14:05: ETL Start: 2020-07-19 22:14:05.174824
2020-07-19 22:14:05: Available Snapshots: 20200707 20200718
2020-07-19 22:14:05: Processing Snapshot: 20200718
2020-07-19 22:14:05: ETL_00_COLLECT Start: 2020-07-19 22:14:05.195788
2020-07-19 22:14:05: Processing Source: portal inmobiliario
2020-07-19 22:14:06: ETL_00_COLLECT Output Files: D:\Reference\housemodel\data\T\ETL/20200718/ETL_00_COLLECT/portal inmobiliario.csv
2020-07-19 22:14:06: ETL_00_COLLECT End: 2020-07-19 22:14:06.805825
2020-07-19 22:14:06: ETL_00_COLLECT Total Execution Time: 1.610036849975586
2020-07-19 22:14:06: ETL_00_COLLECT Creating stats files for portal inmobiliario
2020-07-19 22:14:06: 	Info:		D:\Reference\housemodel\stats\ETL/20200718/ETL_00_COLLECT/portal inmobiliario/info.txt
2020-07-19 22:14:06: 	Describe:	D:\Reference\housemodel\stats\ETL/20200718/ETL_00_COLLECT/portal inmobiliario/describe.csv
2020-07-19 22:14:06: 	Nulls:		D:\Reference\housemodel\stats\ETL/20200718/ETL_00_COLLECT/portal inmobiliario/nulls.txt
2020-07-19 22:14:06: 	Ceros:		D:\Reference\housemodel\stats\ETL/20200718/ETL_00_COLLECT/portal inmobiliario/ceros.txt
2020-07-19 22:14:06: ETL_01_BUILD Start: 2020-07-19 22:14:06.972820
2020-07-19 22:14:06: Processing Source: D:\Reference\housemodel\data\T\ETL/20200718/ETL_00_COLLECT/portal inmobiliario.csv
2020-07-19 22:14:09: ETL_01_BUILD End: 2020-07-19 22:14:09.160837
2020-07-19 22:14:09: ETL_01_BUILD Total Execution Time: 2.188016891479492
2020-07-19 22:14:09: ETL_01_BUILD Creating stats files for portal inmobiliario
2020-07-19 22:14:09: 	Info:		D:\Reference\housemodel\stats\ETL/20200718/ETL_01_BUILD/portal inmobiliario/info.txt
2020-07-19 22:14:09: 	Describe:	D:\Reference\housemodel\stats\ETL/20200718/ETL_01_BUILD/portal inmobiliario/describe.csv
2020-07-19 22:14:09: 	Nulls:		D:\Reference\housemodel\stats\ETL/20200718/ETL_01_BUILD/portal inmobiliario/nulls.txt
2020-07-19 22:14:09: 	Ceros:		D:\Reference\housemodel\stats\ETL/20200718/ETL_01_BUILD/portal inmobiliario/ceros.txt
2020-07-19 22:14:09: ETL_02_CLEAN Start: 2020-07-19 22:14:09.294790
2020-07-19 22:14:09: Processing Source: D:\Reference\housemodel\data\T\ETL/20200718/ETL_01_BUILD/portal inmobiliario.csv
2020-07-19 22:14:10: ETL_02_CLEAN End: 2020-07-19 22:14:10.243836
2020-07-19 22:14:10: ETL_02_CLEAN Total Execution Time: 0.9490458965301514
2020-07-19 22:14:10: ETL_02_CLEAN Creating stats files for portal inmobiliario
2020-07-19 22:14:10: 	Info:		D:\Reference\housemodel\stats\ETL/20200718/ETL_02_CLEAN/portal inmobiliario/info.txt
2020-07-19 22:14:10: 	Describe:	D:\Reference\housemodel\stats\ETL/20200718/ETL_02_CLEAN/portal inmobiliario/describe.csv
2020-07-19 22:14:10: 	Nulls:		D:\Reference\housemodel\stats\ETL/20200718/ETL_02_CLEAN/portal inmobiliario/nulls.txt
2020-07-19 22:14:10: 	Ceros:		D:\Reference\housemodel\stats\ETL/20200718/ETL_02_CLEAN/portal inmobiliario/ceros.txt
2020-07-19 22:14:10: ETL_03_FORMAT Start: 2020-07-19 22:14:10.348821
2020-07-19 22:14:10: Processing Source: D:\Reference\housemodel\data\T\ETL/20200718/ETL_02_CLEAN/portal inmobiliario.csv
2020-07-19 22:14:10: ETL_03_FORMAT End: 2020-07-19 22:14:10.458823
2020-07-19 22:14:10: ETL_03_FORMAT Total Execution Time: 0.11000227928161621
2020-07-19 22:14:10: ETL_03_FORMAT Creating stats files for portal inmobiliario
2020-07-19 22:14:10: 	Info:		D:\Reference\housemodel\stats\ETL/20200718/ETL_03_FORMAT/portal inmobiliario/info.txt
2020-07-19 22:14:10: 	Describe:	D:\Reference\housemodel\stats\ETL/20200718/ETL_03_FORMAT/portal inmobiliario/describe.csv
2020-07-19 22:14:10: 	Nulls:		D:\Reference\housemodel\stats\ETL/20200718/ETL_03_FORMAT/portal inmobiliario/nulls.txt
2020-07-19 22:14:10: 	Ceros:		D:\Reference\housemodel\stats\ETL/20200718/ETL_03_FORMAT/portal inmobiliario/ceros.txt
