2020-07-19 22:14:37: ETL Start: 2020-07-19 22:14:37.379825
2020-07-19 22:14:37: Available Snapshots: 20200707 20200718
2020-07-19 22:14:37: Processing Snapshot: 20200718
2020-07-19 22:14:37: ETL_00_COLLECT Start: 2020-07-19 22:14:37.397791
2020-07-19 22:14:37: Processing Source: portal inmobiliario
2020-07-19 22:14:38: ETL_00_COLLECT Output Files: D:\Reference\housemodel\data\T\ETL/20200718/ETL_00_COLLECT/portal inmobiliario.csv
2020-07-19 22:14:38: ETL_00_COLLECT End: 2020-07-19 22:14:38.973784
2020-07-19 22:14:38: ETL_00_COLLECT Total Execution Time: 1.5759925842285156
2020-07-19 22:14:39: ETL_00_COLLECT Creating stats files for portal inmobiliario
2020-07-19 22:14:39: 	Info:		D:\Reference\housemodel\stats\ETL/20200718/ETL_00_COLLECT/portal inmobiliario/info.txt
2020-07-19 22:14:39: 	Describe:	D:\Reference\housemodel\stats\ETL/20200718/ETL_00_COLLECT/portal inmobiliario/describe.csv
2020-07-19 22:14:39: 	Nulls:		D:\Reference\housemodel\stats\ETL/20200718/ETL_00_COLLECT/portal inmobiliario/nulls.txt
2020-07-19 22:14:39: 	Ceros:		D:\Reference\housemodel\stats\ETL/20200718/ETL_00_COLLECT/portal inmobiliario/ceros.txt
2020-07-19 22:14:39: ETL_01_BUILD Start: 2020-07-19 22:14:39.134808
2020-07-19 22:14:39: Processing Source: D:\Reference\housemodel\data\T\ETL/20200718/ETL_00_COLLECT/portal inmobiliario.csv
2020-07-19 22:14:41: ETL_01_BUILD End: 2020-07-19 22:14:41.290818
2020-07-19 22:14:41: ETL_01_BUILD Total Execution Time: 2.156010150909424
2020-07-19 22:14:41: ETL_01_BUILD Creating stats files for portal inmobiliario
2020-07-19 22:14:41: 	Info:		D:\Reference\housemodel\stats\ETL/20200718/ETL_01_BUILD/portal inmobiliario/info.txt
2020-07-19 22:14:41: 	Describe:	D:\Reference\housemodel\stats\ETL/20200718/ETL_01_BUILD/portal inmobiliario/describe.csv
2020-07-19 22:14:41: 	Nulls:		D:\Reference\housemodel\stats\ETL/20200718/ETL_01_BUILD/portal inmobiliario/nulls.txt
2020-07-19 22:14:41: 	Ceros:		D:\Reference\housemodel\stats\ETL/20200718/ETL_01_BUILD/portal inmobiliario/ceros.txt
2020-07-19 22:14:41: ETL_02_CLEAN Start: 2020-07-19 22:14:41.405783
2020-07-19 22:14:41: Processing Source: D:\Reference\housemodel\data\T\ETL/20200718/ETL_01_BUILD/portal inmobiliario.csv
2020-07-19 22:14:42: ETL_02_CLEAN End: 2020-07-19 22:14:42.342821
2020-07-19 22:14:42: ETL_02_CLEAN Total Execution Time: 0.9370384216308594
2020-07-19 22:14:42: ETL_02_CLEAN Creating stats files for portal inmobiliario
2020-07-19 22:14:42: 	Info:		D:\Reference\housemodel\stats\ETL/20200718/ETL_02_CLEAN/portal inmobiliario/info.txt
2020-07-19 22:14:42: 	Describe:	D:\Reference\housemodel\stats\ETL/20200718/ETL_02_CLEAN/portal inmobiliario/describe.csv
2020-07-19 22:14:42: 	Nulls:		D:\Reference\housemodel\stats\ETL/20200718/ETL_02_CLEAN/portal inmobiliario/nulls.txt
2020-07-19 22:14:42: 	Ceros:		D:\Reference\housemodel\stats\ETL/20200718/ETL_02_CLEAN/portal inmobiliario/ceros.txt
2020-07-19 22:14:42: ETL_03_FORMAT Start: 2020-07-19 22:14:42.461785
2020-07-19 22:14:42: Processing Source: D:\Reference\housemodel\data\T\ETL/20200718/ETL_02_CLEAN/portal inmobiliario.csv
2020-07-19 22:14:42: ETL_03_FORMAT End: 2020-07-19 22:14:42.583830
2020-07-19 22:14:42: ETL_03_FORMAT Total Execution Time: 0.12204551696777344
2020-07-19 22:14:42: ETL_03_FORMAT Creating stats files for portal inmobiliario
2020-07-19 22:14:42: 	Info:		D:\Reference\housemodel\stats\ETL/20200718/ETL_03_FORMAT/portal inmobiliario/info.txt
2020-07-19 22:14:42: 	Describe:	D:\Reference\housemodel\stats\ETL/20200718/ETL_03_FORMAT/portal inmobiliario/describe.csv
2020-07-19 22:14:42: 	Nulls:		D:\Reference\housemodel\stats\ETL/20200718/ETL_03_FORMAT/portal inmobiliario/nulls.txt
2020-07-19 22:14:42: 	Ceros:		D:\Reference\housemodel\stats\ETL/20200718/ETL_03_FORMAT/portal inmobiliario/ceros.txt
