2020-07-19 22:11:35: ETL Start: 2020-07-19 22:11:35.111233
2020-07-19 22:11:35: Available Snapshots: 20200707 20200718
2020-07-19 22:11:35: Processing Snapshot: 20200718
2020-07-19 22:11:35: ETL_00_COLLECT Start: 2020-07-19 22:11:35.135200
2020-07-19 22:11:35: Processing Source: portal inmobiliario
2020-07-19 22:11:36: ETL_00_COLLECT Output Files: D:\Reference\housemodel\data\T\ETL/20200718/ETL_00_COLLECT/portal inmobiliario.csv
2020-07-19 22:11:36: ETL_00_COLLECT End: 2020-07-19 22:11:36.712233
2020-07-19 22:11:36: ETL_00_COLLECT Total Execution Time: 1.577033281326294
2020-07-19 22:11:36: ETL_00_COLLECT Creating stats files for portal inmobiliario
2020-07-19 22:11:36: 	Info:		D:\Reference\housemodel\stats\ETL/20200718/ETL_00_COLLECT/portal inmobiliario/info.txt
2020-07-19 22:11:36: 	Describe:	D:\Reference\housemodel\stats\ETL/20200718/ETL_00_COLLECT/portal inmobiliario/describe.csv
2020-07-19 22:11:36: 	Nulls:		D:\Reference\housemodel\stats\ETL/20200718/ETL_00_COLLECT/portal inmobiliario/nulls.txt
2020-07-19 22:11:36: 	Ceros:		D:\Reference\housemodel\stats\ETL/20200718/ETL_00_COLLECT/portal inmobiliario/ceros.txt
2020-07-19 22:11:36: ETL_01_BUILD Start: 2020-07-19 22:11:36.896235
2020-07-19 22:11:36: Processing Source: D:\Reference\housemodel\data\T\ETL/20200718/ETL_00_COLLECT/portal inmobiliario.csv
2020-07-19 22:11:38: ETL_01_BUILD End: 2020-07-19 22:11:38.966204
2020-07-19 22:11:38: ETL_01_BUILD Total Execution Time: 2.0699684619903564
2020-07-19 22:11:39: ETL_01_BUILD Creating stats files for portal inmobiliario
2020-07-19 22:11:39: 	Info:		D:\Reference\housemodel\stats\ETL/20200718/ETL_01_BUILD/portal inmobiliario/info.txt
2020-07-19 22:11:39: 	Describe:	D:\Reference\housemodel\stats\ETL/20200718/ETL_01_BUILD/portal inmobiliario/describe.csv
2020-07-19 22:11:39: 	Nulls:		D:\Reference\housemodel\stats\ETL/20200718/ETL_01_BUILD/portal inmobiliario/nulls.txt
2020-07-19 22:11:39: 	Ceros:		D:\Reference\housemodel\stats\ETL/20200718/ETL_01_BUILD/portal inmobiliario/ceros.txt
2020-07-19 22:11:39: ETL_02_CLEAN Start: 2020-07-19 22:11:39.113204
2020-07-19 22:11:39: Processing Source: D:\Reference\housemodel\data\T\ETL/20200718/ETL_01_BUILD/portal inmobiliario.csv
2020-07-19 22:11:39: ETL_02_CLEAN End: 2020-07-19 22:11:39.731197
2020-07-19 22:11:39: ETL_02_CLEAN Total Execution Time: 0.617992639541626
2020-07-19 22:11:39: ETL_02_CLEAN Creating stats files for portal inmobiliario
2020-07-19 22:11:39: 	Info:		D:\Reference\housemodel\stats\ETL/20200718/ETL_02_CLEAN/portal inmobiliario/info.txt
2020-07-19 22:11:39: 	Describe:	D:\Reference\housemodel\stats\ETL/20200718/ETL_02_CLEAN/portal inmobiliario/describe.csv
2020-07-19 22:11:39: 	Nulls:		D:\Reference\housemodel\stats\ETL/20200718/ETL_02_CLEAN/portal inmobiliario/nulls.txt
2020-07-19 22:11:39: 	Ceros:		D:\Reference\housemodel\stats\ETL/20200718/ETL_02_CLEAN/portal inmobiliario/ceros.txt
2020-07-19 22:11:39: ETL_03_FORMAT Start: 2020-07-19 22:11:39.864202
2020-07-19 22:11:39: Processing Source: D:\Reference\housemodel\data\T\ETL/20200718/ETL_02_CLEAN/portal inmobiliario.csv
2020-07-19 22:11:39: ETL_03_FORMAT End: 2020-07-19 22:11:39.920199
2020-07-19 22:11:39: ETL_03_FORMAT Total Execution Time: 0.05599713325500488
2020-07-19 22:11:39: ETL_03_FORMAT Creating stats files for portal inmobiliario
2020-07-19 22:11:39: 	Info:		D:\Reference\housemodel\stats\ETL/20200718/ETL_03_FORMAT/portal inmobiliario/info.txt
2020-07-19 22:11:39: 	Describe:	D:\Reference\housemodel\stats\ETL/20200718/ETL_03_FORMAT/portal inmobiliario/describe.csv
2020-07-19 22:11:40: 	Nulls:		D:\Reference\housemodel\stats\ETL/20200718/ETL_03_FORMAT/portal inmobiliario/nulls.txt
2020-07-19 22:11:40: 	Ceros:		D:\Reference\housemodel\stats\ETL/20200718/ETL_03_FORMAT/portal inmobiliario/ceros.txt
