2020-08-28 23:52:44: ETL Start: 2020-08-28 23:52:44.133076
2020-08-28 23:52:44: Available Snapshots: 20200707 20200718 20200721 20200723 20200724 20200725 20200727 20200728 20200729 20200730 20200731 20200802 20200803 20200804 20200805 20200806 20200807 20200826 20200827 20200828
2020-08-28 23:52:44: Processing Snapshot: 20200802
2020-08-28 23:52:44: ETL_00_COLLECT Start: 2020-08-28 23:52:44.346505
2020-08-28 23:52:44: Processing Source: portal inmobiliario
2020-08-28 23:52:46: ETL_00_COLLECT Output Files: D:/Reference/housemodel/data/ETL/T/python/20200802/ETL_00_COLLECT/portal inmobiliario.csv
2020-08-28 23:52:46: ETL_00_COLLECT End: 2020-08-28 23:52:46.536649
2020-08-28 23:52:46: ETL_00_COLLECT Total Execution Time: 2.190143346786499
2020-08-28 23:52:46: ETL_00_COLLECT Creating stats files for portal inmobiliario
2020-08-28 23:52:46: 	Info:		D:/Reference/housemodel/stats/ETL/20200802/ETL_00_COLLECT/portal inmobiliario/info.txt
2020-08-28 23:52:46: 	Describe:	D:/Reference/housemodel/stats/ETL/20200802/ETL_00_COLLECT/portal inmobiliario/describe.csv
2020-08-28 23:52:46: 	Nulls:		D:/Reference/housemodel/stats/ETL/20200802/ETL_00_COLLECT/portal inmobiliario/nulls.txt
2020-08-28 23:52:46: 	Ceros:		D:/Reference/housemodel/stats/ETL/20200802/ETL_00_COLLECT/portal inmobiliario/ceros.txt
2020-08-28 23:52:46: ETL_01_BUILD Start: 2020-08-28 23:52:46.957572
2020-08-28 23:52:46: Processing Source: D:/Reference/housemodel/data/ETL/T/python/20200802/ETL_00_COLLECT/portal inmobiliario.csv
2020-08-28 23:52:49: ETL_01_BUILD End: 2020-08-28 23:52:49.109816
2020-08-28 23:52:49: ETL_01_BUILD Total Execution Time: 2.1522440910339355
2020-08-28 23:52:49: ETL_01_BUILD Creating stats files for portal inmobiliario
2020-08-28 23:52:49: 	Info:		D:/Reference/housemodel/stats/ETL/20200802/ETL_01_BUILD/portal inmobiliario/info.txt
2020-08-28 23:52:49: 	Describe:	D:/Reference/housemodel/stats/ETL/20200802/ETL_01_BUILD/portal inmobiliario/describe.csv
2020-08-28 23:52:49: 	Nulls:		D:/Reference/housemodel/stats/ETL/20200802/ETL_01_BUILD/portal inmobiliario/nulls.txt
2020-08-28 23:52:49: 	Ceros:		D:/Reference/housemodel/stats/ETL/20200802/ETL_01_BUILD/portal inmobiliario/ceros.txt
2020-08-28 23:52:49: ETL_02_CLEAN Start: 2020-08-28 23:52:49.258419
2020-08-28 23:52:49: Processing Source: D:/Reference/housemodel/data/ETL/T/python/20200802/ETL_01_BUILD/portal inmobiliario.csv
2020-08-28 23:52:50: ETL_02_CLEAN End: 2020-08-28 23:52:50.826226
2020-08-28 23:52:50: ETL_02_CLEAN Total Execution Time: 1.5678069591522217
2020-08-28 23:52:50: ETL_02_CLEAN Creating stats files for portal inmobiliario
2020-08-28 23:52:50: 	Info:		D:/Reference/housemodel/stats/ETL/20200802/ETL_02_CLEAN/portal inmobiliario/info.txt
2020-08-28 23:52:50: 	Describe:	D:/Reference/housemodel/stats/ETL/20200802/ETL_02_CLEAN/portal inmobiliario/describe.csv
2020-08-28 23:52:50: 	Nulls:		D:/Reference/housemodel/stats/ETL/20200802/ETL_02_CLEAN/portal inmobiliario/nulls.txt
2020-08-28 23:52:50: 	Ceros:		D:/Reference/housemodel/stats/ETL/20200802/ETL_02_CLEAN/portal inmobiliario/ceros.txt
2020-08-28 23:52:50: ETL_03_FORMAT Start: 2020-08-28 23:52:50.981810
2020-08-28 23:52:50: Processing Source: D:/Reference/housemodel/data/ETL/T/python/20200802/ETL_02_CLEAN/portal inmobiliario.csv
2020-08-28 23:52:51: ETL_03_FORMAT End: 2020-08-28 23:52:51.224161
2020-08-28 23:52:51: ETL_03_FORMAT Total Execution Time: 0.24235129356384277
2020-08-28 23:52:51: ETL_03_FORMAT Creating stats files for portal inmobiliario
2020-08-28 23:52:51: 	Info:		D:/Reference/housemodel/stats/ETL/20200802/ETL_03_FORMAT/portal inmobiliario/info.txt
2020-08-28 23:52:51: 	Describe:	D:/Reference/housemodel/stats/ETL/20200802/ETL_03_FORMAT/portal inmobiliario/describe.csv
2020-08-28 23:52:51: 	Nulls:		D:/Reference/housemodel/stats/ETL/20200802/ETL_03_FORMAT/portal inmobiliario/nulls.txt
2020-08-28 23:52:51: 	Ceros:		D:/Reference/housemodel/stats/ETL/20200802/ETL_03_FORMAT/portal inmobiliario/ceros.txt
2020-08-28 23:52:51: ETL_04_FILL Start: 2020-08-28 23:52:51.351820
2020-08-28 23:52:51: Processing Source: D:/Reference/housemodel/data/ETL/T/python/20200802/ETL_03_FORMAT/portal inmobiliario.csv
2020-08-28 23:52:51: ETL_04_FILL End: 2020-08-28 23:52:51.424625
2020-08-28 23:52:51: ETL_04_FILL Total Execution Time: 0.07280516624450684
2020-08-28 23:52:51: ETL_04_FILL Creating stats files for portal inmobiliario
2020-08-28 23:52:51: 	Info:		D:/Reference/housemodel/stats/ETL/20200802/ETL_04_FILL/portal inmobiliario/info.txt
2020-08-28 23:52:51: 	Describe:	D:/Reference/housemodel/stats/ETL/20200802/ETL_04_FILL/portal inmobiliario/describe.csv
2020-08-28 23:52:51: 	Nulls:		D:/Reference/housemodel/stats/ETL/20200802/ETL_04_FILL/portal inmobiliario/nulls.txt
2020-08-28 23:52:51: 	Ceros:		D:/Reference/housemodel/stats/ETL/20200802/ETL_04_FILL/portal inmobiliario/ceros.txt
2020-08-28 23:52:51: ETL_05_FEATURE_ENG Start: 2020-08-28 23:52:51.544305
2020-08-28 23:52:51: Processing Source: D:/Reference/housemodel/data/ETL/T/python/20200802/ETL_04_FILL/portal inmobiliario.csv
2020-08-28 23:53:00: ETL_05_FEATURE_ENG End: 2020-08-28 23:53:00.606073
2020-08-28 23:53:00: ETL_05_FEATURE_ENG Total Execution Time: 9.061767578125
2020-08-28 23:53:00: ETL_05_FEATURE_ENG Creating stats files for portal inmobiliario
2020-08-28 23:53:00: 	Info:		D:/Reference/housemodel/stats/ETL/20200802/ETL_05_FEATURE_ENG/portal inmobiliario/info.txt
2020-08-28 23:53:00: 	Describe:	D:/Reference/housemodel/stats/ETL/20200802/ETL_05_FEATURE_ENG/portal inmobiliario/describe.csv
2020-08-28 23:53:00: 	Nulls:		D:/Reference/housemodel/stats/ETL/20200802/ETL_05_FEATURE_ENG/portal inmobiliario/nulls.txt
2020-08-28 23:53:00: 	Ceros:		D:/Reference/housemodel/stats/ETL/20200802/ETL_05_FEATURE_ENG/portal inmobiliario/ceros.txt
2020-08-28 23:53:00: ETL_06_LOAD Start: 2020-08-28 23:53:00.757666
2020-08-28 23:53:01: Connection Open OK
2020-08-28 23:53:01: houses_v2 table Exists
2020-08-28 23:53:01: Processing Source: D:/Reference/housemodel/data/ETL/T/python/20200802/ETL_05_FEATURE_ENG/portal inmobiliario.csv
2020-08-28 23:53:01: loadCsv input: D:/Reference/housemodel/data/ETL/T/python/20200802/ETL_05_FEATURE_ENG/portal inmobiliario.csv
2020-08-28 23:53:10: updateSnap executing:  
    UPDATE houses_v2 
    SET "UPDATED_DT"=NOW(), "STAGE"='out' 
    WHERE "LINK" IN 
      ( SELECT A."LINK"
        FROM      (SELECT * FROM houses_v2 WHERE "SNAP_DT" < 20200802) A
        LEFT JOIN (SELECT * FROM houses_v2 WHERE "SNAP_DT" = 20200802) B
        ON A."LINK" = B."LINK"
        WHERE b IS NULL);
2020-08-28 23:53:11: Connection Closed OK
2020-08-28 23:53:11: ETL_06_LOAD End: 2020-08-28 23:53:11.773238
2020-08-28 23:53:11: ETL_06_LOAD Total Execution Time: 11.01557207107544
2020-08-28 23:53:11: Processing Snapshot: 20200803
2020-08-28 23:53:11: ETL_00_COLLECT Start: 2020-08-28 23:53:11.784214
2020-08-28 23:53:11: Processing Source: portal inmobiliario
2020-08-28 23:53:13: ETL_00_COLLECT Output Files: D:/Reference/housemodel/data/ETL/T/python/20200803/ETL_00_COLLECT/portal inmobiliario.csv
2020-08-28 23:53:13: ETL_00_COLLECT End: 2020-08-28 23:53:13.628276
2020-08-28 23:53:13: ETL_00_COLLECT Total Execution Time: 1.8440616130828857
2020-08-28 23:53:13: ETL_00_COLLECT Creating stats files for portal inmobiliario
2020-08-28 23:53:13: 	Info:		D:/Reference/housemodel/stats/ETL/20200803/ETL_00_COLLECT/portal inmobiliario/info.txt
2020-08-28 23:53:13: 	Describe:	D:/Reference/housemodel/stats/ETL/20200803/ETL_00_COLLECT/portal inmobiliario/describe.csv
2020-08-28 23:53:13: 	Nulls:		D:/Reference/housemodel/stats/ETL/20200803/ETL_00_COLLECT/portal inmobiliario/nulls.txt
2020-08-28 23:53:13: 	Ceros:		D:/Reference/housemodel/stats/ETL/20200803/ETL_00_COLLECT/portal inmobiliario/ceros.txt
2020-08-28 23:53:13: ETL_01_BUILD Start: 2020-08-28 23:53:13.777876
2020-08-28 23:53:13: Processing Source: D:/Reference/housemodel/data/ETL/T/python/20200803/ETL_00_COLLECT/portal inmobiliario.csv
2020-08-28 23:53:15: ETL_01_BUILD End: 2020-08-28 23:53:15.914162
2020-08-28 23:53:15: ETL_01_BUILD Total Execution Time: 2.1362857818603516
2020-08-28 23:53:15: ETL_01_BUILD Creating stats files for portal inmobiliario
2020-08-28 23:53:15: 	Info:		D:/Reference/housemodel/stats/ETL/20200803/ETL_01_BUILD/portal inmobiliario/info.txt
2020-08-28 23:53:16: 	Describe:	D:/Reference/housemodel/stats/ETL/20200803/ETL_01_BUILD/portal inmobiliario/describe.csv
2020-08-28 23:53:16: 	Nulls:		D:/Reference/housemodel/stats/ETL/20200803/ETL_01_BUILD/portal inmobiliario/nulls.txt
2020-08-28 23:53:16: 	Ceros:		D:/Reference/housemodel/stats/ETL/20200803/ETL_01_BUILD/portal inmobiliario/ceros.txt
2020-08-28 23:53:16: ETL_02_CLEAN Start: 2020-08-28 23:53:16.091688
2020-08-28 23:53:16: Processing Source: D:/Reference/housemodel/data/ETL/T/python/20200803/ETL_01_BUILD/portal inmobiliario.csv
2020-08-28 23:53:17: ETL_02_CLEAN End: 2020-08-28 23:53:17.574721
2020-08-28 23:53:17: ETL_02_CLEAN Total Execution Time: 1.4830329418182373
2020-08-28 23:53:17: ETL_02_CLEAN Creating stats files for portal inmobiliario
2020-08-28 23:53:17: 	Info:		D:/Reference/housemodel/stats/ETL/20200803/ETL_02_CLEAN/portal inmobiliario/info.txt
2020-08-28 23:53:17: 	Describe:	D:/Reference/housemodel/stats/ETL/20200803/ETL_02_CLEAN/portal inmobiliario/describe.csv
2020-08-28 23:53:17: 	Nulls:		D:/Reference/housemodel/stats/ETL/20200803/ETL_02_CLEAN/portal inmobiliario/nulls.txt
2020-08-28 23:53:17: 	Ceros:		D:/Reference/housemodel/stats/ETL/20200803/ETL_02_CLEAN/portal inmobiliario/ceros.txt
2020-08-28 23:53:17: ETL_03_FORMAT Start: 2020-08-28 23:53:17.760490
2020-08-28 23:53:17: Processing Source: D:/Reference/housemodel/data/ETL/T/python/20200803/ETL_02_CLEAN/portal inmobiliario.csv
2020-08-28 23:53:17: ETL_03_FORMAT End: 2020-08-28 23:53:17.866546
2020-08-28 23:53:17: ETL_03_FORMAT Total Execution Time: 0.10605525970458984
2020-08-28 23:53:17: ETL_03_FORMAT Creating stats files for portal inmobiliario
2020-08-28 23:53:17: 	Info:		D:/Reference/housemodel/stats/ETL/20200803/ETL_03_FORMAT/portal inmobiliario/info.txt
2020-08-28 23:53:17: 	Describe:	D:/Reference/housemodel/stats/ETL/20200803/ETL_03_FORMAT/portal inmobiliario/describe.csv
2020-08-28 23:53:17: 	Nulls:		D:/Reference/housemodel/stats/ETL/20200803/ETL_03_FORMAT/portal inmobiliario/nulls.txt
2020-08-28 23:53:17: 	Ceros:		D:/Reference/housemodel/stats/ETL/20200803/ETL_03_FORMAT/portal inmobiliario/ceros.txt
2020-08-28 23:53:17: ETL_04_FILL Start: 2020-08-28 23:53:17.974258
2020-08-28 23:53:17: Processing Source: D:/Reference/housemodel/data/ETL/T/python/20200803/ETL_03_FORMAT/portal inmobiliario.csv
2020-08-28 23:53:18: ETL_04_FILL End: 2020-08-28 23:53:18.027148
2020-08-28 23:53:18: ETL_04_FILL Total Execution Time: 0.05289006233215332
2020-08-28 23:53:18: ETL_04_FILL Creating stats files for portal inmobiliario
2020-08-28 23:53:18: 	Info:		D:/Reference/housemodel/stats/ETL/20200803/ETL_04_FILL/portal inmobiliario/info.txt
2020-08-28 23:53:18: 	Describe:	D:/Reference/housemodel/stats/ETL/20200803/ETL_04_FILL/portal inmobiliario/describe.csv
2020-08-28 23:53:18: 	Nulls:		D:/Reference/housemodel/stats/ETL/20200803/ETL_04_FILL/portal inmobiliario/nulls.txt
2020-08-28 23:53:18: 	Ceros:		D:/Reference/housemodel/stats/ETL/20200803/ETL_04_FILL/portal inmobiliario/ceros.txt
2020-08-28 23:53:18: ETL_05_FEATURE_ENG Start: 2020-08-28 23:53:18.141811
2020-08-28 23:53:18: Processing Source: D:/Reference/housemodel/data/ETL/T/python/20200803/ETL_04_FILL/portal inmobiliario.csv
2020-08-28 23:53:26: ETL_05_FEATURE_ENG End: 2020-08-28 23:53:26.755960
2020-08-28 23:53:26: ETL_05_FEATURE_ENG Total Execution Time: 8.614148616790771
2020-08-28 23:53:26: ETL_05_FEATURE_ENG Creating stats files for portal inmobiliario
2020-08-28 23:53:26: 	Info:		D:/Reference/housemodel/stats/ETL/20200803/ETL_05_FEATURE_ENG/portal inmobiliario/info.txt
2020-08-28 23:53:26: 	Describe:	D:/Reference/housemodel/stats/ETL/20200803/ETL_05_FEATURE_ENG/portal inmobiliario/describe.csv
2020-08-28 23:53:26: 	Nulls:		D:/Reference/housemodel/stats/ETL/20200803/ETL_05_FEATURE_ENG/portal inmobiliario/nulls.txt
2020-08-28 23:53:26: 	Ceros:		D:/Reference/housemodel/stats/ETL/20200803/ETL_05_FEATURE_ENG/portal inmobiliario/ceros.txt
2020-08-28 23:53:26: ETL_06_LOAD Start: 2020-08-28 23:53:26.876591
2020-08-28 23:53:26: Connection Open OK
2020-08-28 23:53:26: houses_v2 table Exists
2020-08-28 23:53:26: Processing Source: D:/Reference/housemodel/data/ETL/T/python/20200803/ETL_05_FEATURE_ENG/portal inmobiliario.csv
2020-08-28 23:53:27: loadCsv input: D:/Reference/housemodel/data/ETL/T/python/20200803/ETL_05_FEATURE_ENG/portal inmobiliario.csv
2020-08-28 23:53:34: updateSnap executing:  
    UPDATE houses_v2 
    SET "UPDATED_DT"=NOW(), "STAGE"='out' 
    WHERE "LINK" IN 
      ( SELECT A."LINK"
        FROM      (SELECT * FROM houses_v2 WHERE "SNAP_DT" < 20200803) A
        LEFT JOIN (SELECT * FROM houses_v2 WHERE "SNAP_DT" = 20200803) B
        ON A."LINK" = B."LINK"
        WHERE b IS NULL);
2020-08-28 23:53:35: Connection Closed OK
2020-08-28 23:53:35: ETL_06_LOAD End: 2020-08-28 23:53:35.481079
2020-08-28 23:53:35: ETL_06_LOAD Total Execution Time: 8.604488134384155
2020-08-28 23:53:35: Processing Snapshot: 20200804
2020-08-28 23:53:35: ETL_00_COLLECT Start: 2020-08-28 23:53:35.490091
2020-08-28 23:53:35: Processing Source: portal inmobiliario
2020-08-28 23:53:37: ETL_00_COLLECT Output Files: D:/Reference/housemodel/data/ETL/T/python/20200804/ETL_00_COLLECT/portal inmobiliario.csv
2020-08-28 23:53:37: ETL_00_COLLECT End: 2020-08-28 23:53:37.442040
2020-08-28 23:53:37: ETL_00_COLLECT Total Execution Time: 1.9519495964050293
2020-08-28 23:53:37: ETL_00_COLLECT Creating stats files for portal inmobiliario
2020-08-28 23:53:37: 	Info:		D:/Reference/housemodel/stats/ETL/20200804/ETL_00_COLLECT/portal inmobiliario/info.txt
2020-08-28 23:53:37: 	Describe:	D:/Reference/housemodel/stats/ETL/20200804/ETL_00_COLLECT/portal inmobiliario/describe.csv
2020-08-28 23:53:37: 	Nulls:		D:/Reference/housemodel/stats/ETL/20200804/ETL_00_COLLECT/portal inmobiliario/nulls.txt
2020-08-28 23:53:37: 	Ceros:		D:/Reference/housemodel/stats/ETL/20200804/ETL_00_COLLECT/portal inmobiliario/ceros.txt
2020-08-28 23:53:37: ETL_01_BUILD Start: 2020-08-28 23:53:37.602826
2020-08-28 23:53:37: Processing Source: D:/Reference/housemodel/data/ETL/T/python/20200804/ETL_00_COLLECT/portal inmobiliario.csv
2020-08-28 23:53:39: ETL_01_BUILD End: 2020-08-28 23:53:39.627455
2020-08-28 23:53:39: ETL_01_BUILD Total Execution Time: 2.0246286392211914
2020-08-28 23:53:39: ETL_01_BUILD Creating stats files for portal inmobiliario
2020-08-28 23:53:39: 	Info:		D:/Reference/housemodel/stats/ETL/20200804/ETL_01_BUILD/portal inmobiliario/info.txt
2020-08-28 23:53:39: 	Describe:	D:/Reference/housemodel/stats/ETL/20200804/ETL_01_BUILD/portal inmobiliario/describe.csv
2020-08-28 23:53:39: 	Nulls:		D:/Reference/housemodel/stats/ETL/20200804/ETL_01_BUILD/portal inmobiliario/nulls.txt
2020-08-28 23:53:39: 	Ceros:		D:/Reference/housemodel/stats/ETL/20200804/ETL_01_BUILD/portal inmobiliario/ceros.txt
2020-08-28 23:53:39: ETL_02_CLEAN Start: 2020-08-28 23:53:39.769075
2020-08-28 23:53:39: Processing Source: D:/Reference/housemodel/data/ETL/T/python/20200804/ETL_01_BUILD/portal inmobiliario.csv
2020-08-28 23:53:41: ETL_02_CLEAN End: 2020-08-28 23:53:41.183293
2020-08-28 23:53:41: ETL_02_CLEAN Total Execution Time: 1.4142181873321533
2020-08-28 23:53:41: ETL_02_CLEAN Creating stats files for portal inmobiliario
2020-08-28 23:53:41: 	Info:		D:/Reference/housemodel/stats/ETL/20200804/ETL_02_CLEAN/portal inmobiliario/info.txt
2020-08-28 23:53:41: 	Describe:	D:/Reference/housemodel/stats/ETL/20200804/ETL_02_CLEAN/portal inmobiliario/describe.csv
2020-08-28 23:53:41: 	Nulls:		D:/Reference/housemodel/stats/ETL/20200804/ETL_02_CLEAN/portal inmobiliario/nulls.txt
2020-08-28 23:53:41: 	Ceros:		D:/Reference/housemodel/stats/ETL/20200804/ETL_02_CLEAN/portal inmobiliario/ceros.txt
2020-08-28 23:53:41: ETL_03_FORMAT Start: 2020-08-28 23:53:41.300248
2020-08-28 23:53:41: Processing Source: D:/Reference/housemodel/data/ETL/T/python/20200804/ETL_02_CLEAN/portal inmobiliario.csv
2020-08-28 23:53:41: ETL_03_FORMAT End: 2020-08-28 23:53:41.386051
2020-08-28 23:53:41: ETL_03_FORMAT Total Execution Time: 0.08580255508422852
2020-08-28 23:53:41: ETL_03_FORMAT Creating stats files for portal inmobiliario
2020-08-28 23:53:41: 	Info:		D:/Reference/housemodel/stats/ETL/20200804/ETL_03_FORMAT/portal inmobiliario/info.txt
2020-08-28 23:53:41: 	Describe:	D:/Reference/housemodel/stats/ETL/20200804/ETL_03_FORMAT/portal inmobiliario/describe.csv
2020-08-28 23:53:41: 	Nulls:		D:/Reference/housemodel/stats/ETL/20200804/ETL_03_FORMAT/portal inmobiliario/nulls.txt
2020-08-28 23:53:41: 	Ceros:		D:/Reference/housemodel/stats/ETL/20200804/ETL_03_FORMAT/portal inmobiliario/ceros.txt
2020-08-28 23:53:41: ETL_04_FILL Start: 2020-08-28 23:53:41.490738
2020-08-28 23:53:41: Processing Source: D:/Reference/housemodel/data/ETL/T/python/20200804/ETL_03_FORMAT/portal inmobiliario.csv
2020-08-28 23:53:41: ETL_04_FILL End: 2020-08-28 23:53:41.612413
2020-08-28 23:53:41: ETL_04_FILL Total Execution Time: 0.12167477607727051
2020-08-28 23:53:41: ETL_04_FILL Creating stats files for portal inmobiliario
2020-08-28 23:53:41: 	Info:		D:/Reference/housemodel/stats/ETL/20200804/ETL_04_FILL/portal inmobiliario/info.txt
2020-08-28 23:53:41: 	Describe:	D:/Reference/housemodel/stats/ETL/20200804/ETL_04_FILL/portal inmobiliario/describe.csv
2020-08-28 23:53:41: 	Nulls:		D:/Reference/housemodel/stats/ETL/20200804/ETL_04_FILL/portal inmobiliario/nulls.txt
2020-08-28 23:53:41: 	Ceros:		D:/Reference/housemodel/stats/ETL/20200804/ETL_04_FILL/portal inmobiliario/ceros.txt
2020-08-28 23:53:41: ETL_05_FEATURE_ENG Start: 2020-08-28 23:53:41.710152
2020-08-28 23:53:41: Processing Source: D:/Reference/housemodel/data/ETL/T/python/20200804/ETL_04_FILL/portal inmobiliario.csv
2020-08-28 23:53:50: ETL_05_FEATURE_ENG End: 2020-08-28 23:53:50.128023
2020-08-28 23:53:50: ETL_05_FEATURE_ENG Total Execution Time: 8.417870283126831
2020-08-28 23:53:50: ETL_05_FEATURE_ENG Creating stats files for portal inmobiliario
2020-08-28 23:53:50: 	Info:		D:/Reference/housemodel/stats/ETL/20200804/ETL_05_FEATURE_ENG/portal inmobiliario/info.txt
2020-08-28 23:53:50: 	Describe:	D:/Reference/housemodel/stats/ETL/20200804/ETL_05_FEATURE_ENG/portal inmobiliario/describe.csv
2020-08-28 23:53:50: 	Nulls:		D:/Reference/housemodel/stats/ETL/20200804/ETL_05_FEATURE_ENG/portal inmobiliario/nulls.txt
2020-08-28 23:53:50: 	Ceros:		D:/Reference/housemodel/stats/ETL/20200804/ETL_05_FEATURE_ENG/portal inmobiliario/ceros.txt
2020-08-28 23:53:50: ETL_06_LOAD Start: 2020-08-28 23:53:50.261665
2020-08-28 23:53:50: Connection Open OK
2020-08-28 23:53:50: houses_v2 table Exists
2020-08-28 23:53:50: Processing Source: D:/Reference/housemodel/data/ETL/T/python/20200804/ETL_05_FEATURE_ENG/portal inmobiliario.csv
2020-08-28 23:53:50: loadCsv input: D:/Reference/housemodel/data/ETL/T/python/20200804/ETL_05_FEATURE_ENG/portal inmobiliario.csv
2020-08-28 23:53:58: updateSnap executing:  
    UPDATE houses_v2 
    SET "UPDATED_DT"=NOW(), "STAGE"='out' 
    WHERE "LINK" IN 
      ( SELECT A."LINK"
        FROM      (SELECT * FROM houses_v2 WHERE "SNAP_DT" < 20200804) A
        LEFT JOIN (SELECT * FROM houses_v2 WHERE "SNAP_DT" = 20200804) B
        ON A."LINK" = B."LINK"
        WHERE b IS NULL);
2020-08-28 23:53:59: Connection Closed OK
2020-08-28 23:53:59: ETL_06_LOAD End: 2020-08-28 23:53:59.095645
2020-08-28 23:53:59: ETL_06_LOAD Total Execution Time: 8.833979845046997
2020-08-28 23:53:59: Processing Snapshot: 20200805
2020-08-28 23:53:59: ETL_00_COLLECT Start: 2020-08-28 23:53:59.104623
2020-08-28 23:53:59: Processing Source: portal inmobiliario
2020-08-28 23:54:00: ETL_00_COLLECT Output Files: D:/Reference/housemodel/data/ETL/T/python/20200805/ETL_00_COLLECT/portal inmobiliario.csv
2020-08-28 23:54:00: ETL_00_COLLECT End: 2020-08-28 23:54:00.823605
2020-08-28 23:54:00: ETL_00_COLLECT Total Execution Time: 1.7189815044403076
2020-08-28 23:54:00: ETL_00_COLLECT Creating stats files for portal inmobiliario
2020-08-28 23:54:00: 	Info:		D:/Reference/housemodel/stats/ETL/20200805/ETL_00_COLLECT/portal inmobiliario/info.txt
2020-08-28 23:54:00: 	Describe:	D:/Reference/housemodel/stats/ETL/20200805/ETL_00_COLLECT/portal inmobiliario/describe.csv
2020-08-28 23:54:01: 	Nulls:		D:/Reference/housemodel/stats/ETL/20200805/ETL_00_COLLECT/portal inmobiliario/nulls.txt
2020-08-28 23:54:01: 	Ceros:		D:/Reference/housemodel/stats/ETL/20200805/ETL_00_COLLECT/portal inmobiliario/ceros.txt
2020-08-28 23:54:01: ETL_01_BUILD Start: 2020-08-28 23:54:01.014064
2020-08-28 23:54:01: Processing Source: D:/Reference/housemodel/data/ETL/T/python/20200805/ETL_00_COLLECT/portal inmobiliario.csv
2020-08-28 23:54:03: ETL_01_BUILD End: 2020-08-28 23:54:03.114447
2020-08-28 23:54:03: ETL_01_BUILD Total Execution Time: 2.1003825664520264
2020-08-28 23:54:03: ETL_01_BUILD Creating stats files for portal inmobiliario
2020-08-28 23:54:03: 	Info:		D:/Reference/housemodel/stats/ETL/20200805/ETL_01_BUILD/portal inmobiliario/info.txt
2020-08-28 23:54:03: 	Describe:	D:/Reference/housemodel/stats/ETL/20200805/ETL_01_BUILD/portal inmobiliario/describe.csv
2020-08-28 23:54:03: 	Nulls:		D:/Reference/housemodel/stats/ETL/20200805/ETL_01_BUILD/portal inmobiliario/nulls.txt
2020-08-28 23:54:03: 	Ceros:		D:/Reference/housemodel/stats/ETL/20200805/ETL_01_BUILD/portal inmobiliario/ceros.txt
2020-08-28 23:54:03: ETL_02_CLEAN Start: 2020-08-28 23:54:03.246095
2020-08-28 23:54:03: Processing Source: D:/Reference/housemodel/data/ETL/T/python/20200805/ETL_01_BUILD/portal inmobiliario.csv
2020-08-28 23:54:04: ETL_02_CLEAN End: 2020-08-28 23:54:04.685245
2020-08-28 23:54:04: ETL_02_CLEAN Total Execution Time: 1.439150094985962
2020-08-28 23:54:04: ETL_02_CLEAN Creating stats files for portal inmobiliario
2020-08-28 23:54:04: 	Info:		D:/Reference/housemodel/stats/ETL/20200805/ETL_02_CLEAN/portal inmobiliario/info.txt
2020-08-28 23:54:04: 	Describe:	D:/Reference/housemodel/stats/ETL/20200805/ETL_02_CLEAN/portal inmobiliario/describe.csv
2020-08-28 23:54:04: 	Nulls:		D:/Reference/housemodel/stats/ETL/20200805/ETL_02_CLEAN/portal inmobiliario/nulls.txt
2020-08-28 23:54:04: 	Ceros:		D:/Reference/housemodel/stats/ETL/20200805/ETL_02_CLEAN/portal inmobiliario/ceros.txt
2020-08-28 23:54:04: ETL_03_FORMAT Start: 2020-08-28 23:54:04.809913
2020-08-28 23:54:04: Processing Source: D:/Reference/housemodel/data/ETL/T/python/20200805/ETL_02_CLEAN/portal inmobiliario.csv
2020-08-28 23:54:04: ETL_03_FORMAT End: 2020-08-28 23:54:04.910643
2020-08-28 23:54:04: ETL_03_FORMAT Total Execution Time: 0.10072970390319824
2020-08-28 23:54:04: ETL_03_FORMAT Creating stats files for portal inmobiliario
2020-08-28 23:54:04: 	Info:		D:/Reference/housemodel/stats/ETL/20200805/ETL_03_FORMAT/portal inmobiliario/info.txt
2020-08-28 23:54:05: 	Describe:	D:/Reference/housemodel/stats/ETL/20200805/ETL_03_FORMAT/portal inmobiliario/describe.csv
2020-08-28 23:54:05: 	Nulls:		D:/Reference/housemodel/stats/ETL/20200805/ETL_03_FORMAT/portal inmobiliario/nulls.txt
2020-08-28 23:54:05: 	Ceros:		D:/Reference/housemodel/stats/ETL/20200805/ETL_03_FORMAT/portal inmobiliario/ceros.txt
2020-08-28 23:54:05: ETL_04_FILL Start: 2020-08-28 23:54:05.060243
2020-08-28 23:54:05: Processing Source: D:/Reference/housemodel/data/ETL/T/python/20200805/ETL_03_FORMAT/portal inmobiliario.csv
2020-08-28 23:54:05: ETL_04_FILL End: 2020-08-28 23:54:05.126066
2020-08-28 23:54:05: ETL_04_FILL Total Execution Time: 0.06582260131835938
2020-08-28 23:54:05: ETL_04_FILL Creating stats files for portal inmobiliario
2020-08-28 23:54:05: 	Info:		D:/Reference/housemodel/stats/ETL/20200805/ETL_04_FILL/portal inmobiliario/info.txt
2020-08-28 23:54:05: 	Describe:	D:/Reference/housemodel/stats/ETL/20200805/ETL_04_FILL/portal inmobiliario/describe.csv
2020-08-28 23:54:05: 	Nulls:		D:/Reference/housemodel/stats/ETL/20200805/ETL_04_FILL/portal inmobiliario/nulls.txt
2020-08-28 23:54:05: 	Ceros:		D:/Reference/housemodel/stats/ETL/20200805/ETL_04_FILL/portal inmobiliario/ceros.txt
2020-08-28 23:54:05: ETL_05_FEATURE_ENG Start: 2020-08-28 23:54:05.258685
2020-08-28 23:54:05: Processing Source: D:/Reference/housemodel/data/ETL/T/python/20200805/ETL_04_FILL/portal inmobiliario.csv
2020-08-28 23:54:13: ETL_05_FEATURE_ENG End: 2020-08-28 23:54:13.754088
2020-08-28 23:54:13: ETL_05_FEATURE_ENG Total Execution Time: 8.495402336120605
2020-08-28 23:54:13: ETL_05_FEATURE_ENG Creating stats files for portal inmobiliario
2020-08-28 23:54:13: 	Info:		D:/Reference/housemodel/stats/ETL/20200805/ETL_05_FEATURE_ENG/portal inmobiliario/info.txt
2020-08-28 23:54:13: 	Describe:	D:/Reference/housemodel/stats/ETL/20200805/ETL_05_FEATURE_ENG/portal inmobiliario/describe.csv
2020-08-28 23:54:13: 	Nulls:		D:/Reference/housemodel/stats/ETL/20200805/ETL_05_FEATURE_ENG/portal inmobiliario/nulls.txt
2020-08-28 23:54:13: 	Ceros:		D:/Reference/housemodel/stats/ETL/20200805/ETL_05_FEATURE_ENG/portal inmobiliario/ceros.txt
2020-08-28 23:54:13: ETL_06_LOAD Start: 2020-08-28 23:54:13.905122
2020-08-28 23:54:13: Connection Open OK
2020-08-28 23:54:13: houses_v2 table Exists
2020-08-28 23:54:13: Processing Source: D:/Reference/housemodel/data/ETL/T/python/20200805/ETL_05_FEATURE_ENG/portal inmobiliario.csv
2020-08-28 23:54:14: loadCsv input: D:/Reference/housemodel/data/ETL/T/python/20200805/ETL_05_FEATURE_ENG/portal inmobiliario.csv
2020-08-28 23:54:21: updateSnap executing:  
    UPDATE houses_v2 
    SET "UPDATED_DT"=NOW(), "STAGE"='out' 
    WHERE "LINK" IN 
      ( SELECT A."LINK"
        FROM      (SELECT * FROM houses_v2 WHERE "SNAP_DT" < 20200805) A
        LEFT JOIN (SELECT * FROM houses_v2 WHERE "SNAP_DT" = 20200805) B
        ON A."LINK" = B."LINK"
        WHERE b IS NULL);
2020-08-28 23:54:22: Connection Closed OK
2020-08-28 23:54:22: ETL_06_LOAD End: 2020-08-28 23:54:22.569383
2020-08-28 23:54:22: ETL_06_LOAD Total Execution Time: 8.66426157951355
2020-08-28 23:54:22: Processing Snapshot: 20200806
2020-08-28 23:54:22: ETL_00_COLLECT Start: 2020-08-28 23:54:22.579389
2020-08-28 23:54:22: Processing Source: portal inmobiliario
2020-08-28 23:54:24: ETL_00_COLLECT Output Files: D:/Reference/housemodel/data/ETL/T/python/20200806/ETL_00_COLLECT/portal inmobiliario.csv
2020-08-28 23:54:24: ETL_00_COLLECT End: 2020-08-28 23:54:24.311201
2020-08-28 23:54:24: ETL_00_COLLECT Total Execution Time: 1.7318120002746582
2020-08-28 23:54:24: ETL_00_COLLECT Creating stats files for portal inmobiliario
2020-08-28 23:54:24: 	Info:		D:/Reference/housemodel/stats/ETL/20200806/ETL_00_COLLECT/portal inmobiliario/info.txt
2020-08-28 23:54:24: 	Describe:	D:/Reference/housemodel/stats/ETL/20200806/ETL_00_COLLECT/portal inmobiliario/describe.csv
2020-08-28 23:54:24: 	Nulls:		D:/Reference/housemodel/stats/ETL/20200806/ETL_00_COLLECT/portal inmobiliario/nulls.txt
2020-08-28 23:54:24: 	Ceros:		D:/Reference/housemodel/stats/ETL/20200806/ETL_00_COLLECT/portal inmobiliario/ceros.txt
2020-08-28 23:54:24: ETL_01_BUILD Start: 2020-08-28 23:54:24.453851
2020-08-28 23:54:24: Processing Source: D:/Reference/housemodel/data/ETL/T/python/20200806/ETL_00_COLLECT/portal inmobiliario.csv
2020-08-28 23:54:26: ETL_01_BUILD End: 2020-08-28 23:54:26.552239
2020-08-28 23:54:26: ETL_01_BUILD Total Execution Time: 2.0983877182006836
2020-08-28 23:54:26: ETL_01_BUILD Creating stats files for portal inmobiliario
2020-08-28 23:54:26: 	Info:		D:/Reference/housemodel/stats/ETL/20200806/ETL_01_BUILD/portal inmobiliario/info.txt
2020-08-28 23:54:26: 	Describe:	D:/Reference/housemodel/stats/ETL/20200806/ETL_01_BUILD/portal inmobiliario/describe.csv
2020-08-28 23:54:26: 	Nulls:		D:/Reference/housemodel/stats/ETL/20200806/ETL_01_BUILD/portal inmobiliario/nulls.txt
2020-08-28 23:54:26: 	Ceros:		D:/Reference/housemodel/stats/ETL/20200806/ETL_01_BUILD/portal inmobiliario/ceros.txt
2020-08-28 23:54:26: ETL_02_CLEAN Start: 2020-08-28 23:54:26.667899
2020-08-28 23:54:26: Processing Source: D:/Reference/housemodel/data/ETL/T/python/20200806/ETL_01_BUILD/portal inmobiliario.csv
2020-08-28 23:54:28: ETL_02_CLEAN End: 2020-08-28 23:54:28.178957
2020-08-28 23:54:28: ETL_02_CLEAN Total Execution Time: 1.5110588073730469
2020-08-28 23:54:28: ETL_02_CLEAN Creating stats files for portal inmobiliario
2020-08-28 23:54:28: 	Info:		D:/Reference/housemodel/stats/ETL/20200806/ETL_02_CLEAN/portal inmobiliario/info.txt
2020-08-28 23:54:28: 	Describe:	D:/Reference/housemodel/stats/ETL/20200806/ETL_02_CLEAN/portal inmobiliario/describe.csv
2020-08-28 23:54:28: 	Nulls:		D:/Reference/housemodel/stats/ETL/20200806/ETL_02_CLEAN/portal inmobiliario/nulls.txt
2020-08-28 23:54:28: 	Ceros:		D:/Reference/housemodel/stats/ETL/20200806/ETL_02_CLEAN/portal inmobiliario/ceros.txt
2020-08-28 23:54:28: ETL_03_FORMAT Start: 2020-08-28 23:54:28.299623
2020-08-28 23:54:28: Processing Source: D:/Reference/housemodel/data/ETL/T/python/20200806/ETL_02_CLEAN/portal inmobiliario.csv
2020-08-28 23:54:28: ETL_03_FORMAT End: 2020-08-28 23:54:28.379409
2020-08-28 23:54:28: ETL_03_FORMAT Total Execution Time: 0.07978534698486328
2020-08-28 23:54:28: ETL_03_FORMAT Creating stats files for portal inmobiliario
2020-08-28 23:54:28: 	Info:		D:/Reference/housemodel/stats/ETL/20200806/ETL_03_FORMAT/portal inmobiliario/info.txt
2020-08-28 23:54:28: 	Describe:	D:/Reference/housemodel/stats/ETL/20200806/ETL_03_FORMAT/portal inmobiliario/describe.csv
2020-08-28 23:54:28: 	Nulls:		D:/Reference/housemodel/stats/ETL/20200806/ETL_03_FORMAT/portal inmobiliario/nulls.txt
2020-08-28 23:54:28: 	Ceros:		D:/Reference/housemodel/stats/ETL/20200806/ETL_03_FORMAT/portal inmobiliario/ceros.txt
2020-08-28 23:54:28: ETL_04_FILL Start: 2020-08-28 23:54:28.482137
2020-08-28 23:54:28: Processing Source: D:/Reference/housemodel/data/ETL/T/python/20200806/ETL_03_FORMAT/portal inmobiliario.csv
2020-08-28 23:54:28: ETL_04_FILL End: 2020-08-28 23:54:28.543985
2020-08-28 23:54:28: ETL_04_FILL Total Execution Time: 0.06184792518615723
2020-08-28 23:54:28: ETL_04_FILL Creating stats files for portal inmobiliario
2020-08-28 23:54:28: 	Info:		D:/Reference/housemodel/stats/ETL/20200806/ETL_04_FILL/portal inmobiliario/info.txt
2020-08-28 23:54:28: 	Describe:	D:/Reference/housemodel/stats/ETL/20200806/ETL_04_FILL/portal inmobiliario/describe.csv
2020-08-28 23:54:28: 	Nulls:		D:/Reference/housemodel/stats/ETL/20200806/ETL_04_FILL/portal inmobiliario/nulls.txt
2020-08-28 23:54:28: 	Ceros:		D:/Reference/housemodel/stats/ETL/20200806/ETL_04_FILL/portal inmobiliario/ceros.txt
2020-08-28 23:54:28: ETL_05_FEATURE_ENG Start: 2020-08-28 23:54:28.661681
2020-08-28 23:54:28: Processing Source: D:/Reference/housemodel/data/ETL/T/python/20200806/ETL_04_FILL/portal inmobiliario.csv
2020-08-28 23:54:36: ETL_05_FEATURE_ENG End: 2020-08-28 23:54:36.698782
2020-08-28 23:54:36: ETL_05_FEATURE_ENG Total Execution Time: 8.037100315093994
2020-08-28 23:54:36: ETL_05_FEATURE_ENG Creating stats files for portal inmobiliario
2020-08-28 23:54:36: 	Info:		D:/Reference/housemodel/stats/ETL/20200806/ETL_05_FEATURE_ENG/portal inmobiliario/info.txt
2020-08-28 23:54:36: 	Describe:	D:/Reference/housemodel/stats/ETL/20200806/ETL_05_FEATURE_ENG/portal inmobiliario/describe.csv
2020-08-28 23:54:36: 	Nulls:		D:/Reference/housemodel/stats/ETL/20200806/ETL_05_FEATURE_ENG/portal inmobiliario/nulls.txt
2020-08-28 23:54:36: 	Ceros:		D:/Reference/housemodel/stats/ETL/20200806/ETL_05_FEATURE_ENG/portal inmobiliario/ceros.txt
2020-08-28 23:54:36: ETL_06_LOAD Start: 2020-08-28 23:54:36.822425
2020-08-28 23:54:36: Connection Open OK
2020-08-28 23:54:36: houses_v2 table Exists
2020-08-28 23:54:36: Processing Source: D:/Reference/housemodel/data/ETL/T/python/20200806/ETL_05_FEATURE_ENG/portal inmobiliario.csv
2020-08-28 23:54:36: loadCsv input: D:/Reference/housemodel/data/ETL/T/python/20200806/ETL_05_FEATURE_ENG/portal inmobiliario.csv
2020-08-28 23:54:44: updateSnap executing:  
    UPDATE houses_v2 
    SET "UPDATED_DT"=NOW(), "STAGE"='out' 
    WHERE "LINK" IN 
      ( SELECT A."LINK"
        FROM      (SELECT * FROM houses_v2 WHERE "SNAP_DT" < 20200806) A
        LEFT JOIN (SELECT * FROM houses_v2 WHERE "SNAP_DT" = 20200806) B
        ON A."LINK" = B."LINK"
        WHERE b IS NULL);
2020-08-28 23:54:44: Connection Closed OK
2020-08-28 23:54:44: ETL_06_LOAD End: 2020-08-28 23:54:44.976144
2020-08-28 23:54:44: ETL_06_LOAD Total Execution Time: 8.153718948364258
2020-08-28 23:54:44: Processing Snapshot: 20200807
2020-08-28 23:54:44: ETL_00_COLLECT Start: 2020-08-28 23:54:44.987116
2020-08-28 23:54:44: Processing Source: portal inmobiliario
2020-08-28 23:54:46: ETL_00_COLLECT Output Files: D:/Reference/housemodel/data/ETL/T/python/20200807/ETL_00_COLLECT/portal inmobiliario.csv
2020-08-28 23:54:46: ETL_00_COLLECT End: 2020-08-28 23:54:46.772381
2020-08-28 23:54:46: ETL_00_COLLECT Total Execution Time: 1.785264492034912
2020-08-28 23:54:46: ETL_00_COLLECT Creating stats files for portal inmobiliario
2020-08-28 23:54:46: 	Info:		D:/Reference/housemodel/stats/ETL/20200807/ETL_00_COLLECT/portal inmobiliario/info.txt
2020-08-28 23:54:46: 	Describe:	D:/Reference/housemodel/stats/ETL/20200807/ETL_00_COLLECT/portal inmobiliario/describe.csv
2020-08-28 23:54:46: 	Nulls:		D:/Reference/housemodel/stats/ETL/20200807/ETL_00_COLLECT/portal inmobiliario/nulls.txt
2020-08-28 23:54:46: 	Ceros:		D:/Reference/housemodel/stats/ETL/20200807/ETL_00_COLLECT/portal inmobiliario/ceros.txt
2020-08-28 23:54:46: ETL_01_BUILD Start: 2020-08-28 23:54:46.925707
2020-08-28 23:54:46: Processing Source: D:/Reference/housemodel/data/ETL/T/python/20200807/ETL_00_COLLECT/portal inmobiliario.csv
2020-08-28 23:54:49: ETL_01_BUILD End: 2020-08-28 23:54:49.059002
2020-08-28 23:54:49: ETL_01_BUILD Total Execution Time: 2.1332948207855225
2020-08-28 23:54:49: ETL_01_BUILD Creating stats files for portal inmobiliario
2020-08-28 23:54:49: 	Info:		D:/Reference/housemodel/stats/ETL/20200807/ETL_01_BUILD/portal inmobiliario/info.txt
2020-08-28 23:54:49: 	Describe:	D:/Reference/housemodel/stats/ETL/20200807/ETL_01_BUILD/portal inmobiliario/describe.csv
2020-08-28 23:54:49: 	Nulls:		D:/Reference/housemodel/stats/ETL/20200807/ETL_01_BUILD/portal inmobiliario/nulls.txt
2020-08-28 23:54:49: 	Ceros:		D:/Reference/housemodel/stats/ETL/20200807/ETL_01_BUILD/portal inmobiliario/ceros.txt
2020-08-28 23:54:49: ETL_02_CLEAN Start: 2020-08-28 23:54:49.196651
2020-08-28 23:54:49: Processing Source: D:/Reference/housemodel/data/ETL/T/python/20200807/ETL_01_BUILD/portal inmobiliario.csv
2020-08-28 23:54:50: ETL_02_CLEAN End: 2020-08-28 23:54:50.490174
2020-08-28 23:54:50: ETL_02_CLEAN Total Execution Time: 1.293522834777832
2020-08-28 23:54:50: ETL_02_CLEAN Creating stats files for portal inmobiliario
2020-08-28 23:54:50: 	Info:		D:/Reference/housemodel/stats/ETL/20200807/ETL_02_CLEAN/portal inmobiliario/info.txt
2020-08-28 23:54:50: 	Describe:	D:/Reference/housemodel/stats/ETL/20200807/ETL_02_CLEAN/portal inmobiliario/describe.csv
2020-08-28 23:54:50: 	Nulls:		D:/Reference/housemodel/stats/ETL/20200807/ETL_02_CLEAN/portal inmobiliario/nulls.txt
2020-08-28 23:54:50: 	Ceros:		D:/Reference/housemodel/stats/ETL/20200807/ETL_02_CLEAN/portal inmobiliario/ceros.txt
2020-08-28 23:54:50: ETL_03_FORMAT Start: 2020-08-28 23:54:50.576944
2020-08-28 23:54:50: Processing Source: D:/Reference/housemodel/data/ETL/T/python/20200807/ETL_02_CLEAN/portal inmobiliario.csv
2020-08-28 23:54:50: ETL_03_FORMAT End: 2020-08-28 23:54:50.662745
2020-08-28 23:54:50: ETL_03_FORMAT Total Execution Time: 0.0858001708984375
2020-08-28 23:54:50: ETL_03_FORMAT Creating stats files for portal inmobiliario
2020-08-28 23:54:50: 	Info:		D:/Reference/housemodel/stats/ETL/20200807/ETL_03_FORMAT/portal inmobiliario/info.txt
2020-08-28 23:54:50: 	Describe:	D:/Reference/housemodel/stats/ETL/20200807/ETL_03_FORMAT/portal inmobiliario/describe.csv
2020-08-28 23:54:50: 	Nulls:		D:/Reference/housemodel/stats/ETL/20200807/ETL_03_FORMAT/portal inmobiliario/nulls.txt
2020-08-28 23:54:50: 	Ceros:		D:/Reference/housemodel/stats/ETL/20200807/ETL_03_FORMAT/portal inmobiliario/ceros.txt
2020-08-28 23:54:50: ETL_04_FILL Start: 2020-08-28 23:54:50.776410
2020-08-28 23:54:50: Processing Source: D:/Reference/housemodel/data/ETL/T/python/20200807/ETL_03_FORMAT/portal inmobiliario.csv
2020-08-28 23:54:50: ETL_04_FILL End: 2020-08-28 23:54:50.844226
2020-08-28 23:54:50: ETL_04_FILL Total Execution Time: 0.06781673431396484
2020-08-28 23:54:50: ETL_04_FILL Creating stats files for portal inmobiliario
2020-08-28 23:54:50: 	Info:		D:/Reference/housemodel/stats/ETL/20200807/ETL_04_FILL/portal inmobiliario/info.txt
2020-08-28 23:54:50: 	Describe:	D:/Reference/housemodel/stats/ETL/20200807/ETL_04_FILL/portal inmobiliario/describe.csv
2020-08-28 23:54:50: 	Nulls:		D:/Reference/housemodel/stats/ETL/20200807/ETL_04_FILL/portal inmobiliario/nulls.txt
2020-08-28 23:54:50: 	Ceros:		D:/Reference/housemodel/stats/ETL/20200807/ETL_04_FILL/portal inmobiliario/ceros.txt
2020-08-28 23:54:50: ETL_05_FEATURE_ENG Start: 2020-08-28 23:54:50.991831
2020-08-28 23:54:50: Processing Source: D:/Reference/housemodel/data/ETL/T/python/20200807/ETL_04_FILL/portal inmobiliario.csv
2020-08-28 23:54:58: ETL_05_FEATURE_ENG End: 2020-08-28 23:54:58.360127
2020-08-28 23:54:58: ETL_05_FEATURE_ENG Total Execution Time: 7.368295431137085
2020-08-28 23:54:58: ETL_05_FEATURE_ENG Creating stats files for portal inmobiliario
2020-08-28 23:54:58: 	Info:		D:/Reference/housemodel/stats/ETL/20200807/ETL_05_FEATURE_ENG/portal inmobiliario/info.txt
2020-08-28 23:54:58: 	Describe:	D:/Reference/housemodel/stats/ETL/20200807/ETL_05_FEATURE_ENG/portal inmobiliario/describe.csv
2020-08-28 23:54:58: 	Nulls:		D:/Reference/housemodel/stats/ETL/20200807/ETL_05_FEATURE_ENG/portal inmobiliario/nulls.txt
2020-08-28 23:54:58: 	Ceros:		D:/Reference/housemodel/stats/ETL/20200807/ETL_05_FEATURE_ENG/portal inmobiliario/ceros.txt
2020-08-28 23:54:58: ETL_06_LOAD Start: 2020-08-28 23:54:58.539043
2020-08-28 23:54:58: Connection Open OK
2020-08-28 23:54:58: houses_v2 table Exists
2020-08-28 23:54:58: Processing Source: D:/Reference/housemodel/data/ETL/T/python/20200807/ETL_05_FEATURE_ENG/portal inmobiliario.csv
2020-08-28 23:54:58: loadCsv input: D:/Reference/housemodel/data/ETL/T/python/20200807/ETL_05_FEATURE_ENG/portal inmobiliario.csv
2020-08-28 23:55:06: updateSnap executing:  
    UPDATE houses_v2 
    SET "UPDATED_DT"=NOW(), "STAGE"='out' 
    WHERE "LINK" IN 
      ( SELECT A."LINK"
        FROM      (SELECT * FROM houses_v2 WHERE "SNAP_DT" < 20200807) A
        LEFT JOIN (SELECT * FROM houses_v2 WHERE "SNAP_DT" = 20200807) B
        ON A."LINK" = B."LINK"
        WHERE b IS NULL);
2020-08-28 23:55:07: Connection Closed OK
2020-08-28 23:55:07: ETL_06_LOAD End: 2020-08-28 23:55:07.360931
2020-08-28 23:55:07: ETL_06_LOAD Total Execution Time: 8.821887969970703
2020-08-28 23:55:07: Processing Snapshot: 20200826
2020-08-28 23:55:07: ETL_00_COLLECT Start: 2020-08-28 23:55:07.371905
2020-08-28 23:55:07: Processing Source: portal inmobiliario
2020-08-28 23:55:09: ETL_00_COLLECT Output Files: D:/Reference/housemodel/data/ETL/T/python/20200826/ETL_00_COLLECT/portal inmobiliario.csv
2020-08-28 23:55:09: ETL_00_COLLECT End: 2020-08-28 23:55:09.089574
2020-08-28 23:55:09: ETL_00_COLLECT Total Execution Time: 1.7176690101623535
2020-08-28 23:55:09: ETL_00_COLLECT Creating stats files for portal inmobiliario
2020-08-28 23:55:09: 	Info:		D:/Reference/housemodel/stats/ETL/20200826/ETL_00_COLLECT/portal inmobiliario/info.txt
2020-08-28 23:55:09: 	Describe:	D:/Reference/housemodel/stats/ETL/20200826/ETL_00_COLLECT/portal inmobiliario/describe.csv
2020-08-28 23:55:09: 	Nulls:		D:/Reference/housemodel/stats/ETL/20200826/ETL_00_COLLECT/portal inmobiliario/nulls.txt
2020-08-28 23:55:09: 	Ceros:		D:/Reference/housemodel/stats/ETL/20200826/ETL_00_COLLECT/portal inmobiliario/ceros.txt
2020-08-28 23:55:09: ETL_01_BUILD Start: 2020-08-28 23:55:09.242169
2020-08-28 23:55:09: Processing Source: D:/Reference/housemodel/data/ETL/T/python/20200826/ETL_00_COLLECT/portal inmobiliario.csv
