2020-07-21 00:18:49: ETL Start: 2020-07-21 00:18:49.716351
2020-07-21 00:18:49: Available Snapshots: 20200707 20200718
2020-07-21 00:18:49: Processing Snapshot: 20200718
2020-07-21 00:18:49: ETL_00_COLLECT Start: 2020-07-21 00:18:49.728319
2020-07-21 00:18:49: Processing Source: portal inmobiliario
2020-07-21 00:18:51: ETL_00_COLLECT Output Files: D:\Reference\housemodel\data\T\ETL/20200718/ETL_00_COLLECT/portal inmobiliario.csv
2020-07-21 00:18:51: ETL_00_COLLECT End: 2020-07-21 00:18:51.266320
2020-07-21 00:18:51: ETL_00_COLLECT Total Execution Time: 1.5380005836486816
2020-07-21 00:18:51: ETL_00_COLLECT Creating stats files for portal inmobiliario
2020-07-21 00:18:51: 	Info:		D:\Reference\housemodel\stats\ETL/20200718/ETL_00_COLLECT/portal inmobiliario/info.txt
2020-07-21 00:18:51: 	Describe:	D:\Reference\housemodel\stats\ETL/20200718/ETL_00_COLLECT/portal inmobiliario/describe.csv
2020-07-21 00:18:51: 	Nulls:		D:\Reference\housemodel\stats\ETL/20200718/ETL_00_COLLECT/portal inmobiliario/nulls.txt
2020-07-21 00:18:51: 	Ceros:		D:\Reference\housemodel\stats\ETL/20200718/ETL_00_COLLECT/portal inmobiliario/ceros.txt
2020-07-21 00:18:51: ETL_01_BUILD Start: 2020-07-21 00:18:51.403318
2020-07-21 00:18:51: Processing Source: D:\Reference\housemodel\data\T\ETL/20200718/ETL_00_COLLECT/portal inmobiliario.csv
2020-07-21 00:18:53: ETL_01_BUILD End: 2020-07-21 00:18:53.405328
2020-07-21 00:18:53: ETL_01_BUILD Total Execution Time: 2.0020103454589844
2020-07-21 00:18:53: ETL_01_BUILD Creating stats files for portal inmobiliario
2020-07-21 00:18:53: 	Info:		D:\Reference\housemodel\stats\ETL/20200718/ETL_01_BUILD/portal inmobiliario/info.txt
2020-07-21 00:18:53: 	Describe:	D:\Reference\housemodel\stats\ETL/20200718/ETL_01_BUILD/portal inmobiliario/describe.csv
2020-07-21 00:18:53: 	Nulls:		D:\Reference\housemodel\stats\ETL/20200718/ETL_01_BUILD/portal inmobiliario/nulls.txt
2020-07-21 00:18:53: 	Ceros:		D:\Reference\housemodel\stats\ETL/20200718/ETL_01_BUILD/portal inmobiliario/ceros.txt
2020-07-21 00:18:53: ETL_02_CLEAN Start: 2020-07-21 00:18:53.496342
2020-07-21 00:18:53: Processing Source: D:\Reference\housemodel\data\T\ETL/20200718/ETL_01_BUILD/portal inmobiliario.csv
2020-07-21 00:18:54: ETL_02_CLEAN End: 2020-07-21 00:18:54.866373
2020-07-21 00:18:54: ETL_02_CLEAN Total Execution Time: 1.370030164718628
2020-07-21 00:18:54: ETL_02_CLEAN Creating stats files for portal inmobiliario
2020-07-21 00:18:54: 	Info:		D:\Reference\housemodel\stats\ETL/20200718/ETL_02_CLEAN/portal inmobiliario/info.txt
2020-07-21 00:18:54: 	Describe:	D:\Reference\housemodel\stats\ETL/20200718/ETL_02_CLEAN/portal inmobiliario/describe.csv
2020-07-21 00:18:54: 	Nulls:		D:\Reference\housemodel\stats\ETL/20200718/ETL_02_CLEAN/portal inmobiliario/nulls.txt
2020-07-21 00:18:54: 	Ceros:		D:\Reference\housemodel\stats\ETL/20200718/ETL_02_CLEAN/portal inmobiliario/ceros.txt
2020-07-21 00:18:54: ETL_03_FORMAT Start: 2020-07-21 00:18:54.964320
2020-07-21 00:18:54: Processing Source: D:\Reference\housemodel\data\T\ETL/20200718/ETL_02_CLEAN/portal inmobiliario.csv
2020-07-21 00:18:55: ETL_03_FORMAT End: 2020-07-21 00:18:55.059352
2020-07-21 00:18:55: ETL_03_FORMAT Total Execution Time: 0.0950322151184082
2020-07-21 00:18:55: ETL_03_FORMAT Creating stats files for portal inmobiliario
2020-07-21 00:18:55: 	Info:		D:\Reference\housemodel\stats\ETL/20200718/ETL_03_FORMAT/portal inmobiliario/info.txt
2020-07-21 00:18:55: 	Describe:	D:\Reference\housemodel\stats\ETL/20200718/ETL_03_FORMAT/portal inmobiliario/describe.csv
2020-07-21 00:18:55: 	Nulls:		D:\Reference\housemodel\stats\ETL/20200718/ETL_03_FORMAT/portal inmobiliario/nulls.txt
2020-07-21 00:18:55: 	Ceros:		D:\Reference\housemodel\stats\ETL/20200718/ETL_03_FORMAT/portal inmobiliario/ceros.txt
2020-07-21 00:18:55: ETL_04_FILL Start: 2020-07-21 00:18:55.148319
2020-07-21 00:18:55: Processing Source: D:\Reference\housemodel\data\T\ETL/20200718/ETL_03_FORMAT/portal inmobiliario.csv
2020-07-21 00:18:55: ETL_04_FILL End: 2020-07-21 00:18:55.209351
2020-07-21 00:18:55: ETL_04_FILL Total Execution Time: 0.06103205680847168
2020-07-21 00:18:55: ETL_04_FILL Creating stats files for portal inmobiliario
2020-07-21 00:18:55: 	Info:		D:\Reference\housemodel\stats\ETL/20200718/ETL_04_FILL/portal inmobiliario/info.txt
2020-07-21 00:18:55: 	Describe:	D:\Reference\housemodel\stats\ETL/20200718/ETL_04_FILL/portal inmobiliario/describe.csv
2020-07-21 00:18:55: 	Nulls:		D:\Reference\housemodel\stats\ETL/20200718/ETL_04_FILL/portal inmobiliario/nulls.txt
2020-07-21 00:18:55: 	Ceros:		D:\Reference\housemodel\stats\ETL/20200718/ETL_04_FILL/portal inmobiliario/ceros.txt
2020-07-21 00:18:55: ETL_05_FEATURE_ENG Start: 2020-07-21 00:18:55.298342
2020-07-21 00:18:55: Processing Source: D:\Reference\housemodel\data\T\ETL/20200718/ETL_04_FILL/portal inmobiliario.csv
2020-07-21 00:19:03: ETL_05_FEATURE_ENG End: 2020-07-21 00:19:03.555315
2020-07-21 00:19:03: ETL_05_FEATURE_ENG Total Execution Time: 8.256973028182983
2020-07-21 00:19:03: ETL_05_FEATURE_ENG Creating stats files for portal inmobiliario
2020-07-21 00:19:03: 	Info:		D:\Reference\housemodel\stats\ETL/20200718/ETL_05_FEATURE_ENG/portal inmobiliario/info.txt
2020-07-21 00:19:03: 	Describe:	D:\Reference\housemodel\stats\ETL/20200718/ETL_05_FEATURE_ENG/portal inmobiliario/describe.csv
2020-07-21 00:19:03: 	Nulls:		D:\Reference\housemodel\stats\ETL/20200718/ETL_05_FEATURE_ENG/portal inmobiliario/nulls.txt
2020-07-21 00:19:03: 	Ceros:		D:\Reference\housemodel\stats\ETL/20200718/ETL_05_FEATURE_ENG/portal inmobiliario/ceros.txt
2020-07-21 00:19:03: ETL_06_LOAD Start: 2020-07-21 00:19:03.667319
2020-07-21 00:19:06: Connection Open OK
2020-07-21 00:19:06: houses_v2 table does not Exists
2020-07-21 00:19:06: Processing Source: D:\Reference\housemodel\data\T\ETL/20200718/ETL_05_FEATURE_ENG/portal inmobiliario.csv
2020-07-21 00:19:14: Connection Closed OK
2020-07-21 00:19:14: ETL_06_LOAD End: 2020-07-21 00:19:14.685188
2020-07-21 00:19:14: ETL_06_LOAD Total Execution Time: 11.017868995666504
2020-07-21 00:19:14: ETL End: 2020-07-21 00:19:14.692173
2020-07-21 00:19:14: ETL Total Execution Time: 24.97582221031189
