2020-07-21 21:40:03: ETL Start: 2020-07-21 21:40:03.140652
2020-07-21 21:40:03: Available Snapshots: 20200707 20200718 20200721
2020-07-21 21:40:03: Processing Snapshot: 20200718
2020-07-21 21:40:03: ETL_00_COLLECT Start: 2020-07-21 21:40:03.195651
2020-07-21 21:40:03: Processing Source: portal inmobiliario
2020-07-21 21:40:05: ETL_00_COLLECT Output Files: D:\Reference\housemodel\data\T\ETL/20200718/ETL_00_COLLECT/portal inmobiliario.csv
2020-07-21 21:40:05: ETL_00_COLLECT End: 2020-07-21 21:40:05.154159
2020-07-21 21:40:05: ETL_00_COLLECT Total Execution Time: 1.958508014678955
2020-07-21 21:40:05: ETL_00_COLLECT Creating stats files for portal inmobiliario
2020-07-21 21:40:05: 	Info:		D:\Reference\housemodel\stats\ETL/20200718/ETL_00_COLLECT/portal inmobiliario/info.txt
2020-07-21 21:40:05: 	Describe:	D:\Reference\housemodel\stats\ETL/20200718/ETL_00_COLLECT/portal inmobiliario/describe.csv
2020-07-21 21:40:05: 	Nulls:		D:\Reference\housemodel\stats\ETL/20200718/ETL_00_COLLECT/portal inmobiliario/nulls.txt
2020-07-21 21:40:05: 	Ceros:		D:\Reference\housemodel\stats\ETL/20200718/ETL_00_COLLECT/portal inmobiliario/ceros.txt
2020-07-21 21:40:05: ETL_01_BUILD Start: 2020-07-21 21:40:05.463459
2020-07-21 21:40:05: Processing Source: D:\Reference\housemodel\data\T\ETL/20200718/ETL_00_COLLECT/portal inmobiliario.csv
2020-07-21 21:40:07: ETL_01_BUILD End: 2020-07-21 21:40:07.907458
2020-07-21 21:40:07: ETL_01_BUILD Total Execution Time: 2.4439988136291504
2020-07-21 21:40:07: ETL_01_BUILD Creating stats files for portal inmobiliario
2020-07-21 21:40:07: 	Info:		D:\Reference\housemodel\stats\ETL/20200718/ETL_01_BUILD/portal inmobiliario/info.txt
2020-07-21 21:40:07: 	Describe:	D:\Reference\housemodel\stats\ETL/20200718/ETL_01_BUILD/portal inmobiliario/describe.csv
2020-07-21 21:40:07: 	Nulls:		D:\Reference\housemodel\stats\ETL/20200718/ETL_01_BUILD/portal inmobiliario/nulls.txt
2020-07-21 21:40:08: 	Ceros:		D:\Reference\housemodel\stats\ETL/20200718/ETL_01_BUILD/portal inmobiliario/ceros.txt
2020-07-21 21:40:08: ETL_02_CLEAN Start: 2020-07-21 21:40:08.050459
2020-07-21 21:40:08: Processing Source: D:\Reference\housemodel\data\T\ETL/20200718/ETL_01_BUILD/portal inmobiliario.csv
2020-07-21 21:40:09: ETL_02_CLEAN End: 2020-07-21 21:40:09.791458
2020-07-21 21:40:09: ETL_02_CLEAN Total Execution Time: 1.7409989833831787
2020-07-21 21:40:09: ETL_02_CLEAN Creating stats files for portal inmobiliario
2020-07-21 21:40:09: 	Info:		D:\Reference\housemodel\stats\ETL/20200718/ETL_02_CLEAN/portal inmobiliario/info.txt
2020-07-21 21:40:09: 	Describe:	D:\Reference\housemodel\stats\ETL/20200718/ETL_02_CLEAN/portal inmobiliario/describe.csv
2020-07-21 21:40:09: 	Nulls:		D:\Reference\housemodel\stats\ETL/20200718/ETL_02_CLEAN/portal inmobiliario/nulls.txt
2020-07-21 21:40:09: 	Ceros:		D:\Reference\housemodel\stats\ETL/20200718/ETL_02_CLEAN/portal inmobiliario/ceros.txt
2020-07-21 21:40:09: ETL_03_FORMAT Start: 2020-07-21 21:40:09.943494
2020-07-21 21:40:09: Processing Source: D:\Reference\housemodel\data\T\ETL/20200718/ETL_02_CLEAN/portal inmobiliario.csv
2020-07-21 21:40:10: ETL_03_FORMAT End: 2020-07-21 21:40:10.067458
2020-07-21 21:40:10: ETL_03_FORMAT Total Execution Time: 0.12396359443664551
2020-07-21 21:40:10: ETL_03_FORMAT Creating stats files for portal inmobiliario
2020-07-21 21:40:10: 	Info:		D:\Reference\housemodel\stats\ETL/20200718/ETL_03_FORMAT/portal inmobiliario/info.txt
2020-07-21 21:40:10: 	Describe:	D:\Reference\housemodel\stats\ETL/20200718/ETL_03_FORMAT/portal inmobiliario/describe.csv
2020-07-21 21:40:10: 	Nulls:		D:\Reference\housemodel\stats\ETL/20200718/ETL_03_FORMAT/portal inmobiliario/nulls.txt
2020-07-21 21:40:10: 	Ceros:		D:\Reference\housemodel\stats\ETL/20200718/ETL_03_FORMAT/portal inmobiliario/ceros.txt
2020-07-21 21:40:10: ETL_04_FILL Start: 2020-07-21 21:40:10.178458
2020-07-21 21:40:10: Processing Source: D:\Reference\housemodel\data\T\ETL/20200718/ETL_03_FORMAT/portal inmobiliario.csv
2020-07-21 21:40:10: ETL_04_FILL End: 2020-07-21 21:40:10.297461
2020-07-21 21:40:10: ETL_04_FILL Total Execution Time: 0.1190030574798584
2020-07-21 21:40:10: ETL_04_FILL Creating stats files for portal inmobiliario
2020-07-21 21:40:10: 	Info:		D:\Reference\housemodel\stats\ETL/20200718/ETL_04_FILL/portal inmobiliario/info.txt
2020-07-21 21:40:10: 	Describe:	D:\Reference\housemodel\stats\ETL/20200718/ETL_04_FILL/portal inmobiliario/describe.csv
2020-07-21 21:40:10: 	Nulls:		D:\Reference\housemodel\stats\ETL/20200718/ETL_04_FILL/portal inmobiliario/nulls.txt
2020-07-21 21:40:10: 	Ceros:		D:\Reference\housemodel\stats\ETL/20200718/ETL_04_FILL/portal inmobiliario/ceros.txt
2020-07-21 21:40:10: ETL_05_FEATURE_ENG Start: 2020-07-21 21:40:10.447459
2020-07-21 21:40:10: Processing Source: D:\Reference\housemodel\data\T\ETL/20200718/ETL_04_FILL/portal inmobiliario.csv
2020-07-21 21:40:19: ETL_05_FEATURE_ENG End: 2020-07-21 21:40:19.586459
2020-07-21 21:40:19: ETL_05_FEATURE_ENG Total Execution Time: 9.138999700546265
2020-07-21 21:40:19: ETL_05_FEATURE_ENG Creating stats files for portal inmobiliario
2020-07-21 21:40:19: 	Info:		D:\Reference\housemodel\stats\ETL/20200718/ETL_05_FEATURE_ENG/portal inmobiliario/info.txt
2020-07-21 21:40:19: 	Describe:	D:\Reference\housemodel\stats\ETL/20200718/ETL_05_FEATURE_ENG/portal inmobiliario/describe.csv
2020-07-21 21:40:19: 	Nulls:		D:\Reference\housemodel\stats\ETL/20200718/ETL_05_FEATURE_ENG/portal inmobiliario/nulls.txt
2020-07-21 21:40:19: 	Ceros:		D:\Reference\housemodel\stats\ETL/20200718/ETL_05_FEATURE_ENG/portal inmobiliario/ceros.txt
2020-07-21 21:40:19: ETL_06_LOAD Start: 2020-07-21 21:40:19.741462
2020-07-21 21:40:30: Connection Open OK
2020-07-21 21:40:30: houses_v2 table Exists
2020-07-21 21:40:30: Processing Source: D:\Reference\housemodel\data\T\ETL/20200718/ETL_05_FEATURE_ENG/portal inmobiliario.csv
2020-07-21 21:40:39: Connection Closed OK
2020-07-21 21:40:39: ETL_06_LOAD End: 2020-07-21 21:40:39.425152
2020-07-21 21:40:39: ETL_06_LOAD Total Execution Time: 19.683690786361694
2020-07-21 21:40:39: Processing Snapshot: 20200721
2020-07-21 21:40:39: ETL_00_COLLECT Start: 2020-07-21 21:40:39.439162
2020-07-21 21:40:39: Processing Source: portal inmobiliario
2020-07-21 21:40:41: ETL_00_COLLECT Output Files: D:\Reference\housemodel\data\T\ETL/20200721/ETL_00_COLLECT/portal inmobiliario.csv
2020-07-21 21:40:41: ETL_00_COLLECT End: 2020-07-21 21:40:41.325151
2020-07-21 21:40:41: ETL_00_COLLECT Total Execution Time: 1.8859891891479492
2020-07-21 21:40:41: ETL_00_COLLECT Creating stats files for portal inmobiliario
2020-07-21 21:40:41: 	Info:		D:\Reference\housemodel\stats\ETL/20200721/ETL_00_COLLECT/portal inmobiliario/info.txt
2020-07-21 21:40:41: 	Describe:	D:\Reference\housemodel\stats\ETL/20200721/ETL_00_COLLECT/portal inmobiliario/describe.csv
2020-07-21 21:40:41: 	Nulls:		D:\Reference\housemodel\stats\ETL/20200721/ETL_00_COLLECT/portal inmobiliario/nulls.txt
2020-07-21 21:40:41: 	Ceros:		D:\Reference\housemodel\stats\ETL/20200721/ETL_00_COLLECT/portal inmobiliario/ceros.txt
2020-07-21 21:40:41: ETL_01_BUILD Start: 2020-07-21 21:40:41.500154
2020-07-21 21:40:41: Processing Source: D:\Reference\housemodel\data\T\ETL/20200721/ETL_00_COLLECT/portal inmobiliario.csv
2020-07-21 21:40:43: ETL_01_BUILD End: 2020-07-21 21:40:43.965152
2020-07-21 21:40:43: ETL_01_BUILD Total Execution Time: 2.4649975299835205
2020-07-21 21:40:43: ETL_01_BUILD Creating stats files for portal inmobiliario
2020-07-21 21:40:44: 	Info:		D:\Reference\housemodel\stats\ETL/20200721/ETL_01_BUILD/portal inmobiliario/info.txt
2020-07-21 21:40:44: 	Describe:	D:\Reference\housemodel\stats\ETL/20200721/ETL_01_BUILD/portal inmobiliario/describe.csv
2020-07-21 21:40:44: 	Nulls:		D:\Reference\housemodel\stats\ETL/20200721/ETL_01_BUILD/portal inmobiliario/nulls.txt
2020-07-21 21:40:44: 	Ceros:		D:\Reference\housemodel\stats\ETL/20200721/ETL_01_BUILD/portal inmobiliario/ceros.txt
2020-07-21 21:40:44: ETL_02_CLEAN Start: 2020-07-21 21:40:44.113152
2020-07-21 21:40:44: Processing Source: D:\Reference\housemodel\data\T\ETL/20200721/ETL_01_BUILD/portal inmobiliario.csv
2020-07-21 21:40:45: ETL_02_CLEAN End: 2020-07-21 21:40:45.631151
2020-07-21 21:40:45: ETL_02_CLEAN Total Execution Time: 1.5179994106292725
2020-07-21 21:40:45: ETL_02_CLEAN Creating stats files for portal inmobiliario
2020-07-21 21:40:45: 	Info:		D:\Reference\housemodel\stats\ETL/20200721/ETL_02_CLEAN/portal inmobiliario/info.txt
2020-07-21 21:40:45: 	Describe:	D:\Reference\housemodel\stats\ETL/20200721/ETL_02_CLEAN/portal inmobiliario/describe.csv
2020-07-21 21:40:45: 	Nulls:		D:\Reference\housemodel\stats\ETL/20200721/ETL_02_CLEAN/portal inmobiliario/nulls.txt
2020-07-21 21:40:45: 	Ceros:		D:\Reference\housemodel\stats\ETL/20200721/ETL_02_CLEAN/portal inmobiliario/ceros.txt
2020-07-21 21:40:45: ETL_03_FORMAT Start: 2020-07-21 21:40:45.768153
2020-07-21 21:40:45: Processing Source: D:\Reference\housemodel\data\T\ETL/20200721/ETL_02_CLEAN/portal inmobiliario.csv
