2020-07-21 21:51:22: ETL Start: 2020-07-21 21:51:22.170415
2020-07-21 21:51:22: Available Snapshots: 20200707 20200718 20200721
2020-07-21 21:51:22: Processing Snapshot: 20200721
2020-07-21 21:51:22: ETL_00_COLLECT Start: 2020-07-21 21:51:22.186416
2020-07-21 21:51:22: Processing Source: portal inmobiliario
2020-07-21 21:51:24: ETL_00_COLLECT Output Files: D:\Reference\housemodel\data\T\ETL/20200721/ETL_00_COLLECT/portal inmobiliario.csv
2020-07-21 21:51:24: ETL_00_COLLECT End: 2020-07-21 21:51:24.003415
2020-07-21 21:51:24: ETL_00_COLLECT Total Execution Time: 1.8169984817504883
2020-07-21 21:51:24: ETL_00_COLLECT Creating stats files for portal inmobiliario
2020-07-21 21:51:24: 	Info:		D:\Reference\housemodel\stats\ETL/20200721/ETL_00_COLLECT/portal inmobiliario/info.txt
2020-07-21 21:51:24: 	Describe:	D:\Reference\housemodel\stats\ETL/20200721/ETL_00_COLLECT/portal inmobiliario/describe.csv
2020-07-21 21:51:24: 	Nulls:		D:\Reference\housemodel\stats\ETL/20200721/ETL_00_COLLECT/portal inmobiliario/nulls.txt
2020-07-21 21:51:24: 	Ceros:		D:\Reference\housemodel\stats\ETL/20200721/ETL_00_COLLECT/portal inmobiliario/ceros.txt
2020-07-21 21:51:24: ETL_01_BUILD Start: 2020-07-21 21:51:24.176422
2020-07-21 21:51:24: Processing Source: D:\Reference\housemodel\data\T\ETL/20200721/ETL_00_COLLECT/portal inmobiliario.csv
2020-07-21 21:51:26: ETL_01_BUILD End: 2020-07-21 21:51:26.649418
2020-07-21 21:51:26: ETL_01_BUILD Total Execution Time: 2.4729959964752197
2020-07-21 21:51:26: ETL_01_BUILD Creating stats files for portal inmobiliario
2020-07-21 21:51:26: 	Info:		D:\Reference\housemodel\stats\ETL/20200721/ETL_01_BUILD/portal inmobiliario/info.txt
2020-07-21 21:51:26: 	Describe:	D:\Reference\housemodel\stats\ETL/20200721/ETL_01_BUILD/portal inmobiliario/describe.csv
2020-07-21 21:51:26: 	Nulls:		D:\Reference\housemodel\stats\ETL/20200721/ETL_01_BUILD/portal inmobiliario/nulls.txt
2020-07-21 21:51:26: 	Ceros:		D:\Reference\housemodel\stats\ETL/20200721/ETL_01_BUILD/portal inmobiliario/ceros.txt
2020-07-21 21:51:26: ETL_02_CLEAN Start: 2020-07-21 21:51:26.797421
2020-07-21 21:51:26: Processing Source: D:\Reference\housemodel\data\T\ETL/20200721/ETL_01_BUILD/portal inmobiliario.csv
