2020-07-21 21:58:58: ETL Start: 2020-07-21 21:58:58.782389
2020-07-21 21:58:58: Available Snapshots: 20200707 20200718 20200721
2020-07-21 21:58:58: Processing Snapshot: 20200721
2020-07-21 21:58:58: ETL_00_COLLECT Start: 2020-07-21 21:58:58.789391
2020-07-21 21:58:58: Processing Source: portal inmobiliario
2020-07-21 21:59:01: ETL_00_COLLECT Output Files: D:\Reference\housemodel\data\T\ETL/20200721/ETL_00_COLLECT/portal inmobiliario.csv
2020-07-21 21:59:01: ETL_00_COLLECT End: 2020-07-21 21:59:01.308388
2020-07-21 21:59:01: ETL_00_COLLECT Total Execution Time: 2.5189971923828125
2020-07-21 21:59:01: ETL_00_COLLECT Creating stats files for portal inmobiliario
2020-07-21 21:59:01: 	Info:		D:\Reference\housemodel\stats\ETL/20200721/ETL_00_COLLECT/portal inmobiliario/info.txt
2020-07-21 21:59:01: 	Describe:	D:\Reference\housemodel\stats\ETL/20200721/ETL_00_COLLECT/portal inmobiliario/describe.csv
2020-07-21 21:59:01: 	Nulls:		D:\Reference\housemodel\stats\ETL/20200721/ETL_00_COLLECT/portal inmobiliario/nulls.txt
2020-07-21 21:59:01: 	Ceros:		D:\Reference\housemodel\stats\ETL/20200721/ETL_00_COLLECT/portal inmobiliario/ceros.txt
2020-07-21 21:59:01: ETL_01_BUILD Start: 2020-07-21 21:59:01.574390
2020-07-21 21:59:01: Processing Source: D:\Reference\housemodel\data\T\ETL/20200721/ETL_00_COLLECT/portal inmobiliario.csv
2020-07-21 21:59:04: ETL_01_BUILD End: 2020-07-21 21:59:04.433390
2020-07-21 21:59:04: ETL_01_BUILD Total Execution Time: 2.8590006828308105
2020-07-21 21:59:04: ETL_01_BUILD Creating stats files for portal inmobiliario
2020-07-21 21:59:04: 	Info:		D:\Reference\housemodel\stats\ETL/20200721/ETL_01_BUILD/portal inmobiliario/info.txt
2020-07-21 21:59:04: 	Describe:	D:\Reference\housemodel\stats\ETL/20200721/ETL_01_BUILD/portal inmobiliario/describe.csv
2020-07-21 21:59:04: 	Nulls:		D:\Reference\housemodel\stats\ETL/20200721/ETL_01_BUILD/portal inmobiliario/nulls.txt
2020-07-21 21:59:04: 	Ceros:		D:\Reference\housemodel\stats\ETL/20200721/ETL_01_BUILD/portal inmobiliario/ceros.txt
2020-07-21 21:59:04: ETL_02_CLEAN Start: 2020-07-21 21:59:04.609400
2020-07-21 21:59:04: Processing Source: D:\Reference\housemodel\data\T\ETL/20200721/ETL_01_BUILD/portal inmobiliario.csv
2020-07-21 21:59:06: ETL_02_CLEAN End: 2020-07-21 21:59:06.349394
2020-07-21 21:59:06: ETL_02_CLEAN Total Execution Time: 1.7399938106536865
2020-07-21 21:59:06: ETL_02_CLEAN Creating stats files for portal inmobiliario
2020-07-21 21:59:06: 	Info:		D:\Reference\housemodel\stats\ETL/20200721/ETL_02_CLEAN/portal inmobiliario/info.txt
2020-07-21 21:59:06: 	Describe:	D:\Reference\housemodel\stats\ETL/20200721/ETL_02_CLEAN/portal inmobiliario/describe.csv
2020-07-21 21:59:06: 	Nulls:		D:\Reference\housemodel\stats\ETL/20200721/ETL_02_CLEAN/portal inmobiliario/nulls.txt
2020-07-21 21:59:06: 	Ceros:		D:\Reference\housemodel\stats\ETL/20200721/ETL_02_CLEAN/portal inmobiliario/ceros.txt
2020-07-21 21:59:06: ETL_03_FORMAT Start: 2020-07-21 21:59:06.512393
2020-07-21 21:59:06: Processing Source: D:\Reference\housemodel\data\T\ETL/20200721/ETL_02_CLEAN/portal inmobiliario.csv
2020-07-21 21:59:06: ETL_03_FORMAT End: 2020-07-21 21:59:06.676393
2020-07-21 21:59:06: ETL_03_FORMAT Total Execution Time: 0.1639997959136963
2020-07-21 21:59:06: ETL_03_FORMAT Creating stats files for portal inmobiliario
2020-07-21 21:59:06: 	Info:		D:\Reference\housemodel\stats\ETL/20200721/ETL_03_FORMAT/portal inmobiliario/info.txt
2020-07-21 21:59:06: 	Describe:	D:\Reference\housemodel\stats\ETL/20200721/ETL_03_FORMAT/portal inmobiliario/describe.csv
2020-07-21 21:59:06: 	Nulls:		D:\Reference\housemodel\stats\ETL/20200721/ETL_03_FORMAT/portal inmobiliario/nulls.txt
2020-07-21 21:59:06: 	Ceros:		D:\Reference\housemodel\stats\ETL/20200721/ETL_03_FORMAT/portal inmobiliario/ceros.txt
2020-07-21 21:59:06: ETL_04_FILL Start: 2020-07-21 21:59:06.851392
2020-07-21 21:59:06: Processing Source: D:\Reference\housemodel\data\T\ETL/20200721/ETL_03_FORMAT/portal inmobiliario.csv
2020-07-21 21:59:06: ETL_04_FILL End: 2020-07-21 21:59:06.973394
2020-07-21 21:59:06: ETL_04_FILL Total Execution Time: 0.12200260162353516
2020-07-21 21:59:07: ETL_04_FILL Creating stats files for portal inmobiliario
2020-07-21 21:59:07: 	Info:		D:\Reference\housemodel\stats\ETL/20200721/ETL_04_FILL/portal inmobiliario/info.txt
2020-07-21 21:59:07: 	Describe:	D:\Reference\housemodel\stats\ETL/20200721/ETL_04_FILL/portal inmobiliario/describe.csv
2020-07-21 21:59:07: 	Nulls:		D:\Reference\housemodel\stats\ETL/20200721/ETL_04_FILL/portal inmobiliario/nulls.txt
2020-07-21 21:59:07: 	Ceros:		D:\Reference\housemodel\stats\ETL/20200721/ETL_04_FILL/portal inmobiliario/ceros.txt
2020-07-21 21:59:07: ETL_05_FEATURE_ENG Start: 2020-07-21 21:59:07.179400
2020-07-21 21:59:07: Processing Source: D:\Reference\housemodel\data\T\ETL/20200721/ETL_04_FILL/portal inmobiliario.csv
