2020-07-21 22:16:19: ETL Start: 2020-07-21 22:16:19.373771
2020-07-21 22:16:19: Available Snapshots: 20200707 20200718 20200721
2020-07-21 22:16:19: Processing Snapshot: 20200718
2020-07-21 22:16:19: ETL_00_COLLECT Start: 2020-07-21 22:16:19.401770
2020-07-21 22:16:19: Processing Source: portal inmobiliario
2020-07-21 22:16:21: ETL_00_COLLECT Output Files: D:\Reference\housemodel\data\T\ETL/20200718/ETL_00_COLLECT/portal inmobiliario.csv
2020-07-21 22:16:21: ETL_00_COLLECT End: 2020-07-21 22:16:21.449768
2020-07-21 22:16:21: ETL_00_COLLECT Total Execution Time: 2.04799747467041
2020-07-21 22:16:21: ETL_00_COLLECT Creating stats files for portal inmobiliario
2020-07-21 22:16:21: 	Info:		D:\Reference\housemodel\stats\ETL/20200718/ETL_00_COLLECT/portal inmobiliario/info.txt
2020-07-21 22:16:21: 	Describe:	D:\Reference\housemodel\stats\ETL/20200718/ETL_00_COLLECT/portal inmobiliario/describe.csv
2020-07-21 22:16:21: 	Nulls:		D:\Reference\housemodel\stats\ETL/20200718/ETL_00_COLLECT/portal inmobiliario/nulls.txt
2020-07-21 22:16:21: 	Ceros:		D:\Reference\housemodel\stats\ETL/20200718/ETL_00_COLLECT/portal inmobiliario/ceros.txt
2020-07-21 22:16:21: ETL_01_BUILD Start: 2020-07-21 22:16:21.659769
2020-07-21 22:16:21: Processing Source: D:\Reference\housemodel\data\T\ETL/20200718/ETL_00_COLLECT/portal inmobiliario.csv
2020-07-21 22:16:24: ETL_01_BUILD End: 2020-07-21 22:16:24.478770
2020-07-21 22:16:24: ETL_01_BUILD Total Execution Time: 2.8190016746520996
2020-07-21 22:16:24: ETL_01_BUILD Creating stats files for portal inmobiliario
2020-07-21 22:16:24: 	Info:		D:\Reference\housemodel\stats\ETL/20200718/ETL_01_BUILD/portal inmobiliario/info.txt
2020-07-21 22:16:24: 	Describe:	D:\Reference\housemodel\stats\ETL/20200718/ETL_01_BUILD/portal inmobiliario/describe.csv
2020-07-21 22:16:24: 	Nulls:		D:\Reference\housemodel\stats\ETL/20200718/ETL_01_BUILD/portal inmobiliario/nulls.txt
2020-07-21 22:16:24: 	Ceros:		D:\Reference\housemodel\stats\ETL/20200718/ETL_01_BUILD/portal inmobiliario/ceros.txt
2020-07-21 22:16:24: ETL_02_CLEAN Start: 2020-07-21 22:16:24.638775
2020-07-21 22:16:24: Processing Source: D:\Reference\housemodel\data\T\ETL/20200718/ETL_01_BUILD/portal inmobiliario.csv
2020-07-21 22:16:26: ETL_02_CLEAN End: 2020-07-21 22:16:26.512769
2020-07-21 22:16:26: ETL_02_CLEAN Total Execution Time: 1.8739938735961914
2020-07-21 22:16:26: ETL_02_CLEAN Creating stats files for portal inmobiliario
2020-07-21 22:16:26: 	Info:		D:\Reference\housemodel\stats\ETL/20200718/ETL_02_CLEAN/portal inmobiliario/info.txt
2020-07-21 22:16:26: 	Describe:	D:\Reference\housemodel\stats\ETL/20200718/ETL_02_CLEAN/portal inmobiliario/describe.csv
2020-07-21 22:16:26: 	Nulls:		D:\Reference\housemodel\stats\ETL/20200718/ETL_02_CLEAN/portal inmobiliario/nulls.txt
2020-07-21 22:16:26: 	Ceros:		D:\Reference\housemodel\stats\ETL/20200718/ETL_02_CLEAN/portal inmobiliario/ceros.txt
2020-07-21 22:16:26: ETL_03_FORMAT Start: 2020-07-21 22:16:26.656774
2020-07-21 22:16:26: Processing Source: D:\Reference\housemodel\data\T\ETL/20200718/ETL_02_CLEAN/portal inmobiliario.csv
2020-07-21 22:16:26: ETL_03_FORMAT End: 2020-07-21 22:16:26.797804
2020-07-21 22:16:26: ETL_03_FORMAT Total Execution Time: 0.14103078842163086
2020-07-21 22:16:26: ETL_03_FORMAT Creating stats files for portal inmobiliario
2020-07-21 22:16:26: 	Info:		D:\Reference\housemodel\stats\ETL/20200718/ETL_03_FORMAT/portal inmobiliario/info.txt
2020-07-21 22:16:26: 	Describe:	D:\Reference\housemodel\stats\ETL/20200718/ETL_03_FORMAT/portal inmobiliario/describe.csv
2020-07-21 22:16:26: 	Nulls:		D:\Reference\housemodel\stats\ETL/20200718/ETL_03_FORMAT/portal inmobiliario/nulls.txt
2020-07-21 22:16:26: 	Ceros:		D:\Reference\housemodel\stats\ETL/20200718/ETL_03_FORMAT/portal inmobiliario/ceros.txt
2020-07-21 22:16:26: ETL_04_FILL Start: 2020-07-21 22:16:26.969772
2020-07-21 22:16:26: Processing Source: D:\Reference\housemodel\data\T\ETL/20200718/ETL_03_FORMAT/portal inmobiliario.csv
2020-07-21 22:16:27: ETL_04_FILL End: 2020-07-21 22:16:27.055768
2020-07-21 22:16:27: ETL_04_FILL Total Execution Time: 0.08599615097045898
2020-07-21 22:16:27: ETL_04_FILL Creating stats files for portal inmobiliario
2020-07-21 22:16:27: 	Info:		D:\Reference\housemodel\stats\ETL/20200718/ETL_04_FILL/portal inmobiliario/info.txt
2020-07-21 22:16:27: 	Describe:	D:\Reference\housemodel\stats\ETL/20200718/ETL_04_FILL/portal inmobiliario/describe.csv
2020-07-21 22:16:27: 	Nulls:		D:\Reference\housemodel\stats\ETL/20200718/ETL_04_FILL/portal inmobiliario/nulls.txt
2020-07-21 22:16:27: 	Ceros:		D:\Reference\housemodel\stats\ETL/20200718/ETL_04_FILL/portal inmobiliario/ceros.txt
2020-07-21 22:16:27: ETL_05_FEATURE_ENG Start: 2020-07-21 22:16:27.245771
2020-07-21 22:16:27: Processing Source: D:\Reference\housemodel\data\T\ETL/20200718/ETL_04_FILL/portal inmobiliario.csv
2020-07-21 22:16:38: ETL_05_FEATURE_ENG End: 2020-07-21 22:16:38.189768
2020-07-21 22:16:38: ETL_05_FEATURE_ENG Total Execution Time: 10.94399619102478
2020-07-21 22:16:38: ETL_05_FEATURE_ENG Creating stats files for portal inmobiliario
2020-07-21 22:16:38: 	Info:		D:\Reference\housemodel\stats\ETL/20200718/ETL_05_FEATURE_ENG/portal inmobiliario/info.txt
2020-07-21 22:16:38: 	Describe:	D:\Reference\housemodel\stats\ETL/20200718/ETL_05_FEATURE_ENG/portal inmobiliario/describe.csv
2020-07-21 22:16:38: 	Nulls:		D:\Reference\housemodel\stats\ETL/20200718/ETL_05_FEATURE_ENG/portal inmobiliario/nulls.txt
2020-07-21 22:16:38: 	Ceros:		D:\Reference\housemodel\stats\ETL/20200718/ETL_05_FEATURE_ENG/portal inmobiliario/ceros.txt
2020-07-21 22:16:38: ETL_06_LOAD Start: 2020-07-21 22:16:38.347771
2020-07-21 22:16:39: Connection Open OK
2020-07-21 22:16:39: houses_v2 table does not Exists
2020-07-21 22:16:40: Processing Source: D:\Reference\housemodel\data\T\ETL/20200718/ETL_05_FEATURE_ENG/portal inmobiliario.csv
2020-07-21 22:16:49: Connection Closed OK
2020-07-21 22:16:49: ETL_06_LOAD End: 2020-07-21 22:16:49.750767
2020-07-21 22:16:49: ETL_06_LOAD Total Execution Time: 11.402995586395264
2020-07-21 22:16:49: Processing Snapshot: 20200721
2020-07-21 22:16:49: ETL_00_COLLECT Start: 2020-07-21 22:16:49.762777
2020-07-21 22:16:49: Processing Source: portal inmobiliario
2020-07-21 22:16:51: ETL_00_COLLECT Output Files: D:\Reference\housemodel\data\T\ETL/20200721/ETL_00_COLLECT/portal inmobiliario.csv
2020-07-21 22:16:51: ETL_00_COLLECT End: 2020-07-21 22:16:51.719766
2020-07-21 22:16:51: ETL_00_COLLECT Total Execution Time: 1.9569897651672363
2020-07-21 22:16:51: ETL_00_COLLECT Creating stats files for portal inmobiliario
2020-07-21 22:16:51: 	Info:		D:\Reference\housemodel\stats\ETL/20200721/ETL_00_COLLECT/portal inmobiliario/info.txt
2020-07-21 22:16:51: 	Describe:	D:\Reference\housemodel\stats\ETL/20200721/ETL_00_COLLECT/portal inmobiliario/describe.csv
2020-07-21 22:16:51: 	Nulls:		D:\Reference\housemodel\stats\ETL/20200721/ETL_00_COLLECT/portal inmobiliario/nulls.txt
2020-07-21 22:16:51: 	Ceros:		D:\Reference\housemodel\stats\ETL/20200721/ETL_00_COLLECT/portal inmobiliario/ceros.txt
2020-07-21 22:16:51: ETL_01_BUILD Start: 2020-07-21 22:16:51.908772
2020-07-21 22:16:51: Processing Source: D:\Reference\housemodel\data\T\ETL/20200721/ETL_00_COLLECT/portal inmobiliario.csv
2020-07-21 22:16:54: ETL_01_BUILD End: 2020-07-21 22:16:54.604768
2020-07-21 22:16:54: ETL_01_BUILD Total Execution Time: 2.6959950923919678
2020-07-21 22:16:54: ETL_01_BUILD Creating stats files for portal inmobiliario
2020-07-21 22:16:54: 	Info:		D:\Reference\housemodel\stats\ETL/20200721/ETL_01_BUILD/portal inmobiliario/info.txt
2020-07-21 22:16:54: 	Describe:	D:\Reference\housemodel\stats\ETL/20200721/ETL_01_BUILD/portal inmobiliario/describe.csv
2020-07-21 22:16:54: 	Nulls:		D:\Reference\housemodel\stats\ETL/20200721/ETL_01_BUILD/portal inmobiliario/nulls.txt
2020-07-21 22:16:54: 	Ceros:		D:\Reference\housemodel\stats\ETL/20200721/ETL_01_BUILD/portal inmobiliario/ceros.txt
2020-07-21 22:16:54: ETL_02_CLEAN Start: 2020-07-21 22:16:54.729769
2020-07-21 22:16:54: Processing Source: D:\Reference\housemodel\data\T\ETL/20200721/ETL_01_BUILD/portal inmobiliario.csv
2020-07-21 22:16:56: ETL_02_CLEAN End: 2020-07-21 22:16:56.578767
2020-07-21 22:16:56: ETL_02_CLEAN Total Execution Time: 1.8489980697631836
2020-07-21 22:16:56: ETL_02_CLEAN Creating stats files for portal inmobiliario
2020-07-21 22:16:56: 	Info:		D:\Reference\housemodel\stats\ETL/20200721/ETL_02_CLEAN/portal inmobiliario/info.txt
2020-07-21 22:16:56: 	Describe:	D:\Reference\housemodel\stats\ETL/20200721/ETL_02_CLEAN/portal inmobiliario/describe.csv
2020-07-21 22:16:56: 	Nulls:		D:\Reference\housemodel\stats\ETL/20200721/ETL_02_CLEAN/portal inmobiliario/nulls.txt
2020-07-21 22:16:56: 	Ceros:		D:\Reference\housemodel\stats\ETL/20200721/ETL_02_CLEAN/portal inmobiliario/ceros.txt
2020-07-21 22:16:56: ETL_03_FORMAT Start: 2020-07-21 22:16:56.722778
2020-07-21 22:16:56: Processing Source: D:\Reference\housemodel\data\T\ETL/20200721/ETL_02_CLEAN/portal inmobiliario.csv
2020-07-21 22:16:56: ETL_03_FORMAT End: 2020-07-21 22:16:56.849768
2020-07-21 22:16:56: ETL_03_FORMAT Total Execution Time: 0.12698936462402344
2020-07-21 22:16:56: ETL_03_FORMAT Creating stats files for portal inmobiliario
2020-07-21 22:16:56: 	Info:		D:\Reference\housemodel\stats\ETL/20200721/ETL_03_FORMAT/portal inmobiliario/info.txt
2020-07-21 22:16:56: 	Describe:	D:\Reference\housemodel\stats\ETL/20200721/ETL_03_FORMAT/portal inmobiliario/describe.csv
2020-07-21 22:16:56: 	Nulls:		D:\Reference\housemodel\stats\ETL/20200721/ETL_03_FORMAT/portal inmobiliario/nulls.txt
2020-07-21 22:16:56: 	Ceros:		D:\Reference\housemodel\stats\ETL/20200721/ETL_03_FORMAT/portal inmobiliario/ceros.txt
2020-07-21 22:16:56: ETL_04_FILL Start: 2020-07-21 22:16:56.959769
2020-07-21 22:16:56: Processing Source: D:\Reference\housemodel\data\T\ETL/20200721/ETL_03_FORMAT/portal inmobiliario.csv
2020-07-21 22:16:57: ETL_04_FILL End: 2020-07-21 22:16:57.039773
2020-07-21 22:16:57: ETL_04_FILL Total Execution Time: 0.08000469207763672
2020-07-21 22:16:57: ETL_04_FILL Creating stats files for portal inmobiliario
2020-07-21 22:16:57: 	Info:		D:\Reference\housemodel\stats\ETL/20200721/ETL_04_FILL/portal inmobiliario/info.txt
2020-07-21 22:16:57: 	Describe:	D:\Reference\housemodel\stats\ETL/20200721/ETL_04_FILL/portal inmobiliario/describe.csv
2020-07-21 22:16:57: 	Nulls:		D:\Reference\housemodel\stats\ETL/20200721/ETL_04_FILL/portal inmobiliario/nulls.txt
2020-07-21 22:16:57: 	Ceros:		D:\Reference\housemodel\stats\ETL/20200721/ETL_04_FILL/portal inmobiliario/ceros.txt
2020-07-21 22:16:57: ETL_05_FEATURE_ENG Start: 2020-07-21 22:16:57.219772
2020-07-21 22:16:57: Processing Source: D:\Reference\housemodel\data\T\ETL/20200721/ETL_04_FILL/portal inmobiliario.csv
2020-07-21 22:17:07: ETL_05_FEATURE_ENG End: 2020-07-21 22:17:07.744770
2020-07-21 22:17:07: ETL_05_FEATURE_ENG Total Execution Time: 10.524997234344482
2020-07-21 22:17:07: ETL_05_FEATURE_ENG Creating stats files for portal inmobiliario
2020-07-21 22:17:07: 	Info:		D:\Reference\housemodel\stats\ETL/20200721/ETL_05_FEATURE_ENG/portal inmobiliario/info.txt
2020-07-21 22:17:07: 	Describe:	D:\Reference\housemodel\stats\ETL/20200721/ETL_05_FEATURE_ENG/portal inmobiliario/describe.csv
2020-07-21 22:17:07: 	Nulls:		D:\Reference\housemodel\stats\ETL/20200721/ETL_05_FEATURE_ENG/portal inmobiliario/nulls.txt
2020-07-21 22:17:07: 	Ceros:		D:\Reference\housemodel\stats\ETL/20200721/ETL_05_FEATURE_ENG/portal inmobiliario/ceros.txt
2020-07-21 22:17:07: ETL_06_LOAD Start: 2020-07-21 22:17:07.918777
2020-07-21 22:17:11: Connection Open OK
2020-07-21 22:17:11: houses_v2 table Exists
2020-07-21 22:17:11: Processing Source: D:\Reference\housemodel\data\T\ETL/20200721/ETL_05_FEATURE_ENG/portal inmobiliario.csv
2020-07-21 22:17:20: Connection Closed OK
2020-07-21 22:17:20: ETL_06_LOAD End: 2020-07-21 22:17:20.641398
2020-07-21 22:17:20: ETL_06_LOAD Total Execution Time: 12.722620725631714
2020-07-21 22:17:20: ETL End: 2020-07-21 22:17:20.656414
2020-07-21 22:17:20: ETL Total Execution Time: 61.28264236450195
