2020-07-21 22:31:54: ETL Start: 2020-07-21 22:31:54.579815
2020-07-21 22:31:54: Available Snapshots: 20200707 20200718 20200721
2020-07-21 22:31:54: Processing Snapshot: 20200718
2020-07-21 22:31:54: ETL_00_COLLECT Start: 2020-07-21 22:31:54.598820
2020-07-21 22:31:54: Processing Source: portal inmobiliario
2020-07-21 22:31:56: ETL_00_COLLECT Output Files: D:\Reference\housemodel\data\T\ETL/20200718/ETL_00_COLLECT/portal inmobiliario.csv
2020-07-21 22:31:56: ETL_00_COLLECT End: 2020-07-21 22:31:56.292815
2020-07-21 22:31:56: ETL_00_COLLECT Total Execution Time: 1.6939945220947266
2020-07-21 22:31:56: ETL_00_COLLECT Creating stats files for portal inmobiliario
2020-07-21 22:31:56: 	Info:		D:\Reference\housemodel\stats\ETL/20200718/ETL_00_COLLECT/portal inmobiliario/info.txt
2020-07-21 22:31:56: 	Describe:	D:\Reference\housemodel\stats\ETL/20200718/ETL_00_COLLECT/portal inmobiliario/describe.csv
2020-07-21 22:31:56: 	Nulls:		D:\Reference\housemodel\stats\ETL/20200718/ETL_00_COLLECT/portal inmobiliario/nulls.txt
2020-07-21 22:31:56: 	Ceros:		D:\Reference\housemodel\stats\ETL/20200718/ETL_00_COLLECT/portal inmobiliario/ceros.txt
2020-07-21 22:31:56: ETL_01_BUILD Start: 2020-07-21 22:31:56.495816
2020-07-21 22:31:56: Processing Source: D:\Reference\housemodel\data\T\ETL/20200718/ETL_00_COLLECT/portal inmobiliario.csv
2020-07-21 22:31:58: ETL_01_BUILD End: 2020-07-21 22:31:58.797813
2020-07-21 22:31:58: ETL_01_BUILD Total Execution Time: 2.301997423171997
2020-07-21 22:31:58: ETL_01_BUILD Creating stats files for portal inmobiliario
2020-07-21 22:31:58: 	Info:		D:\Reference\housemodel\stats\ETL/20200718/ETL_01_BUILD/portal inmobiliario/info.txt
2020-07-21 22:31:58: 	Describe:	D:\Reference\housemodel\stats\ETL/20200718/ETL_01_BUILD/portal inmobiliario/describe.csv
2020-07-21 22:31:58: 	Nulls:		D:\Reference\housemodel\stats\ETL/20200718/ETL_01_BUILD/portal inmobiliario/nulls.txt
2020-07-21 22:31:58: 	Ceros:		D:\Reference\housemodel\stats\ETL/20200718/ETL_01_BUILD/portal inmobiliario/ceros.txt
2020-07-21 22:31:58: ETL_02_CLEAN Start: 2020-07-21 22:31:58.905815
2020-07-21 22:31:58: Processing Source: D:\Reference\housemodel\data\T\ETL/20200718/ETL_01_BUILD/portal inmobiliario.csv
2020-07-21 22:32:00: ETL_02_CLEAN End: 2020-07-21 22:32:00.661817
2020-07-21 22:32:00: ETL_02_CLEAN Total Execution Time: 1.7560017108917236
2020-07-21 22:32:00: ETL_02_CLEAN Creating stats files for portal inmobiliario
2020-07-21 22:32:00: 	Info:		D:\Reference\housemodel\stats\ETL/20200718/ETL_02_CLEAN/portal inmobiliario/info.txt
2020-07-21 22:32:00: 	Describe:	D:\Reference\housemodel\stats\ETL/20200718/ETL_02_CLEAN/portal inmobiliario/describe.csv
2020-07-21 22:32:00: 	Nulls:		D:\Reference\housemodel\stats\ETL/20200718/ETL_02_CLEAN/portal inmobiliario/nulls.txt
2020-07-21 22:32:00: 	Ceros:		D:\Reference\housemodel\stats\ETL/20200718/ETL_02_CLEAN/portal inmobiliario/ceros.txt
2020-07-21 22:32:00: ETL_03_FORMAT Start: 2020-07-21 22:32:00.802817
2020-07-21 22:32:00: Processing Source: D:\Reference\housemodel\data\T\ETL/20200718/ETL_02_CLEAN/portal inmobiliario.csv
2020-07-21 22:32:00: ETL_03_FORMAT End: 2020-07-21 22:32:00.926813
2020-07-21 22:32:00: ETL_03_FORMAT Total Execution Time: 0.12399673461914062
2020-07-21 22:32:00: ETL_03_FORMAT Creating stats files for portal inmobiliario
2020-07-21 22:32:00: 	Info:		D:\Reference\housemodel\stats\ETL/20200718/ETL_03_FORMAT/portal inmobiliario/info.txt
2020-07-21 22:32:01: 	Describe:	D:\Reference\housemodel\stats\ETL/20200718/ETL_03_FORMAT/portal inmobiliario/describe.csv
2020-07-21 22:32:01: 	Nulls:		D:\Reference\housemodel\stats\ETL/20200718/ETL_03_FORMAT/portal inmobiliario/nulls.txt
2020-07-21 22:32:01: 	Ceros:		D:\Reference\housemodel\stats\ETL/20200718/ETL_03_FORMAT/portal inmobiliario/ceros.txt
2020-07-21 22:32:01: ETL_04_FILL Start: 2020-07-21 22:32:01.085827
2020-07-21 22:32:01: Processing Source: D:\Reference\housemodel\data\T\ETL/20200718/ETL_03_FORMAT/portal inmobiliario.csv
2020-07-21 22:32:01: ETL_04_FILL End: 2020-07-21 22:32:01.189812
2020-07-21 22:32:01: ETL_04_FILL Total Execution Time: 0.10398554801940918
2020-07-21 22:32:01: ETL_04_FILL Creating stats files for portal inmobiliario
2020-07-21 22:32:01: 	Info:		D:\Reference\housemodel\stats\ETL/20200718/ETL_04_FILL/portal inmobiliario/info.txt
2020-07-21 22:32:01: 	Describe:	D:\Reference\housemodel\stats\ETL/20200718/ETL_04_FILL/portal inmobiliario/describe.csv
2020-07-21 22:32:01: 	Nulls:		D:\Reference\housemodel\stats\ETL/20200718/ETL_04_FILL/portal inmobiliario/nulls.txt
2020-07-21 22:32:01: 	Ceros:		D:\Reference\housemodel\stats\ETL/20200718/ETL_04_FILL/portal inmobiliario/ceros.txt
2020-07-21 22:32:01: ETL_05_FEATURE_ENG Start: 2020-07-21 22:32:01.309814
2020-07-21 22:32:01: Processing Source: D:\Reference\housemodel\data\T\ETL/20200718/ETL_04_FILL/portal inmobiliario.csv
2020-07-21 22:32:11: ETL_05_FEATURE_ENG End: 2020-07-21 22:32:11.060815
2020-07-21 22:32:11: ETL_05_FEATURE_ENG Total Execution Time: 9.751000881195068
2020-07-21 22:32:11: ETL_05_FEATURE_ENG Creating stats files for portal inmobiliario
2020-07-21 22:32:11: 	Info:		D:\Reference\housemodel\stats\ETL/20200718/ETL_05_FEATURE_ENG/portal inmobiliario/info.txt
2020-07-21 22:32:11: 	Describe:	D:\Reference\housemodel\stats\ETL/20200718/ETL_05_FEATURE_ENG/portal inmobiliario/describe.csv
2020-07-21 22:32:11: 	Nulls:		D:\Reference\housemodel\stats\ETL/20200718/ETL_05_FEATURE_ENG/portal inmobiliario/nulls.txt
2020-07-21 22:32:11: 	Ceros:		D:\Reference\housemodel\stats\ETL/20200718/ETL_05_FEATURE_ENG/portal inmobiliario/ceros.txt
2020-07-21 22:32:11: ETL_06_LOAD Start: 2020-07-21 22:32:11.192821
2020-07-21 22:32:13: Connection Open OK
2020-07-21 22:32:13: houses_v2 table does not Exists
2020-07-21 22:32:13: Processing Source: D:\Reference\housemodel\data\T\ETL/20200718/ETL_05_FEATURE_ENG/portal inmobiliario.csv
2020-07-21 22:32:23: Connection Closed OK
2020-07-21 22:32:23: ETL_06_LOAD End: 2020-07-21 22:32:23.121772
2020-07-21 22:32:23: ETL_06_LOAD Total Execution Time: 11.928951740264893
2020-07-21 22:32:23: Processing Snapshot: 20200721
2020-07-21 22:32:23: ETL_00_COLLECT Start: 2020-07-21 22:32:23.133773
2020-07-21 22:32:23: Processing Source: portal inmobiliario
2020-07-21 22:32:25: ETL_00_COLLECT Output Files: D:\Reference\housemodel\data\T\ETL/20200721/ETL_00_COLLECT/portal inmobiliario.csv
2020-07-21 22:32:25: ETL_00_COLLECT End: 2020-07-21 22:32:25.250772
2020-07-21 22:32:25: ETL_00_COLLECT Total Execution Time: 2.1169986724853516
2020-07-21 22:32:25: ETL_00_COLLECT Creating stats files for portal inmobiliario
2020-07-21 22:32:25: 	Info:		D:\Reference\housemodel\stats\ETL/20200721/ETL_00_COLLECT/portal inmobiliario/info.txt
2020-07-21 22:32:25: 	Describe:	D:\Reference\housemodel\stats\ETL/20200721/ETL_00_COLLECT/portal inmobiliario/describe.csv
2020-07-21 22:32:25: 	Nulls:		D:\Reference\housemodel\stats\ETL/20200721/ETL_00_COLLECT/portal inmobiliario/nulls.txt
2020-07-21 22:32:25: 	Ceros:		D:\Reference\housemodel\stats\ETL/20200721/ETL_00_COLLECT/portal inmobiliario/ceros.txt
2020-07-21 22:32:25: ETL_01_BUILD Start: 2020-07-21 22:32:25.537771
2020-07-21 22:32:25: Processing Source: D:\Reference\housemodel\data\T\ETL/20200721/ETL_00_COLLECT/portal inmobiliario.csv
2020-07-21 22:32:28: ETL_01_BUILD End: 2020-07-21 22:32:28.714772
2020-07-21 22:32:28: ETL_01_BUILD Total Execution Time: 3.1770005226135254
2020-07-21 22:32:28: ETL_01_BUILD Creating stats files for portal inmobiliario
2020-07-21 22:32:28: 	Info:		D:\Reference\housemodel\stats\ETL/20200721/ETL_01_BUILD/portal inmobiliario/info.txt
2020-07-21 22:32:28: 	Describe:	D:\Reference\housemodel\stats\ETL/20200721/ETL_01_BUILD/portal inmobiliario/describe.csv
2020-07-21 22:32:28: 	Nulls:		D:\Reference\housemodel\stats\ETL/20200721/ETL_01_BUILD/portal inmobiliario/nulls.txt
2020-07-21 22:32:28: 	Ceros:		D:\Reference\housemodel\stats\ETL/20200721/ETL_01_BUILD/portal inmobiliario/ceros.txt
2020-07-21 22:32:28: ETL_02_CLEAN Start: 2020-07-21 22:32:28.898773
2020-07-21 22:32:28: Processing Source: D:\Reference\housemodel\data\T\ETL/20200721/ETL_01_BUILD/portal inmobiliario.csv
2020-07-21 22:32:30: ETL_02_CLEAN End: 2020-07-21 22:32:30.693770
2020-07-21 22:32:30: ETL_02_CLEAN Total Execution Time: 1.794997215270996
2020-07-21 22:32:30: ETL_02_CLEAN Creating stats files for portal inmobiliario
2020-07-21 22:32:30: 	Info:		D:\Reference\housemodel\stats\ETL/20200721/ETL_02_CLEAN/portal inmobiliario/info.txt
2020-07-21 22:32:30: 	Describe:	D:\Reference\housemodel\stats\ETL/20200721/ETL_02_CLEAN/portal inmobiliario/describe.csv
2020-07-21 22:32:30: 	Nulls:		D:\Reference\housemodel\stats\ETL/20200721/ETL_02_CLEAN/portal inmobiliario/nulls.txt
2020-07-21 22:32:30: 	Ceros:		D:\Reference\housemodel\stats\ETL/20200721/ETL_02_CLEAN/portal inmobiliario/ceros.txt
2020-07-21 22:32:30: ETL_03_FORMAT Start: 2020-07-21 22:32:30.818772
2020-07-21 22:32:30: Processing Source: D:\Reference\housemodel\data\T\ETL/20200721/ETL_02_CLEAN/portal inmobiliario.csv
2020-07-21 22:32:30: ETL_03_FORMAT End: 2020-07-21 22:32:30.930770
2020-07-21 22:32:30: ETL_03_FORMAT Total Execution Time: 0.11199784278869629
2020-07-21 22:32:30: ETL_03_FORMAT Creating stats files for portal inmobiliario
2020-07-21 22:32:30: 	Info:		D:\Reference\housemodel\stats\ETL/20200721/ETL_03_FORMAT/portal inmobiliario/info.txt
2020-07-21 22:32:31: 	Describe:	D:\Reference\housemodel\stats\ETL/20200721/ETL_03_FORMAT/portal inmobiliario/describe.csv
2020-07-21 22:32:31: 	Nulls:		D:\Reference\housemodel\stats\ETL/20200721/ETL_03_FORMAT/portal inmobiliario/nulls.txt
2020-07-21 22:32:31: 	Ceros:		D:\Reference\housemodel\stats\ETL/20200721/ETL_03_FORMAT/portal inmobiliario/ceros.txt
2020-07-21 22:32:31: ETL_04_FILL Start: 2020-07-21 22:32:31.057773
2020-07-21 22:32:31: Processing Source: D:\Reference\housemodel\data\T\ETL/20200721/ETL_03_FORMAT/portal inmobiliario.csv
2020-07-21 22:32:31: ETL_04_FILL End: 2020-07-21 22:32:31.135771
2020-07-21 22:32:31: ETL_04_FILL Total Execution Time: 0.07799768447875977
2020-07-21 22:32:31: ETL_04_FILL Creating stats files for portal inmobiliario
2020-07-21 22:32:31: 	Info:		D:\Reference\housemodel\stats\ETL/20200721/ETL_04_FILL/portal inmobiliario/info.txt
2020-07-21 22:32:31: 	Describe:	D:\Reference\housemodel\stats\ETL/20200721/ETL_04_FILL/portal inmobiliario/describe.csv
2020-07-21 22:32:31: 	Nulls:		D:\Reference\housemodel\stats\ETL/20200721/ETL_04_FILL/portal inmobiliario/nulls.txt
2020-07-21 22:32:31: 	Ceros:		D:\Reference\housemodel\stats\ETL/20200721/ETL_04_FILL/portal inmobiliario/ceros.txt
2020-07-21 22:32:31: ETL_05_FEATURE_ENG Start: 2020-07-21 22:32:31.278774
2020-07-21 22:32:31: Processing Source: D:\Reference\housemodel\data\T\ETL/20200721/ETL_04_FILL/portal inmobiliario.csv
2020-07-21 22:32:41: ETL_05_FEATURE_ENG End: 2020-07-21 22:32:41.381771
2020-07-21 22:32:41: ETL_05_FEATURE_ENG Total Execution Time: 10.102997779846191
2020-07-21 22:32:41: ETL_05_FEATURE_ENG Creating stats files for portal inmobiliario
2020-07-21 22:32:41: 	Info:		D:\Reference\housemodel\stats\ETL/20200721/ETL_05_FEATURE_ENG/portal inmobiliario/info.txt
2020-07-21 22:32:41: 	Describe:	D:\Reference\housemodel\stats\ETL/20200721/ETL_05_FEATURE_ENG/portal inmobiliario/describe.csv
2020-07-21 22:32:41: 	Nulls:		D:\Reference\housemodel\stats\ETL/20200721/ETL_05_FEATURE_ENG/portal inmobiliario/nulls.txt
2020-07-21 22:32:41: 	Ceros:		D:\Reference\housemodel\stats\ETL/20200721/ETL_05_FEATURE_ENG/portal inmobiliario/ceros.txt
2020-07-21 22:32:41: ETL_06_LOAD Start: 2020-07-21 22:32:41.593775
2020-07-21 22:32:44: Connection Open OK
2020-07-21 22:32:44: houses_v2 table Exists
2020-07-21 22:32:44: Processing Source: D:\Reference\housemodel\data\T\ETL/20200721/ETL_05_FEATURE_ENG/portal inmobiliario.csv
2020-07-21 22:32:53: Connection Closed OK
2020-07-21 22:32:53: ETL_06_LOAD End: 2020-07-21 22:32:53.109943
2020-07-21 22:32:53: ETL_06_LOAD Total Execution Time: 11.516167402267456
2020-07-21 22:32:53: ETL End: 2020-07-21 22:32:53.121947
2020-07-21 22:32:53: ETL Total Execution Time: 58.542131662368774
