2020-08-29 00:08:00: ETL Start: 2020-08-29 00:08:00.265085
2020-08-29 00:08:00: Available Snapshots: 20200707 20200718 20200721 20200723 20200724 20200725 20200727 20200728 20200729 20200730 20200731 20200802 20200803 20200804 20200805 20200806 20200807 20200826 20200827 20200828
2020-08-29 00:08:00: Processing Snapshot: 20200826
2020-08-29 00:08:00: ETL_00_COLLECT Start: 2020-08-29 00:08:00.280055
2020-08-29 00:08:00: Processing Source: portal inmobiliario
2020-08-29 00:08:01: ETL_00_COLLECT Output Files: D:/Reference/housemodel/data/ETL/T/python/20200826/ETL_00_COLLECT/portal inmobiliario.csv
2020-08-29 00:08:01: ETL_00_COLLECT End: 2020-08-29 00:08:01.954781
2020-08-29 00:08:01: ETL_00_COLLECT Total Execution Time: 1.6747252941131592
2020-08-29 00:08:02: ETL_00_COLLECT Creating stats files for portal inmobiliario
2020-08-29 00:08:02: 	Info:		D:/Reference/housemodel/stats/ETL/20200826/ETL_00_COLLECT/portal inmobiliario/info.txt
2020-08-29 00:08:02: 	Describe:	D:/Reference/housemodel/stats/ETL/20200826/ETL_00_COLLECT/portal inmobiliario/describe.csv
2020-08-29 00:08:02: 	Nulls:		D:/Reference/housemodel/stats/ETL/20200826/ETL_00_COLLECT/portal inmobiliario/nulls.txt
2020-08-29 00:08:02: 	Ceros:		D:/Reference/housemodel/stats/ETL/20200826/ETL_00_COLLECT/portal inmobiliario/ceros.txt
2020-08-29 00:08:02: ETL_01_BUILD Start: 2020-08-29 00:08:02.108371
2020-08-29 00:08:02: Processing Source: D:/Reference/housemodel/data/ETL/T/python/20200826/ETL_00_COLLECT/portal inmobiliario.csv
2020-08-29 00:08:04: ETL_01_BUILD End: 2020-08-29 00:08:04.130997
2020-08-29 00:08:04: ETL_01_BUILD Total Execution Time: 2.0226261615753174
2020-08-29 00:08:04: ETL_01_BUILD Creating stats files for portal inmobiliario
2020-08-29 00:08:04: 	Info:		D:/Reference/housemodel/stats/ETL/20200826/ETL_01_BUILD/portal inmobiliario/info.txt
2020-08-29 00:08:04: 	Describe:	D:/Reference/housemodel/stats/ETL/20200826/ETL_01_BUILD/portal inmobiliario/describe.csv
2020-08-29 00:08:04: 	Nulls:		D:/Reference/housemodel/stats/ETL/20200826/ETL_01_BUILD/portal inmobiliario/nulls.txt
2020-08-29 00:08:04: 	Ceros:		D:/Reference/housemodel/stats/ETL/20200826/ETL_01_BUILD/portal inmobiliario/ceros.txt
2020-08-29 00:08:04: ETL_02_CLEAN Start: 2020-08-29 00:08:04.230695
2020-08-29 00:08:04: Processing Source: D:/Reference/housemodel/data/ETL/T/python/20200826/ETL_01_BUILD/portal inmobiliario.csv
2020-08-29 00:08:05: ETL_02_CLEAN End: 2020-08-29 00:08:05.685048
2020-08-29 00:08:05: ETL_02_CLEAN Total Execution Time: 1.4543533325195312
2020-08-29 00:08:05: ETL_02_CLEAN Creating stats files for portal inmobiliario
2020-08-29 00:08:05: 	Info:		D:/Reference/housemodel/stats/ETL/20200826/ETL_02_CLEAN/portal inmobiliario/info.txt
2020-08-29 00:08:05: 	Describe:	D:/Reference/housemodel/stats/ETL/20200826/ETL_02_CLEAN/portal inmobiliario/describe.csv
2020-08-29 00:08:05: 	Nulls:		D:/Reference/housemodel/stats/ETL/20200826/ETL_02_CLEAN/portal inmobiliario/nulls.txt
2020-08-29 00:08:05: 	Ceros:		D:/Reference/housemodel/stats/ETL/20200826/ETL_02_CLEAN/portal inmobiliario/ceros.txt
2020-08-29 00:08:05: ETL_03_FORMAT Start: 2020-08-29 00:08:05.787737
2020-08-29 00:08:05: Processing Source: D:/Reference/housemodel/data/ETL/T/python/20200826/ETL_02_CLEAN/portal inmobiliario.csv
2020-08-29 00:08:05: ETL_03_FORMAT End: 2020-08-29 00:08:05.889462
2020-08-29 00:08:05: ETL_03_FORMAT Total Execution Time: 0.10172581672668457
2020-08-29 00:08:05: ETL_03_FORMAT Creating stats files for portal inmobiliario
2020-08-29 00:08:05: 	Info:		D:/Reference/housemodel/stats/ETL/20200826/ETL_03_FORMAT/portal inmobiliario/info.txt
2020-08-29 00:08:05: 	Describe:	D:/Reference/housemodel/stats/ETL/20200826/ETL_03_FORMAT/portal inmobiliario/describe.csv
2020-08-29 00:08:05: 	Nulls:		D:/Reference/housemodel/stats/ETL/20200826/ETL_03_FORMAT/portal inmobiliario/nulls.txt
2020-08-29 00:08:05: 	Ceros:		D:/Reference/housemodel/stats/ETL/20200826/ETL_03_FORMAT/portal inmobiliario/ceros.txt
2020-08-29 00:08:05: ETL_04_FILL Start: 2020-08-29 00:08:05.984208
2020-08-29 00:08:05: Processing Source: D:/Reference/housemodel/data/ETL/T/python/20200826/ETL_03_FORMAT/portal inmobiliario.csv
2020-08-29 00:08:06: ETL_04_FILL End: 2020-08-29 00:08:06.039063
2020-08-29 00:08:06: ETL_04_FILL Total Execution Time: 0.054854393005371094
2020-08-29 00:08:06: ETL_04_FILL Creating stats files for portal inmobiliario
2020-08-29 00:08:06: 	Info:		D:/Reference/housemodel/stats/ETL/20200826/ETL_04_FILL/portal inmobiliario/info.txt
2020-08-29 00:08:06: 	Describe:	D:/Reference/housemodel/stats/ETL/20200826/ETL_04_FILL/portal inmobiliario/describe.csv
2020-08-29 00:08:06: 	Nulls:		D:/Reference/housemodel/stats/ETL/20200826/ETL_04_FILL/portal inmobiliario/nulls.txt
2020-08-29 00:08:06: 	Ceros:		D:/Reference/housemodel/stats/ETL/20200826/ETL_04_FILL/portal inmobiliario/ceros.txt
2020-08-29 00:08:06: ETL_05_FEATURE_ENG Start: 2020-08-29 00:08:06.145779
2020-08-29 00:08:06: Processing Source: D:/Reference/housemodel/data/ETL/T/python/20200826/ETL_04_FILL/portal inmobiliario.csv
2020-08-29 00:08:14: ETL_05_FEATURE_ENG End: 2020-08-29 00:08:14.216228
2020-08-29 00:08:14: ETL_05_FEATURE_ENG Total Execution Time: 8.070449352264404
2020-08-29 00:08:14: ETL_05_FEATURE_ENG Creating stats files for portal inmobiliario
2020-08-29 00:08:14: 	Info:		D:/Reference/housemodel/stats/ETL/20200826/ETL_05_FEATURE_ENG/portal inmobiliario/info.txt
2020-08-29 00:08:14: 	Describe:	D:/Reference/housemodel/stats/ETL/20200826/ETL_05_FEATURE_ENG/portal inmobiliario/describe.csv
2020-08-29 00:08:14: 	Nulls:		D:/Reference/housemodel/stats/ETL/20200826/ETL_05_FEATURE_ENG/portal inmobiliario/nulls.txt
2020-08-29 00:08:14: 	Ceros:		D:/Reference/housemodel/stats/ETL/20200826/ETL_05_FEATURE_ENG/portal inmobiliario/ceros.txt
2020-08-29 00:08:14: ETL_06_LOAD Start: 2020-08-29 00:08:14.326900
2020-08-29 00:08:14: Connection Open OK
2020-08-29 00:08:14: houses_v2 table Exists
2020-08-29 00:08:14: Processing Source: D:/Reference/housemodel/data/ETL/T/python/20200826/ETL_05_FEATURE_ENG/portal inmobiliario.csv
2020-08-29 00:08:14: loadCsv input: D:/Reference/housemodel/data/ETL/T/python/20200826/ETL_05_FEATURE_ENG/portal inmobiliario.csv
2020-08-29 00:08:22: updateSnap executing:  
    UPDATE houses_v2 
    SET "UPDATED_DT"=NOW(), "STAGE"='out' 
    WHERE "LINK" IN 
      ( SELECT A."LINK"
        FROM      (SELECT * FROM houses_v2 WHERE "SNAP_DT" < 20200826) A
        LEFT JOIN (SELECT * FROM houses_v2 WHERE "SNAP_DT" = 20200826) B
        ON A."LINK" = B."LINK"
        WHERE b IS NULL);
2020-08-29 00:08:24: Connection Closed OK
2020-08-29 00:08:24: ETL_06_LOAD End: 2020-08-29 00:08:24.629952
2020-08-29 00:08:24: ETL_06_LOAD Total Execution Time: 10.303052186965942
2020-08-29 00:08:24: Processing Snapshot: 20200827
2020-08-29 00:08:24: ETL_00_COLLECT Start: 2020-08-29 00:08:24.635954
2020-08-29 00:08:24: Processing Source: portal inmobiliario
2020-08-29 00:08:26: ETL_00_COLLECT Output Files: D:/Reference/housemodel/data/ETL/T/python/20200827/ETL_00_COLLECT/portal inmobiliario.csv
2020-08-29 00:08:26: ETL_00_COLLECT End: 2020-08-29 00:08:26.387507
2020-08-29 00:08:26: ETL_00_COLLECT Total Execution Time: 1.7515523433685303
2020-08-29 00:08:26: ETL_00_COLLECT Creating stats files for portal inmobiliario
2020-08-29 00:08:26: 	Info:		D:/Reference/housemodel/stats/ETL/20200827/ETL_00_COLLECT/portal inmobiliario/info.txt
2020-08-29 00:08:26: 	Describe:	D:/Reference/housemodel/stats/ETL/20200827/ETL_00_COLLECT/portal inmobiliario/describe.csv
2020-08-29 00:08:26: 	Nulls:		D:/Reference/housemodel/stats/ETL/20200827/ETL_00_COLLECT/portal inmobiliario/nulls.txt
2020-08-29 00:08:26: 	Ceros:		D:/Reference/housemodel/stats/ETL/20200827/ETL_00_COLLECT/portal inmobiliario/ceros.txt
2020-08-29 00:08:26: ETL_01_BUILD Start: 2020-08-29 00:08:26.567195
2020-08-29 00:08:26: Processing Source: D:/Reference/housemodel/data/ETL/T/python/20200827/ETL_00_COLLECT/portal inmobiliario.csv
2020-08-29 00:08:28: ETL_01_BUILD End: 2020-08-29 00:08:28.603782
2020-08-29 00:08:28: ETL_01_BUILD Total Execution Time: 2.0365867614746094
2020-08-29 00:08:28: ETL_01_BUILD Creating stats files for portal inmobiliario
2020-08-29 00:08:28: 	Info:		D:/Reference/housemodel/stats/ETL/20200827/ETL_01_BUILD/portal inmobiliario/info.txt
2020-08-29 00:08:28: 	Describe:	D:/Reference/housemodel/stats/ETL/20200827/ETL_01_BUILD/portal inmobiliario/describe.csv
2020-08-29 00:08:28: 	Nulls:		D:/Reference/housemodel/stats/ETL/20200827/ETL_01_BUILD/portal inmobiliario/nulls.txt
2020-08-29 00:08:28: 	Ceros:		D:/Reference/housemodel/stats/ETL/20200827/ETL_01_BUILD/portal inmobiliario/ceros.txt
2020-08-29 00:08:28: ETL_02_CLEAN Start: 2020-08-29 00:08:28.723428
2020-08-29 00:08:28: Processing Source: D:/Reference/housemodel/data/ETL/T/python/20200827/ETL_01_BUILD/portal inmobiliario.csv
2020-08-29 00:08:30: ETL_02_CLEAN End: 2020-08-29 00:08:30.130700
2020-08-29 00:08:30: ETL_02_CLEAN Total Execution Time: 1.4072716236114502
2020-08-29 00:08:30: ETL_02_CLEAN Creating stats files for portal inmobiliario
2020-08-29 00:08:30: 	Info:		D:/Reference/housemodel/stats/ETL/20200827/ETL_02_CLEAN/portal inmobiliario/info.txt
2020-08-29 00:08:30: 	Describe:	D:/Reference/housemodel/stats/ETL/20200827/ETL_02_CLEAN/portal inmobiliario/describe.csv
2020-08-29 00:08:30: 	Nulls:		D:/Reference/housemodel/stats/ETL/20200827/ETL_02_CLEAN/portal inmobiliario/nulls.txt
2020-08-29 00:08:30: 	Ceros:		D:/Reference/housemodel/stats/ETL/20200827/ETL_02_CLEAN/portal inmobiliario/ceros.txt
2020-08-29 00:08:30: ETL_03_FORMAT Start: 2020-08-29 00:08:30.237570
2020-08-29 00:08:30: Processing Source: D:/Reference/housemodel/data/ETL/T/python/20200827/ETL_02_CLEAN/portal inmobiliario.csv
2020-08-29 00:08:30: ETL_03_FORMAT End: 2020-08-29 00:08:30.323312
2020-08-29 00:08:30: ETL_03_FORMAT Total Execution Time: 0.08574223518371582
2020-08-29 00:08:30: ETL_03_FORMAT Creating stats files for portal inmobiliario
2020-08-29 00:08:30: 	Info:		D:/Reference/housemodel/stats/ETL/20200827/ETL_03_FORMAT/portal inmobiliario/info.txt
2020-08-29 00:08:30: 	Describe:	D:/Reference/housemodel/stats/ETL/20200827/ETL_03_FORMAT/portal inmobiliario/describe.csv
2020-08-29 00:08:30: 	Nulls:		D:/Reference/housemodel/stats/ETL/20200827/ETL_03_FORMAT/portal inmobiliario/nulls.txt
2020-08-29 00:08:30: 	Ceros:		D:/Reference/housemodel/stats/ETL/20200827/ETL_03_FORMAT/portal inmobiliario/ceros.txt
2020-08-29 00:08:30: ETL_04_FILL Start: 2020-08-29 00:08:30.455343
2020-08-29 00:08:30: Processing Source: D:/Reference/housemodel/data/ETL/T/python/20200827/ETL_03_FORMAT/portal inmobiliario.csv
2020-08-29 00:08:30: ETL_04_FILL End: 2020-08-29 00:08:30.506238
2020-08-29 00:08:30: ETL_04_FILL Total Execution Time: 0.050894975662231445
2020-08-29 00:08:30: ETL_04_FILL Creating stats files for portal inmobiliario
2020-08-29 00:08:30: 	Info:		D:/Reference/housemodel/stats/ETL/20200827/ETL_04_FILL/portal inmobiliario/info.txt
2020-08-29 00:08:30: 	Describe:	D:/Reference/housemodel/stats/ETL/20200827/ETL_04_FILL/portal inmobiliario/describe.csv
2020-08-29 00:08:30: 	Nulls:		D:/Reference/housemodel/stats/ETL/20200827/ETL_04_FILL/portal inmobiliario/nulls.txt
2020-08-29 00:08:30: 	Ceros:		D:/Reference/housemodel/stats/ETL/20200827/ETL_04_FILL/portal inmobiliario/ceros.txt
2020-08-29 00:08:30: ETL_05_FEATURE_ENG Start: 2020-08-29 00:08:30.608935
2020-08-29 00:08:30: Processing Source: D:/Reference/housemodel/data/ETL/T/python/20200827/ETL_04_FILL/portal inmobiliario.csv
2020-08-29 00:08:39: ETL_05_FEATURE_ENG End: 2020-08-29 00:08:39.189807
2020-08-29 00:08:39: ETL_05_FEATURE_ENG Total Execution Time: 8.58087158203125
2020-08-29 00:08:39: ETL_05_FEATURE_ENG Creating stats files for portal inmobiliario
2020-08-29 00:08:39: 	Info:		D:/Reference/housemodel/stats/ETL/20200827/ETL_05_FEATURE_ENG/portal inmobiliario/info.txt
2020-08-29 00:08:39: 	Describe:	D:/Reference/housemodel/stats/ETL/20200827/ETL_05_FEATURE_ENG/portal inmobiliario/describe.csv
2020-08-29 00:08:39: 	Nulls:		D:/Reference/housemodel/stats/ETL/20200827/ETL_05_FEATURE_ENG/portal inmobiliario/nulls.txt
2020-08-29 00:08:39: 	Ceros:		D:/Reference/housemodel/stats/ETL/20200827/ETL_05_FEATURE_ENG/portal inmobiliario/ceros.txt
2020-08-29 00:08:39: ETL_06_LOAD Start: 2020-08-29 00:08:39.314973
2020-08-29 00:08:39: Connection Open OK
2020-08-29 00:08:39: houses_v2 table Exists
2020-08-29 00:08:39: Processing Source: D:/Reference/housemodel/data/ETL/T/python/20200827/ETL_05_FEATURE_ENG/portal inmobiliario.csv
2020-08-29 00:08:39: loadCsv input: D:/Reference/housemodel/data/ETL/T/python/20200827/ETL_05_FEATURE_ENG/portal inmobiliario.csv
2020-08-29 00:08:47: updateSnap executing:  
    UPDATE houses_v2 
    SET "UPDATED_DT"=NOW(), "STAGE"='out' 
    WHERE "LINK" IN 
      ( SELECT A."LINK"
        FROM      (SELECT * FROM houses_v2 WHERE "SNAP_DT" < 20200827) A
        LEFT JOIN (SELECT * FROM houses_v2 WHERE "SNAP_DT" = 20200827) B
        ON A."LINK" = B."LINK"
        WHERE b IS NULL);
2020-08-29 00:08:48: Connection Closed OK
2020-08-29 00:08:48: ETL_06_LOAD End: 2020-08-29 00:08:48.518302
2020-08-29 00:08:48: ETL_06_LOAD Total Execution Time: 9.203328371047974
2020-08-29 00:08:48: Processing Snapshot: 20200828
2020-08-29 00:08:48: ETL_00_COLLECT Start: 2020-08-29 00:08:48.525283
2020-08-29 00:08:48: Processing Source: portal inmobiliario
2020-08-29 00:08:50: ETL_00_COLLECT Output Files: D:/Reference/housemodel/data/ETL/T/python/20200828/ETL_00_COLLECT/portal inmobiliario.csv
2020-08-29 00:08:50: ETL_00_COLLECT End: 2020-08-29 00:08:50.384078
2020-08-29 00:08:50: ETL_00_COLLECT Total Execution Time: 1.8587946891784668
2020-08-29 00:08:50: ETL_00_COLLECT Creating stats files for portal inmobiliario
2020-08-29 00:08:50: 	Info:		D:/Reference/housemodel/stats/ETL/20200828/ETL_00_COLLECT/portal inmobiliario/info.txt
2020-08-29 00:08:50: 	Describe:	D:/Reference/housemodel/stats/ETL/20200828/ETL_00_COLLECT/portal inmobiliario/describe.csv
2020-08-29 00:08:50: 	Nulls:		D:/Reference/housemodel/stats/ETL/20200828/ETL_00_COLLECT/portal inmobiliario/nulls.txt
2020-08-29 00:08:50: 	Ceros:		D:/Reference/housemodel/stats/ETL/20200828/ETL_00_COLLECT/portal inmobiliario/ceros.txt
2020-08-29 00:08:50: ETL_01_BUILD Start: 2020-08-29 00:08:50.548636
2020-08-29 00:08:50: Processing Source: D:/Reference/housemodel/data/ETL/T/python/20200828/ETL_00_COLLECT/portal inmobiliario.csv
2020-08-29 00:08:52: ETL_01_BUILD End: 2020-08-29 00:08:52.868445
2020-08-29 00:08:52: ETL_01_BUILD Total Execution Time: 2.3198094367980957
2020-08-29 00:08:52: ETL_01_BUILD Creating stats files for portal inmobiliario
2020-08-29 00:08:52: 	Info:		D:/Reference/housemodel/stats/ETL/20200828/ETL_01_BUILD/portal inmobiliario/info.txt
2020-08-29 00:08:52: 	Describe:	D:/Reference/housemodel/stats/ETL/20200828/ETL_01_BUILD/portal inmobiliario/describe.csv
2020-08-29 00:08:52: 	Nulls:		D:/Reference/housemodel/stats/ETL/20200828/ETL_01_BUILD/portal inmobiliario/nulls.txt
2020-08-29 00:08:52: 	Ceros:		D:/Reference/housemodel/stats/ETL/20200828/ETL_01_BUILD/portal inmobiliario/ceros.txt
2020-08-29 00:08:52: ETL_02_CLEAN Start: 2020-08-29 00:08:52.970173
2020-08-29 00:08:52: Processing Source: D:/Reference/housemodel/data/ETL/T/python/20200828/ETL_01_BUILD/portal inmobiliario.csv
2020-08-29 00:08:54: ETL_02_CLEAN End: 2020-08-29 00:08:54.506096
2020-08-29 00:08:54: ETL_02_CLEAN Total Execution Time: 1.5359232425689697
2020-08-29 00:08:54: ETL_02_CLEAN Creating stats files for portal inmobiliario
2020-08-29 00:08:54: 	Info:		D:/Reference/housemodel/stats/ETL/20200828/ETL_02_CLEAN/portal inmobiliario/info.txt
2020-08-29 00:08:54: 	Describe:	D:/Reference/housemodel/stats/ETL/20200828/ETL_02_CLEAN/portal inmobiliario/describe.csv
2020-08-29 00:08:54: 	Nulls:		D:/Reference/housemodel/stats/ETL/20200828/ETL_02_CLEAN/portal inmobiliario/nulls.txt
2020-08-29 00:08:54: 	Ceros:		D:/Reference/housemodel/stats/ETL/20200828/ETL_02_CLEAN/portal inmobiliario/ceros.txt
2020-08-29 00:08:54: ETL_03_FORMAT Start: 2020-08-29 00:08:54.623712
2020-08-29 00:08:54: Processing Source: D:/Reference/housemodel/data/ETL/T/python/20200828/ETL_02_CLEAN/portal inmobiliario.csv
2020-08-29 00:08:54: ETL_03_FORMAT End: 2020-08-29 00:08:54.714446
2020-08-29 00:08:54: ETL_03_FORMAT Total Execution Time: 0.09073400497436523
2020-08-29 00:08:54: ETL_03_FORMAT Creating stats files for portal inmobiliario
2020-08-29 00:08:54: 	Info:		D:/Reference/housemodel/stats/ETL/20200828/ETL_03_FORMAT/portal inmobiliario/info.txt
2020-08-29 00:08:54: 	Describe:	D:/Reference/housemodel/stats/ETL/20200828/ETL_03_FORMAT/portal inmobiliario/describe.csv
2020-08-29 00:08:54: 	Nulls:		D:/Reference/housemodel/stats/ETL/20200828/ETL_03_FORMAT/portal inmobiliario/nulls.txt
2020-08-29 00:08:54: 	Ceros:		D:/Reference/housemodel/stats/ETL/20200828/ETL_03_FORMAT/portal inmobiliario/ceros.txt
2020-08-29 00:08:54: ETL_04_FILL Start: 2020-08-29 00:08:54.825152
2020-08-29 00:08:54: Processing Source: D:/Reference/housemodel/data/ETL/T/python/20200828/ETL_03_FORMAT/portal inmobiliario.csv
2020-08-29 00:08:54: ETL_04_FILL End: 2020-08-29 00:08:54.894995
2020-08-29 00:08:54: ETL_04_FILL Total Execution Time: 0.06984329223632812
2020-08-29 00:08:54: ETL_04_FILL Creating stats files for portal inmobiliario
2020-08-29 00:08:54: 	Info:		D:/Reference/housemodel/stats/ETL/20200828/ETL_04_FILL/portal inmobiliario/info.txt
2020-08-29 00:08:54: 	Describe:	D:/Reference/housemodel/stats/ETL/20200828/ETL_04_FILL/portal inmobiliario/describe.csv
2020-08-29 00:08:55: 	Nulls:		D:/Reference/housemodel/stats/ETL/20200828/ETL_04_FILL/portal inmobiliario/nulls.txt
2020-08-29 00:08:55: 	Ceros:		D:/Reference/housemodel/stats/ETL/20200828/ETL_04_FILL/portal inmobiliario/ceros.txt
2020-08-29 00:08:55: ETL_05_FEATURE_ENG Start: 2020-08-29 00:08:55.023627
2020-08-29 00:08:55: Processing Source: D:/Reference/housemodel/data/ETL/T/python/20200828/ETL_04_FILL/portal inmobiliario.csv
2020-08-29 00:09:04: ETL_05_FEATURE_ENG End: 2020-08-29 00:09:04.348532
2020-08-29 00:09:04: ETL_05_FEATURE_ENG Total Execution Time: 9.324904680252075
2020-08-29 00:09:04: ETL_05_FEATURE_ENG Creating stats files for portal inmobiliario
2020-08-29 00:09:04: 	Info:		D:/Reference/housemodel/stats/ETL/20200828/ETL_05_FEATURE_ENG/portal inmobiliario/info.txt
2020-08-29 00:09:04: 	Describe:	D:/Reference/housemodel/stats/ETL/20200828/ETL_05_FEATURE_ENG/portal inmobiliario/describe.csv
2020-08-29 00:09:04: 	Nulls:		D:/Reference/housemodel/stats/ETL/20200828/ETL_05_FEATURE_ENG/portal inmobiliario/nulls.txt
2020-08-29 00:09:04: 	Ceros:		D:/Reference/housemodel/stats/ETL/20200828/ETL_05_FEATURE_ENG/portal inmobiliario/ceros.txt
2020-08-29 00:09:04: ETL_06_LOAD Start: 2020-08-29 00:09:04.523513
2020-08-29 00:09:04: Connection Open OK
2020-08-29 00:09:04: houses_v2 table Exists
2020-08-29 00:09:04: Processing Source: D:/Reference/housemodel/data/ETL/T/python/20200828/ETL_05_FEATURE_ENG/portal inmobiliario.csv
2020-08-29 00:09:04: loadCsv input: D:/Reference/housemodel/data/ETL/T/python/20200828/ETL_05_FEATURE_ENG/portal inmobiliario.csv
2020-08-29 00:09:12: updateSnap executing:  
    UPDATE houses_v2 
    SET "UPDATED_DT"=NOW(), "STAGE"='out' 
    WHERE "LINK" IN 
      ( SELECT A."LINK"
        FROM      (SELECT * FROM houses_v2 WHERE "SNAP_DT" < 20200828) A
        LEFT JOIN (SELECT * FROM houses_v2 WHERE "SNAP_DT" = 20200828) B
        ON A."LINK" = B."LINK"
        WHERE b IS NULL);
2020-08-29 00:09:14: Connection Closed OK
2020-08-29 00:09:14: ETL_06_LOAD End: 2020-08-29 00:09:14.400848
2020-08-29 00:09:14: ETL_06_LOAD Total Execution Time: 9.877334833145142
2020-08-29 00:09:14: ETL End: 2020-08-29 00:09:14.402842
2020-08-29 00:09:14: ETL Total Execution Time: 74.13775658607483
