2020-07-20 22:59:04: ETL Start: 2020-07-20 22:59:04.157700
2020-07-20 22:59:04: Available Snapshots: 20200707 20200718
2020-07-20 22:59:04: Processing Snapshot: 20200718
2020-07-20 22:59:04: ETL_00_COLLECT Start: 2020-07-20 22:59:04.170704
2020-07-20 22:59:04: Processing Source: portal inmobiliario
2020-07-20 22:59:05: ETL_00_COLLECT Output Files: D:\Reference\housemodel\data\T\ETL/20200718/ETL_00_COLLECT/portal inmobiliario.csv
2020-07-20 22:59:05: ETL_00_COLLECT End: 2020-07-20 22:59:05.808709
2020-07-20 22:59:05: ETL_00_COLLECT Total Execution Time: 1.638005256652832
2020-07-20 22:59:05: ETL_00_COLLECT Creating stats files for portal inmobiliario
2020-07-20 22:59:05: 	Info:		D:\Reference\housemodel\stats\ETL/20200718/ETL_00_COLLECT/portal inmobiliario/info.txt
2020-07-20 22:59:05: 	Describe:	D:\Reference\housemodel\stats\ETL/20200718/ETL_00_COLLECT/portal inmobiliario/describe.csv
2020-07-20 22:59:05: 	Nulls:		D:\Reference\housemodel\stats\ETL/20200718/ETL_00_COLLECT/portal inmobiliario/nulls.txt
2020-07-20 22:59:05: 	Ceros:		D:\Reference\housemodel\stats\ETL/20200718/ETL_00_COLLECT/portal inmobiliario/ceros.txt
2020-07-20 22:59:05: ETL_01_BUILD Start: 2020-07-20 22:59:05.951668
2020-07-20 22:59:05: Processing Source: D:\Reference\housemodel\data\T\ETL/20200718/ETL_00_COLLECT/portal inmobiliario.csv
2020-07-20 22:59:07: ETL_01_BUILD End: 2020-07-20 22:59:07.934668
2020-07-20 22:59:07: ETL_01_BUILD Total Execution Time: 1.9830002784729004
2020-07-20 22:59:07: ETL_01_BUILD Creating stats files for portal inmobiliario
2020-07-20 22:59:07: 	Info:		D:\Reference\housemodel\stats\ETL/20200718/ETL_01_BUILD/portal inmobiliario/info.txt
2020-07-20 22:59:08: 	Describe:	D:\Reference\housemodel\stats\ETL/20200718/ETL_01_BUILD/portal inmobiliario/describe.csv
2020-07-20 22:59:08: 	Nulls:		D:\Reference\housemodel\stats\ETL/20200718/ETL_01_BUILD/portal inmobiliario/nulls.txt
2020-07-20 22:59:08: 	Ceros:		D:\Reference\housemodel\stats\ETL/20200718/ETL_01_BUILD/portal inmobiliario/ceros.txt
2020-07-20 22:59:08: ETL_02_CLEAN Start: 2020-07-20 22:59:08.024706
2020-07-20 22:59:08: Processing Source: D:\Reference\housemodel\data\T\ETL/20200718/ETL_01_BUILD/portal inmobiliario.csv
2020-07-20 22:59:09: ETL_02_CLEAN End: 2020-07-20 22:59:09.476663
2020-07-20 22:59:09: ETL_02_CLEAN Total Execution Time: 1.4519567489624023
2020-07-20 22:59:09: ETL_02_CLEAN Creating stats files for portal inmobiliario
2020-07-20 22:59:09: 	Info:		D:\Reference\housemodel\stats\ETL/20200718/ETL_02_CLEAN/portal inmobiliario/info.txt
2020-07-20 22:59:09: 	Describe:	D:\Reference\housemodel\stats\ETL/20200718/ETL_02_CLEAN/portal inmobiliario/describe.csv
2020-07-20 22:59:09: 	Nulls:		D:\Reference\housemodel\stats\ETL/20200718/ETL_02_CLEAN/portal inmobiliario/nulls.txt
2020-07-20 22:59:09: 	Ceros:		D:\Reference\housemodel\stats\ETL/20200718/ETL_02_CLEAN/portal inmobiliario/ceros.txt
2020-07-20 22:59:09: ETL_03_FORMAT Start: 2020-07-20 22:59:09.568671
2020-07-20 22:59:09: Processing Source: D:\Reference\housemodel\data\T\ETL/20200718/ETL_02_CLEAN/portal inmobiliario.csv
2020-07-20 22:59:09: ETL_03_FORMAT End: 2020-07-20 22:59:09.665663
2020-07-20 22:59:09: ETL_03_FORMAT Total Execution Time: 0.09699225425720215
2020-07-20 22:59:09: ETL_03_FORMAT Creating stats files for portal inmobiliario
2020-07-20 22:59:09: 	Info:		D:\Reference\housemodel\stats\ETL/20200718/ETL_03_FORMAT/portal inmobiliario/info.txt
2020-07-20 22:59:09: 	Describe:	D:\Reference\housemodel\stats\ETL/20200718/ETL_03_FORMAT/portal inmobiliario/describe.csv
2020-07-20 22:59:09: 	Nulls:		D:\Reference\housemodel\stats\ETL/20200718/ETL_03_FORMAT/portal inmobiliario/nulls.txt
2020-07-20 22:59:09: 	Ceros:		D:\Reference\housemodel\stats\ETL/20200718/ETL_03_FORMAT/portal inmobiliario/ceros.txt
2020-07-20 22:59:09: ETL_04_FILL Start: 2020-07-20 22:59:09.753667
2020-07-20 22:59:09: Processing Source: D:\Reference\housemodel\data\T\ETL/20200718/ETL_03_FORMAT/portal inmobiliario.csv
2020-07-20 22:59:09: ETL_04_FILL End: 2020-07-20 22:59:09.812666
2020-07-20 22:59:09: ETL_04_FILL Total Execution Time: 0.058999061584472656
2020-07-20 22:59:09: ETL_04_FILL Creating stats files for portal inmobiliario
2020-07-20 22:59:09: 	Info:		D:\Reference\housemodel\stats\ETL/20200718/ETL_04_FILL/portal inmobiliario/info.txt
2020-07-20 22:59:09: 	Describe:	D:\Reference\housemodel\stats\ETL/20200718/ETL_04_FILL/portal inmobiliario/describe.csv
2020-07-20 22:59:09: 	Nulls:		D:\Reference\housemodel\stats\ETL/20200718/ETL_04_FILL/portal inmobiliario/nulls.txt
2020-07-20 22:59:09: 	Ceros:		D:\Reference\housemodel\stats\ETL/20200718/ETL_04_FILL/portal inmobiliario/ceros.txt
2020-07-20 22:59:09: ETL_05_FEATURE_ENG Start: 2020-07-20 22:59:09.901666
2020-07-20 22:59:09: Processing Source: D:\Reference\housemodel\data\T\ETL/20200718/ETL_04_FILL/portal inmobiliario.csv
