2020-07-20 23:07:46: ETL Start: 2020-07-20 23:07:46.463260
2020-07-20 23:07:46: Available Snapshots: 20200707 20200718
2020-07-20 23:07:46: Processing Snapshot: 20200718
2020-07-20 23:07:46: ETL_00_COLLECT Start: 2020-07-20 23:07:46.476320
2020-07-20 23:07:46: Processing Source: portal inmobiliario
2020-07-20 23:07:47: ETL_00_COLLECT Output Files: D:\Reference\housemodel\data\T\ETL/20200718/ETL_00_COLLECT/portal inmobiliario.csv
2020-07-20 23:07:47: ETL_00_COLLECT End: 2020-07-20 23:07:47.989261
2020-07-20 23:07:47: ETL_00_COLLECT Total Execution Time: 1.5129413604736328
2020-07-20 23:07:48: ETL_00_COLLECT Creating stats files for portal inmobiliario
2020-07-20 23:07:48: 	Info:		D:\Reference\housemodel\stats\ETL/20200718/ETL_00_COLLECT/portal inmobiliario/info.txt
2020-07-20 23:07:48: 	Describe:	D:\Reference\housemodel\stats\ETL/20200718/ETL_00_COLLECT/portal inmobiliario/describe.csv
2020-07-20 23:07:48: 	Nulls:		D:\Reference\housemodel\stats\ETL/20200718/ETL_00_COLLECT/portal inmobiliario/nulls.txt
2020-07-20 23:07:48: 	Ceros:		D:\Reference\housemodel\stats\ETL/20200718/ETL_00_COLLECT/portal inmobiliario/ceros.txt
2020-07-20 23:07:48: ETL_01_BUILD Start: 2020-07-20 23:07:48.132263
2020-07-20 23:07:48: Processing Source: D:\Reference\housemodel\data\T\ETL/20200718/ETL_00_COLLECT/portal inmobiliario.csv
2020-07-20 23:07:50: ETL_01_BUILD End: 2020-07-20 23:07:50.201261
2020-07-20 23:07:50: ETL_01_BUILD Total Execution Time: 2.068997859954834
2020-07-20 23:07:50: ETL_01_BUILD Creating stats files for portal inmobiliario
2020-07-20 23:07:50: 	Info:		D:\Reference\housemodel\stats\ETL/20200718/ETL_01_BUILD/portal inmobiliario/info.txt
2020-07-20 23:07:50: 	Describe:	D:\Reference\housemodel\stats\ETL/20200718/ETL_01_BUILD/portal inmobiliario/describe.csv
2020-07-20 23:07:50: 	Nulls:		D:\Reference\housemodel\stats\ETL/20200718/ETL_01_BUILD/portal inmobiliario/nulls.txt
2020-07-20 23:07:50: 	Ceros:		D:\Reference\housemodel\stats\ETL/20200718/ETL_01_BUILD/portal inmobiliario/ceros.txt
2020-07-20 23:07:50: ETL_02_CLEAN Start: 2020-07-20 23:07:50.292260
2020-07-20 23:07:50: Processing Source: D:\Reference\housemodel\data\T\ETL/20200718/ETL_01_BUILD/portal inmobiliario.csv
2020-07-20 23:07:51: ETL_02_CLEAN End: 2020-07-20 23:07:51.737294
2020-07-20 23:07:51: ETL_02_CLEAN Total Execution Time: 1.4450345039367676
2020-07-20 23:07:51: ETL_02_CLEAN Creating stats files for portal inmobiliario
2020-07-20 23:07:51: 	Info:		D:\Reference\housemodel\stats\ETL/20200718/ETL_02_CLEAN/portal inmobiliario/info.txt
2020-07-20 23:07:51: 	Describe:	D:\Reference\housemodel\stats\ETL/20200718/ETL_02_CLEAN/portal inmobiliario/describe.csv
2020-07-20 23:07:51: 	Nulls:		D:\Reference\housemodel\stats\ETL/20200718/ETL_02_CLEAN/portal inmobiliario/nulls.txt
2020-07-20 23:07:51: 	Ceros:		D:\Reference\housemodel\stats\ETL/20200718/ETL_02_CLEAN/portal inmobiliario/ceros.txt
2020-07-20 23:07:51: ETL_03_FORMAT Start: 2020-07-20 23:07:51.828297
2020-07-20 23:07:51: Processing Source: D:\Reference\housemodel\data\T\ETL/20200718/ETL_02_CLEAN/portal inmobiliario.csv
2020-07-20 23:07:51: ETL_03_FORMAT End: 2020-07-20 23:07:51.930263
2020-07-20 23:07:51: ETL_03_FORMAT Total Execution Time: 0.10196661949157715
2020-07-20 23:07:51: ETL_03_FORMAT Creating stats files for portal inmobiliario
2020-07-20 23:07:51: 	Info:		D:\Reference\housemodel\stats\ETL/20200718/ETL_03_FORMAT/portal inmobiliario/info.txt
2020-07-20 23:07:52: 	Describe:	D:\Reference\housemodel\stats\ETL/20200718/ETL_03_FORMAT/portal inmobiliario/describe.csv
2020-07-20 23:07:52: 	Nulls:		D:\Reference\housemodel\stats\ETL/20200718/ETL_03_FORMAT/portal inmobiliario/nulls.txt
2020-07-20 23:07:52: 	Ceros:		D:\Reference\housemodel\stats\ETL/20200718/ETL_03_FORMAT/portal inmobiliario/ceros.txt
2020-07-20 23:07:52: ETL_04_FILL Start: 2020-07-20 23:07:52.027286
2020-07-20 23:07:52: Processing Source: D:\Reference\housemodel\data\T\ETL/20200718/ETL_03_FORMAT/portal inmobiliario.csv
2020-07-20 23:07:52: ETL_04_FILL End: 2020-07-20 23:07:52.086306
2020-07-20 23:07:52: ETL_04_FILL Total Execution Time: 0.0590205192565918
2020-07-20 23:07:52: ETL_04_FILL Creating stats files for portal inmobiliario
2020-07-20 23:07:52: 	Info:		D:\Reference\housemodel\stats\ETL/20200718/ETL_04_FILL/portal inmobiliario/info.txt
2020-07-20 23:07:52: 	Describe:	D:\Reference\housemodel\stats\ETL/20200718/ETL_04_FILL/portal inmobiliario/describe.csv
2020-07-20 23:07:52: 	Nulls:		D:\Reference\housemodel\stats\ETL/20200718/ETL_04_FILL/portal inmobiliario/nulls.txt
2020-07-20 23:07:52: 	Ceros:		D:\Reference\housemodel\stats\ETL/20200718/ETL_04_FILL/portal inmobiliario/ceros.txt
2020-07-20 23:07:52: ETL_05_FEATURE_ENG Start: 2020-07-20 23:07:52.189277
2020-07-20 23:07:52: Processing Source: D:\Reference\housemodel\data\T\ETL/20200718/ETL_04_FILL/portal inmobiliario.csv
