2020-07-20 23:08:53: ETL Start: 2020-07-20 23:08:53.496645
2020-07-20 23:08:53: Available Snapshots: 20200707 20200718
2020-07-20 23:08:53: Processing Snapshot: 20200718
2020-07-20 23:08:53: ETL_00_COLLECT Start: 2020-07-20 23:08:53.509680
2020-07-20 23:08:53: Processing Source: portal inmobiliario
2020-07-20 23:08:55: ETL_00_COLLECT Output Files: D:\Reference\housemodel\data\T\ETL/20200718/ETL_00_COLLECT/portal inmobiliario.csv
2020-07-20 23:08:55: ETL_00_COLLECT End: 2020-07-20 23:08:55.075642
2020-07-20 23:08:55: ETL_00_COLLECT Total Execution Time: 1.565962553024292
2020-07-20 23:08:55: ETL_00_COLLECT Creating stats files for portal inmobiliario
2020-07-20 23:08:55: 	Info:		D:\Reference\housemodel\stats\ETL/20200718/ETL_00_COLLECT/portal inmobiliario/info.txt
2020-07-20 23:08:55: 	Describe:	D:\Reference\housemodel\stats\ETL/20200718/ETL_00_COLLECT/portal inmobiliario/describe.csv
2020-07-20 23:08:55: 	Nulls:		D:\Reference\housemodel\stats\ETL/20200718/ETL_00_COLLECT/portal inmobiliario/nulls.txt
2020-07-20 23:08:55: 	Ceros:		D:\Reference\housemodel\stats\ETL/20200718/ETL_00_COLLECT/portal inmobiliario/ceros.txt
2020-07-20 23:08:55: ETL_01_BUILD Start: 2020-07-20 23:08:55.212642
2020-07-20 23:08:55: Processing Source: D:\Reference\housemodel\data\T\ETL/20200718/ETL_00_COLLECT/portal inmobiliario.csv
2020-07-20 23:08:57: ETL_01_BUILD End: 2020-07-20 23:08:57.262695
2020-07-20 23:08:57: ETL_01_BUILD Total Execution Time: 2.050053596496582
2020-07-20 23:08:57: ETL_01_BUILD Creating stats files for portal inmobiliario
2020-07-20 23:08:57: 	Info:		D:\Reference\housemodel\stats\ETL/20200718/ETL_01_BUILD/portal inmobiliario/info.txt
2020-07-20 23:08:57: 	Describe:	D:\Reference\housemodel\stats\ETL/20200718/ETL_01_BUILD/portal inmobiliario/describe.csv
2020-07-20 23:08:57: 	Nulls:		D:\Reference\housemodel\stats\ETL/20200718/ETL_01_BUILD/portal inmobiliario/nulls.txt
2020-07-20 23:08:57: 	Ceros:		D:\Reference\housemodel\stats\ETL/20200718/ETL_01_BUILD/portal inmobiliario/ceros.txt
2020-07-20 23:08:57: ETL_02_CLEAN Start: 2020-07-20 23:08:57.352646
2020-07-20 23:08:57: Processing Source: D:\Reference\housemodel\data\T\ETL/20200718/ETL_01_BUILD/portal inmobiliario.csv
2020-07-20 23:08:58: ETL_02_CLEAN End: 2020-07-20 23:08:58.738642
2020-07-20 23:08:58: ETL_02_CLEAN Total Execution Time: 1.385995626449585
2020-07-20 23:08:58: ETL_02_CLEAN Creating stats files for portal inmobiliario
2020-07-20 23:08:58: 	Info:		D:\Reference\housemodel\stats\ETL/20200718/ETL_02_CLEAN/portal inmobiliario/info.txt
2020-07-20 23:08:58: 	Describe:	D:\Reference\housemodel\stats\ETL/20200718/ETL_02_CLEAN/portal inmobiliario/describe.csv
2020-07-20 23:08:58: 	Nulls:		D:\Reference\housemodel\stats\ETL/20200718/ETL_02_CLEAN/portal inmobiliario/nulls.txt
2020-07-20 23:08:58: 	Ceros:		D:\Reference\housemodel\stats\ETL/20200718/ETL_02_CLEAN/portal inmobiliario/ceros.txt
2020-07-20 23:08:58: ETL_03_FORMAT Start: 2020-07-20 23:08:58.833642
2020-07-20 23:08:58: Processing Source: D:\Reference\housemodel\data\T\ETL/20200718/ETL_02_CLEAN/portal inmobiliario.csv
2020-07-20 23:08:58: ETL_03_FORMAT End: 2020-07-20 23:08:58.927644
2020-07-20 23:08:58: ETL_03_FORMAT Total Execution Time: 0.09400177001953125
2020-07-20 23:08:58: ETL_03_FORMAT Creating stats files for portal inmobiliario
2020-07-20 23:08:58: 	Info:		D:\Reference\housemodel\stats\ETL/20200718/ETL_03_FORMAT/portal inmobiliario/info.txt
2020-07-20 23:08:59: 	Describe:	D:\Reference\housemodel\stats\ETL/20200718/ETL_03_FORMAT/portal inmobiliario/describe.csv
2020-07-20 23:08:59: 	Nulls:		D:\Reference\housemodel\stats\ETL/20200718/ETL_03_FORMAT/portal inmobiliario/nulls.txt
2020-07-20 23:08:59: 	Ceros:		D:\Reference\housemodel\stats\ETL/20200718/ETL_03_FORMAT/portal inmobiliario/ceros.txt
2020-07-20 23:08:59: ETL_04_FILL Start: 2020-07-20 23:08:59.015642
2020-07-20 23:08:59: Processing Source: D:\Reference\housemodel\data\T\ETL/20200718/ETL_03_FORMAT/portal inmobiliario.csv
2020-07-20 23:08:59: ETL_04_FILL End: 2020-07-20 23:08:59.081644
2020-07-20 23:08:59: ETL_04_FILL Total Execution Time: 0.06600236892700195
2020-07-20 23:08:59: ETL_04_FILL Creating stats files for portal inmobiliario
2020-07-20 23:08:59: 	Info:		D:\Reference\housemodel\stats\ETL/20200718/ETL_04_FILL/portal inmobiliario/info.txt
2020-07-20 23:08:59: 	Describe:	D:\Reference\housemodel\stats\ETL/20200718/ETL_04_FILL/portal inmobiliario/describe.csv
2020-07-20 23:08:59: 	Nulls:		D:\Reference\housemodel\stats\ETL/20200718/ETL_04_FILL/portal inmobiliario/nulls.txt
2020-07-20 23:08:59: 	Ceros:		D:\Reference\housemodel\stats\ETL/20200718/ETL_04_FILL/portal inmobiliario/ceros.txt
2020-07-20 23:08:59: ETL_05_FEATURE_ENG Start: 2020-07-20 23:08:59.171645
2020-07-20 23:08:59: Processing Source: D:\Reference\housemodel\data\T\ETL/20200718/ETL_04_FILL/portal inmobiliario.csv
