2020-07-20 23:12:16: ETL Start: 2020-07-20 23:12:16.865761
2020-07-20 23:12:16: Available Snapshots: 20200707 20200718
2020-07-20 23:12:16: Processing Snapshot: 20200718
2020-07-20 23:12:16: ETL_00_COLLECT Start: 2020-07-20 23:12:16.877738
2020-07-20 23:12:16: Processing Source: portal inmobiliario
2020-07-20 23:12:18: ETL_00_COLLECT Output Files: D:\Reference\housemodel\data\T\ETL/20200718/ETL_00_COLLECT/portal inmobiliario.csv
2020-07-20 23:12:18: ETL_00_COLLECT End: 2020-07-20 23:12:18.411735
2020-07-20 23:12:18: ETL_00_COLLECT Total Execution Time: 1.5339972972869873
2020-07-20 23:12:18: ETL_00_COLLECT Creating stats files for portal inmobiliario
2020-07-20 23:12:18: 	Info:		D:\Reference\housemodel\stats\ETL/20200718/ETL_00_COLLECT/portal inmobiliario/info.txt
2020-07-20 23:12:18: 	Describe:	D:\Reference\housemodel\stats\ETL/20200718/ETL_00_COLLECT/portal inmobiliario/describe.csv
2020-07-20 23:12:18: 	Nulls:		D:\Reference\housemodel\stats\ETL/20200718/ETL_00_COLLECT/portal inmobiliario/nulls.txt
2020-07-20 23:12:18: 	Ceros:		D:\Reference\housemodel\stats\ETL/20200718/ETL_00_COLLECT/portal inmobiliario/ceros.txt
2020-07-20 23:12:18: ETL_01_BUILD Start: 2020-07-20 23:12:18.552766
2020-07-20 23:12:18: Processing Source: D:\Reference\housemodel\data\T\ETL/20200718/ETL_00_COLLECT/portal inmobiliario.csv
2020-07-20 23:12:20: ETL_01_BUILD End: 2020-07-20 23:12:20.543776
2020-07-20 23:12:20: ETL_01_BUILD Total Execution Time: 1.9910101890563965
2020-07-20 23:12:20: ETL_01_BUILD Creating stats files for portal inmobiliario
2020-07-20 23:12:20: 	Info:		D:\Reference\housemodel\stats\ETL/20200718/ETL_01_BUILD/portal inmobiliario/info.txt
2020-07-20 23:12:20: 	Describe:	D:\Reference\housemodel\stats\ETL/20200718/ETL_01_BUILD/portal inmobiliario/describe.csv
2020-07-20 23:12:20: 	Nulls:		D:\Reference\housemodel\stats\ETL/20200718/ETL_01_BUILD/portal inmobiliario/nulls.txt
2020-07-20 23:12:20: 	Ceros:		D:\Reference\housemodel\stats\ETL/20200718/ETL_01_BUILD/portal inmobiliario/ceros.txt
2020-07-20 23:12:20: ETL_02_CLEAN Start: 2020-07-20 23:12:20.632743
2020-07-20 23:12:20: Processing Source: D:\Reference\housemodel\data\T\ETL/20200718/ETL_01_BUILD/portal inmobiliario.csv
2020-07-20 23:12:22: ETL_02_CLEAN End: 2020-07-20 23:12:22.089738
2020-07-20 23:12:22: ETL_02_CLEAN Total Execution Time: 1.4569947719573975
2020-07-20 23:12:22: ETL_02_CLEAN Creating stats files for portal inmobiliario
2020-07-20 23:12:22: 	Info:		D:\Reference\housemodel\stats\ETL/20200718/ETL_02_CLEAN/portal inmobiliario/info.txt
2020-07-20 23:12:22: 	Describe:	D:\Reference\housemodel\stats\ETL/20200718/ETL_02_CLEAN/portal inmobiliario/describe.csv
2020-07-20 23:12:22: 	Nulls:		D:\Reference\housemodel\stats\ETL/20200718/ETL_02_CLEAN/portal inmobiliario/nulls.txt
2020-07-20 23:12:22: 	Ceros:		D:\Reference\housemodel\stats\ETL/20200718/ETL_02_CLEAN/portal inmobiliario/ceros.txt
2020-07-20 23:12:22: ETL_03_FORMAT Start: 2020-07-20 23:12:22.191746
2020-07-20 23:12:22: Processing Source: D:\Reference\housemodel\data\T\ETL/20200718/ETL_02_CLEAN/portal inmobiliario.csv
2020-07-20 23:12:22: ETL_03_FORMAT End: 2020-07-20 23:12:22.287783
2020-07-20 23:12:22: ETL_03_FORMAT Total Execution Time: 0.09603667259216309
2020-07-20 23:12:22: ETL_03_FORMAT Creating stats files for portal inmobiliario
2020-07-20 23:12:22: 	Info:		D:\Reference\housemodel\stats\ETL/20200718/ETL_03_FORMAT/portal inmobiliario/info.txt
2020-07-20 23:12:22: 	Describe:	D:\Reference\housemodel\stats\ETL/20200718/ETL_03_FORMAT/portal inmobiliario/describe.csv
2020-07-20 23:12:22: 	Nulls:		D:\Reference\housemodel\stats\ETL/20200718/ETL_03_FORMAT/portal inmobiliario/nulls.txt
2020-07-20 23:12:22: 	Ceros:		D:\Reference\housemodel\stats\ETL/20200718/ETL_03_FORMAT/portal inmobiliario/ceros.txt
2020-07-20 23:12:22: ETL_04_FILL Start: 2020-07-20 23:12:22.376736
2020-07-20 23:12:22: Processing Source: D:\Reference\housemodel\data\T\ETL/20200718/ETL_03_FORMAT/portal inmobiliario.csv
2020-07-20 23:12:22: ETL_04_FILL End: 2020-07-20 23:12:22.436775
2020-07-20 23:12:22: ETL_04_FILL Total Execution Time: 0.06003880500793457
2020-07-20 23:12:22: ETL_04_FILL Creating stats files for portal inmobiliario
2020-07-20 23:12:22: 	Info:		D:\Reference\housemodel\stats\ETL/20200718/ETL_04_FILL/portal inmobiliario/info.txt
2020-07-20 23:12:22: 	Describe:	D:\Reference\housemodel\stats\ETL/20200718/ETL_04_FILL/portal inmobiliario/describe.csv
2020-07-20 23:12:22: 	Nulls:		D:\Reference\housemodel\stats\ETL/20200718/ETL_04_FILL/portal inmobiliario/nulls.txt
2020-07-20 23:12:22: 	Ceros:		D:\Reference\housemodel\stats\ETL/20200718/ETL_04_FILL/portal inmobiliario/ceros.txt
2020-07-20 23:12:22: ETL_05_FEATURE_ENG Start: 2020-07-20 23:12:22.530738
2020-07-20 23:12:22: Processing Source: D:\Reference\housemodel\data\T\ETL/20200718/ETL_04_FILL/portal inmobiliario.csv
2020-07-20 23:12:29: ETL_05_FEATURE_ENG End: 2020-07-20 23:12:29.541734
2020-07-20 23:12:29: ETL_05_FEATURE_ENG Total Execution Time: 7.010996103286743
2020-07-20 23:12:29: ETL_05_FEATURE_ENG Creating stats files for portal inmobiliario
2020-07-20 23:12:29: 	Info:		D:\Reference\housemodel\stats\ETL/20200718/ETL_05_FEATURE_ENG/portal inmobiliario/info.txt
2020-07-20 23:12:29: 	Describe:	D:\Reference\housemodel\stats\ETL/20200718/ETL_05_FEATURE_ENG/portal inmobiliario/describe.csv
2020-07-20 23:12:29: 	Nulls:		D:\Reference\housemodel\stats\ETL/20200718/ETL_05_FEATURE_ENG/portal inmobiliario/nulls.txt
2020-07-20 23:12:29: 	Ceros:		D:\Reference\housemodel\stats\ETL/20200718/ETL_05_FEATURE_ENG/portal inmobiliario/ceros.txt
