2020-07-20 23:29:10: ETL Start: 2020-07-20 23:29:10.050683
2020-07-20 23:29:10: Available Snapshots: 20200707 20200718
2020-07-20 23:29:10: Processing Snapshot: 20200718
2020-07-20 23:29:10: ETL_00_COLLECT Start: 2020-07-20 23:29:10.055683
2020-07-20 23:29:10: Processing Source: portal inmobiliario
2020-07-20 23:29:11: ETL_00_COLLECT Output Files: D:\Reference\housemodel\data\T\ETL/20200718/ETL_00_COLLECT/portal inmobiliario.csv
2020-07-20 23:29:11: ETL_00_COLLECT End: 2020-07-20 23:29:11.655682
2020-07-20 23:29:11: ETL_00_COLLECT Total Execution Time: 1.599999189376831
2020-07-20 23:29:11: ETL_00_COLLECT Creating stats files for portal inmobiliario
2020-07-20 23:29:11: 	Info:		D:\Reference\housemodel\stats\ETL/20200718/ETL_00_COLLECT/portal inmobiliario/info.txt
2020-07-20 23:29:11: 	Describe:	D:\Reference\housemodel\stats\ETL/20200718/ETL_00_COLLECT/portal inmobiliario/describe.csv
2020-07-20 23:29:11: 	Nulls:		D:\Reference\housemodel\stats\ETL/20200718/ETL_00_COLLECT/portal inmobiliario/nulls.txt
2020-07-20 23:29:11: 	Ceros:		D:\Reference\housemodel\stats\ETL/20200718/ETL_00_COLLECT/portal inmobiliario/ceros.txt
2020-07-20 23:29:11: ETL_01_BUILD Start: 2020-07-20 23:29:11.785685
2020-07-20 23:29:11: Processing Source: D:\Reference\housemodel\data\T\ETL/20200718/ETL_00_COLLECT/portal inmobiliario.csv
2020-07-20 23:29:13: ETL_01_BUILD End: 2020-07-20 23:29:13.845684
2020-07-20 23:29:13: ETL_01_BUILD Total Execution Time: 2.0599992275238037
2020-07-20 23:29:13: ETL_01_BUILD Creating stats files for portal inmobiliario
2020-07-20 23:29:13: 	Info:		D:\Reference\housemodel\stats\ETL/20200718/ETL_01_BUILD/portal inmobiliario/info.txt
2020-07-20 23:29:13: 	Describe:	D:\Reference\housemodel\stats\ETL/20200718/ETL_01_BUILD/portal inmobiliario/describe.csv
2020-07-20 23:29:13: 	Nulls:		D:\Reference\housemodel\stats\ETL/20200718/ETL_01_BUILD/portal inmobiliario/nulls.txt
2020-07-20 23:29:13: 	Ceros:		D:\Reference\housemodel\stats\ETL/20200718/ETL_01_BUILD/portal inmobiliario/ceros.txt
2020-07-20 23:29:13: ETL_02_CLEAN Start: 2020-07-20 23:29:13.935685
2020-07-20 23:29:13: Processing Source: D:\Reference\housemodel\data\T\ETL/20200718/ETL_01_BUILD/portal inmobiliario.csv
2020-07-20 23:29:15: ETL_02_CLEAN End: 2020-07-20 23:29:15.374683
2020-07-20 23:29:15: ETL_02_CLEAN Total Execution Time: 1.4389979839324951
2020-07-20 23:29:15: ETL_02_CLEAN Creating stats files for portal inmobiliario
2020-07-20 23:29:15: 	Info:		D:\Reference\housemodel\stats\ETL/20200718/ETL_02_CLEAN/portal inmobiliario/info.txt
2020-07-20 23:29:15: 	Describe:	D:\Reference\housemodel\stats\ETL/20200718/ETL_02_CLEAN/portal inmobiliario/describe.csv
2020-07-20 23:29:15: 	Nulls:		D:\Reference\housemodel\stats\ETL/20200718/ETL_02_CLEAN/portal inmobiliario/nulls.txt
2020-07-20 23:29:15: 	Ceros:		D:\Reference\housemodel\stats\ETL/20200718/ETL_02_CLEAN/portal inmobiliario/ceros.txt
2020-07-20 23:29:15: ETL_03_FORMAT Start: 2020-07-20 23:29:15.468683
2020-07-20 23:29:15: Processing Source: D:\Reference\housemodel\data\T\ETL/20200718/ETL_02_CLEAN/portal inmobiliario.csv
2020-07-20 23:29:15: ETL_03_FORMAT End: 2020-07-20 23:29:15.567686
2020-07-20 23:29:15: ETL_03_FORMAT Total Execution Time: 0.09900331497192383
2020-07-20 23:29:15: ETL_03_FORMAT Creating stats files for portal inmobiliario
2020-07-20 23:29:15: 	Info:		D:\Reference\housemodel\stats\ETL/20200718/ETL_03_FORMAT/portal inmobiliario/info.txt
2020-07-20 23:29:15: 	Describe:	D:\Reference\housemodel\stats\ETL/20200718/ETL_03_FORMAT/portal inmobiliario/describe.csv
2020-07-20 23:29:15: 	Nulls:		D:\Reference\housemodel\stats\ETL/20200718/ETL_03_FORMAT/portal inmobiliario/nulls.txt
2020-07-20 23:29:15: 	Ceros:		D:\Reference\housemodel\stats\ETL/20200718/ETL_03_FORMAT/portal inmobiliario/ceros.txt
2020-07-20 23:29:15: ETL_04_FILL Start: 2020-07-20 23:29:15.655686
2020-07-20 23:29:15: Processing Source: D:\Reference\housemodel\data\T\ETL/20200718/ETL_03_FORMAT/portal inmobiliario.csv
2020-07-20 23:29:15: ETL_04_FILL End: 2020-07-20 23:29:15.715685
2020-07-20 23:29:15: ETL_04_FILL Total Execution Time: 0.05999898910522461
2020-07-20 23:29:15: ETL_04_FILL Creating stats files for portal inmobiliario
2020-07-20 23:29:15: 	Info:		D:\Reference\housemodel\stats\ETL/20200718/ETL_04_FILL/portal inmobiliario/info.txt
2020-07-20 23:29:15: 	Describe:	D:\Reference\housemodel\stats\ETL/20200718/ETL_04_FILL/portal inmobiliario/describe.csv
2020-07-20 23:29:15: 	Nulls:		D:\Reference\housemodel\stats\ETL/20200718/ETL_04_FILL/portal inmobiliario/nulls.txt
2020-07-20 23:29:15: 	Ceros:		D:\Reference\housemodel\stats\ETL/20200718/ETL_04_FILL/portal inmobiliario/ceros.txt
2020-07-20 23:29:15: ETL_05_FEATURE_ENG Start: 2020-07-20 23:29:15.828684
2020-07-20 23:29:15: Processing Source: D:\Reference\housemodel\data\T\ETL/20200718/ETL_04_FILL/portal inmobiliario.csv
2020-07-20 23:29:22: ETL_05_FEATURE_ENG End: 2020-07-20 23:29:22.800733
2020-07-20 23:29:22: ETL_05_FEATURE_ENG Total Execution Time: 6.972048997879028
2020-07-20 23:29:22: ETL_05_FEATURE_ENG Creating stats files for portal inmobiliario
2020-07-20 23:29:22: 	Info:		D:\Reference\housemodel\stats\ETL/20200718/ETL_05_FEATURE_ENG/portal inmobiliario/info.txt
2020-07-20 23:29:22: 	Describe:	D:\Reference\housemodel\stats\ETL/20200718/ETL_05_FEATURE_ENG/portal inmobiliario/describe.csv
2020-07-20 23:29:22: 	Nulls:		D:\Reference\housemodel\stats\ETL/20200718/ETL_05_FEATURE_ENG/portal inmobiliario/nulls.txt
2020-07-20 23:29:22: 	Ceros:		D:\Reference\housemodel\stats\ETL/20200718/ETL_05_FEATURE_ENG/portal inmobiliario/ceros.txt
2020-07-20 23:29:22: ETL_05_LOAD Start: 2020-07-20 23:29:22.910684
2020-07-20 23:29:32: Connection Open OK
