2020-07-20 23:38:49: ETL Start: 2020-07-20 23:38:49.352767
2020-07-20 23:38:49: Available Snapshots: 20200707 20200718
2020-07-20 23:38:49: Processing Snapshot: 20200718
2020-07-20 23:38:49: ETL_00_COLLECT Start: 2020-07-20 23:38:49.356769
2020-07-20 23:38:49: Processing Source: portal inmobiliario
2020-07-20 23:38:50: ETL_00_COLLECT Output Files: D:\Reference\housemodel\data\T\ETL/20200718/ETL_00_COLLECT/portal inmobiliario.csv
2020-07-20 23:38:50: ETL_00_COLLECT End: 2020-07-20 23:38:50.884766
2020-07-20 23:38:50: ETL_00_COLLECT Total Execution Time: 1.5279967784881592
2020-07-20 23:38:50: ETL_00_COLLECT Creating stats files for portal inmobiliario
2020-07-20 23:38:50: 	Info:		D:\Reference\housemodel\stats\ETL/20200718/ETL_00_COLLECT/portal inmobiliario/info.txt
2020-07-20 23:38:51: 	Describe:	D:\Reference\housemodel\stats\ETL/20200718/ETL_00_COLLECT/portal inmobiliario/describe.csv
2020-07-20 23:38:51: 	Nulls:		D:\Reference\housemodel\stats\ETL/20200718/ETL_00_COLLECT/portal inmobiliario/nulls.txt
2020-07-20 23:38:51: 	Ceros:		D:\Reference\housemodel\stats\ETL/20200718/ETL_00_COLLECT/portal inmobiliario/ceros.txt
2020-07-20 23:38:51: ETL_01_BUILD Start: 2020-07-20 23:38:51.144772
2020-07-20 23:38:51: Processing Source: D:\Reference\housemodel\data\T\ETL/20200718/ETL_00_COLLECT/portal inmobiliario.csv
2020-07-20 23:38:53: ETL_01_BUILD End: 2020-07-20 23:38:53.477768
2020-07-20 23:38:53: ETL_01_BUILD Total Execution Time: 2.332996129989624
2020-07-20 23:38:53: ETL_01_BUILD Creating stats files for portal inmobiliario
2020-07-20 23:38:53: 	Info:		D:\Reference\housemodel\stats\ETL/20200718/ETL_01_BUILD/portal inmobiliario/info.txt
2020-07-20 23:38:53: 	Describe:	D:\Reference\housemodel\stats\ETL/20200718/ETL_01_BUILD/portal inmobiliario/describe.csv
2020-07-20 23:38:53: 	Nulls:		D:\Reference\housemodel\stats\ETL/20200718/ETL_01_BUILD/portal inmobiliario/nulls.txt
2020-07-20 23:38:53: 	Ceros:		D:\Reference\housemodel\stats\ETL/20200718/ETL_01_BUILD/portal inmobiliario/ceros.txt
2020-07-20 23:38:53: ETL_02_CLEAN Start: 2020-07-20 23:38:53.569768
2020-07-20 23:38:53: Processing Source: D:\Reference\housemodel\data\T\ETL/20200718/ETL_01_BUILD/portal inmobiliario.csv
2020-07-20 23:38:54: ETL_02_CLEAN End: 2020-07-20 23:38:54.947806
2020-07-20 23:38:54: ETL_02_CLEAN Total Execution Time: 1.378037929534912
2020-07-20 23:38:54: ETL_02_CLEAN Creating stats files for portal inmobiliario
2020-07-20 23:38:54: 	Info:		D:\Reference\housemodel\stats\ETL/20200718/ETL_02_CLEAN/portal inmobiliario/info.txt
2020-07-20 23:38:55: 	Describe:	D:\Reference\housemodel\stats\ETL/20200718/ETL_02_CLEAN/portal inmobiliario/describe.csv
2020-07-20 23:38:55: 	Nulls:		D:\Reference\housemodel\stats\ETL/20200718/ETL_02_CLEAN/portal inmobiliario/nulls.txt
2020-07-20 23:38:55: 	Ceros:		D:\Reference\housemodel\stats\ETL/20200718/ETL_02_CLEAN/portal inmobiliario/ceros.txt
2020-07-20 23:38:55: ETL_03_FORMAT Start: 2020-07-20 23:38:55.032772
2020-07-20 23:38:55: Processing Source: D:\Reference\housemodel\data\T\ETL/20200718/ETL_02_CLEAN/portal inmobiliario.csv
2020-07-20 23:38:55: ETL_03_FORMAT End: 2020-07-20 23:38:55.129801
2020-07-20 23:38:55: ETL_03_FORMAT Total Execution Time: 0.09702944755554199
2020-07-20 23:38:55: ETL_03_FORMAT Creating stats files for portal inmobiliario
2020-07-20 23:38:55: 	Info:		D:\Reference\housemodel\stats\ETL/20200718/ETL_03_FORMAT/portal inmobiliario/info.txt
2020-07-20 23:38:55: 	Describe:	D:\Reference\housemodel\stats\ETL/20200718/ETL_03_FORMAT/portal inmobiliario/describe.csv
2020-07-20 23:38:55: 	Nulls:		D:\Reference\housemodel\stats\ETL/20200718/ETL_03_FORMAT/portal inmobiliario/nulls.txt
2020-07-20 23:38:55: 	Ceros:		D:\Reference\housemodel\stats\ETL/20200718/ETL_03_FORMAT/portal inmobiliario/ceros.txt
2020-07-20 23:38:55: ETL_04_FILL Start: 2020-07-20 23:38:55.214768
2020-07-20 23:38:55: Processing Source: D:\Reference\housemodel\data\T\ETL/20200718/ETL_03_FORMAT/portal inmobiliario.csv
2020-07-20 23:38:55: ETL_04_FILL End: 2020-07-20 23:38:55.274801
2020-07-20 23:38:55: ETL_04_FILL Total Execution Time: 0.06003308296203613
2020-07-20 23:38:55: ETL_04_FILL Creating stats files for portal inmobiliario
2020-07-20 23:38:55: 	Info:		D:\Reference\housemodel\stats\ETL/20200718/ETL_04_FILL/portal inmobiliario/info.txt
2020-07-20 23:38:55: 	Describe:	D:\Reference\housemodel\stats\ETL/20200718/ETL_04_FILL/portal inmobiliario/describe.csv
2020-07-20 23:38:55: 	Nulls:		D:\Reference\housemodel\stats\ETL/20200718/ETL_04_FILL/portal inmobiliario/nulls.txt
2020-07-20 23:38:55: 	Ceros:		D:\Reference\housemodel\stats\ETL/20200718/ETL_04_FILL/portal inmobiliario/ceros.txt
2020-07-20 23:38:55: ETL_05_FEATURE_ENG Start: 2020-07-20 23:38:55.360769
2020-07-20 23:38:55: Processing Source: D:\Reference\housemodel\data\T\ETL/20200718/ETL_04_FILL/portal inmobiliario.csv
2020-07-20 23:39:02: ETL_05_FEATURE_ENG End: 2020-07-20 23:39:02.847803
2020-07-20 23:39:02: ETL_05_FEATURE_ENG Total Execution Time: 7.487034559249878
2020-07-20 23:39:02: ETL_05_FEATURE_ENG Creating stats files for portal inmobiliario
2020-07-20 23:39:02: 	Info:		D:\Reference\housemodel\stats\ETL/20200718/ETL_05_FEATURE_ENG/portal inmobiliario/info.txt
2020-07-20 23:39:02: 	Describe:	D:\Reference\housemodel\stats\ETL/20200718/ETL_05_FEATURE_ENG/portal inmobiliario/describe.csv
2020-07-20 23:39:02: 	Nulls:		D:\Reference\housemodel\stats\ETL/20200718/ETL_05_FEATURE_ENG/portal inmobiliario/nulls.txt
2020-07-20 23:39:02: 	Ceros:		D:\Reference\housemodel\stats\ETL/20200718/ETL_05_FEATURE_ENG/portal inmobiliario/ceros.txt
2020-07-20 23:39:02: ETL_06_LOAD Start: 2020-07-20 23:39:02.947825
2020-07-20 23:39:07: Connection Open OK
2020-07-20 23:39:07: houses_v2 table Exists
