2020-07-20 23:30:50: ETL Start: 2020-07-20 23:30:50.607373
2020-07-20 23:30:50: Available Snapshots: 20200707 20200718
2020-07-20 23:30:50: Processing Snapshot: 20200718
2020-07-20 23:30:50: ETL_00_COLLECT Start: 2020-07-20 23:30:50.619347
2020-07-20 23:30:50: Processing Source: portal inmobiliario
2020-07-20 23:30:52: ETL_00_COLLECT Output Files: D:\Reference\housemodel\data\T\ETL/20200718/ETL_00_COLLECT/portal inmobiliario.csv
2020-07-20 23:30:52: ETL_00_COLLECT End: 2020-07-20 23:30:52.164347
2020-07-20 23:30:52: ETL_00_COLLECT Total Execution Time: 1.5449998378753662
2020-07-20 23:30:52: ETL_00_COLLECT Creating stats files for portal inmobiliario
2020-07-20 23:30:52: 	Info:		D:\Reference\housemodel\stats\ETL/20200718/ETL_00_COLLECT/portal inmobiliario/info.txt
2020-07-20 23:30:52: 	Describe:	D:\Reference\housemodel\stats\ETL/20200718/ETL_00_COLLECT/portal inmobiliario/describe.csv
2020-07-20 23:30:52: 	Nulls:		D:\Reference\housemodel\stats\ETL/20200718/ETL_00_COLLECT/portal inmobiliario/nulls.txt
2020-07-20 23:30:52: 	Ceros:		D:\Reference\housemodel\stats\ETL/20200718/ETL_00_COLLECT/portal inmobiliario/ceros.txt
2020-07-20 23:30:52: ETL_01_BUILD Start: 2020-07-20 23:30:52.300402
2020-07-20 23:30:52: Processing Source: D:\Reference\housemodel\data\T\ETL/20200718/ETL_00_COLLECT/portal inmobiliario.csv
2020-07-20 23:30:54: ETL_01_BUILD End: 2020-07-20 23:30:54.294382
2020-07-20 23:30:54: ETL_01_BUILD Total Execution Time: 1.9939799308776855
2020-07-20 23:30:54: ETL_01_BUILD Creating stats files for portal inmobiliario
2020-07-20 23:30:54: 	Info:		D:\Reference\housemodel\stats\ETL/20200718/ETL_01_BUILD/portal inmobiliario/info.txt
2020-07-20 23:30:54: 	Describe:	D:\Reference\housemodel\stats\ETL/20200718/ETL_01_BUILD/portal inmobiliario/describe.csv
2020-07-20 23:30:54: 	Nulls:		D:\Reference\housemodel\stats\ETL/20200718/ETL_01_BUILD/portal inmobiliario/nulls.txt
2020-07-20 23:30:54: 	Ceros:		D:\Reference\housemodel\stats\ETL/20200718/ETL_01_BUILD/portal inmobiliario/ceros.txt
2020-07-20 23:30:54: ETL_02_CLEAN Start: 2020-07-20 23:30:54.384372
2020-07-20 23:30:54: Processing Source: D:\Reference\housemodel\data\T\ETL/20200718/ETL_01_BUILD/portal inmobiliario.csv
2020-07-20 23:30:55: ETL_02_CLEAN End: 2020-07-20 23:30:55.754384
2020-07-20 23:30:55: ETL_02_CLEAN Total Execution Time: 1.370011568069458
2020-07-20 23:30:55: ETL_02_CLEAN Creating stats files for portal inmobiliario
2020-07-20 23:30:55: 	Info:		D:\Reference\housemodel\stats\ETL/20200718/ETL_02_CLEAN/portal inmobiliario/info.txt
2020-07-20 23:30:55: 	Describe:	D:\Reference\housemodel\stats\ETL/20200718/ETL_02_CLEAN/portal inmobiliario/describe.csv
2020-07-20 23:30:55: 	Nulls:		D:\Reference\housemodel\stats\ETL/20200718/ETL_02_CLEAN/portal inmobiliario/nulls.txt
2020-07-20 23:30:55: 	Ceros:		D:\Reference\housemodel\stats\ETL/20200718/ETL_02_CLEAN/portal inmobiliario/ceros.txt
2020-07-20 23:30:55: ETL_03_FORMAT Start: 2020-07-20 23:30:55.845383
2020-07-20 23:30:55: Processing Source: D:\Reference\housemodel\data\T\ETL/20200718/ETL_02_CLEAN/portal inmobiliario.csv
2020-07-20 23:30:55: ETL_03_FORMAT End: 2020-07-20 23:30:55.940348
2020-07-20 23:30:55: ETL_03_FORMAT Total Execution Time: 0.09496498107910156
2020-07-20 23:30:55: ETL_03_FORMAT Creating stats files for portal inmobiliario
2020-07-20 23:30:55: 	Info:		D:\Reference\housemodel\stats\ETL/20200718/ETL_03_FORMAT/portal inmobiliario/info.txt
2020-07-20 23:30:56: 	Describe:	D:\Reference\housemodel\stats\ETL/20200718/ETL_03_FORMAT/portal inmobiliario/describe.csv
2020-07-20 23:30:56: 	Nulls:		D:\Reference\housemodel\stats\ETL/20200718/ETL_03_FORMAT/portal inmobiliario/nulls.txt
2020-07-20 23:30:56: 	Ceros:		D:\Reference\housemodel\stats\ETL/20200718/ETL_03_FORMAT/portal inmobiliario/ceros.txt
2020-07-20 23:30:56: ETL_04_FILL Start: 2020-07-20 23:30:56.028348
2020-07-20 23:30:56: Processing Source: D:\Reference\housemodel\data\T\ETL/20200718/ETL_03_FORMAT/portal inmobiliario.csv
2020-07-20 23:30:56: ETL_04_FILL End: 2020-07-20 23:30:56.093347
2020-07-20 23:30:56: ETL_04_FILL Total Execution Time: 0.06499886512756348
2020-07-20 23:30:56: ETL_04_FILL Creating stats files for portal inmobiliario
2020-07-20 23:30:56: 	Info:		D:\Reference\housemodel\stats\ETL/20200718/ETL_04_FILL/portal inmobiliario/info.txt
2020-07-20 23:30:56: 	Describe:	D:\Reference\housemodel\stats\ETL/20200718/ETL_04_FILL/portal inmobiliario/describe.csv
2020-07-20 23:30:56: 	Nulls:		D:\Reference\housemodel\stats\ETL/20200718/ETL_04_FILL/portal inmobiliario/nulls.txt
2020-07-20 23:30:56: 	Ceros:		D:\Reference\housemodel\stats\ETL/20200718/ETL_04_FILL/portal inmobiliario/ceros.txt
2020-07-20 23:30:56: ETL_05_FEATURE_ENG Start: 2020-07-20 23:30:56.186383
2020-07-20 23:30:56: Processing Source: D:\Reference\housemodel\data\T\ETL/20200718/ETL_04_FILL/portal inmobiliario.csv
2020-07-20 23:31:03: ETL_05_FEATURE_ENG End: 2020-07-20 23:31:03.382348
2020-07-20 23:31:03: ETL_05_FEATURE_ENG Total Execution Time: 7.19596529006958
2020-07-20 23:31:03: ETL_05_FEATURE_ENG Creating stats files for portal inmobiliario
2020-07-20 23:31:03: 	Info:		D:\Reference\housemodel\stats\ETL/20200718/ETL_05_FEATURE_ENG/portal inmobiliario/info.txt
2020-07-20 23:31:03: 	Describe:	D:\Reference\housemodel\stats\ETL/20200718/ETL_05_FEATURE_ENG/portal inmobiliario/describe.csv
2020-07-20 23:31:03: 	Nulls:		D:\Reference\housemodel\stats\ETL/20200718/ETL_05_FEATURE_ENG/portal inmobiliario/nulls.txt
2020-07-20 23:31:03: 	Ceros:		D:\Reference\housemodel\stats\ETL/20200718/ETL_05_FEATURE_ENG/portal inmobiliario/ceros.txt
2020-07-20 23:31:03: ETL_06_LOAD Start: 2020-07-20 23:31:03.491346
2020-07-20 23:31:05: Connection Open OK
2020-07-20 23:31:06: houses_v2 table does not Exists
