2020-07-20 23:43:00: ETL Start: 2020-07-20 23:43:00.372535
2020-07-20 23:43:00: Available Snapshots: 20200707 20200718
2020-07-20 23:43:00: Processing Snapshot: 20200718
2020-07-20 23:43:00: ETL_00_COLLECT Start: 2020-07-20 23:43:00.385511
2020-07-20 23:43:00: Processing Source: portal inmobiliario
2020-07-20 23:43:01: ETL_00_COLLECT Output Files: D:\Reference\housemodel\data\T\ETL/20200718/ETL_00_COLLECT/portal inmobiliario.csv
2020-07-20 23:43:01: ETL_00_COLLECT End: 2020-07-20 23:43:01.986510
2020-07-20 23:43:01: ETL_00_COLLECT Total Execution Time: 1.6009984016418457
2020-07-20 23:43:02: ETL_00_COLLECT Creating stats files for portal inmobiliario
2020-07-20 23:43:02: 	Info:		D:\Reference\housemodel\stats\ETL/20200718/ETL_00_COLLECT/portal inmobiliario/info.txt
2020-07-20 23:43:02: 	Describe:	D:\Reference\housemodel\stats\ETL/20200718/ETL_00_COLLECT/portal inmobiliario/describe.csv
2020-07-20 23:43:02: 	Nulls:		D:\Reference\housemodel\stats\ETL/20200718/ETL_00_COLLECT/portal inmobiliario/nulls.txt
2020-07-20 23:43:02: 	Ceros:		D:\Reference\housemodel\stats\ETL/20200718/ETL_00_COLLECT/portal inmobiliario/ceros.txt
2020-07-20 23:43:02: ETL_01_BUILD Start: 2020-07-20 23:43:02.154547
2020-07-20 23:43:02: Processing Source: D:\Reference\housemodel\data\T\ETL/20200718/ETL_00_COLLECT/portal inmobiliario.csv
2020-07-20 23:43:04: ETL_01_BUILD End: 2020-07-20 23:43:04.317509
2020-07-20 23:43:04: ETL_01_BUILD Total Execution Time: 2.16296124458313
2020-07-20 23:43:04: ETL_01_BUILD Creating stats files for portal inmobiliario
2020-07-20 23:43:04: 	Info:		D:\Reference\housemodel\stats\ETL/20200718/ETL_01_BUILD/portal inmobiliario/info.txt
2020-07-20 23:43:04: 	Describe:	D:\Reference\housemodel\stats\ETL/20200718/ETL_01_BUILD/portal inmobiliario/describe.csv
2020-07-20 23:43:04: 	Nulls:		D:\Reference\housemodel\stats\ETL/20200718/ETL_01_BUILD/portal inmobiliario/nulls.txt
2020-07-20 23:43:04: 	Ceros:		D:\Reference\housemodel\stats\ETL/20200718/ETL_01_BUILD/portal inmobiliario/ceros.txt
2020-07-20 23:43:04: ETL_02_CLEAN Start: 2020-07-20 23:43:04.414516
2020-07-20 23:43:04: Processing Source: D:\Reference\housemodel\data\T\ETL/20200718/ETL_01_BUILD/portal inmobiliario.csv
2020-07-20 23:43:05: ETL_02_CLEAN End: 2020-07-20 23:43:05.997543
2020-07-20 23:43:05: ETL_02_CLEAN Total Execution Time: 1.583026647567749
2020-07-20 23:43:06: ETL_02_CLEAN Creating stats files for portal inmobiliario
2020-07-20 23:43:06: 	Info:		D:\Reference\housemodel\stats\ETL/20200718/ETL_02_CLEAN/portal inmobiliario/info.txt
2020-07-20 23:43:06: 	Describe:	D:\Reference\housemodel\stats\ETL/20200718/ETL_02_CLEAN/portal inmobiliario/describe.csv
2020-07-20 23:43:06: 	Nulls:		D:\Reference\housemodel\stats\ETL/20200718/ETL_02_CLEAN/portal inmobiliario/nulls.txt
2020-07-20 23:43:06: 	Ceros:		D:\Reference\housemodel\stats\ETL/20200718/ETL_02_CLEAN/portal inmobiliario/ceros.txt
2020-07-20 23:43:06: ETL_03_FORMAT Start: 2020-07-20 23:43:06.092568
2020-07-20 23:43:06: Processing Source: D:\Reference\housemodel\data\T\ETL/20200718/ETL_02_CLEAN/portal inmobiliario.csv
2020-07-20 23:43:06: ETL_03_FORMAT End: 2020-07-20 23:43:06.191514
2020-07-20 23:43:06: ETL_03_FORMAT Total Execution Time: 0.09894537925720215
2020-07-20 23:43:06: ETL_03_FORMAT Creating stats files for portal inmobiliario
2020-07-20 23:43:06: 	Info:		D:\Reference\housemodel\stats\ETL/20200718/ETL_03_FORMAT/portal inmobiliario/info.txt
2020-07-20 23:43:06: 	Describe:	D:\Reference\housemodel\stats\ETL/20200718/ETL_03_FORMAT/portal inmobiliario/describe.csv
2020-07-20 23:43:06: 	Nulls:		D:\Reference\housemodel\stats\ETL/20200718/ETL_03_FORMAT/portal inmobiliario/nulls.txt
2020-07-20 23:43:06: 	Ceros:		D:\Reference\housemodel\stats\ETL/20200718/ETL_03_FORMAT/portal inmobiliario/ceros.txt
2020-07-20 23:43:06: ETL_04_FILL Start: 2020-07-20 23:43:06.286509
2020-07-20 23:43:06: Processing Source: D:\Reference\housemodel\data\T\ETL/20200718/ETL_03_FORMAT/portal inmobiliario.csv
2020-07-20 23:43:06: ETL_04_FILL End: 2020-07-20 23:43:06.348509
2020-07-20 23:43:06: ETL_04_FILL Total Execution Time: 0.06200003623962402
2020-07-20 23:43:06: ETL_04_FILL Creating stats files for portal inmobiliario
2020-07-20 23:43:06: 	Info:		D:\Reference\housemodel\stats\ETL/20200718/ETL_04_FILL/portal inmobiliario/info.txt
2020-07-20 23:43:06: 	Describe:	D:\Reference\housemodel\stats\ETL/20200718/ETL_04_FILL/portal inmobiliario/describe.csv
2020-07-20 23:43:06: 	Nulls:		D:\Reference\housemodel\stats\ETL/20200718/ETL_04_FILL/portal inmobiliario/nulls.txt
2020-07-20 23:43:06: 	Ceros:		D:\Reference\housemodel\stats\ETL/20200718/ETL_04_FILL/portal inmobiliario/ceros.txt
2020-07-20 23:43:06: ETL_05_FEATURE_ENG Start: 2020-07-20 23:43:06.441511
2020-07-20 23:43:06: Processing Source: D:\Reference\housemodel\data\T\ETL/20200718/ETL_04_FILL/portal inmobiliario.csv
2020-07-20 23:43:13: ETL_05_FEATURE_ENG End: 2020-07-20 23:43:13.620546
2020-07-20 23:43:13: ETL_05_FEATURE_ENG Total Execution Time: 7.179034948348999
2020-07-20 23:43:13: ETL_05_FEATURE_ENG Creating stats files for portal inmobiliario
2020-07-20 23:43:13: 	Info:		D:\Reference\housemodel\stats\ETL/20200718/ETL_05_FEATURE_ENG/portal inmobiliario/info.txt
2020-07-20 23:43:13: 	Describe:	D:\Reference\housemodel\stats\ETL/20200718/ETL_05_FEATURE_ENG/portal inmobiliario/describe.csv
2020-07-20 23:43:13: 	Nulls:		D:\Reference\housemodel\stats\ETL/20200718/ETL_05_FEATURE_ENG/portal inmobiliario/nulls.txt
2020-07-20 23:43:13: 	Ceros:		D:\Reference\housemodel\stats\ETL/20200718/ETL_05_FEATURE_ENG/portal inmobiliario/ceros.txt
2020-07-20 23:43:13: ETL_06_LOAD Start: 2020-07-20 23:43:13.730511
2020-07-20 23:43:17: Connection Open OK
2020-07-20 23:43:17: houses_v2 table Exists
2020-07-20 23:43:17: Processing Source: D:\Reference\housemodel\data\T\ETL/20200718/ETL_05_FEATURE_ENG/portal inmobiliario.csv
