2020-07-20 23:46:58: ETL Start: 2020-07-20 23:46:58.471088
2020-07-20 23:46:58: Available Snapshots: 20200707 20200718
2020-07-20 23:46:58: Processing Snapshot: 20200718
2020-07-20 23:46:58: ETL_00_COLLECT Start: 2020-07-20 23:46:58.485090
2020-07-20 23:46:58: Processing Source: portal inmobiliario
2020-07-20 23:47:00: ETL_00_COLLECT Output Files: D:\Reference\housemodel\data\T\ETL/20200718/ETL_00_COLLECT/portal inmobiliario.csv
2020-07-20 23:47:00: ETL_00_COLLECT End: 2020-07-20 23:47:00.122089
2020-07-20 23:47:00: ETL_00_COLLECT Total Execution Time: 1.6369996070861816
2020-07-20 23:47:00: ETL_00_COLLECT Creating stats files for portal inmobiliario
2020-07-20 23:47:00: 	Info:		D:\Reference\housemodel\stats\ETL/20200718/ETL_00_COLLECT/portal inmobiliario/info.txt
2020-07-20 23:47:00: 	Describe:	D:\Reference\housemodel\stats\ETL/20200718/ETL_00_COLLECT/portal inmobiliario/describe.csv
2020-07-20 23:47:00: 	Nulls:		D:\Reference\housemodel\stats\ETL/20200718/ETL_00_COLLECT/portal inmobiliario/nulls.txt
2020-07-20 23:47:00: 	Ceros:		D:\Reference\housemodel\stats\ETL/20200718/ETL_00_COLLECT/portal inmobiliario/ceros.txt
2020-07-20 23:47:00: ETL_01_BUILD Start: 2020-07-20 23:47:00.278128
2020-07-20 23:47:00: Processing Source: D:\Reference\housemodel\data\T\ETL/20200718/ETL_00_COLLECT/portal inmobiliario.csv
2020-07-20 23:47:02: ETL_01_BUILD End: 2020-07-20 23:47:02.394113
2020-07-20 23:47:02: ETL_01_BUILD Total Execution Time: 2.115985155105591
2020-07-20 23:47:02: ETL_01_BUILD Creating stats files for portal inmobiliario
2020-07-20 23:47:02: 	Info:		D:\Reference\housemodel\stats\ETL/20200718/ETL_01_BUILD/portal inmobiliario/info.txt
2020-07-20 23:47:02: 	Describe:	D:\Reference\housemodel\stats\ETL/20200718/ETL_01_BUILD/portal inmobiliario/describe.csv
2020-07-20 23:47:02: 	Nulls:		D:\Reference\housemodel\stats\ETL/20200718/ETL_01_BUILD/portal inmobiliario/nulls.txt
2020-07-20 23:47:02: 	Ceros:		D:\Reference\housemodel\stats\ETL/20200718/ETL_01_BUILD/portal inmobiliario/ceros.txt
2020-07-20 23:47:02: ETL_02_CLEAN Start: 2020-07-20 23:47:02.486088
2020-07-20 23:47:02: Processing Source: D:\Reference\housemodel\data\T\ETL/20200718/ETL_01_BUILD/portal inmobiliario.csv
2020-07-20 23:47:03: ETL_02_CLEAN End: 2020-07-20 23:47:03.892121
2020-07-20 23:47:03: ETL_02_CLEAN Total Execution Time: 1.4060328006744385
2020-07-20 23:47:03: ETL_02_CLEAN Creating stats files for portal inmobiliario
2020-07-20 23:47:03: 	Info:		D:\Reference\housemodel\stats\ETL/20200718/ETL_02_CLEAN/portal inmobiliario/info.txt
2020-07-20 23:47:03: 	Describe:	D:\Reference\housemodel\stats\ETL/20200718/ETL_02_CLEAN/portal inmobiliario/describe.csv
2020-07-20 23:47:03: 	Nulls:		D:\Reference\housemodel\stats\ETL/20200718/ETL_02_CLEAN/portal inmobiliario/nulls.txt
2020-07-20 23:47:03: 	Ceros:		D:\Reference\housemodel\stats\ETL/20200718/ETL_02_CLEAN/portal inmobiliario/ceros.txt
2020-07-20 23:47:03: ETL_03_FORMAT Start: 2020-07-20 23:47:03.982087
2020-07-20 23:47:03: Processing Source: D:\Reference\housemodel\data\T\ETL/20200718/ETL_02_CLEAN/portal inmobiliario.csv
2020-07-20 23:47:04: ETL_03_FORMAT End: 2020-07-20 23:47:04.080090
2020-07-20 23:47:04: ETL_03_FORMAT Total Execution Time: 0.09800243377685547
2020-07-20 23:47:04: ETL_03_FORMAT Creating stats files for portal inmobiliario
2020-07-20 23:47:04: 	Info:		D:\Reference\housemodel\stats\ETL/20200718/ETL_03_FORMAT/portal inmobiliario/info.txt
2020-07-20 23:47:04: 	Describe:	D:\Reference\housemodel\stats\ETL/20200718/ETL_03_FORMAT/portal inmobiliario/describe.csv
2020-07-20 23:47:04: 	Nulls:		D:\Reference\housemodel\stats\ETL/20200718/ETL_03_FORMAT/portal inmobiliario/nulls.txt
2020-07-20 23:47:04: 	Ceros:		D:\Reference\housemodel\stats\ETL/20200718/ETL_03_FORMAT/portal inmobiliario/ceros.txt
2020-07-20 23:47:04: ETL_04_FILL Start: 2020-07-20 23:47:04.176122
2020-07-20 23:47:04: Processing Source: D:\Reference\housemodel\data\T\ETL/20200718/ETL_03_FORMAT/portal inmobiliario.csv
2020-07-20 23:47:04: ETL_04_FILL End: 2020-07-20 23:47:04.238091
2020-07-20 23:47:04: ETL_04_FILL Total Execution Time: 0.061969757080078125
2020-07-20 23:47:04: ETL_04_FILL Creating stats files for portal inmobiliario
2020-07-20 23:47:04: 	Info:		D:\Reference\housemodel\stats\ETL/20200718/ETL_04_FILL/portal inmobiliario/info.txt
2020-07-20 23:47:04: 	Describe:	D:\Reference\housemodel\stats\ETL/20200718/ETL_04_FILL/portal inmobiliario/describe.csv
2020-07-20 23:47:04: 	Nulls:		D:\Reference\housemodel\stats\ETL/20200718/ETL_04_FILL/portal inmobiliario/nulls.txt
2020-07-20 23:47:04: 	Ceros:		D:\Reference\housemodel\stats\ETL/20200718/ETL_04_FILL/portal inmobiliario/ceros.txt
2020-07-20 23:47:04: ETL_05_FEATURE_ENG Start: 2020-07-20 23:47:04.331088
2020-07-20 23:47:04: Processing Source: D:\Reference\housemodel\data\T\ETL/20200718/ETL_04_FILL/portal inmobiliario.csv
2020-07-20 23:47:11: ETL_05_FEATURE_ENG End: 2020-07-20 23:47:11.408087
2020-07-20 23:47:11: ETL_05_FEATURE_ENG Total Execution Time: 7.0769994258880615
2020-07-20 23:47:11: ETL_05_FEATURE_ENG Creating stats files for portal inmobiliario
2020-07-20 23:47:11: 	Info:		D:\Reference\housemodel\stats\ETL/20200718/ETL_05_FEATURE_ENG/portal inmobiliario/info.txt
2020-07-20 23:47:11: 	Describe:	D:\Reference\housemodel\stats\ETL/20200718/ETL_05_FEATURE_ENG/portal inmobiliario/describe.csv
2020-07-20 23:47:11: 	Nulls:		D:\Reference\housemodel\stats\ETL/20200718/ETL_05_FEATURE_ENG/portal inmobiliario/nulls.txt
2020-07-20 23:47:11: 	Ceros:		D:\Reference\housemodel\stats\ETL/20200718/ETL_05_FEATURE_ENG/portal inmobiliario/ceros.txt
2020-07-20 23:47:11: ETL_06_LOAD Start: 2020-07-20 23:47:11.516090
2020-07-20 23:47:13: Connection Open OK
2020-07-20 23:47:13: houses_v2 table Exists
2020-07-20 23:47:13: Processing Source: D:\Reference\housemodel\data\T\ETL/20200718/ETL_05_FEATURE_ENG/portal inmobiliario.csv
2020-07-20 23:47:21: Connection Closed OK
2020-07-20 23:47:21: ETL_06_LOAD End: 2020-07-20 23:47:21.351490
2020-07-20 23:47:21: ETL_06_LOAD Total Execution Time: 9.835400342941284
2020-07-20 23:47:21: ETL End: 2020-07-20 23:47:21.357486
2020-07-20 23:47:21: ETL Total Execution Time: 22.88639807701111
