2020-07-20 23:41:56: ETL Start: 2020-07-20 23:41:56.427588
2020-07-20 23:41:56: Available Snapshots: 20200707 20200718
2020-07-20 23:41:56: Processing Snapshot: 20200718
2020-07-20 23:41:56: ETL_00_COLLECT Start: 2020-07-20 23:41:56.440555
2020-07-20 23:41:56: Processing Source: portal inmobiliario
2020-07-20 23:41:58: ETL_00_COLLECT Output Files: D:\Reference\housemodel\data\T\ETL/20200718/ETL_00_COLLECT/portal inmobiliario.csv
2020-07-20 23:41:58: ETL_00_COLLECT End: 2020-07-20 23:41:58.046554
2020-07-20 23:41:58: ETL_00_COLLECT Total Execution Time: 1.605999231338501
2020-07-20 23:41:58: ETL_00_COLLECT Creating stats files for portal inmobiliario
2020-07-20 23:41:58: 	Info:		D:\Reference\housemodel\stats\ETL/20200718/ETL_00_COLLECT/portal inmobiliario/info.txt
2020-07-20 23:41:58: 	Describe:	D:\Reference\housemodel\stats\ETL/20200718/ETL_00_COLLECT/portal inmobiliario/describe.csv
2020-07-20 23:41:58: 	Nulls:		D:\Reference\housemodel\stats\ETL/20200718/ETL_00_COLLECT/portal inmobiliario/nulls.txt
2020-07-20 23:41:58: 	Ceros:		D:\Reference\housemodel\stats\ETL/20200718/ETL_00_COLLECT/portal inmobiliario/ceros.txt
2020-07-20 23:41:58: ETL_01_BUILD Start: 2020-07-20 23:41:58.184558
2020-07-20 23:41:58: Processing Source: D:\Reference\housemodel\data\T\ETL/20200718/ETL_00_COLLECT/portal inmobiliario.csv
2020-07-20 23:42:00: ETL_01_BUILD End: 2020-07-20 23:42:00.210598
2020-07-20 23:42:00: ETL_01_BUILD Total Execution Time: 2.0260396003723145
2020-07-20 23:42:00: ETL_01_BUILD Creating stats files for portal inmobiliario
2020-07-20 23:42:00: 	Info:		D:\Reference\housemodel\stats\ETL/20200718/ETL_01_BUILD/portal inmobiliario/info.txt
2020-07-20 23:42:00: 	Describe:	D:\Reference\housemodel\stats\ETL/20200718/ETL_01_BUILD/portal inmobiliario/describe.csv
2020-07-20 23:42:00: 	Nulls:		D:\Reference\housemodel\stats\ETL/20200718/ETL_01_BUILD/portal inmobiliario/nulls.txt
2020-07-20 23:42:00: 	Ceros:		D:\Reference\housemodel\stats\ETL/20200718/ETL_01_BUILD/portal inmobiliario/ceros.txt
2020-07-20 23:42:00: ETL_02_CLEAN Start: 2020-07-20 23:42:00.321553
2020-07-20 23:42:00: Processing Source: D:\Reference\housemodel\data\T\ETL/20200718/ETL_01_BUILD/portal inmobiliario.csv
2020-07-20 23:42:01: ETL_02_CLEAN End: 2020-07-20 23:42:01.909556
2020-07-20 23:42:01: ETL_02_CLEAN Total Execution Time: 1.588003158569336
2020-07-20 23:42:01: ETL_02_CLEAN Creating stats files for portal inmobiliario
2020-07-20 23:42:01: 	Info:		D:\Reference\housemodel\stats\ETL/20200718/ETL_02_CLEAN/portal inmobiliario/info.txt
2020-07-20 23:42:01: 	Describe:	D:\Reference\housemodel\stats\ETL/20200718/ETL_02_CLEAN/portal inmobiliario/describe.csv
2020-07-20 23:42:01: 	Nulls:		D:\Reference\housemodel\stats\ETL/20200718/ETL_02_CLEAN/portal inmobiliario/nulls.txt
2020-07-20 23:42:02: 	Ceros:		D:\Reference\housemodel\stats\ETL/20200718/ETL_02_CLEAN/portal inmobiliario/ceros.txt
2020-07-20 23:42:02: ETL_03_FORMAT Start: 2020-07-20 23:42:02.006587
2020-07-20 23:42:02: Processing Source: D:\Reference\housemodel\data\T\ETL/20200718/ETL_02_CLEAN/portal inmobiliario.csv
2020-07-20 23:42:02: ETL_03_FORMAT End: 2020-07-20 23:42:02.104556
2020-07-20 23:42:02: ETL_03_FORMAT Total Execution Time: 0.09796929359436035
2020-07-20 23:42:02: ETL_03_FORMAT Creating stats files for portal inmobiliario
2020-07-20 23:42:02: 	Info:		D:\Reference\housemodel\stats\ETL/20200718/ETL_03_FORMAT/portal inmobiliario/info.txt
2020-07-20 23:42:02: 	Describe:	D:\Reference\housemodel\stats\ETL/20200718/ETL_03_FORMAT/portal inmobiliario/describe.csv
2020-07-20 23:42:02: 	Nulls:		D:\Reference\housemodel\stats\ETL/20200718/ETL_03_FORMAT/portal inmobiliario/nulls.txt
2020-07-20 23:42:02: 	Ceros:		D:\Reference\housemodel\stats\ETL/20200718/ETL_03_FORMAT/portal inmobiliario/ceros.txt
2020-07-20 23:42:02: ETL_04_FILL Start: 2020-07-20 23:42:02.204554
2020-07-20 23:42:02: Processing Source: D:\Reference\housemodel\data\T\ETL/20200718/ETL_03_FORMAT/portal inmobiliario.csv
2020-07-20 23:42:02: ETL_04_FILL End: 2020-07-20 23:42:02.266554
2020-07-20 23:42:02: ETL_04_FILL Total Execution Time: 0.06199979782104492
2020-07-20 23:42:02: ETL_04_FILL Creating stats files for portal inmobiliario
2020-07-20 23:42:02: 	Info:		D:\Reference\housemodel\stats\ETL/20200718/ETL_04_FILL/portal inmobiliario/info.txt
2020-07-20 23:42:02: 	Describe:	D:\Reference\housemodel\stats\ETL/20200718/ETL_04_FILL/portal inmobiliario/describe.csv
2020-07-20 23:42:02: 	Nulls:		D:\Reference\housemodel\stats\ETL/20200718/ETL_04_FILL/portal inmobiliario/nulls.txt
2020-07-20 23:42:02: 	Ceros:		D:\Reference\housemodel\stats\ETL/20200718/ETL_04_FILL/portal inmobiliario/ceros.txt
2020-07-20 23:42:02: ETL_05_FEATURE_ENG Start: 2020-07-20 23:42:02.354587
2020-07-20 23:42:02: Processing Source: D:\Reference\housemodel\data\T\ETL/20200718/ETL_04_FILL/portal inmobiliario.csv
2020-07-20 23:42:09: ETL_05_FEATURE_ENG End: 2020-07-20 23:42:09.492555
2020-07-20 23:42:09: ETL_05_FEATURE_ENG Total Execution Time: 7.137968063354492
2020-07-20 23:42:09: ETL_05_FEATURE_ENG Creating stats files for portal inmobiliario
2020-07-20 23:42:09: 	Info:		D:\Reference\housemodel\stats\ETL/20200718/ETL_05_FEATURE_ENG/portal inmobiliario/info.txt
2020-07-20 23:42:09: 	Describe:	D:\Reference\housemodel\stats\ETL/20200718/ETL_05_FEATURE_ENG/portal inmobiliario/describe.csv
2020-07-20 23:42:09: 	Nulls:		D:\Reference\housemodel\stats\ETL/20200718/ETL_05_FEATURE_ENG/portal inmobiliario/nulls.txt
2020-07-20 23:42:09: 	Ceros:		D:\Reference\housemodel\stats\ETL/20200718/ETL_05_FEATURE_ENG/portal inmobiliario/ceros.txt
2020-07-20 23:42:09: ETL_06_LOAD Start: 2020-07-20 23:42:09.605557
2020-07-20 23:42:11: Connection Open OK
2020-07-20 23:42:11: houses_v2 table Exists
2020-07-20 23:42:11: Processing Source: D:\Reference\housemodel\data\T\ETL/20200718/ETL_05_FEATURE_ENG/portal inmobiliario.csv
