2020-07-25 19:50:24: ETL Start: 2020-07-25 19:50:24.402200
2020-07-25 19:50:24: Available Snapshots: 20200707 20200718 20200721 20200723 20200724 20200725
2020-07-25 19:50:24: Processing Snapshot: 20200725
2020-07-25 19:50:24: ETL_00_COLLECT Start: 2020-07-25 19:50:24.418158
2020-07-25 19:50:24: Processing Source: portal inmobiliario
2020-07-25 19:50:25: ETL_00_COLLECT Output Files: D:/Reference/housemodel/data/ETL/T/python/20200725/ETL_00_COLLECT/portal inmobiliario.csv
2020-07-25 19:50:25: ETL_00_COLLECT End: 2020-07-25 19:50:25.897242
2020-07-25 19:50:25: ETL_00_COLLECT Total Execution Time: 1.479083776473999
2020-07-25 19:50:25: ETL_00_COLLECT Creating stats files for portal inmobiliario
2020-07-25 19:50:25: 	Info:		D:/Reference/housemodel/stats/ETL/20200725/ETL_00_COLLECT/portal inmobiliario/info.txt
2020-07-25 19:50:26: 	Describe:	D:/Reference/housemodel/stats/ETL/20200725/ETL_00_COLLECT/portal inmobiliario/describe.csv
2020-07-25 19:50:26: 	Nulls:		D:/Reference/housemodel/stats/ETL/20200725/ETL_00_COLLECT/portal inmobiliario/nulls.txt
2020-07-25 19:50:26: 	Ceros:		D:/Reference/housemodel/stats/ETL/20200725/ETL_00_COLLECT/portal inmobiliario/ceros.txt
2020-07-25 19:50:26: ETL_01_BUILD Start: 2020-07-25 19:50:26.045399
2020-07-25 19:50:26: Processing Source: D:/Reference/housemodel/data/ETL/T/python/20200725/ETL_00_COLLECT/portal inmobiliario.csv
2020-07-25 19:50:27: ETL_01_BUILD End: 2020-07-25 19:50:27.999207
2020-07-25 19:50:28: ETL_01_BUILD Total Execution Time: 1.953808069229126
2020-07-25 19:50:28: ETL_01_BUILD Creating stats files for portal inmobiliario
2020-07-25 19:50:28: 	Info:		D:/Reference/housemodel/stats/ETL/20200725/ETL_01_BUILD/portal inmobiliario/info.txt
2020-07-25 19:50:28: 	Describe:	D:/Reference/housemodel/stats/ETL/20200725/ETL_01_BUILD/portal inmobiliario/describe.csv
2020-07-25 19:50:28: 	Nulls:		D:/Reference/housemodel/stats/ETL/20200725/ETL_01_BUILD/portal inmobiliario/nulls.txt
2020-07-25 19:50:28: 	Ceros:		D:/Reference/housemodel/stats/ETL/20200725/ETL_01_BUILD/portal inmobiliario/ceros.txt
2020-07-25 19:50:28: ETL_02_CLEAN Start: 2020-07-25 19:50:28.107967
2020-07-25 19:50:28: Processing Source: D:/Reference/housemodel/data/ETL/T/python/20200725/ETL_01_BUILD/portal inmobiliario.csv
2020-07-25 19:50:29: ETL_02_CLEAN End: 2020-07-25 19:50:29.455457
2020-07-25 19:50:29: ETL_02_CLEAN Total Execution Time: 1.3474900722503662
2020-07-25 19:50:29: ETL_02_CLEAN Creating stats files for portal inmobiliario
2020-07-25 19:50:29: 	Info:		D:/Reference/housemodel/stats/ETL/20200725/ETL_02_CLEAN/portal inmobiliario/info.txt
2020-07-25 19:50:29: 	Describe:	D:/Reference/housemodel/stats/ETL/20200725/ETL_02_CLEAN/portal inmobiliario/describe.csv
2020-07-25 19:50:29: 	Nulls:		D:/Reference/housemodel/stats/ETL/20200725/ETL_02_CLEAN/portal inmobiliario/nulls.txt
2020-07-25 19:50:29: 	Ceros:		D:/Reference/housemodel/stats/ETL/20200725/ETL_02_CLEAN/portal inmobiliario/ceros.txt
2020-07-25 19:50:29: ETL_03_FORMAT Start: 2020-07-25 19:50:29.564169
2020-07-25 19:50:29: Processing Source: D:/Reference/housemodel/data/ETL/T/python/20200725/ETL_02_CLEAN/portal inmobiliario.csv
2020-07-25 19:50:29: ETL_03_FORMAT End: 2020-07-25 19:50:29.677989
2020-07-25 19:50:29: ETL_03_FORMAT Total Execution Time: 0.11381936073303223
2020-07-25 19:50:29: ETL_03_FORMAT Creating stats files for portal inmobiliario
2020-07-25 19:50:29: 	Info:		D:/Reference/housemodel/stats/ETL/20200725/ETL_03_FORMAT/portal inmobiliario/info.txt
2020-07-25 19:50:29: 	Describe:	D:/Reference/housemodel/stats/ETL/20200725/ETL_03_FORMAT/portal inmobiliario/describe.csv
2020-07-25 19:50:29: 	Nulls:		D:/Reference/housemodel/stats/ETL/20200725/ETL_03_FORMAT/portal inmobiliario/nulls.txt
2020-07-25 19:50:29: 	Ceros:		D:/Reference/housemodel/stats/ETL/20200725/ETL_03_FORMAT/portal inmobiliario/ceros.txt
2020-07-25 19:50:29: ETL_04_FILL Start: 2020-07-25 19:50:29.777725
2020-07-25 19:50:29: Processing Source: D:/Reference/housemodel/data/ETL/T/python/20200725/ETL_03_FORMAT/portal inmobiliario.csv
2020-07-25 19:50:29: ETL_04_FILL End: 2020-07-25 19:50:29.833573
2020-07-25 19:50:29: ETL_04_FILL Total Execution Time: 0.05584883689880371
2020-07-25 19:50:29: ETL_04_FILL Creating stats files for portal inmobiliario
2020-07-25 19:50:29: 	Info:		D:/Reference/housemodel/stats/ETL/20200725/ETL_04_FILL/portal inmobiliario/info.txt
2020-07-25 19:50:29: 	Describe:	D:/Reference/housemodel/stats/ETL/20200725/ETL_04_FILL/portal inmobiliario/describe.csv
2020-07-25 19:50:29: 	Nulls:		D:/Reference/housemodel/stats/ETL/20200725/ETL_04_FILL/portal inmobiliario/nulls.txt
2020-07-25 19:50:29: 	Ceros:		D:/Reference/housemodel/stats/ETL/20200725/ETL_04_FILL/portal inmobiliario/ceros.txt
2020-07-25 19:50:29: ETL_05_FEATURE_ENG Start: 2020-07-25 19:50:29.940288
2020-07-25 19:50:29: Processing Source: D:/Reference/housemodel/data/ETL/T/python/20200725/ETL_04_FILL/portal inmobiliario.csv
2020-07-25 19:50:39: ETL_05_FEATURE_ENG End: 2020-07-25 19:50:39.459460
2020-07-25 19:50:39: ETL_05_FEATURE_ENG Total Execution Time: 9.519172191619873
2020-07-25 19:50:39: ETL_05_FEATURE_ENG Creating stats files for portal inmobiliario
2020-07-25 19:50:39: 	Info:		D:/Reference/housemodel/stats/ETL/20200725/ETL_05_FEATURE_ENG/portal inmobiliario/info.txt
2020-07-25 19:50:39: 	Describe:	D:/Reference/housemodel/stats/ETL/20200725/ETL_05_FEATURE_ENG/portal inmobiliario/describe.csv
2020-07-25 19:50:39: 	Nulls:		D:/Reference/housemodel/stats/ETL/20200725/ETL_05_FEATURE_ENG/portal inmobiliario/nulls.txt
2020-07-25 19:50:39: 	Ceros:		D:/Reference/housemodel/stats/ETL/20200725/ETL_05_FEATURE_ENG/portal inmobiliario/ceros.txt
2020-07-25 19:50:39: ETL_06_LOAD Start: 2020-07-25 19:50:39.580057
2020-07-25 19:50:42: Connection Open OK
2020-07-25 19:50:43: houses_v2 table Exists
2020-07-25 19:50:43: Processing Source: D:/Reference/housemodel/data/ETL/T/python/20200725/ETL_05_FEATURE_ENG/portal inmobiliario.csv
2020-07-25 19:50:43: loadCsv input: D:/Reference/housemodel/data/ETL/T/python/20200725/ETL_05_FEATURE_ENG/portal inmobiliario.csv
2020-07-25 19:50:52: updateSnap executing:  
    UPDATE houses_v2 
    SET "UPDATED_DT"=NOW(), "STAGE"='out' 
    WHERE "LINK" IN 
      ( SELECT A."LINK"
        FROM      (SELECT * FROM houses_v2 WHERE "SNAP_DT" < 20200725) A
        LEFT JOIN (SELECT * FROM houses_v2 WHERE "SNAP_DT" = 20200725) B
        ON A."LINK" = B."LINK"
        WHERE b IS NULL);
2020-07-25 19:50:52: Connection Closed OK
2020-07-25 19:50:52: ETL_06_LOAD End: 2020-07-25 19:50:52.614621
2020-07-25 19:50:52: ETL_06_LOAD Total Execution Time: 13.034564018249512
2020-07-25 19:50:52: ETL End: 2020-07-25 19:50:52.616614
2020-07-25 19:50:52: ETL Total Execution Time: 28.21441388130188
