2020-07-31 22:18:23: ETL Start: 2020-07-31 22:18:23.931266
2020-07-31 22:18:23: Available Snapshots: 20200707 20200718 20200721 20200723 20200724 20200725 20200727 20200728 20200729 20200730 20200731
2020-07-31 22:18:23: Processing Snapshot: 20200727
2020-07-31 22:18:23: ETL_00_COLLECT Start: 2020-07-31 22:18:23.962466
2020-07-31 22:18:23: Processing Source: portal inmobiliario
2020-07-31 22:18:25: ETL_00_COLLECT Output Files: D:/Reference/housemodel/data/ETL/T/python/20200727/ETL_00_COLLECT/portal inmobiliario.csv
2020-07-31 22:18:25: ETL_00_COLLECT End: 2020-07-31 22:18:25.569539
2020-07-31 22:18:25: ETL_00_COLLECT Total Execution Time: 1.6070733070373535
2020-07-31 22:18:25: ETL_00_COLLECT Creating stats files for portal inmobiliario
2020-07-31 22:18:25: 	Info:		D:/Reference/housemodel/stats/ETL/20200727/ETL_00_COLLECT/portal inmobiliario/info.txt
2020-07-31 22:18:25: 	Describe:	D:/Reference/housemodel/stats/ETL/20200727/ETL_00_COLLECT/portal inmobiliario/describe.csv
2020-07-31 22:18:25: 	Nulls:		D:/Reference/housemodel/stats/ETL/20200727/ETL_00_COLLECT/portal inmobiliario/nulls.txt
2020-07-31 22:18:25: 	Ceros:		D:/Reference/housemodel/stats/ETL/20200727/ETL_00_COLLECT/portal inmobiliario/ceros.txt
2020-07-31 22:18:25: ETL_01_BUILD Start: 2020-07-31 22:18:25.711558
2020-07-31 22:18:25: Processing Source: D:/Reference/housemodel/data/ETL/T/python/20200727/ETL_00_COLLECT/portal inmobiliario.csv
2020-07-31 22:18:27: ETL_01_BUILD End: 2020-07-31 22:18:27.703217
2020-07-31 22:18:27: ETL_01_BUILD Total Execution Time: 1.9916589260101318
2020-07-31 22:18:27: ETL_01_BUILD Creating stats files for portal inmobiliario
2020-07-31 22:18:27: 	Info:		D:/Reference/housemodel/stats/ETL/20200727/ETL_01_BUILD/portal inmobiliario/info.txt
2020-07-31 22:18:27: 	Describe:	D:/Reference/housemodel/stats/ETL/20200727/ETL_01_BUILD/portal inmobiliario/describe.csv
2020-07-31 22:18:27: 	Nulls:		D:/Reference/housemodel/stats/ETL/20200727/ETL_01_BUILD/portal inmobiliario/nulls.txt
2020-07-31 22:18:27: 	Ceros:		D:/Reference/housemodel/stats/ETL/20200727/ETL_01_BUILD/portal inmobiliario/ceros.txt
2020-07-31 22:18:27: ETL_02_CLEAN Start: 2020-07-31 22:18:27.809276
2020-07-31 22:18:27: Processing Source: D:/Reference/housemodel/data/ETL/T/python/20200727/ETL_01_BUILD/portal inmobiliario.csv
2020-07-31 22:18:29: ETL_02_CLEAN End: 2020-07-31 22:18:29.192950
2020-07-31 22:18:29: ETL_02_CLEAN Total Execution Time: 1.383673906326294
2020-07-31 22:18:29: ETL_02_CLEAN Creating stats files for portal inmobiliario
2020-07-31 22:18:29: 	Info:		D:/Reference/housemodel/stats/ETL/20200727/ETL_02_CLEAN/portal inmobiliario/info.txt
2020-07-31 22:18:29: 	Describe:	D:/Reference/housemodel/stats/ETL/20200727/ETL_02_CLEAN/portal inmobiliario/describe.csv
2020-07-31 22:18:29: 	Nulls:		D:/Reference/housemodel/stats/ETL/20200727/ETL_02_CLEAN/portal inmobiliario/nulls.txt
2020-07-31 22:18:29: 	Ceros:		D:/Reference/housemodel/stats/ETL/20200727/ETL_02_CLEAN/portal inmobiliario/ceros.txt
2020-07-31 22:18:29: ETL_03_FORMAT Start: 2020-07-31 22:18:29.294746
2020-07-31 22:18:29: Processing Source: D:/Reference/housemodel/data/ETL/T/python/20200727/ETL_02_CLEAN/portal inmobiliario.csv
2020-07-31 22:18:29: ETL_03_FORMAT End: 2020-07-31 22:18:29.380561
2020-07-31 22:18:29: ETL_03_FORMAT Total Execution Time: 0.0858149528503418
2020-07-31 22:18:29: ETL_03_FORMAT Creating stats files for portal inmobiliario
2020-07-31 22:18:29: 	Info:		D:/Reference/housemodel/stats/ETL/20200727/ETL_03_FORMAT/portal inmobiliario/info.txt
2020-07-31 22:18:29: 	Describe:	D:/Reference/housemodel/stats/ETL/20200727/ETL_03_FORMAT/portal inmobiliario/describe.csv
2020-07-31 22:18:29: 	Nulls:		D:/Reference/housemodel/stats/ETL/20200727/ETL_03_FORMAT/portal inmobiliario/nulls.txt
2020-07-31 22:18:29: 	Ceros:		D:/Reference/housemodel/stats/ETL/20200727/ETL_03_FORMAT/portal inmobiliario/ceros.txt
2020-07-31 22:18:29: ETL_04_FILL Start: 2020-07-31 22:18:29.484286
2020-07-31 22:18:29: Processing Source: D:/Reference/housemodel/data/ETL/T/python/20200727/ETL_03_FORMAT/portal inmobiliario.csv
2020-07-31 22:18:29: ETL_04_FILL End: 2020-07-31 22:18:29.536191
2020-07-31 22:18:29: ETL_04_FILL Total Execution Time: 0.051905155181884766
2020-07-31 22:18:29: ETL_04_FILL Creating stats files for portal inmobiliario
2020-07-31 22:18:29: 	Info:		D:/Reference/housemodel/stats/ETL/20200727/ETL_04_FILL/portal inmobiliario/info.txt
2020-07-31 22:18:29: 	Describe:	D:/Reference/housemodel/stats/ETL/20200727/ETL_04_FILL/portal inmobiliario/describe.csv
2020-07-31 22:18:29: 	Nulls:		D:/Reference/housemodel/stats/ETL/20200727/ETL_04_FILL/portal inmobiliario/nulls.txt
2020-07-31 22:18:29: 	Ceros:		D:/Reference/housemodel/stats/ETL/20200727/ETL_04_FILL/portal inmobiliario/ceros.txt
2020-07-31 22:18:29: ETL_05_FEATURE_ENG Start: 2020-07-31 22:18:29.627902
2020-07-31 22:18:29: Processing Source: D:/Reference/housemodel/data/ETL/T/python/20200727/ETL_04_FILL/portal inmobiliario.csv
2020-07-31 22:18:37: ETL_05_FEATURE_ENG End: 2020-07-31 22:18:37.898809
2020-07-31 22:18:37: ETL_05_FEATURE_ENG Total Execution Time: 8.270906925201416
2020-07-31 22:18:37: ETL_05_FEATURE_ENG Creating stats files for portal inmobiliario
2020-07-31 22:18:37: 	Info:		D:/Reference/housemodel/stats/ETL/20200727/ETL_05_FEATURE_ENG/portal inmobiliario/info.txt
2020-07-31 22:18:38: 	Describe:	D:/Reference/housemodel/stats/ETL/20200727/ETL_05_FEATURE_ENG/portal inmobiliario/describe.csv
2020-07-31 22:18:38: 	Nulls:		D:/Reference/housemodel/stats/ETL/20200727/ETL_05_FEATURE_ENG/portal inmobiliario/nulls.txt
2020-07-31 22:18:38: 	Ceros:		D:/Reference/housemodel/stats/ETL/20200727/ETL_05_FEATURE_ENG/portal inmobiliario/ceros.txt
2020-07-31 22:18:38: ETL_06_LOAD Start: 2020-07-31 22:18:38.030469
