2020-07-31 22:19:41: ETL Start: 2020-07-31 22:19:41.918124
2020-07-31 22:19:41: Available Snapshots: 20200707 20200718 20200721 20200723 20200724 20200725 20200727 20200728 20200729 20200730 20200731
2020-07-31 22:19:41: Processing Snapshot: 20200727
2020-07-31 22:19:41: ETL_00_COLLECT Start: 2020-07-31 22:19:41.942321
2020-07-31 22:19:41: Processing Source: portal inmobiliario
2020-07-31 22:19:43: ETL_00_COLLECT Output Files: D:/Reference/housemodel/data/ETL/T/python/20200727/ETL_00_COLLECT/portal inmobiliario.csv
2020-07-31 22:19:43: ETL_00_COLLECT End: 2020-07-31 22:19:43.431888
2020-07-31 22:19:43: ETL_00_COLLECT Total Execution Time: 1.4895670413970947
2020-07-31 22:19:43: ETL_00_COLLECT Creating stats files for portal inmobiliario
2020-07-31 22:19:43: 	Info:		D:/Reference/housemodel/stats/ETL/20200727/ETL_00_COLLECT/portal inmobiliario/info.txt
2020-07-31 22:19:43: 	Describe:	D:/Reference/housemodel/stats/ETL/20200727/ETL_00_COLLECT/portal inmobiliario/describe.csv
2020-07-31 22:19:43: 	Nulls:		D:/Reference/housemodel/stats/ETL/20200727/ETL_00_COLLECT/portal inmobiliario/nulls.txt
2020-07-31 22:19:43: 	Ceros:		D:/Reference/housemodel/stats/ETL/20200727/ETL_00_COLLECT/portal inmobiliario/ceros.txt
2020-07-31 22:19:43: ETL_01_BUILD Start: 2020-07-31 22:19:43.586102
2020-07-31 22:19:43: Processing Source: D:/Reference/housemodel/data/ETL/T/python/20200727/ETL_00_COLLECT/portal inmobiliario.csv
2020-07-31 22:19:45: ETL_01_BUILD End: 2020-07-31 22:19:45.586597
2020-07-31 22:19:45: ETL_01_BUILD Total Execution Time: 2.000495672225952
2020-07-31 22:19:45: ETL_01_BUILD Creating stats files for portal inmobiliario
2020-07-31 22:19:45: 	Info:		D:/Reference/housemodel/stats/ETL/20200727/ETL_01_BUILD/portal inmobiliario/info.txt
2020-07-31 22:19:45: 	Describe:	D:/Reference/housemodel/stats/ETL/20200727/ETL_01_BUILD/portal inmobiliario/describe.csv
2020-07-31 22:19:45: 	Nulls:		D:/Reference/housemodel/stats/ETL/20200727/ETL_01_BUILD/portal inmobiliario/nulls.txt
2020-07-31 22:19:45: 	Ceros:		D:/Reference/housemodel/stats/ETL/20200727/ETL_01_BUILD/portal inmobiliario/ceros.txt
2020-07-31 22:19:45: ETL_02_CLEAN Start: 2020-07-31 22:19:45.711506
2020-07-31 22:19:45: Processing Source: D:/Reference/housemodel/data/ETL/T/python/20200727/ETL_01_BUILD/portal inmobiliario.csv
2020-07-31 22:19:47: ETL_02_CLEAN End: 2020-07-31 22:19:47.121721
2020-07-31 22:19:47: ETL_02_CLEAN Total Execution Time: 1.410215139389038
2020-07-31 22:19:47: ETL_02_CLEAN Creating stats files for portal inmobiliario
2020-07-31 22:19:47: 	Info:		D:/Reference/housemodel/stats/ETL/20200727/ETL_02_CLEAN/portal inmobiliario/info.txt
2020-07-31 22:19:47: 	Describe:	D:/Reference/housemodel/stats/ETL/20200727/ETL_02_CLEAN/portal inmobiliario/describe.csv
2020-07-31 22:19:47: 	Nulls:		D:/Reference/housemodel/stats/ETL/20200727/ETL_02_CLEAN/portal inmobiliario/nulls.txt
2020-07-31 22:19:47: 	Ceros:		D:/Reference/housemodel/stats/ETL/20200727/ETL_02_CLEAN/portal inmobiliario/ceros.txt
2020-07-31 22:19:47: ETL_03_FORMAT Start: 2020-07-31 22:19:47.219956
2020-07-31 22:19:47: Processing Source: D:/Reference/housemodel/data/ETL/T/python/20200727/ETL_02_CLEAN/portal inmobiliario.csv
2020-07-31 22:19:47: ETL_03_FORMAT End: 2020-07-31 22:19:47.315699
2020-07-31 22:19:47: ETL_03_FORMAT Total Execution Time: 0.09574317932128906
2020-07-31 22:19:47: ETL_03_FORMAT Creating stats files for portal inmobiliario
2020-07-31 22:19:47: 	Info:		D:/Reference/housemodel/stats/ETL/20200727/ETL_03_FORMAT/portal inmobiliario/info.txt
2020-07-31 22:19:47: 	Describe:	D:/Reference/housemodel/stats/ETL/20200727/ETL_03_FORMAT/portal inmobiliario/describe.csv
2020-07-31 22:19:47: 	Nulls:		D:/Reference/housemodel/stats/ETL/20200727/ETL_03_FORMAT/portal inmobiliario/nulls.txt
2020-07-31 22:19:47: 	Ceros:		D:/Reference/housemodel/stats/ETL/20200727/ETL_03_FORMAT/portal inmobiliario/ceros.txt
2020-07-31 22:19:47: ETL_04_FILL Start: 2020-07-31 22:19:47.425449
2020-07-31 22:19:47: Processing Source: D:/Reference/housemodel/data/ETL/T/python/20200727/ETL_03_FORMAT/portal inmobiliario.csv
2020-07-31 22:19:47: ETL_04_FILL End: 2020-07-31 22:19:47.476318
2020-07-31 22:19:47: ETL_04_FILL Total Execution Time: 0.050868988037109375
2020-07-31 22:19:47: ETL_04_FILL Creating stats files for portal inmobiliario
2020-07-31 22:19:47: 	Info:		D:/Reference/housemodel/stats/ETL/20200727/ETL_04_FILL/portal inmobiliario/info.txt
2020-07-31 22:19:47: 	Describe:	D:/Reference/housemodel/stats/ETL/20200727/ETL_04_FILL/portal inmobiliario/describe.csv
2020-07-31 22:19:47: 	Nulls:		D:/Reference/housemodel/stats/ETL/20200727/ETL_04_FILL/portal inmobiliario/nulls.txt
2020-07-31 22:19:47: 	Ceros:		D:/Reference/housemodel/stats/ETL/20200727/ETL_04_FILL/portal inmobiliario/ceros.txt
2020-07-31 22:19:47: ETL_05_FEATURE_ENG Start: 2020-07-31 22:19:47.584988
2020-07-31 22:19:47: Processing Source: D:/Reference/housemodel/data/ETL/T/python/20200727/ETL_04_FILL/portal inmobiliario.csv
2020-07-31 22:19:55: ETL_05_FEATURE_ENG End: 2020-07-31 22:19:55.972433
2020-07-31 22:19:55: ETL_05_FEATURE_ENG Total Execution Time: 8.387445211410522
2020-07-31 22:19:56: ETL_05_FEATURE_ENG Creating stats files for portal inmobiliario
2020-07-31 22:19:56: 	Info:		D:/Reference/housemodel/stats/ETL/20200727/ETL_05_FEATURE_ENG/portal inmobiliario/info.txt
2020-07-31 22:19:56: 	Describe:	D:/Reference/housemodel/stats/ETL/20200727/ETL_05_FEATURE_ENG/portal inmobiliario/describe.csv
2020-07-31 22:19:56: 	Nulls:		D:/Reference/housemodel/stats/ETL/20200727/ETL_05_FEATURE_ENG/portal inmobiliario/nulls.txt
2020-07-31 22:19:56: 	Ceros:		D:/Reference/housemodel/stats/ETL/20200727/ETL_05_FEATURE_ENG/portal inmobiliario/ceros.txt
2020-07-31 22:19:56: ETL_06_LOAD Start: 2020-07-31 22:19:56.112351
