2020-07-31 22:24:41: ETL Start: 2020-07-31 22:24:41.920601
2020-07-31 22:24:41: Available Snapshots: 20200707 20200718 20200721 20200723 20200724 20200725 20200727 20200728 20200729 20200730 20200731
2020-07-31 22:24:41: Processing Snapshot: 20200727
2020-07-31 22:24:41: ETL_00_COLLECT Start: 2020-07-31 22:24:41.925586
2020-07-31 22:24:41: Processing Source: portal inmobiliario
2020-07-31 22:24:43: ETL_00_COLLECT Output Files: D:/Reference/housemodel/data/ETL/T/python/20200727/ETL_00_COLLECT/portal inmobiliario.csv
2020-07-31 22:24:43: ETL_00_COLLECT End: 2020-07-31 22:24:43.375709
2020-07-31 22:24:43: ETL_00_COLLECT Total Execution Time: 1.4501221179962158
2020-07-31 22:24:43: ETL_00_COLLECT Creating stats files for portal inmobiliario
2020-07-31 22:24:43: 	Info:		D:/Reference/housemodel/stats/ETL/20200727/ETL_00_COLLECT/portal inmobiliario/info.txt
2020-07-31 22:24:43: 	Describe:	D:/Reference/housemodel/stats/ETL/20200727/ETL_00_COLLECT/portal inmobiliario/describe.csv
2020-07-31 22:24:43: 	Nulls:		D:/Reference/housemodel/stats/ETL/20200727/ETL_00_COLLECT/portal inmobiliario/nulls.txt
2020-07-31 22:24:43: 	Ceros:		D:/Reference/housemodel/stats/ETL/20200727/ETL_00_COLLECT/portal inmobiliario/ceros.txt
2020-07-31 22:24:43: ETL_01_BUILD Start: 2020-07-31 22:24:43.502412
2020-07-31 22:24:43: Processing Source: D:/Reference/housemodel/data/ETL/T/python/20200727/ETL_00_COLLECT/portal inmobiliario.csv
2020-07-31 22:24:45: ETL_01_BUILD End: 2020-07-31 22:24:45.438221
2020-07-31 22:24:45: ETL_01_BUILD Total Execution Time: 1.93580961227417
2020-07-31 22:24:45: ETL_01_BUILD Creating stats files for portal inmobiliario
2020-07-31 22:24:45: 	Info:		D:/Reference/housemodel/stats/ETL/20200727/ETL_01_BUILD/portal inmobiliario/info.txt
2020-07-31 22:24:45: 	Describe:	D:/Reference/housemodel/stats/ETL/20200727/ETL_01_BUILD/portal inmobiliario/describe.csv
2020-07-31 22:24:45: 	Nulls:		D:/Reference/housemodel/stats/ETL/20200727/ETL_01_BUILD/portal inmobiliario/nulls.txt
2020-07-31 22:24:45: 	Ceros:		D:/Reference/housemodel/stats/ETL/20200727/ETL_01_BUILD/portal inmobiliario/ceros.txt
2020-07-31 22:24:45: ETL_02_CLEAN Start: 2020-07-31 22:24:45.529948
2020-07-31 22:24:45: Processing Source: D:/Reference/housemodel/data/ETL/T/python/20200727/ETL_01_BUILD/portal inmobiliario.csv
2020-07-31 22:24:46: ETL_02_CLEAN End: 2020-07-31 22:24:46.846429
2020-07-31 22:24:46: ETL_02_CLEAN Total Execution Time: 1.3164808750152588
2020-07-31 22:24:46: ETL_02_CLEAN Creating stats files for portal inmobiliario
2020-07-31 22:24:46: 	Info:		D:/Reference/housemodel/stats/ETL/20200727/ETL_02_CLEAN/portal inmobiliario/info.txt
2020-07-31 22:24:46: 	Describe:	D:/Reference/housemodel/stats/ETL/20200727/ETL_02_CLEAN/portal inmobiliario/describe.csv
2020-07-31 22:24:46: 	Nulls:		D:/Reference/housemodel/stats/ETL/20200727/ETL_02_CLEAN/portal inmobiliario/nulls.txt
2020-07-31 22:24:46: 	Ceros:		D:/Reference/housemodel/stats/ETL/20200727/ETL_02_CLEAN/portal inmobiliario/ceros.txt
2020-07-31 22:24:46: ETL_03_FORMAT Start: 2020-07-31 22:24:46.932199
2020-07-31 22:24:46: Processing Source: D:/Reference/housemodel/data/ETL/T/python/20200727/ETL_02_CLEAN/portal inmobiliario.csv
2020-07-31 22:24:47: ETL_03_FORMAT End: 2020-07-31 22:24:47.022004
2020-07-31 22:24:47: ETL_03_FORMAT Total Execution Time: 0.08980441093444824
2020-07-31 22:24:47: ETL_03_FORMAT Creating stats files for portal inmobiliario
2020-07-31 22:24:47: 	Info:		D:/Reference/housemodel/stats/ETL/20200727/ETL_03_FORMAT/portal inmobiliario/info.txt
2020-07-31 22:24:47: 	Describe:	D:/Reference/housemodel/stats/ETL/20200727/ETL_03_FORMAT/portal inmobiliario/describe.csv
2020-07-31 22:24:47: 	Nulls:		D:/Reference/housemodel/stats/ETL/20200727/ETL_03_FORMAT/portal inmobiliario/nulls.txt
2020-07-31 22:24:47: 	Ceros:		D:/Reference/housemodel/stats/ETL/20200727/ETL_03_FORMAT/portal inmobiliario/ceros.txt
2020-07-31 22:24:47: ETL_04_FILL Start: 2020-07-31 22:24:47.109726
2020-07-31 22:24:47: Processing Source: D:/Reference/housemodel/data/ETL/T/python/20200727/ETL_03_FORMAT/portal inmobiliario.csv
2020-07-31 22:24:47: ETL_04_FILL End: 2020-07-31 22:24:47.159623
2020-07-31 22:24:47: ETL_04_FILL Total Execution Time: 0.04989767074584961
2020-07-31 22:24:47: ETL_04_FILL Creating stats files for portal inmobiliario
2020-07-31 22:24:47: 	Info:		D:/Reference/housemodel/stats/ETL/20200727/ETL_04_FILL/portal inmobiliario/info.txt
2020-07-31 22:24:47: 	Describe:	D:/Reference/housemodel/stats/ETL/20200727/ETL_04_FILL/portal inmobiliario/describe.csv
2020-07-31 22:24:47: 	Nulls:		D:/Reference/housemodel/stats/ETL/20200727/ETL_04_FILL/portal inmobiliario/nulls.txt
2020-07-31 22:24:47: 	Ceros:		D:/Reference/housemodel/stats/ETL/20200727/ETL_04_FILL/portal inmobiliario/ceros.txt
2020-07-31 22:24:47: ETL_05_FEATURE_ENG Start: 2020-07-31 22:24:47.245363
2020-07-31 22:24:47: Processing Source: D:/Reference/housemodel/data/ETL/T/python/20200727/ETL_04_FILL/portal inmobiliario.csv
2020-07-31 22:24:55: ETL_05_FEATURE_ENG End: 2020-07-31 22:24:55.234034
2020-07-31 22:24:55: ETL_05_FEATURE_ENG Total Execution Time: 7.988670825958252
2020-07-31 22:24:55: ETL_05_FEATURE_ENG Creating stats files for portal inmobiliario
2020-07-31 22:24:55: 	Info:		D:/Reference/housemodel/stats/ETL/20200727/ETL_05_FEATURE_ENG/portal inmobiliario/info.txt
2020-07-31 22:24:55: 	Describe:	D:/Reference/housemodel/stats/ETL/20200727/ETL_05_FEATURE_ENG/portal inmobiliario/describe.csv
2020-07-31 22:24:55: 	Nulls:		D:/Reference/housemodel/stats/ETL/20200727/ETL_05_FEATURE_ENG/portal inmobiliario/nulls.txt
2020-07-31 22:24:55: 	Ceros:		D:/Reference/housemodel/stats/ETL/20200727/ETL_05_FEATURE_ENG/portal inmobiliario/ceros.txt
2020-07-31 22:24:55: ETL_06_LOAD Start: 2020-07-31 22:24:55.339499
2020-07-31 22:24:55: Connection Open OK
2020-07-31 22:24:55: houses_v2 table Exists
2020-07-31 22:24:55: Processing Source: D:/Reference/housemodel/data/ETL/T/python/20200727/ETL_05_FEATURE_ENG/portal inmobiliario.csv
2020-07-31 22:24:55: loadCsv input: D:/Reference/housemodel/data/ETL/T/python/20200727/ETL_05_FEATURE_ENG/portal inmobiliario.csv
2020-07-31 22:25:03: updateSnap executing:  
    UPDATE houses_v2 
    SET "UPDATED_DT"=NOW(), "STAGE"='out' 
    WHERE "LINK" IN 
      ( SELECT A."LINK"
        FROM      (SELECT * FROM houses_v2 WHERE "SNAP_DT" < 20200727) A
        LEFT JOIN (SELECT * FROM houses_v2 WHERE "SNAP_DT" = 20200727) B
        ON A."LINK" = B."LINK"
        WHERE b IS NULL);
2020-07-31 22:25:03: Connection Closed OK
2020-07-31 22:25:03: ETL_06_LOAD End: 2020-07-31 22:25:03.903671
2020-07-31 22:25:03: ETL_06_LOAD Total Execution Time: 8.56417179107666
2020-07-31 22:25:03: Processing Snapshot: 20200728
2020-07-31 22:25:03: ETL_00_COLLECT Start: 2020-07-31 22:25:03.909669
2020-07-31 22:25:03: Processing Source: portal inmobiliario
2020-07-31 22:25:05: ETL_00_COLLECT Output Files: D:/Reference/housemodel/data/ETL/T/python/20200728/ETL_00_COLLECT/portal inmobiliario.csv
2020-07-31 22:25:05: ETL_00_COLLECT End: 2020-07-31 22:25:05.631814
2020-07-31 22:25:05: ETL_00_COLLECT Total Execution Time: 1.7221450805664062
2020-07-31 22:25:05: ETL_00_COLLECT Creating stats files for portal inmobiliario
2020-07-31 22:25:05: 	Info:		D:/Reference/housemodel/stats/ETL/20200728/ETL_00_COLLECT/portal inmobiliario/info.txt
2020-07-31 22:25:05: 	Describe:	D:/Reference/housemodel/stats/ETL/20200728/ETL_00_COLLECT/portal inmobiliario/describe.csv
2020-07-31 22:25:05: 	Nulls:		D:/Reference/housemodel/stats/ETL/20200728/ETL_00_COLLECT/portal inmobiliario/nulls.txt
2020-07-31 22:25:05: 	Ceros:		D:/Reference/housemodel/stats/ETL/20200728/ETL_00_COLLECT/portal inmobiliario/ceros.txt
2020-07-31 22:25:05: ETL_01_BUILD Start: 2020-07-31 22:25:05.802313
2020-07-31 22:25:05: Processing Source: D:/Reference/housemodel/data/ETL/T/python/20200728/ETL_00_COLLECT/portal inmobiliario.csv
2020-07-31 22:25:07: ETL_01_BUILD End: 2020-07-31 22:25:07.749083
2020-07-31 22:25:07: ETL_01_BUILD Total Execution Time: 1.9467699527740479
2020-07-31 22:25:07: ETL_01_BUILD Creating stats files for portal inmobiliario
2020-07-31 22:25:07: 	Info:		D:/Reference/housemodel/stats/ETL/20200728/ETL_01_BUILD/portal inmobiliario/info.txt
2020-07-31 22:25:07: 	Describe:	D:/Reference/housemodel/stats/ETL/20200728/ETL_01_BUILD/portal inmobiliario/describe.csv
2020-07-31 22:25:07: 	Nulls:		D:/Reference/housemodel/stats/ETL/20200728/ETL_01_BUILD/portal inmobiliario/nulls.txt
2020-07-31 22:25:07: 	Ceros:		D:/Reference/housemodel/stats/ETL/20200728/ETL_01_BUILD/portal inmobiliario/ceros.txt
2020-07-31 22:25:07: ETL_02_CLEAN Start: 2020-07-31 22:25:07.856872
2020-07-31 22:25:07: Processing Source: D:/Reference/housemodel/data/ETL/T/python/20200728/ETL_01_BUILD/portal inmobiliario.csv
2020-07-31 22:25:09: ETL_02_CLEAN End: 2020-07-31 22:25:09.212342
2020-07-31 22:25:09: ETL_02_CLEAN Total Execution Time: 1.3554697036743164
2020-07-31 22:25:09: ETL_02_CLEAN Creating stats files for portal inmobiliario
2020-07-31 22:25:09: 	Info:		D:/Reference/housemodel/stats/ETL/20200728/ETL_02_CLEAN/portal inmobiliario/info.txt
2020-07-31 22:25:09: 	Describe:	D:/Reference/housemodel/stats/ETL/20200728/ETL_02_CLEAN/portal inmobiliario/describe.csv
2020-07-31 22:25:09: 	Nulls:		D:/Reference/housemodel/stats/ETL/20200728/ETL_02_CLEAN/portal inmobiliario/nulls.txt
2020-07-31 22:25:09: 	Ceros:		D:/Reference/housemodel/stats/ETL/20200728/ETL_02_CLEAN/portal inmobiliario/ceros.txt
2020-07-31 22:25:09: ETL_03_FORMAT Start: 2020-07-31 22:25:09.317103
2020-07-31 22:25:09: Processing Source: D:/Reference/housemodel/data/ETL/T/python/20200728/ETL_02_CLEAN/portal inmobiliario.csv
2020-07-31 22:25:09: ETL_03_FORMAT End: 2020-07-31 22:25:09.400875
2020-07-31 22:25:09: ETL_03_FORMAT Total Execution Time: 0.08377218246459961
2020-07-31 22:25:09: ETL_03_FORMAT Creating stats files for portal inmobiliario
2020-07-31 22:25:09: 	Info:		D:/Reference/housemodel/stats/ETL/20200728/ETL_03_FORMAT/portal inmobiliario/info.txt
2020-07-31 22:25:09: 	Describe:	D:/Reference/housemodel/stats/ETL/20200728/ETL_03_FORMAT/portal inmobiliario/describe.csv
2020-07-31 22:25:09: 	Nulls:		D:/Reference/housemodel/stats/ETL/20200728/ETL_03_FORMAT/portal inmobiliario/nulls.txt
2020-07-31 22:25:09: 	Ceros:		D:/Reference/housemodel/stats/ETL/20200728/ETL_03_FORMAT/portal inmobiliario/ceros.txt
2020-07-31 22:25:09: ETL_04_FILL Start: 2020-07-31 22:25:09.483622
2020-07-31 22:25:09: Processing Source: D:/Reference/housemodel/data/ETL/T/python/20200728/ETL_03_FORMAT/portal inmobiliario.csv
2020-07-31 22:25:09: ETL_04_FILL End: 2020-07-31 22:25:09.540470
2020-07-31 22:25:09: ETL_04_FILL Total Execution Time: 0.05684804916381836
2020-07-31 22:25:09: ETL_04_FILL Creating stats files for portal inmobiliario
2020-07-31 22:25:09: 	Info:		D:/Reference/housemodel/stats/ETL/20200728/ETL_04_FILL/portal inmobiliario/info.txt
2020-07-31 22:25:09: 	Describe:	D:/Reference/housemodel/stats/ETL/20200728/ETL_04_FILL/portal inmobiliario/describe.csv
2020-07-31 22:25:09: 	Nulls:		D:/Reference/housemodel/stats/ETL/20200728/ETL_04_FILL/portal inmobiliario/nulls.txt
2020-07-31 22:25:09: 	Ceros:		D:/Reference/housemodel/stats/ETL/20200728/ETL_04_FILL/portal inmobiliario/ceros.txt
2020-07-31 22:25:09: ETL_05_FEATURE_ENG Start: 2020-07-31 22:25:09.627313
2020-07-31 22:25:09: Processing Source: D:/Reference/housemodel/data/ETL/T/python/20200728/ETL_04_FILL/portal inmobiliario.csv
2020-07-31 22:25:17: ETL_05_FEATURE_ENG End: 2020-07-31 22:25:17.645836
2020-07-31 22:25:17: ETL_05_FEATURE_ENG Total Execution Time: 8.018523216247559
2020-07-31 22:25:17: ETL_05_FEATURE_ENG Creating stats files for portal inmobiliario
2020-07-31 22:25:17: 	Info:		D:/Reference/housemodel/stats/ETL/20200728/ETL_05_FEATURE_ENG/portal inmobiliario/info.txt
2020-07-31 22:25:17: 	Describe:	D:/Reference/housemodel/stats/ETL/20200728/ETL_05_FEATURE_ENG/portal inmobiliario/describe.csv
2020-07-31 22:25:17: 	Nulls:		D:/Reference/housemodel/stats/ETL/20200728/ETL_05_FEATURE_ENG/portal inmobiliario/nulls.txt
2020-07-31 22:25:17: 	Ceros:		D:/Reference/housemodel/stats/ETL/20200728/ETL_05_FEATURE_ENG/portal inmobiliario/ceros.txt
2020-07-31 22:25:17: ETL_06_LOAD Start: 2020-07-31 22:25:17.766785
2020-07-31 22:25:17: Connection Open OK
2020-07-31 22:25:17: houses_v2 table Exists
2020-07-31 22:25:17: Processing Source: D:/Reference/housemodel/data/ETL/T/python/20200728/ETL_05_FEATURE_ENG/portal inmobiliario.csv
2020-07-31 22:25:17: loadCsv input: D:/Reference/housemodel/data/ETL/T/python/20200728/ETL_05_FEATURE_ENG/portal inmobiliario.csv
2020-07-31 22:25:25: updateSnap executing:  
    UPDATE houses_v2 
    SET "UPDATED_DT"=NOW(), "STAGE"='out' 
    WHERE "LINK" IN 
      ( SELECT A."LINK"
        FROM      (SELECT * FROM houses_v2 WHERE "SNAP_DT" < 20200728) A
        LEFT JOIN (SELECT * FROM houses_v2 WHERE "SNAP_DT" = 20200728) B
        ON A."LINK" = B."LINK"
        WHERE b IS NULL);
2020-07-31 22:25:25: Connection Closed OK
2020-07-31 22:25:25: ETL_06_LOAD End: 2020-07-31 22:25:25.937943
2020-07-31 22:25:25: ETL_06_LOAD Total Execution Time: 8.1711585521698
2020-07-31 22:25:25: Processing Snapshot: 20200729
2020-07-31 22:25:25: ETL_00_COLLECT Start: 2020-07-31 22:25:25.947884
2020-07-31 22:25:25: Processing Source: portal inmobiliario
2020-07-31 22:25:27: ETL_00_COLLECT Output Files: D:/Reference/housemodel/data/ETL/T/python/20200729/ETL_00_COLLECT/portal inmobiliario.csv
2020-07-31 22:25:27: ETL_00_COLLECT End: 2020-07-31 22:25:27.609778
2020-07-31 22:25:27: ETL_00_COLLECT Total Execution Time: 1.6618940830230713
2020-07-31 22:25:27: ETL_00_COLLECT Creating stats files for portal inmobiliario
2020-07-31 22:25:27: 	Info:		D:/Reference/housemodel/stats/ETL/20200729/ETL_00_COLLECT/portal inmobiliario/info.txt
2020-07-31 22:25:27: 	Describe:	D:/Reference/housemodel/stats/ETL/20200729/ETL_00_COLLECT/portal inmobiliario/describe.csv
2020-07-31 22:25:27: 	Nulls:		D:/Reference/housemodel/stats/ETL/20200729/ETL_00_COLLECT/portal inmobiliario/nulls.txt
2020-07-31 22:25:27: 	Ceros:		D:/Reference/housemodel/stats/ETL/20200729/ETL_00_COLLECT/portal inmobiliario/ceros.txt
2020-07-31 22:25:27: ETL_01_BUILD Start: 2020-07-31 22:25:27.736445
2020-07-31 22:25:27: Processing Source: D:/Reference/housemodel/data/ETL/T/python/20200729/ETL_00_COLLECT/portal inmobiliario.csv
2020-07-31 22:25:29: ETL_01_BUILD End: 2020-07-31 22:25:29.682612
2020-07-31 22:25:29: ETL_01_BUILD Total Execution Time: 1.946167230606079
2020-07-31 22:25:29: ETL_01_BUILD Creating stats files for portal inmobiliario
2020-07-31 22:25:29: 	Info:		D:/Reference/housemodel/stats/ETL/20200729/ETL_01_BUILD/portal inmobiliario/info.txt
2020-07-31 22:25:29: 	Describe:	D:/Reference/housemodel/stats/ETL/20200729/ETL_01_BUILD/portal inmobiliario/describe.csv
2020-07-31 22:25:29: 	Nulls:		D:/Reference/housemodel/stats/ETL/20200729/ETL_01_BUILD/portal inmobiliario/nulls.txt
2020-07-31 22:25:29: 	Ceros:		D:/Reference/housemodel/stats/ETL/20200729/ETL_01_BUILD/portal inmobiliario/ceros.txt
2020-07-31 22:25:29: ETL_02_CLEAN Start: 2020-07-31 22:25:29.769348
2020-07-31 22:25:29: Processing Source: D:/Reference/housemodel/data/ETL/T/python/20200729/ETL_01_BUILD/portal inmobiliario.csv
2020-07-31 22:25:31: ETL_02_CLEAN End: 2020-07-31 22:25:31.103780
2020-07-31 22:25:31: ETL_02_CLEAN Total Execution Time: 1.3344314098358154
2020-07-31 22:25:31: ETL_02_CLEAN Creating stats files for portal inmobiliario
2020-07-31 22:25:31: 	Info:		D:/Reference/housemodel/stats/ETL/20200729/ETL_02_CLEAN/portal inmobiliario/info.txt
2020-07-31 22:25:31: 	Describe:	D:/Reference/housemodel/stats/ETL/20200729/ETL_02_CLEAN/portal inmobiliario/describe.csv
2020-07-31 22:25:31: 	Nulls:		D:/Reference/housemodel/stats/ETL/20200729/ETL_02_CLEAN/portal inmobiliario/nulls.txt
2020-07-31 22:25:31: 	Ceros:		D:/Reference/housemodel/stats/ETL/20200729/ETL_02_CLEAN/portal inmobiliario/ceros.txt
2020-07-31 22:25:31: ETL_03_FORMAT Start: 2020-07-31 22:25:31.195226
2020-07-31 22:25:31: Processing Source: D:/Reference/housemodel/data/ETL/T/python/20200729/ETL_02_CLEAN/portal inmobiliario.csv
2020-07-31 22:25:31: ETL_03_FORMAT End: 2020-07-31 22:25:31.282991
2020-07-31 22:25:31: ETL_03_FORMAT Total Execution Time: 0.08776497840881348
2020-07-31 22:25:31: ETL_03_FORMAT Creating stats files for portal inmobiliario
2020-07-31 22:25:31: 	Info:		D:/Reference/housemodel/stats/ETL/20200729/ETL_03_FORMAT/portal inmobiliario/info.txt
2020-07-31 22:25:31: 	Describe:	D:/Reference/housemodel/stats/ETL/20200729/ETL_03_FORMAT/portal inmobiliario/describe.csv
2020-07-31 22:25:31: 	Nulls:		D:/Reference/housemodel/stats/ETL/20200729/ETL_03_FORMAT/portal inmobiliario/nulls.txt
2020-07-31 22:25:31: 	Ceros:		D:/Reference/housemodel/stats/ETL/20200729/ETL_03_FORMAT/portal inmobiliario/ceros.txt
2020-07-31 22:25:31: ETL_04_FILL Start: 2020-07-31 22:25:31.365569
2020-07-31 22:25:31: Processing Source: D:/Reference/housemodel/data/ETL/T/python/20200729/ETL_03_FORMAT/portal inmobiliario.csv
2020-07-31 22:25:31: ETL_04_FILL End: 2020-07-31 22:25:31.415468
2020-07-31 22:25:31: ETL_04_FILL Total Execution Time: 0.04989886283874512
2020-07-31 22:25:31: ETL_04_FILL Creating stats files for portal inmobiliario
2020-07-31 22:25:31: 	Info:		D:/Reference/housemodel/stats/ETL/20200729/ETL_04_FILL/portal inmobiliario/info.txt
2020-07-31 22:25:31: 	Describe:	D:/Reference/housemodel/stats/ETL/20200729/ETL_04_FILL/portal inmobiliario/describe.csv
2020-07-31 22:25:31: 	Nulls:		D:/Reference/housemodel/stats/ETL/20200729/ETL_04_FILL/portal inmobiliario/nulls.txt
2020-07-31 22:25:31: 	Ceros:		D:/Reference/housemodel/stats/ETL/20200729/ETL_04_FILL/portal inmobiliario/ceros.txt
2020-07-31 22:25:31: ETL_05_FEATURE_ENG Start: 2020-07-31 22:25:31.500208
2020-07-31 22:25:31: Processing Source: D:/Reference/housemodel/data/ETL/T/python/20200729/ETL_04_FILL/portal inmobiliario.csv
2020-07-31 22:25:39: ETL_05_FEATURE_ENG End: 2020-07-31 22:25:39.626515
2020-07-31 22:25:39: ETL_05_FEATURE_ENG Total Execution Time: 8.126306295394897
2020-07-31 22:25:39: ETL_05_FEATURE_ENG Creating stats files for portal inmobiliario
2020-07-31 22:25:39: 	Info:		D:/Reference/housemodel/stats/ETL/20200729/ETL_05_FEATURE_ENG/portal inmobiliario/info.txt
2020-07-31 22:25:39: 	Describe:	D:/Reference/housemodel/stats/ETL/20200729/ETL_05_FEATURE_ENG/portal inmobiliario/describe.csv
2020-07-31 22:25:39: 	Nulls:		D:/Reference/housemodel/stats/ETL/20200729/ETL_05_FEATURE_ENG/portal inmobiliario/nulls.txt
2020-07-31 22:25:39: 	Ceros:		D:/Reference/housemodel/stats/ETL/20200729/ETL_05_FEATURE_ENG/portal inmobiliario/ceros.txt
2020-07-31 22:25:39: ETL_06_LOAD Start: 2020-07-31 22:25:39.731648
2020-07-31 22:25:39: Connection Open OK
2020-07-31 22:25:39: houses_v2 table Exists
2020-07-31 22:25:39: Processing Source: D:/Reference/housemodel/data/ETL/T/python/20200729/ETL_05_FEATURE_ENG/portal inmobiliario.csv
2020-07-31 22:25:39: loadCsv input: D:/Reference/housemodel/data/ETL/T/python/20200729/ETL_05_FEATURE_ENG/portal inmobiliario.csv
2020-07-31 22:25:47: updateSnap executing:  
    UPDATE houses_v2 
    SET "UPDATED_DT"=NOW(), "STAGE"='out' 
    WHERE "LINK" IN 
      ( SELECT A."LINK"
        FROM      (SELECT * FROM houses_v2 WHERE "SNAP_DT" < 20200729) A
        LEFT JOIN (SELECT * FROM houses_v2 WHERE "SNAP_DT" = 20200729) B
        ON A."LINK" = B."LINK"
        WHERE b IS NULL);
2020-07-31 22:25:47: Connection Closed OK
2020-07-31 22:25:47: ETL_06_LOAD End: 2020-07-31 22:25:47.860330
2020-07-31 22:25:47: ETL_06_LOAD Total Execution Time: 8.128681898117065
2020-07-31 22:25:47: Processing Snapshot: 20200730
2020-07-31 22:25:47: ETL_00_COLLECT Start: 2020-07-31 22:25:47.866314
2020-07-31 22:25:47: Processing Source: portal inmobiliario
2020-07-31 22:25:49: ETL_00_COLLECT Output Files: D:/Reference/housemodel/data/ETL/T/python/20200730/ETL_00_COLLECT/portal inmobiliario.csv
2020-07-31 22:25:49: ETL_00_COLLECT End: 2020-07-31 22:25:49.397700
2020-07-31 22:25:49: ETL_00_COLLECT Total Execution Time: 1.5313851833343506
2020-07-31 22:25:49: ETL_00_COLLECT Creating stats files for portal inmobiliario
2020-07-31 22:25:49: 	Info:		D:/Reference/housemodel/stats/ETL/20200730/ETL_00_COLLECT/portal inmobiliario/info.txt
2020-07-31 22:25:49: 	Describe:	D:/Reference/housemodel/stats/ETL/20200730/ETL_00_COLLECT/portal inmobiliario/describe.csv
2020-07-31 22:25:49: 	Nulls:		D:/Reference/housemodel/stats/ETL/20200730/ETL_00_COLLECT/portal inmobiliario/nulls.txt
2020-07-31 22:25:49: 	Ceros:		D:/Reference/housemodel/stats/ETL/20200730/ETL_00_COLLECT/portal inmobiliario/ceros.txt
2020-07-31 22:25:49: ETL_01_BUILD Start: 2020-07-31 22:25:49.525361
2020-07-31 22:25:49: Processing Source: D:/Reference/housemodel/data/ETL/T/python/20200730/ETL_00_COLLECT/portal inmobiliario.csv
2020-07-31 22:25:51: ETL_01_BUILD End: 2020-07-31 22:25:51.608757
2020-07-31 22:25:51: ETL_01_BUILD Total Execution Time: 2.0833957195281982
2020-07-31 22:25:51: ETL_01_BUILD Creating stats files for portal inmobiliario
2020-07-31 22:25:51: 	Info:		D:/Reference/housemodel/stats/ETL/20200730/ETL_01_BUILD/portal inmobiliario/info.txt
2020-07-31 22:25:51: 	Describe:	D:/Reference/housemodel/stats/ETL/20200730/ETL_01_BUILD/portal inmobiliario/describe.csv
2020-07-31 22:25:51: 	Nulls:		D:/Reference/housemodel/stats/ETL/20200730/ETL_01_BUILD/portal inmobiliario/nulls.txt
2020-07-31 22:25:51: 	Ceros:		D:/Reference/housemodel/stats/ETL/20200730/ETL_01_BUILD/portal inmobiliario/ceros.txt
2020-07-31 22:25:51: ETL_02_CLEAN Start: 2020-07-31 22:25:51.696521
2020-07-31 22:25:51: Processing Source: D:/Reference/housemodel/data/ETL/T/python/20200730/ETL_01_BUILD/portal inmobiliario.csv
2020-07-31 22:25:53: ETL_02_CLEAN End: 2020-07-31 22:25:53.037934
2020-07-31 22:25:53: ETL_02_CLEAN Total Execution Time: 1.3414132595062256
2020-07-31 22:25:53: ETL_02_CLEAN Creating stats files for portal inmobiliario
2020-07-31 22:25:53: 	Info:		D:/Reference/housemodel/stats/ETL/20200730/ETL_02_CLEAN/portal inmobiliario/info.txt
2020-07-31 22:25:53: 	Describe:	D:/Reference/housemodel/stats/ETL/20200730/ETL_02_CLEAN/portal inmobiliario/describe.csv
2020-07-31 22:25:53: 	Nulls:		D:/Reference/housemodel/stats/ETL/20200730/ETL_02_CLEAN/portal inmobiliario/nulls.txt
2020-07-31 22:25:53: 	Ceros:		D:/Reference/housemodel/stats/ETL/20200730/ETL_02_CLEAN/portal inmobiliario/ceros.txt
2020-07-31 22:25:53: ETL_03_FORMAT Start: 2020-07-31 22:25:53.148639
2020-07-31 22:25:53: Processing Source: D:/Reference/housemodel/data/ETL/T/python/20200730/ETL_02_CLEAN/portal inmobiliario.csv
2020-07-31 22:25:53: ETL_03_FORMAT End: 2020-07-31 22:25:53.239396
2020-07-31 22:25:53: ETL_03_FORMAT Total Execution Time: 0.09075689315795898
2020-07-31 22:25:53: ETL_03_FORMAT Creating stats files for portal inmobiliario
2020-07-31 22:25:53: 	Info:		D:/Reference/housemodel/stats/ETL/20200730/ETL_03_FORMAT/portal inmobiliario/info.txt
2020-07-31 22:25:53: 	Describe:	D:/Reference/housemodel/stats/ETL/20200730/ETL_03_FORMAT/portal inmobiliario/describe.csv
2020-07-31 22:25:53: 	Nulls:		D:/Reference/housemodel/stats/ETL/20200730/ETL_03_FORMAT/portal inmobiliario/nulls.txt
2020-07-31 22:25:53: 	Ceros:		D:/Reference/housemodel/stats/ETL/20200730/ETL_03_FORMAT/portal inmobiliario/ceros.txt
2020-07-31 22:25:53: ETL_04_FILL Start: 2020-07-31 22:25:53.326164
2020-07-31 22:25:53: Processing Source: D:/Reference/housemodel/data/ETL/T/python/20200730/ETL_03_FORMAT/portal inmobiliario.csv
2020-07-31 22:25:53: ETL_04_FILL End: 2020-07-31 22:25:53.375064
2020-07-31 22:25:53: ETL_04_FILL Total Execution Time: 0.048900604248046875
2020-07-31 22:25:53: ETL_04_FILL Creating stats files for portal inmobiliario
2020-07-31 22:25:53: 	Info:		D:/Reference/housemodel/stats/ETL/20200730/ETL_04_FILL/portal inmobiliario/info.txt
2020-07-31 22:25:53: 	Describe:	D:/Reference/housemodel/stats/ETL/20200730/ETL_04_FILL/portal inmobiliario/describe.csv
2020-07-31 22:25:53: 	Nulls:		D:/Reference/housemodel/stats/ETL/20200730/ETL_04_FILL/portal inmobiliario/nulls.txt
2020-07-31 22:25:53: 	Ceros:		D:/Reference/housemodel/stats/ETL/20200730/ETL_04_FILL/portal inmobiliario/ceros.txt
2020-07-31 22:25:53: ETL_05_FEATURE_ENG Start: 2020-07-31 22:25:53.460803
2020-07-31 22:25:53: Processing Source: D:/Reference/housemodel/data/ETL/T/python/20200730/ETL_04_FILL/portal inmobiliario.csv
2020-07-31 22:26:01: ETL_05_FEATURE_ENG End: 2020-07-31 22:26:01.568160
2020-07-31 22:26:01: ETL_05_FEATURE_ENG Total Execution Time: 8.107356548309326
2020-07-31 22:26:01: ETL_05_FEATURE_ENG Creating stats files for portal inmobiliario
2020-07-31 22:26:01: 	Info:		D:/Reference/housemodel/stats/ETL/20200730/ETL_05_FEATURE_ENG/portal inmobiliario/info.txt
2020-07-31 22:26:01: 	Describe:	D:/Reference/housemodel/stats/ETL/20200730/ETL_05_FEATURE_ENG/portal inmobiliario/describe.csv
2020-07-31 22:26:01: 	Nulls:		D:/Reference/housemodel/stats/ETL/20200730/ETL_05_FEATURE_ENG/portal inmobiliario/nulls.txt
2020-07-31 22:26:01: 	Ceros:		D:/Reference/housemodel/stats/ETL/20200730/ETL_05_FEATURE_ENG/portal inmobiliario/ceros.txt
2020-07-31 22:26:01: ETL_06_LOAD Start: 2020-07-31 22:26:01.672856
2020-07-31 22:26:01: Connection Open OK
2020-07-31 22:26:01: houses_v2 table Exists
2020-07-31 22:26:01: Processing Source: D:/Reference/housemodel/data/ETL/T/python/20200730/ETL_05_FEATURE_ENG/portal inmobiliario.csv
2020-07-31 22:26:01: loadCsv input: D:/Reference/housemodel/data/ETL/T/python/20200730/ETL_05_FEATURE_ENG/portal inmobiliario.csv
2020-07-31 22:26:09: updateSnap executing:  
    UPDATE houses_v2 
    SET "UPDATED_DT"=NOW(), "STAGE"='out' 
    WHERE "LINK" IN 
      ( SELECT A."LINK"
        FROM      (SELECT * FROM houses_v2 WHERE "SNAP_DT" < 20200730) A
        LEFT JOIN (SELECT * FROM houses_v2 WHERE "SNAP_DT" = 20200730) B
        ON A."LINK" = B."LINK"
        WHERE b IS NULL);
2020-07-31 22:26:10: Connection Closed OK
2020-07-31 22:26:10: ETL_06_LOAD End: 2020-07-31 22:26:10.258572
2020-07-31 22:26:10: ETL_06_LOAD Total Execution Time: 8.585715532302856
2020-07-31 22:26:10: Processing Snapshot: 20200731
2020-07-31 22:26:10: ETL_00_COLLECT Start: 2020-07-31 22:26:10.264553
2020-07-31 22:26:10: Processing Source: portal inmobiliario
2020-07-31 22:26:11: ETL_00_COLLECT Output Files: D:/Reference/housemodel/data/ETL/T/python/20200731/ETL_00_COLLECT/portal inmobiliario.csv
2020-07-31 22:26:11: ETL_00_COLLECT End: 2020-07-31 22:26:11.860282
2020-07-31 22:26:11: ETL_00_COLLECT Total Execution Time: 1.595729112625122
2020-07-31 22:26:11: ETL_00_COLLECT Creating stats files for portal inmobiliario
2020-07-31 22:26:11: 	Info:		D:/Reference/housemodel/stats/ETL/20200731/ETL_00_COLLECT/portal inmobiliario/info.txt
2020-07-31 22:26:11: 	Describe:	D:/Reference/housemodel/stats/ETL/20200731/ETL_00_COLLECT/portal inmobiliario/describe.csv
2020-07-31 22:26:11: 	Nulls:		D:/Reference/housemodel/stats/ETL/20200731/ETL_00_COLLECT/portal inmobiliario/nulls.txt
2020-07-31 22:26:11: 	Ceros:		D:/Reference/housemodel/stats/ETL/20200731/ETL_00_COLLECT/portal inmobiliario/ceros.txt
2020-07-31 22:26:11: ETL_01_BUILD Start: 2020-07-31 22:26:11.984994
2020-07-31 22:26:11: Processing Source: D:/Reference/housemodel/data/ETL/T/python/20200731/ETL_00_COLLECT/portal inmobiliario.csv
2020-07-31 22:26:13: ETL_01_BUILD End: 2020-07-31 22:26:13.942652
2020-07-31 22:26:13: ETL_01_BUILD Total Execution Time: 1.9576570987701416
2020-07-31 22:26:13: ETL_01_BUILD Creating stats files for portal inmobiliario
2020-07-31 22:26:13: 	Info:		D:/Reference/housemodel/stats/ETL/20200731/ETL_01_BUILD/portal inmobiliario/info.txt
2020-07-31 22:26:14: 	Describe:	D:/Reference/housemodel/stats/ETL/20200731/ETL_01_BUILD/portal inmobiliario/describe.csv
2020-07-31 22:26:14: 	Nulls:		D:/Reference/housemodel/stats/ETL/20200731/ETL_01_BUILD/portal inmobiliario/nulls.txt
2020-07-31 22:26:14: 	Ceros:		D:/Reference/housemodel/stats/ETL/20200731/ETL_01_BUILD/portal inmobiliario/ceros.txt
2020-07-31 22:26:14: ETL_02_CLEAN Start: 2020-07-31 22:26:14.029901
2020-07-31 22:26:14: Processing Source: D:/Reference/housemodel/data/ETL/T/python/20200731/ETL_01_BUILD/portal inmobiliario.csv
2020-07-31 22:26:15: ETL_02_CLEAN End: 2020-07-31 22:26:15.362370
2020-07-31 22:26:15: ETL_02_CLEAN Total Execution Time: 1.3324694633483887
2020-07-31 22:26:15: ETL_02_CLEAN Creating stats files for portal inmobiliario
2020-07-31 22:26:15: 	Info:		D:/Reference/housemodel/stats/ETL/20200731/ETL_02_CLEAN/portal inmobiliario/info.txt
2020-07-31 22:26:15: 	Describe:	D:/Reference/housemodel/stats/ETL/20200731/ETL_02_CLEAN/portal inmobiliario/describe.csv
2020-07-31 22:26:15: 	Nulls:		D:/Reference/housemodel/stats/ETL/20200731/ETL_02_CLEAN/portal inmobiliario/nulls.txt
2020-07-31 22:26:15: 	Ceros:		D:/Reference/housemodel/stats/ETL/20200731/ETL_02_CLEAN/portal inmobiliario/ceros.txt
2020-07-31 22:26:15: ETL_03_FORMAT Start: 2020-07-31 22:26:15.450102
2020-07-31 22:26:15: Processing Source: D:/Reference/housemodel/data/ETL/T/python/20200731/ETL_02_CLEAN/portal inmobiliario.csv
2020-07-31 22:26:15: ETL_03_FORMAT End: 2020-07-31 22:26:15.538908
2020-07-31 22:26:15: ETL_03_FORMAT Total Execution Time: 0.0888063907623291
2020-07-31 22:26:15: ETL_03_FORMAT Creating stats files for portal inmobiliario
2020-07-31 22:26:15: 	Info:		D:/Reference/housemodel/stats/ETL/20200731/ETL_03_FORMAT/portal inmobiliario/info.txt
2020-07-31 22:26:15: 	Describe:	D:/Reference/housemodel/stats/ETL/20200731/ETL_03_FORMAT/portal inmobiliario/describe.csv
2020-07-31 22:26:15: 	Nulls:		D:/Reference/housemodel/stats/ETL/20200731/ETL_03_FORMAT/portal inmobiliario/nulls.txt
2020-07-31 22:26:15: 	Ceros:		D:/Reference/housemodel/stats/ETL/20200731/ETL_03_FORMAT/portal inmobiliario/ceros.txt
2020-07-31 22:26:15: ETL_04_FILL Start: 2020-07-31 22:26:15.625633
2020-07-31 22:26:15: Processing Source: D:/Reference/housemodel/data/ETL/T/python/20200731/ETL_03_FORMAT/portal inmobiliario.csv
2020-07-31 22:26:15: ETL_04_FILL End: 2020-07-31 22:26:15.680531
2020-07-31 22:26:15: ETL_04_FILL Total Execution Time: 0.054898738861083984
2020-07-31 22:26:15: ETL_04_FILL Creating stats files for portal inmobiliario
2020-07-31 22:26:15: 	Info:		D:/Reference/housemodel/stats/ETL/20200731/ETL_04_FILL/portal inmobiliario/info.txt
2020-07-31 22:26:15: 	Describe:	D:/Reference/housemodel/stats/ETL/20200731/ETL_04_FILL/portal inmobiliario/describe.csv
2020-07-31 22:26:15: 	Nulls:		D:/Reference/housemodel/stats/ETL/20200731/ETL_04_FILL/portal inmobiliario/nulls.txt
2020-07-31 22:26:15: 	Ceros:		D:/Reference/housemodel/stats/ETL/20200731/ETL_04_FILL/portal inmobiliario/ceros.txt
2020-07-31 22:26:15: ETL_05_FEATURE_ENG Start: 2020-07-31 22:26:15.763265
2020-07-31 22:26:15: Processing Source: D:/Reference/housemodel/data/ETL/T/python/20200731/ETL_04_FILL/portal inmobiliario.csv
2020-07-31 22:26:23: ETL_05_FEATURE_ENG End: 2020-07-31 22:26:23.826705
2020-07-31 22:26:23: ETL_05_FEATURE_ENG Total Execution Time: 8.063440322875977
2020-07-31 22:26:23: ETL_05_FEATURE_ENG Creating stats files for portal inmobiliario
2020-07-31 22:26:23: 	Info:		D:/Reference/housemodel/stats/ETL/20200731/ETL_05_FEATURE_ENG/portal inmobiliario/info.txt
2020-07-31 22:26:23: 	Describe:	D:/Reference/housemodel/stats/ETL/20200731/ETL_05_FEATURE_ENG/portal inmobiliario/describe.csv
2020-07-31 22:26:23: 	Nulls:		D:/Reference/housemodel/stats/ETL/20200731/ETL_05_FEATURE_ENG/portal inmobiliario/nulls.txt
2020-07-31 22:26:23: 	Ceros:		D:/Reference/housemodel/stats/ETL/20200731/ETL_05_FEATURE_ENG/portal inmobiliario/ceros.txt
2020-07-31 22:26:23: ETL_06_LOAD Start: 2020-07-31 22:26:23.934417
2020-07-31 22:26:23: Connection Open OK
2020-07-31 22:26:23: houses_v2 table Exists
2020-07-31 22:26:23: Processing Source: D:/Reference/housemodel/data/ETL/T/python/20200731/ETL_05_FEATURE_ENG/portal inmobiliario.csv
2020-07-31 22:26:24: loadCsv input: D:/Reference/housemodel/data/ETL/T/python/20200731/ETL_05_FEATURE_ENG/portal inmobiliario.csv
2020-07-31 22:26:31: updateSnap executing:  
    UPDATE houses_v2 
    SET "UPDATED_DT"=NOW(), "STAGE"='out' 
    WHERE "LINK" IN 
      ( SELECT A."LINK"
        FROM      (SELECT * FROM houses_v2 WHERE "SNAP_DT" < 20200731) A
        LEFT JOIN (SELECT * FROM houses_v2 WHERE "SNAP_DT" = 20200731) B
        ON A."LINK" = B."LINK"
        WHERE b IS NULL);
2020-07-31 22:26:32: Connection Closed OK
2020-07-31 22:26:32: ETL_06_LOAD End: 2020-07-31 22:26:32.841395
2020-07-31 22:26:32: ETL_06_LOAD Total Execution Time: 8.906977891921997
2020-07-31 22:26:32: ETL End: 2020-07-31 22:26:32.842416
2020-07-31 22:26:32: ETL Total Execution Time: 110.9218156337738
