2020-07-31 22:21:53: ETL Start: 2020-07-31 22:21:53.850736
2020-07-31 22:21:53: Available Snapshots: 20200707 20200718 20200721 20200723 20200724 20200725 20200727 20200728 20200729 20200730 20200731
2020-07-31 22:21:53: Processing Snapshot: 20200727
2020-07-31 22:21:53: ETL_00_COLLECT Start: 2020-07-31 22:21:53.870379
2020-07-31 22:21:53: Processing Source: portal inmobiliario
2020-07-31 22:21:55: ETL_00_COLLECT Output Files: D:/Reference/housemodel/data/ETL/T/python/20200727/ETL_00_COLLECT/portal inmobiliario.csv
2020-07-31 22:21:55: ETL_00_COLLECT End: 2020-07-31 22:21:55.362356
2020-07-31 22:21:55: ETL_00_COLLECT Total Execution Time: 1.4919764995574951
2020-07-31 22:21:55: ETL_00_COLLECT Creating stats files for portal inmobiliario
2020-07-31 22:21:55: 	Info:		D:/Reference/housemodel/stats/ETL/20200727/ETL_00_COLLECT/portal inmobiliario/info.txt
2020-07-31 22:21:55: 	Describe:	D:/Reference/housemodel/stats/ETL/20200727/ETL_00_COLLECT/portal inmobiliario/describe.csv
2020-07-31 22:21:55: 	Nulls:		D:/Reference/housemodel/stats/ETL/20200727/ETL_00_COLLECT/portal inmobiliario/nulls.txt
2020-07-31 22:21:55: 	Ceros:		D:/Reference/housemodel/stats/ETL/20200727/ETL_00_COLLECT/portal inmobiliario/ceros.txt
2020-07-31 22:21:55: ETL_01_BUILD Start: 2020-07-31 22:21:55.509072
2020-07-31 22:21:55: Processing Source: D:/Reference/housemodel/data/ETL/T/python/20200727/ETL_00_COLLECT/portal inmobiliario.csv
2020-07-31 22:21:57: ETL_01_BUILD End: 2020-07-31 22:21:57.462198
2020-07-31 22:21:57: ETL_01_BUILD Total Execution Time: 1.9531261920928955
2020-07-31 22:21:57: ETL_01_BUILD Creating stats files for portal inmobiliario
2020-07-31 22:21:57: 	Info:		D:/Reference/housemodel/stats/ETL/20200727/ETL_01_BUILD/portal inmobiliario/info.txt
2020-07-31 22:21:57: 	Describe:	D:/Reference/housemodel/stats/ETL/20200727/ETL_01_BUILD/portal inmobiliario/describe.csv
2020-07-31 22:21:57: 	Nulls:		D:/Reference/housemodel/stats/ETL/20200727/ETL_01_BUILD/portal inmobiliario/nulls.txt
2020-07-31 22:21:57: 	Ceros:		D:/Reference/housemodel/stats/ETL/20200727/ETL_01_BUILD/portal inmobiliario/ceros.txt
2020-07-31 22:21:57: ETL_02_CLEAN Start: 2020-07-31 22:21:57.580810
2020-07-31 22:21:57: Processing Source: D:/Reference/housemodel/data/ETL/T/python/20200727/ETL_01_BUILD/portal inmobiliario.csv
2020-07-31 22:21:58: ETL_02_CLEAN End: 2020-07-31 22:21:58.990351
2020-07-31 22:21:58: ETL_02_CLEAN Total Execution Time: 1.409541130065918
2020-07-31 22:21:59: ETL_02_CLEAN Creating stats files for portal inmobiliario
2020-07-31 22:21:59: 	Info:		D:/Reference/housemodel/stats/ETL/20200727/ETL_02_CLEAN/portal inmobiliario/info.txt
2020-07-31 22:21:59: 	Describe:	D:/Reference/housemodel/stats/ETL/20200727/ETL_02_CLEAN/portal inmobiliario/describe.csv
2020-07-31 22:21:59: 	Nulls:		D:/Reference/housemodel/stats/ETL/20200727/ETL_02_CLEAN/portal inmobiliario/nulls.txt
2020-07-31 22:21:59: 	Ceros:		D:/Reference/housemodel/stats/ETL/20200727/ETL_02_CLEAN/portal inmobiliario/ceros.txt
2020-07-31 22:21:59: ETL_03_FORMAT Start: 2020-07-31 22:21:59.098027
2020-07-31 22:21:59: Processing Source: D:/Reference/housemodel/data/ETL/T/python/20200727/ETL_02_CLEAN/portal inmobiliario.csv
2020-07-31 22:21:59: ETL_03_FORMAT End: 2020-07-31 22:21:59.180796
2020-07-31 22:21:59: ETL_03_FORMAT Total Execution Time: 0.08276939392089844
2020-07-31 22:21:59: ETL_03_FORMAT Creating stats files for portal inmobiliario
2020-07-31 22:21:59: 	Info:		D:/Reference/housemodel/stats/ETL/20200727/ETL_03_FORMAT/portal inmobiliario/info.txt
2020-07-31 22:21:59: 	Describe:	D:/Reference/housemodel/stats/ETL/20200727/ETL_03_FORMAT/portal inmobiliario/describe.csv
2020-07-31 22:21:59: 	Nulls:		D:/Reference/housemodel/stats/ETL/20200727/ETL_03_FORMAT/portal inmobiliario/nulls.txt
2020-07-31 22:21:59: 	Ceros:		D:/Reference/housemodel/stats/ETL/20200727/ETL_03_FORMAT/portal inmobiliario/ceros.txt
2020-07-31 22:21:59: ETL_04_FILL Start: 2020-07-31 22:21:59.288692
2020-07-31 22:21:59: Processing Source: D:/Reference/housemodel/data/ETL/T/python/20200727/ETL_03_FORMAT/portal inmobiliario.csv
2020-07-31 22:21:59: ETL_04_FILL End: 2020-07-31 22:21:59.339596
2020-07-31 22:21:59: ETL_04_FILL Total Execution Time: 0.0509035587310791
2020-07-31 22:21:59: ETL_04_FILL Creating stats files for portal inmobiliario
2020-07-31 22:21:59: 	Info:		D:/Reference/housemodel/stats/ETL/20200727/ETL_04_FILL/portal inmobiliario/info.txt
2020-07-31 22:21:59: 	Describe:	D:/Reference/housemodel/stats/ETL/20200727/ETL_04_FILL/portal inmobiliario/describe.csv
2020-07-31 22:21:59: 	Nulls:		D:/Reference/housemodel/stats/ETL/20200727/ETL_04_FILL/portal inmobiliario/nulls.txt
2020-07-31 22:21:59: 	Ceros:		D:/Reference/housemodel/stats/ETL/20200727/ETL_04_FILL/portal inmobiliario/ceros.txt
2020-07-31 22:21:59: ETL_05_FEATURE_ENG Start: 2020-07-31 22:21:59.448424
2020-07-31 22:21:59: Processing Source: D:/Reference/housemodel/data/ETL/T/python/20200727/ETL_04_FILL/portal inmobiliario.csv
2020-07-31 22:22:07: ETL_05_FEATURE_ENG End: 2020-07-31 22:22:07.733764
2020-07-31 22:22:07: ETL_05_FEATURE_ENG Total Execution Time: 8.285339593887329
2020-07-31 22:22:07: ETL_05_FEATURE_ENG Creating stats files for portal inmobiliario
2020-07-31 22:22:07: 	Info:		D:/Reference/housemodel/stats/ETL/20200727/ETL_05_FEATURE_ENG/portal inmobiliario/info.txt
2020-07-31 22:22:07: 	Describe:	D:/Reference/housemodel/stats/ETL/20200727/ETL_05_FEATURE_ENG/portal inmobiliario/describe.csv
2020-07-31 22:22:07: 	Nulls:		D:/Reference/housemodel/stats/ETL/20200727/ETL_05_FEATURE_ENG/portal inmobiliario/nulls.txt
2020-07-31 22:22:07: 	Ceros:		D:/Reference/housemodel/stats/ETL/20200727/ETL_05_FEATURE_ENG/portal inmobiliario/ceros.txt
2020-07-31 22:22:07: ETL_06_LOAD Start: 2020-07-31 22:22:07.885195
2020-07-31 22:22:08: Connection Open OK
2020-07-31 22:22:08: houses_v2 table Exists
2020-07-31 22:22:08: Processing Source: D:/Reference/housemodel/data/ETL/T/python/20200727/ETL_05_FEATURE_ENG/portal inmobiliario.csv
2020-07-31 22:22:08: loadCsv input: D:/Reference/housemodel/data/ETL/T/python/20200727/ETL_05_FEATURE_ENG/portal inmobiliario.csv
2020-07-31 22:22:09: Execution OK.
2020-07-31 22:22:09: Execution OK.
2020-07-31 22:22:09: Execution OK.
2020-07-31 22:22:09: Execution OK.
2020-07-31 22:22:09: Execution OK.
2020-07-31 22:22:09: Execution OK.
2020-07-31 22:22:09: Execution OK.
2020-07-31 22:22:09: Execution OK.
2020-07-31 22:22:09: Execution OK.
2020-07-31 22:22:09: Execution OK.
2020-07-31 22:22:09: Execution OK.
2020-07-31 22:22:09: Execution OK.
2020-07-31 22:22:09: Execution OK.
2020-07-31 22:22:09: Execution OK.
2020-07-31 22:22:09: Execution OK.
2020-07-31 22:22:09: Execution OK.
2020-07-31 22:22:09: Execution OK.
2020-07-31 22:22:09: Execution OK.
2020-07-31 22:22:09: Execution OK.
2020-07-31 22:22:09: Execution OK.
2020-07-31 22:22:09: Execution OK.
2020-07-31 22:22:09: Execution OK.
2020-07-31 22:22:09: Execution OK.
2020-07-31 22:22:09: Execution OK.
2020-07-31 22:22:09: Execution OK.
2020-07-31 22:22:09: Execution OK.
2020-07-31 22:22:09: Execution OK.
2020-07-31 22:22:09: Execution OK.
2020-07-31 22:22:09: Execution OK.
2020-07-31 22:22:09: Execution OK.
2020-07-31 22:22:09: Execution OK.
2020-07-31 22:22:09: Execution OK.
2020-07-31 22:22:09: Execution OK.
2020-07-31 22:22:09: Execution OK.
2020-07-31 22:22:09: Execution OK.
2020-07-31 22:22:09: Execution OK.
2020-07-31 22:22:09: Execution OK.
2020-07-31 22:22:09: Execution OK.
2020-07-31 22:22:09: Execution OK.
2020-07-31 22:22:09: Execution OK.
2020-07-31 22:22:09: Execution OK.
2020-07-31 22:22:09: Execution OK.
2020-07-31 22:22:09: Execution OK.
2020-07-31 22:22:09: Execution OK.
2020-07-31 22:22:09: Execution OK.
2020-07-31 22:22:09: Execution OK.
2020-07-31 22:22:09: Execution OK.
2020-07-31 22:22:09: Execution OK.
2020-07-31 22:22:09: Execution OK.
2020-07-31 22:22:09: Execution OK.
2020-07-31 22:22:09: Execution OK.
2020-07-31 22:22:09: Execution OK.
2020-07-31 22:22:09: Execution OK.
2020-07-31 22:22:09: Execution OK.
2020-07-31 22:22:09: Execution OK.
2020-07-31 22:22:09: Execution OK.
2020-07-31 22:22:09: Execution OK.
2020-07-31 22:22:09: Execution OK.
2020-07-31 22:22:09: Execution OK.
2020-07-31 22:22:09: Execution OK.
2020-07-31 22:22:09: Execution OK.
2020-07-31 22:22:09: Execution OK.
2020-07-31 22:22:09: Execution OK.
2020-07-31 22:22:09: Execution OK.
2020-07-31 22:22:09: Execution OK.
2020-07-31 22:22:09: Execution OK.
2020-07-31 22:22:09: Execution OK.
2020-07-31 22:22:09: Execution OK.
2020-07-31 22:22:09: Execution OK.
2020-07-31 22:22:09: Execution OK.
2020-07-31 22:22:09: Execution OK.
2020-07-31 22:22:09: Execution OK.
2020-07-31 22:22:09: Execution OK.
2020-07-31 22:22:09: Execution OK.
2020-07-31 22:22:09: Execution OK.
2020-07-31 22:22:09: Execution OK.
2020-07-31 22:22:09: Execution OK.
2020-07-31 22:22:09: Execution OK.
2020-07-31 22:22:09: Execution OK.
2020-07-31 22:22:09: Execution OK.
2020-07-31 22:22:09: Execution OK.
2020-07-31 22:22:09: Execution OK.
2020-07-31 22:22:09: Execution OK.
2020-07-31 22:22:09: Execution OK.
2020-07-31 22:22:09: Execution OK.
2020-07-31 22:22:09: Execution OK.
2020-07-31 22:22:09: Execution OK.
2020-07-31 22:22:09: Execution OK.
2020-07-31 22:22:09: Execution OK.
2020-07-31 22:22:09: Execution OK.
2020-07-31 22:22:09: Execution OK.
2020-07-31 22:22:09: Execution OK.
2020-07-31 22:22:09: Execution OK.
2020-07-31 22:22:09: Execution OK.
2020-07-31 22:22:09: Execution OK.
2020-07-31 22:22:09: Execution OK.
2020-07-31 22:22:09: Execution OK.
2020-07-31 22:22:09: Execution OK.
2020-07-31 22:22:09: Execution OK.
2020-07-31 22:22:09: Execution OK.
2020-07-31 22:22:09: Execution OK.
2020-07-31 22:22:09: Execution OK.
2020-07-31 22:22:09: Execution OK.
2020-07-31 22:22:09: Execution OK.
2020-07-31 22:22:09: Execution OK.
2020-07-31 22:22:09: Execution OK.
2020-07-31 22:22:09: Execution OK.
2020-07-31 22:22:09: Execution OK.
2020-07-31 22:22:09: Execution OK.
2020-07-31 22:22:09: Execution OK.
2020-07-31 22:22:09: Execution OK.
2020-07-31 22:22:09: Execution OK.
2020-07-31 22:22:09: Execution OK.
2020-07-31 22:22:09: Execution OK.
2020-07-31 22:22:09: Execution OK.
2020-07-31 22:22:09: Execution OK.
2020-07-31 22:22:09: Execution OK.
2020-07-31 22:22:09: Execution OK.
2020-07-31 22:22:09: Execution OK.
2020-07-31 22:22:09: Execution OK.
2020-07-31 22:22:09: Execution OK.
2020-07-31 22:22:09: Execution OK.
2020-07-31 22:22:09: Execution OK.
2020-07-31 22:22:09: Execution OK.
2020-07-31 22:22:09: Execution OK.
2020-07-31 22:22:09: Execution OK.
2020-07-31 22:22:09: Execution OK.
2020-07-31 22:22:09: Execution OK.
2020-07-31 22:22:09: Execution OK.
2020-07-31 22:22:09: Execution OK.
2020-07-31 22:22:09: Execution OK.
2020-07-31 22:22:09: Execution OK.
2020-07-31 22:22:09: Execution OK.
2020-07-31 22:22:09: Execution OK.
2020-07-31 22:22:09: Execution OK.
2020-07-31 22:22:09: Execution OK.
2020-07-31 22:22:09: Execution OK.
2020-07-31 22:22:09: Execution OK.
2020-07-31 22:22:09: Execution OK.
2020-07-31 22:22:09: Execution OK.
2020-07-31 22:22:09: Execution OK.
2020-07-31 22:22:09: Execution OK.
2020-07-31 22:22:09: Execution OK.
2020-07-31 22:22:09: Execution OK.
2020-07-31 22:22:09: Execution OK.
2020-07-31 22:22:09: Execution OK.
2020-07-31 22:22:09: Execution OK.
2020-07-31 22:22:09: Execution OK.
2020-07-31 22:22:09: Execution OK.
2020-07-31 22:22:09: Execution OK.
2020-07-31 22:22:10: Execution OK.
2020-07-31 22:22:10: Execution OK.
2020-07-31 22:22:10: Execution OK.
2020-07-31 22:22:10: Execution OK.
2020-07-31 22:22:10: Execution OK.
2020-07-31 22:22:10: Execution OK.
2020-07-31 22:22:10: Execution OK.
2020-07-31 22:22:10: Execution OK.
2020-07-31 22:22:10: Execution OK.
2020-07-31 22:22:10: Execution OK.
2020-07-31 22:22:10: Execution OK.
2020-07-31 22:22:10: Execution OK.
2020-07-31 22:22:10: Execution OK.
2020-07-31 22:22:10: Execution OK.
2020-07-31 22:22:10: Execution OK.
2020-07-31 22:22:10: Execution OK.
2020-07-31 22:22:10: Execution OK.
2020-07-31 22:22:10: Execution OK.
2020-07-31 22:22:10: Execution OK.
2020-07-31 22:22:10: Execution OK.
2020-07-31 22:22:10: Execution OK.
2020-07-31 22:22:10: Execution OK.
2020-07-31 22:22:10: Execution OK.
2020-07-31 22:22:10: Execution OK.
2020-07-31 22:22:10: Execution OK.
2020-07-31 22:22:10: Execution OK.
2020-07-31 22:22:10: Execution OK.
2020-07-31 22:22:10: Execution OK.
2020-07-31 22:22:10: Execution OK.
2020-07-31 22:22:10: Execution OK.
2020-07-31 22:22:10: Execution OK.
2020-07-31 22:22:10: Execution OK.
2020-07-31 22:22:10: Execution OK.
2020-07-31 22:22:10: Execution OK.
2020-07-31 22:22:10: Execution OK.
2020-07-31 22:22:10: Execution OK.
2020-07-31 22:22:10: Execution OK.
2020-07-31 22:22:10: Execution OK.
2020-07-31 22:22:10: Execution OK.
2020-07-31 22:22:10: Execution OK.
2020-07-31 22:22:10: Execution OK.
2020-07-31 22:22:10: Execution OK.
2020-07-31 22:22:10: Execution OK.
2020-07-31 22:22:10: Execution OK.
2020-07-31 22:22:10: Execution OK.
2020-07-31 22:22:10: Execution OK.
2020-07-31 22:22:10: Execution OK.
2020-07-31 22:22:10: Execution OK.
2020-07-31 22:22:10: Execution OK.
2020-07-31 22:22:10: Execution OK.
2020-07-31 22:22:10: Execution OK.
2020-07-31 22:22:10: Execution OK.
2020-07-31 22:22:10: Execution OK.
2020-07-31 22:22:10: Execution OK.
2020-07-31 22:22:10: Execution OK.
2020-07-31 22:22:10: Execution OK.
2020-07-31 22:22:10: Execution OK.
2020-07-31 22:22:10: Execution OK.
2020-07-31 22:22:10: Execution OK.
2020-07-31 22:22:10: Execution OK.
2020-07-31 22:22:10: Execution OK.
2020-07-31 22:22:10: Execution OK.
2020-07-31 22:22:10: Execution OK.
2020-07-31 22:22:10: Execution OK.
2020-07-31 22:22:10: Execution OK.
2020-07-31 22:22:10: Execution OK.
2020-07-31 22:22:10: Execution OK.
2020-07-31 22:22:10: Execution OK.
2020-07-31 22:22:10: Execution OK.
2020-07-31 22:22:10: Execution OK.
2020-07-31 22:22:10: Execution OK.
2020-07-31 22:22:10: Execution OK.
2020-07-31 22:22:10: Execution OK.
2020-07-31 22:22:10: Execution OK.
2020-07-31 22:22:10: Execution OK.
2020-07-31 22:22:10: Execution OK.
2020-07-31 22:22:10: Execution OK.
2020-07-31 22:22:10: Execution OK.
2020-07-31 22:22:10: Execution OK.
2020-07-31 22:22:10: Execution OK.
2020-07-31 22:22:10: Execution OK.
2020-07-31 22:22:10: Execution OK.
2020-07-31 22:22:10: Execution OK.
2020-07-31 22:22:10: Execution OK.
2020-07-31 22:22:10: Execution OK.
2020-07-31 22:22:10: Execution OK.
2020-07-31 22:22:10: Execution OK.
2020-07-31 22:22:10: Execution OK.
2020-07-31 22:22:10: Execution OK.
2020-07-31 22:22:10: Execution OK.
2020-07-31 22:22:10: Execution OK.
2020-07-31 22:22:10: Execution OK.
2020-07-31 22:22:10: Execution OK.
2020-07-31 22:22:10: Execution OK.
2020-07-31 22:22:10: Execution OK.
2020-07-31 22:22:10: Execution OK.
2020-07-31 22:22:10: Execution OK.
2020-07-31 22:22:10: Execution OK.
2020-07-31 22:22:10: Execution OK.
2020-07-31 22:22:10: Execution OK.
2020-07-31 22:22:10: Execution OK.
2020-07-31 22:22:10: Execution OK.
2020-07-31 22:22:10: Execution OK.
2020-07-31 22:22:10: Execution OK.
2020-07-31 22:22:10: Execution OK.
2020-07-31 22:22:10: Execution OK.
2020-07-31 22:22:10: Execution OK.
2020-07-31 22:22:10: Execution OK.
2020-07-31 22:22:10: Execution OK.
2020-07-31 22:22:10: Execution OK.
2020-07-31 22:22:10: Execution OK.
2020-07-31 22:22:10: Execution OK.
2020-07-31 22:22:10: Execution OK.
2020-07-31 22:22:10: Execution OK.
2020-07-31 22:22:10: Execution OK.
2020-07-31 22:22:10: Execution OK.
2020-07-31 22:22:10: Execution OK.
2020-07-31 22:22:10: Execution OK.
2020-07-31 22:22:10: Execution OK.
2020-07-31 22:22:10: Execution OK.
2020-07-31 22:22:10: Execution OK.
2020-07-31 22:22:10: Execution OK.
2020-07-31 22:22:10: Execution OK.
2020-07-31 22:22:10: Execution OK.
2020-07-31 22:22:10: Execution OK.
2020-07-31 22:22:10: Execution OK.
2020-07-31 22:22:10: Execution OK.
2020-07-31 22:22:10: Execution OK.
2020-07-31 22:22:10: Execution OK.
2020-07-31 22:22:10: Execution OK.
2020-07-31 22:22:10: Execution OK.
2020-07-31 22:22:10: Execution OK.
2020-07-31 22:22:10: Execution OK.
2020-07-31 22:22:10: Execution OK.
2020-07-31 22:22:10: Execution OK.
2020-07-31 22:22:10: Execution OK.
2020-07-31 22:22:10: Execution OK.
2020-07-31 22:22:10: Execution OK.
2020-07-31 22:22:10: Execution OK.
2020-07-31 22:22:10: Execution OK.
2020-07-31 22:22:10: Execution OK.
2020-07-31 22:22:10: Execution OK.
2020-07-31 22:22:10: Execution OK.
2020-07-31 22:22:10: Execution OK.
2020-07-31 22:22:10: Execution OK.
2020-07-31 22:22:10: Execution OK.
2020-07-31 22:22:10: Execution OK.
2020-07-31 22:22:10: Execution OK.
2020-07-31 22:22:10: Execution OK.
2020-07-31 22:22:10: Execution OK.
2020-07-31 22:22:10: Execution OK.
2020-07-31 22:22:10: Execution OK.
2020-07-31 22:22:10: Execution OK.
2020-07-31 22:22:10: Execution OK.
2020-07-31 22:22:10: Execution OK.
2020-07-31 22:22:10: Execution OK.
2020-07-31 22:22:10: Execution OK.
2020-07-31 22:22:10: Execution OK.
2020-07-31 22:22:10: Execution OK.
2020-07-31 22:22:10: Execution OK.
2020-07-31 22:22:10: Execution OK.
2020-07-31 22:22:10: Execution OK.
2020-07-31 22:22:10: Execution OK.
2020-07-31 22:22:10: Execution OK.
2020-07-31 22:22:10: Execution OK.
2020-07-31 22:22:10: Execution OK.
2020-07-31 22:22:10: Execution OK.
2020-07-31 22:22:10: Execution OK.
2020-07-31 22:22:10: Execution OK.
2020-07-31 22:22:10: Execution OK.
2020-07-31 22:22:10: Execution OK.
2020-07-31 22:22:10: Execution OK.
2020-07-31 22:22:10: Execution OK.
2020-07-31 22:22:10: Execution OK.
2020-07-31 22:22:10: Execution OK.
2020-07-31 22:22:10: Execution OK.
2020-07-31 22:22:10: Execution OK.
2020-07-31 22:22:10: Execution OK.
2020-07-31 22:22:10: Execution OK.
2020-07-31 22:22:10: Execution OK.
2020-07-31 22:22:10: Execution OK.
2020-07-31 22:22:10: Execution OK.
2020-07-31 22:22:10: Execution OK.
2020-07-31 22:22:10: Execution OK.
2020-07-31 22:22:10: Execution OK.
2020-07-31 22:22:10: Execution OK.
2020-07-31 22:22:10: Execution OK.
2020-07-31 22:22:10: Execution OK.
2020-07-31 22:22:10: Execution OK.
2020-07-31 22:22:10: Execution OK.
2020-07-31 22:22:10: Execution OK.
2020-07-31 22:22:10: Execution OK.
2020-07-31 22:22:10: Execution OK.
2020-07-31 22:22:10: Execution OK.
2020-07-31 22:22:10: Execution OK.
2020-07-31 22:22:10: Execution OK.
2020-07-31 22:22:10: Execution OK.
2020-07-31 22:22:10: Execution OK.
2020-07-31 22:22:10: Execution OK.
2020-07-31 22:22:10: Execution OK.
2020-07-31 22:22:10: Execution OK.
2020-07-31 22:22:10: Execution OK.
2020-07-31 22:22:10: Execution OK.
2020-07-31 22:22:10: Execution OK.
2020-07-31 22:22:10: Execution OK.
2020-07-31 22:22:10: Execution OK.
2020-07-31 22:22:10: Execution OK.
2020-07-31 22:22:10: Execution OK.
2020-07-31 22:22:10: Execution OK.
2020-07-31 22:22:10: Execution OK.
2020-07-31 22:22:10: Execution OK.
2020-07-31 22:22:10: Execution OK.
2020-07-31 22:22:10: Execution OK.
2020-07-31 22:22:10: Execution OK.
2020-07-31 22:22:10: Execution OK.
2020-07-31 22:22:10: Execution OK.
2020-07-31 22:22:10: Execution OK.
2020-07-31 22:22:10: Execution OK.
2020-07-31 22:22:10: Execution OK.
2020-07-31 22:22:10: Execution OK.
2020-07-31 22:22:10: Execution OK.
2020-07-31 22:22:10: Execution OK.
2020-07-31 22:22:10: Execution OK.
2020-07-31 22:22:10: Execution OK.
2020-07-31 22:22:10: Execution OK.
2020-07-31 22:22:10: Execution OK.
2020-07-31 22:22:10: Execution OK.
2020-07-31 22:22:10: Execution OK.
2020-07-31 22:22:10: Execution OK.
2020-07-31 22:22:10: Execution OK.
2020-07-31 22:22:10: Execution OK.
2020-07-31 22:22:10: Execution OK.
2020-07-31 22:22:10: Execution OK.
2020-07-31 22:22:10: Execution OK.
2020-07-31 22:22:10: Execution OK.
2020-07-31 22:22:10: Execution OK.
2020-07-31 22:22:11: Execution OK.
2020-07-31 22:22:11: Execution OK.
2020-07-31 22:22:11: Execution OK.
2020-07-31 22:22:11: Execution OK.
2020-07-31 22:22:11: Execution OK.
2020-07-31 22:22:11: Execution OK.
2020-07-31 22:22:11: Execution OK.
2020-07-31 22:22:11: Execution OK.
2020-07-31 22:22:11: Execution OK.
2020-07-31 22:22:11: Execution OK.
2020-07-31 22:22:11: Execution OK.
2020-07-31 22:22:11: Execution OK.
2020-07-31 22:22:11: Execution OK.
2020-07-31 22:22:11: Execution OK.
2020-07-31 22:22:11: Execution OK.
2020-07-31 22:22:11: Execution OK.
2020-07-31 22:22:11: Execution OK.
2020-07-31 22:22:11: Execution OK.
2020-07-31 22:22:11: Execution OK.
2020-07-31 22:22:11: Execution OK.
2020-07-31 22:22:11: Execution OK.
2020-07-31 22:22:11: Execution OK.
2020-07-31 22:22:11: Execution OK.
2020-07-31 22:22:11: Execution OK.
2020-07-31 22:22:11: Execution OK.
2020-07-31 22:22:11: Execution OK.
2020-07-31 22:22:11: Execution OK.
2020-07-31 22:22:11: Execution OK.
2020-07-31 22:22:11: Execution OK.
2020-07-31 22:22:11: Execution OK.
2020-07-31 22:22:11: Execution OK.
2020-07-31 22:22:11: Execution OK.
2020-07-31 22:22:11: Execution OK.
2020-07-31 22:22:11: Execution OK.
2020-07-31 22:22:11: Execution OK.
2020-07-31 22:22:11: Execution OK.
2020-07-31 22:22:11: Execution OK.
2020-07-31 22:22:11: Execution OK.
2020-07-31 22:22:11: Execution OK.
2020-07-31 22:22:11: Execution OK.
2020-07-31 22:22:11: Execution OK.
2020-07-31 22:22:11: Execution OK.
2020-07-31 22:22:11: Execution OK.
2020-07-31 22:22:11: Execution OK.
2020-07-31 22:22:11: Execution OK.
2020-07-31 22:22:11: Execution OK.
2020-07-31 22:22:11: Execution OK.
2020-07-31 22:22:11: Execution OK.
2020-07-31 22:22:11: Execution OK.
2020-07-31 22:22:11: Execution OK.
2020-07-31 22:22:11: Execution OK.
2020-07-31 22:22:11: Execution OK.
2020-07-31 22:22:11: Execution OK.
2020-07-31 22:22:11: Execution OK.
2020-07-31 22:22:11: Execution OK.
2020-07-31 22:22:11: Execution OK.
2020-07-31 22:22:11: Execution OK.
2020-07-31 22:22:11: Execution OK.
2020-07-31 22:22:11: Execution OK.
2020-07-31 22:22:11: Execution OK.
2020-07-31 22:22:11: Execution OK.
2020-07-31 22:22:11: Execution OK.
2020-07-31 22:22:11: Execution OK.
2020-07-31 22:22:11: Execution OK.
2020-07-31 22:22:11: Execution OK.
2020-07-31 22:22:11: Execution OK.
2020-07-31 22:22:11: Execution OK.
2020-07-31 22:22:11: Execution OK.
2020-07-31 22:22:11: Execution OK.
2020-07-31 22:22:11: Execution OK.
2020-07-31 22:22:11: Execution OK.
2020-07-31 22:22:11: Execution OK.
2020-07-31 22:22:11: Execution OK.
2020-07-31 22:22:11: Execution OK.
2020-07-31 22:22:11: Execution OK.
2020-07-31 22:22:11: Execution OK.
2020-07-31 22:22:11: Execution OK.
2020-07-31 22:22:11: Execution OK.
2020-07-31 22:22:11: Execution OK.
2020-07-31 22:22:11: Execution OK.
2020-07-31 22:22:11: Execution OK.
2020-07-31 22:22:11: Execution OK.
2020-07-31 22:22:11: Execution OK.
2020-07-31 22:22:11: Execution OK.
2020-07-31 22:22:11: Execution OK.
2020-07-31 22:22:11: Execution OK.
2020-07-31 22:22:11: Execution OK.
2020-07-31 22:22:11: Execution OK.
2020-07-31 22:22:11: Execution OK.
2020-07-31 22:22:11: Execution OK.
2020-07-31 22:22:11: Execution OK.
2020-07-31 22:22:11: Execution OK.
2020-07-31 22:22:11: Execution OK.
2020-07-31 22:22:11: Execution OK.
2020-07-31 22:22:11: Execution OK.
2020-07-31 22:22:11: Execution OK.
2020-07-31 22:22:11: Execution OK.
2020-07-31 22:22:11: Execution OK.
2020-07-31 22:22:11: Execution OK.
2020-07-31 22:22:11: Execution OK.
2020-07-31 22:22:11: Execution OK.
2020-07-31 22:22:11: Execution OK.
2020-07-31 22:22:11: Execution OK.
2020-07-31 22:22:11: Execution OK.
2020-07-31 22:22:11: Execution OK.
2020-07-31 22:22:11: Execution OK.
2020-07-31 22:22:11: Execution OK.
2020-07-31 22:22:11: Execution OK.
2020-07-31 22:22:11: Execution OK.
2020-07-31 22:22:11: Execution OK.
2020-07-31 22:22:11: Execution OK.
2020-07-31 22:22:11: Execution OK.
2020-07-31 22:22:11: Execution OK.
2020-07-31 22:22:11: Execution OK.
2020-07-31 22:22:11: Execution OK.
2020-07-31 22:22:11: Execution OK.
2020-07-31 22:22:11: Execution OK.
2020-07-31 22:22:11: Execution OK.
2020-07-31 22:22:11: Execution OK.
2020-07-31 22:22:11: Execution OK.
2020-07-31 22:22:11: Execution OK.
2020-07-31 22:22:11: Execution OK.
2020-07-31 22:22:11: Execution OK.
2020-07-31 22:22:11: Execution OK.
2020-07-31 22:22:11: Execution OK.
2020-07-31 22:22:11: Execution OK.
2020-07-31 22:22:11: Execution OK.
2020-07-31 22:22:11: Execution OK.
2020-07-31 22:22:11: Execution OK.
2020-07-31 22:22:11: Execution OK.
2020-07-31 22:22:11: Execution OK.
2020-07-31 22:22:11: Execution OK.
2020-07-31 22:22:11: Execution OK.
2020-07-31 22:22:11: Execution OK.
2020-07-31 22:22:11: Execution OK.
2020-07-31 22:22:11: Execution OK.
2020-07-31 22:22:11: Execution OK.
2020-07-31 22:22:11: Execution OK.
2020-07-31 22:22:11: Execution OK.
2020-07-31 22:22:11: Execution OK.
2020-07-31 22:22:11: Execution OK.
2020-07-31 22:22:11: Execution OK.
2020-07-31 22:22:11: Execution OK.
2020-07-31 22:22:11: Execution OK.
2020-07-31 22:22:11: Execution OK.
2020-07-31 22:22:11: Execution OK.
2020-07-31 22:22:11: Execution OK.
2020-07-31 22:22:11: Execution OK.
2020-07-31 22:22:11: Execution OK.
2020-07-31 22:22:11: Execution OK.
2020-07-31 22:22:11: Execution OK.
2020-07-31 22:22:11: Execution OK.
2020-07-31 22:22:11: Execution OK.
2020-07-31 22:22:11: Execution OK.
2020-07-31 22:22:11: Execution OK.
2020-07-31 22:22:11: Execution OK.
2020-07-31 22:22:11: Execution OK.
2020-07-31 22:22:11: Execution OK.
2020-07-31 22:22:11: Execution OK.
2020-07-31 22:22:11: Execution OK.
2020-07-31 22:22:11: Execution OK.
2020-07-31 22:22:11: Execution OK.
2020-07-31 22:22:11: Execution OK.
2020-07-31 22:22:11: Execution OK.
2020-07-31 22:22:11: Execution OK.
2020-07-31 22:22:11: Execution OK.
2020-07-31 22:22:11: Execution OK.
2020-07-31 22:22:11: Execution OK.
2020-07-31 22:22:11: Execution OK.
2020-07-31 22:22:11: Execution OK.
2020-07-31 22:22:11: Execution OK.
2020-07-31 22:22:11: Execution OK.
2020-07-31 22:22:11: Execution OK.
2020-07-31 22:22:11: Execution OK.
2020-07-31 22:22:11: Execution OK.
2020-07-31 22:22:11: Execution OK.
2020-07-31 22:22:11: Execution OK.
2020-07-31 22:22:11: Execution OK.
2020-07-31 22:22:11: Execution OK.
2020-07-31 22:22:11: Execution OK.
2020-07-31 22:22:11: Execution OK.
2020-07-31 22:22:11: Execution OK.
2020-07-31 22:22:11: Execution OK.
2020-07-31 22:22:11: Execution OK.
2020-07-31 22:22:11: Execution OK.
2020-07-31 22:22:11: Execution OK.
2020-07-31 22:22:11: Execution OK.
2020-07-31 22:22:11: Execution OK.
2020-07-31 22:22:11: Execution OK.
2020-07-31 22:22:11: Execution OK.
2020-07-31 22:22:11: Execution OK.
2020-07-31 22:22:11: Execution OK.
2020-07-31 22:22:11: Execution OK.
2020-07-31 22:22:11: Execution OK.
2020-07-31 22:22:11: Execution OK.
2020-07-31 22:22:11: Execution OK.
2020-07-31 22:22:11: Execution OK.
2020-07-31 22:22:11: Execution OK.
2020-07-31 22:22:11: Execution OK.
2020-07-31 22:22:11: Execution OK.
2020-07-31 22:22:11: Execution OK.
2020-07-31 22:22:11: Execution OK.
2020-07-31 22:22:11: Execution OK.
2020-07-31 22:22:11: Execution OK.
2020-07-31 22:22:11: Execution OK.
2020-07-31 22:22:11: Execution OK.
2020-07-31 22:22:11: Execution OK.
2020-07-31 22:22:11: Execution OK.
2020-07-31 22:22:11: Execution OK.
2020-07-31 22:22:11: Execution OK.
2020-07-31 22:22:11: Execution OK.
2020-07-31 22:22:11: Execution OK.
2020-07-31 22:22:11: Execution OK.
2020-07-31 22:22:11: Execution OK.
2020-07-31 22:22:11: Execution OK.
2020-07-31 22:22:11: Execution OK.
2020-07-31 22:22:11: Execution OK.
2020-07-31 22:22:11: Execution OK.
2020-07-31 22:22:11: Execution OK.
2020-07-31 22:22:11: Execution OK.
2020-07-31 22:22:11: Execution OK.
2020-07-31 22:22:11: Execution OK.
2020-07-31 22:22:11: Execution OK.
2020-07-31 22:22:11: Execution OK.
2020-07-31 22:22:11: Execution OK.
2020-07-31 22:22:11: Execution OK.
2020-07-31 22:22:11: Execution OK.
2020-07-31 22:22:11: Execution OK.
2020-07-31 22:22:11: Execution OK.
2020-07-31 22:22:11: Execution OK.
2020-07-31 22:22:11: Execution OK.
2020-07-31 22:22:11: Execution OK.
2020-07-31 22:22:11: Execution OK.
2020-07-31 22:22:11: Execution OK.
2020-07-31 22:22:11: Execution OK.
2020-07-31 22:22:11: Execution OK.
2020-07-31 22:22:11: Execution OK.
2020-07-31 22:22:11: Execution OK.
2020-07-31 22:22:11: Execution OK.
2020-07-31 22:22:11: Execution OK.
2020-07-31 22:22:11: Execution OK.
2020-07-31 22:22:11: Execution OK.
2020-07-31 22:22:11: Execution OK.
2020-07-31 22:22:11: Execution OK.
2020-07-31 22:22:11: Execution OK.
2020-07-31 22:22:11: Execution OK.
2020-07-31 22:22:11: Execution OK.
2020-07-31 22:22:11: Execution OK.
2020-07-31 22:22:11: Execution OK.
2020-07-31 22:22:11: Execution OK.
2020-07-31 22:22:11: Execution OK.
2020-07-31 22:22:11: Execution OK.
2020-07-31 22:22:11: Execution OK.
2020-07-31 22:22:11: Execution OK.
2020-07-31 22:22:11: Execution OK.
2020-07-31 22:22:11: Execution OK.
2020-07-31 22:22:11: Execution OK.
2020-07-31 22:22:11: Execution OK.
2020-07-31 22:22:11: Execution OK.
2020-07-31 22:22:11: Execution OK.
2020-07-31 22:22:12: Execution OK.
2020-07-31 22:22:12: Execution OK.
2020-07-31 22:22:12: Execution OK.
2020-07-31 22:22:12: Execution OK.
2020-07-31 22:22:12: Execution OK.
2020-07-31 22:22:12: Execution OK.
2020-07-31 22:22:12: Execution OK.
2020-07-31 22:22:12: Execution OK.
2020-07-31 22:22:12: Execution OK.
2020-07-31 22:22:12: Execution OK.
2020-07-31 22:22:12: Execution OK.
2020-07-31 22:22:12: Execution OK.
2020-07-31 22:22:12: Execution OK.
2020-07-31 22:22:12: Execution OK.
2020-07-31 22:22:12: Execution OK.
2020-07-31 22:22:12: Execution OK.
2020-07-31 22:22:12: Execution OK.
2020-07-31 22:22:12: Execution OK.
2020-07-31 22:22:12: Execution OK.
2020-07-31 22:22:12: Execution OK.
2020-07-31 22:22:12: Execution OK.
2020-07-31 22:22:12: Execution OK.
2020-07-31 22:22:12: Execution OK.
2020-07-31 22:22:12: Execution OK.
2020-07-31 22:22:12: Execution OK.
2020-07-31 22:22:12: Execution OK.
2020-07-31 22:22:12: Execution OK.
2020-07-31 22:22:12: Execution OK.
2020-07-31 22:22:12: Execution OK.
2020-07-31 22:22:12: Execution OK.
2020-07-31 22:22:12: Execution OK.
2020-07-31 22:22:12: Execution OK.
2020-07-31 22:22:12: Execution OK.
2020-07-31 22:22:12: Execution OK.
2020-07-31 22:22:12: Execution OK.
2020-07-31 22:22:12: Execution OK.
2020-07-31 22:22:12: Execution OK.
2020-07-31 22:22:12: Execution OK.
2020-07-31 22:22:12: Execution OK.
2020-07-31 22:22:12: Execution OK.
2020-07-31 22:22:12: Execution OK.
2020-07-31 22:22:12: Execution OK.
2020-07-31 22:22:12: Execution OK.
2020-07-31 22:22:12: Execution OK.
2020-07-31 22:22:12: Execution OK.
2020-07-31 22:22:12: Execution OK.
2020-07-31 22:22:12: Execution OK.
2020-07-31 22:22:12: Execution OK.
2020-07-31 22:22:12: Execution OK.
2020-07-31 22:22:12: Execution OK.
2020-07-31 22:22:12: Execution OK.
2020-07-31 22:22:12: Execution OK.
2020-07-31 22:22:12: Execution OK.
2020-07-31 22:22:12: Execution OK.
2020-07-31 22:22:12: Execution OK.
2020-07-31 22:22:12: Execution OK.
2020-07-31 22:22:12: Execution OK.
2020-07-31 22:22:12: Execution OK.
2020-07-31 22:22:12: Execution OK.
2020-07-31 22:22:12: Execution OK.
2020-07-31 22:22:12: Execution OK.
2020-07-31 22:22:12: Execution OK.
2020-07-31 22:22:12: Execution OK.
2020-07-31 22:22:12: Execution OK.
2020-07-31 22:22:12: Execution OK.
2020-07-31 22:22:12: Execution OK.
2020-07-31 22:22:12: Execution OK.
2020-07-31 22:22:12: Execution OK.
2020-07-31 22:22:12: Execution OK.
2020-07-31 22:22:12: Execution OK.
2020-07-31 22:22:12: Execution OK.
2020-07-31 22:22:12: Execution OK.
2020-07-31 22:22:12: Execution OK.
2020-07-31 22:22:12: Execution OK.
2020-07-31 22:22:12: Execution OK.
2020-07-31 22:22:12: Execution OK.
2020-07-31 22:22:12: Execution OK.
2020-07-31 22:22:12: Execution OK.
2020-07-31 22:22:12: Execution OK.
2020-07-31 22:22:12: Execution OK.
2020-07-31 22:22:12: Execution OK.
2020-07-31 22:22:12: Execution OK.
2020-07-31 22:22:12: Execution OK.
2020-07-31 22:22:12: Execution OK.
2020-07-31 22:22:12: Execution OK.
2020-07-31 22:22:12: Execution OK.
2020-07-31 22:22:12: Execution OK.
2020-07-31 22:22:12: Execution OK.
2020-07-31 22:22:12: Execution OK.
2020-07-31 22:22:12: Execution OK.
2020-07-31 22:22:12: Execution OK.
2020-07-31 22:22:12: Execution OK.
2020-07-31 22:22:12: Execution OK.
2020-07-31 22:22:12: Execution OK.
2020-07-31 22:22:12: Execution OK.
2020-07-31 22:22:12: Execution OK.
2020-07-31 22:22:12: Execution OK.
2020-07-31 22:22:12: Execution OK.
2020-07-31 22:22:12: Execution OK.
2020-07-31 22:22:12: Execution OK.
2020-07-31 22:22:12: Execution OK.
2020-07-31 22:22:12: Execution OK.
2020-07-31 22:22:12: Execution OK.
2020-07-31 22:22:12: Execution OK.
2020-07-31 22:22:12: Execution OK.
2020-07-31 22:22:12: Execution OK.
2020-07-31 22:22:12: Execution OK.
2020-07-31 22:22:12: Execution OK.
2020-07-31 22:22:12: Execution OK.
2020-07-31 22:22:12: Execution OK.
2020-07-31 22:22:12: Execution OK.
2020-07-31 22:22:12: Execution OK.
2020-07-31 22:22:12: Execution OK.
2020-07-31 22:22:12: Execution OK.
2020-07-31 22:22:12: Execution OK.
2020-07-31 22:22:12: Execution OK.
2020-07-31 22:22:12: Execution OK.
2020-07-31 22:22:12: Execution OK.
2020-07-31 22:22:12: Execution OK.
2020-07-31 22:22:12: Execution OK.
2020-07-31 22:22:12: Execution OK.
2020-07-31 22:22:12: Execution OK.
2020-07-31 22:22:12: Execution OK.
2020-07-31 22:22:12: Execution OK.
2020-07-31 22:22:12: Execution OK.
2020-07-31 22:22:12: Execution OK.
2020-07-31 22:22:12: Execution OK.
2020-07-31 22:22:12: Execution OK.
2020-07-31 22:22:12: Execution OK.
2020-07-31 22:22:12: Execution OK.
2020-07-31 22:22:12: Execution OK.
2020-07-31 22:22:12: Execution OK.
2020-07-31 22:22:12: Execution OK.
2020-07-31 22:22:12: Execution OK.
2020-07-31 22:22:12: Execution OK.
2020-07-31 22:22:12: Execution OK.
2020-07-31 22:22:12: Execution OK.
2020-07-31 22:22:12: Execution OK.
2020-07-31 22:22:12: Execution OK.
2020-07-31 22:22:12: Execution OK.
2020-07-31 22:22:12: Execution OK.
2020-07-31 22:22:12: Execution OK.
2020-07-31 22:22:12: Execution OK.
2020-07-31 22:22:12: Execution OK.
2020-07-31 22:22:12: Execution OK.
2020-07-31 22:22:12: Execution OK.
2020-07-31 22:22:12: Execution OK.
2020-07-31 22:22:12: Execution OK.
2020-07-31 22:22:12: Execution OK.
2020-07-31 22:22:12: Execution OK.
2020-07-31 22:22:12: Execution OK.
2020-07-31 22:22:12: Execution OK.
2020-07-31 22:22:12: Execution OK.
2020-07-31 22:22:12: Execution OK.
2020-07-31 22:22:12: Execution OK.
2020-07-31 22:22:12: Execution OK.
2020-07-31 22:22:12: Execution OK.
2020-07-31 22:22:12: Execution OK.
2020-07-31 22:22:12: Execution OK.
2020-07-31 22:22:12: Execution OK.
2020-07-31 22:22:12: Execution OK.
2020-07-31 22:22:12: Execution OK.
2020-07-31 22:22:12: Execution OK.
2020-07-31 22:22:12: Execution OK.
2020-07-31 22:22:12: Execution OK.
2020-07-31 22:22:12: Execution OK.
2020-07-31 22:22:12: Execution OK.
2020-07-31 22:22:12: Execution OK.
2020-07-31 22:22:12: Execution OK.
2020-07-31 22:22:12: Execution OK.
2020-07-31 22:22:12: Execution OK.
2020-07-31 22:22:12: Execution OK.
2020-07-31 22:22:12: Execution OK.
2020-07-31 22:22:12: Execution OK.
2020-07-31 22:22:12: Execution OK.
2020-07-31 22:22:12: Execution OK.
2020-07-31 22:22:12: Execution OK.
2020-07-31 22:22:12: Execution OK.
2020-07-31 22:22:12: Execution OK.
2020-07-31 22:22:12: Execution OK.
2020-07-31 22:22:12: Execution OK.
2020-07-31 22:22:12: Execution OK.
2020-07-31 22:22:12: Execution OK.
2020-07-31 22:22:12: Execution OK.
2020-07-31 22:22:12: Execution OK.
2020-07-31 22:22:12: Execution OK.
2020-07-31 22:22:12: Execution OK.
2020-07-31 22:22:12: Execution OK.
2020-07-31 22:22:12: Execution OK.
2020-07-31 22:22:12: Execution OK.
2020-07-31 22:22:12: Execution OK.
2020-07-31 22:22:12: Execution OK.
2020-07-31 22:22:12: Execution OK.
2020-07-31 22:22:12: Execution OK.
2020-07-31 22:22:12: Execution OK.
2020-07-31 22:22:12: Execution OK.
2020-07-31 22:22:12: Execution OK.
2020-07-31 22:22:12: Execution OK.
2020-07-31 22:22:12: Execution OK.
2020-07-31 22:22:12: Execution OK.
2020-07-31 22:22:12: Execution OK.
2020-07-31 22:22:12: Execution OK.
2020-07-31 22:22:12: Execution OK.
2020-07-31 22:22:12: Execution OK.
2020-07-31 22:22:12: Execution OK.
2020-07-31 22:22:12: Execution OK.
2020-07-31 22:22:12: Execution OK.
2020-07-31 22:22:12: Execution OK.
2020-07-31 22:22:12: Execution OK.
2020-07-31 22:22:12: Execution OK.
2020-07-31 22:22:12: Execution OK.
2020-07-31 22:22:12: Execution OK.
2020-07-31 22:22:12: Execution OK.
2020-07-31 22:22:12: Execution OK.
2020-07-31 22:22:12: Execution OK.
2020-07-31 22:22:12: Execution OK.
2020-07-31 22:22:12: Execution OK.
2020-07-31 22:22:12: Execution OK.
2020-07-31 22:22:12: Execution OK.
2020-07-31 22:22:12: Execution OK.
2020-07-31 22:22:12: Execution OK.
2020-07-31 22:22:12: Execution OK.
2020-07-31 22:22:12: Execution OK.
2020-07-31 22:22:12: Execution OK.
2020-07-31 22:22:12: Execution OK.
2020-07-31 22:22:12: Execution OK.
2020-07-31 22:22:12: Execution OK.
2020-07-31 22:22:12: Execution OK.
2020-07-31 22:22:12: Execution OK.
2020-07-31 22:22:12: Execution OK.
2020-07-31 22:22:12: Execution OK.
2020-07-31 22:22:12: Execution OK.
2020-07-31 22:22:12: Execution OK.
2020-07-31 22:22:12: Execution OK.
2020-07-31 22:22:12: Execution OK.
2020-07-31 22:22:12: Execution OK.
2020-07-31 22:22:12: Execution OK.
2020-07-31 22:22:12: Execution OK.
2020-07-31 22:22:12: Execution OK.
2020-07-31 22:22:12: Execution OK.
2020-07-31 22:22:12: Execution OK.
2020-07-31 22:22:12: Execution OK.
2020-07-31 22:22:12: Execution OK.
2020-07-31 22:22:12: Execution OK.
2020-07-31 22:22:12: Execution OK.
2020-07-31 22:22:12: Execution OK.
2020-07-31 22:22:12: Execution OK.
2020-07-31 22:22:12: Execution OK.
2020-07-31 22:22:12: Execution OK.
2020-07-31 22:22:12: Execution OK.
2020-07-31 22:22:12: Execution OK.
2020-07-31 22:22:12: Execution OK.
2020-07-31 22:22:12: Execution OK.
2020-07-31 22:22:12: Execution OK.
2020-07-31 22:22:12: Execution OK.
2020-07-31 22:22:12: Execution OK.
2020-07-31 22:22:12: Execution OK.
2020-07-31 22:22:12: Execution OK.
2020-07-31 22:22:12: Execution OK.
2020-07-31 22:22:12: Execution OK.
2020-07-31 22:22:12: Execution OK.
2020-07-31 22:22:12: Execution OK.
2020-07-31 22:22:12: Execution OK.
2020-07-31 22:22:12: Execution OK.
2020-07-31 22:22:12: Execution OK.
2020-07-31 22:22:12: Execution OK.
2020-07-31 22:22:12: Execution OK.
2020-07-31 22:22:12: Execution OK.
2020-07-31 22:22:12: Execution OK.
2020-07-31 22:22:12: Execution OK.
2020-07-31 22:22:12: Execution OK.
2020-07-31 22:22:12: Execution OK.
2020-07-31 22:22:12: Execution OK.
2020-07-31 22:22:12: Execution OK.
2020-07-31 22:22:12: Execution OK.
2020-07-31 22:22:12: Execution OK.
2020-07-31 22:22:13: Execution OK.
2020-07-31 22:22:13: Execution OK.
2020-07-31 22:22:13: Execution OK.
2020-07-31 22:22:13: Execution OK.
2020-07-31 22:22:13: Execution OK.
2020-07-31 22:22:13: Execution OK.
2020-07-31 22:22:13: Execution OK.
2020-07-31 22:22:13: Execution OK.
2020-07-31 22:22:13: Execution OK.
2020-07-31 22:22:13: Execution OK.
2020-07-31 22:22:13: Execution OK.
2020-07-31 22:22:13: Execution OK.
2020-07-31 22:22:13: Execution OK.
2020-07-31 22:22:13: Execution OK.
2020-07-31 22:22:13: Execution OK.
2020-07-31 22:22:13: Execution OK.
2020-07-31 22:22:13: Execution OK.
2020-07-31 22:22:13: Execution OK.
2020-07-31 22:22:13: Execution OK.
2020-07-31 22:22:13: Execution OK.
2020-07-31 22:22:13: Execution OK.
2020-07-31 22:22:13: Execution OK.
2020-07-31 22:22:13: Execution OK.
2020-07-31 22:22:13: Execution OK.
2020-07-31 22:22:13: Execution OK.
2020-07-31 22:22:13: Execution OK.
2020-07-31 22:22:13: Execution OK.
2020-07-31 22:22:13: Execution OK.
2020-07-31 22:22:13: Execution OK.
2020-07-31 22:22:13: Execution OK.
2020-07-31 22:22:13: Execution OK.
2020-07-31 22:22:13: Execution OK.
2020-07-31 22:22:13: Execution OK.
2020-07-31 22:22:13: Execution OK.
2020-07-31 22:22:13: Execution OK.
2020-07-31 22:22:13: Execution OK.
2020-07-31 22:22:13: Execution OK.
2020-07-31 22:22:13: Execution OK.
2020-07-31 22:22:13: Execution OK.
2020-07-31 22:22:13: Execution OK.
2020-07-31 22:22:13: Execution OK.
2020-07-31 22:22:13: Execution OK.
2020-07-31 22:22:13: Execution OK.
2020-07-31 22:22:13: Execution OK.
2020-07-31 22:22:13: Execution OK.
2020-07-31 22:22:13: Execution OK.
2020-07-31 22:22:13: Execution OK.
2020-07-31 22:22:13: Execution OK.
2020-07-31 22:22:13: Execution OK.
2020-07-31 22:22:13: Execution OK.
2020-07-31 22:22:13: Execution OK.
2020-07-31 22:22:13: Execution OK.
2020-07-31 22:22:13: Execution OK.
2020-07-31 22:22:13: Execution OK.
2020-07-31 22:22:13: Execution OK.
2020-07-31 22:22:13: Execution OK.
2020-07-31 22:22:13: Execution OK.
2020-07-31 22:22:13: Execution OK.
2020-07-31 22:22:13: Execution OK.
2020-07-31 22:22:13: Execution OK.
2020-07-31 22:22:13: Execution OK.
2020-07-31 22:22:13: Execution OK.
2020-07-31 22:22:13: Execution OK.
2020-07-31 22:22:13: Execution OK.
2020-07-31 22:22:13: Execution OK.
2020-07-31 22:22:13: Execution OK.
2020-07-31 22:22:13: Execution OK.
2020-07-31 22:22:13: Execution OK.
2020-07-31 22:22:13: Execution OK.
2020-07-31 22:22:13: Execution OK.
2020-07-31 22:22:13: Execution OK.
2020-07-31 22:22:13: Execution OK.
2020-07-31 22:22:13: Execution OK.
2020-07-31 22:22:13: Execution OK.
2020-07-31 22:22:13: Execution OK.
2020-07-31 22:22:13: Execution OK.
2020-07-31 22:22:13: Execution OK.
2020-07-31 22:22:13: Execution OK.
2020-07-31 22:22:13: Execution OK.
2020-07-31 22:22:13: Execution OK.
2020-07-31 22:22:13: Execution OK.
2020-07-31 22:22:13: Execution OK.
2020-07-31 22:22:13: Execution OK.
2020-07-31 22:22:13: Execution OK.
2020-07-31 22:22:13: Execution OK.
2020-07-31 22:22:13: Execution OK.
2020-07-31 22:22:13: Execution OK.
2020-07-31 22:22:13: Execution OK.
2020-07-31 22:22:13: Execution OK.
2020-07-31 22:22:13: Execution OK.
2020-07-31 22:22:13: Execution OK.
2020-07-31 22:22:13: Execution OK.
2020-07-31 22:22:13: Execution OK.
2020-07-31 22:22:13: Execution OK.
2020-07-31 22:22:13: Execution OK.
2020-07-31 22:22:13: Execution OK.
2020-07-31 22:22:13: Execution OK.
2020-07-31 22:22:13: Execution OK.
2020-07-31 22:22:13: Execution OK.
2020-07-31 22:22:13: Execution OK.
2020-07-31 22:22:13: Execution OK.
2020-07-31 22:22:13: Execution OK.
2020-07-31 22:22:13: Execution OK.
2020-07-31 22:22:13: Execution OK.
2020-07-31 22:22:13: Execution OK.
2020-07-31 22:22:13: Execution OK.
2020-07-31 22:22:13: Execution OK.
2020-07-31 22:22:13: Execution OK.
2020-07-31 22:22:13: Execution OK.
2020-07-31 22:22:13: Execution OK.
2020-07-31 22:22:13: Execution OK.
2020-07-31 22:22:13: Execution OK.
2020-07-31 22:22:13: Execution OK.
2020-07-31 22:22:13: Execution OK.
2020-07-31 22:22:13: Execution OK.
2020-07-31 22:22:13: Execution OK.
2020-07-31 22:22:13: Execution OK.
2020-07-31 22:22:13: Execution OK.
2020-07-31 22:22:13: Execution OK.
2020-07-31 22:22:13: Execution OK.
2020-07-31 22:22:13: Execution OK.
2020-07-31 22:22:13: Execution OK.
2020-07-31 22:22:13: Execution OK.
2020-07-31 22:22:13: Execution OK.
2020-07-31 22:22:13: Execution OK.
2020-07-31 22:22:13: Execution OK.
2020-07-31 22:22:13: Execution OK.
2020-07-31 22:22:13: Execution OK.
2020-07-31 22:22:13: Execution OK.
2020-07-31 22:22:13: Execution OK.
2020-07-31 22:22:13: Execution OK.
2020-07-31 22:22:13: Execution OK.
2020-07-31 22:22:13: Execution OK.
2020-07-31 22:22:13: Execution OK.
2020-07-31 22:22:13: Execution OK.
2020-07-31 22:22:13: Execution OK.
2020-07-31 22:22:13: Execution OK.
2020-07-31 22:22:13: Execution OK.
2020-07-31 22:22:13: Execution OK.
2020-07-31 22:22:13: Execution OK.
2020-07-31 22:22:13: Execution OK.
2020-07-31 22:22:13: Execution OK.
2020-07-31 22:22:13: Execution OK.
2020-07-31 22:22:13: Execution OK.
2020-07-31 22:22:13: Execution OK.
2020-07-31 22:22:13: Execution OK.
2020-07-31 22:22:13: Execution OK.
2020-07-31 22:22:13: Execution OK.
2020-07-31 22:22:13: Execution OK.
2020-07-31 22:22:13: Execution OK.
2020-07-31 22:22:13: Execution OK.
2020-07-31 22:22:13: Execution OK.
2020-07-31 22:22:13: Execution OK.
2020-07-31 22:22:13: Execution OK.
2020-07-31 22:22:13: Execution OK.
2020-07-31 22:22:13: Execution OK.
2020-07-31 22:22:13: Execution OK.
2020-07-31 22:22:13: Execution OK.
2020-07-31 22:22:13: Execution OK.
2020-07-31 22:22:13: Execution OK.
2020-07-31 22:22:13: Execution OK.
2020-07-31 22:22:13: Execution OK.
2020-07-31 22:22:13: Execution OK.
2020-07-31 22:22:13: Execution OK.
2020-07-31 22:22:13: Execution OK.
2020-07-31 22:22:13: Execution OK.
2020-07-31 22:22:13: Execution OK.
2020-07-31 22:22:13: Execution OK.
2020-07-31 22:22:13: Execution OK.
2020-07-31 22:22:13: Execution OK.
2020-07-31 22:22:13: Execution OK.
2020-07-31 22:22:13: Execution OK.
2020-07-31 22:22:13: Execution OK.
2020-07-31 22:22:13: Execution OK.
2020-07-31 22:22:13: Execution OK.
2020-07-31 22:22:13: Execution OK.
2020-07-31 22:22:13: Execution OK.
2020-07-31 22:22:13: Execution OK.
2020-07-31 22:22:13: Execution OK.
2020-07-31 22:22:13: Execution OK.
2020-07-31 22:22:13: Execution OK.
2020-07-31 22:22:13: Execution OK.
2020-07-31 22:22:13: Execution OK.
2020-07-31 22:22:13: Execution OK.
2020-07-31 22:22:13: Execution OK.
2020-07-31 22:22:13: Execution OK.
2020-07-31 22:22:13: Execution OK.
2020-07-31 22:22:13: Execution OK.
2020-07-31 22:22:13: Execution OK.
2020-07-31 22:22:13: Execution OK.
2020-07-31 22:22:13: Execution OK.
2020-07-31 22:22:13: Execution OK.
2020-07-31 22:22:13: Execution OK.
2020-07-31 22:22:13: Execution OK.
2020-07-31 22:22:13: Execution OK.
2020-07-31 22:22:13: Execution OK.
2020-07-31 22:22:13: Execution OK.
2020-07-31 22:22:13: Execution OK.
2020-07-31 22:22:13: Execution OK.
2020-07-31 22:22:13: Execution OK.
2020-07-31 22:22:13: Execution OK.
2020-07-31 22:22:13: Execution OK.
2020-07-31 22:22:13: Execution OK.
2020-07-31 22:22:13: Execution OK.
2020-07-31 22:22:13: Execution OK.
2020-07-31 22:22:13: Execution OK.
2020-07-31 22:22:13: Execution OK.
2020-07-31 22:22:13: Execution OK.
2020-07-31 22:22:13: Execution OK.
2020-07-31 22:22:13: Execution OK.
2020-07-31 22:22:13: Execution OK.
2020-07-31 22:22:13: Execution OK.
2020-07-31 22:22:13: Execution OK.
2020-07-31 22:22:13: Execution OK.
2020-07-31 22:22:13: Execution OK.
2020-07-31 22:22:13: Execution OK.
2020-07-31 22:22:13: Execution OK.
2020-07-31 22:22:13: Execution OK.
2020-07-31 22:22:13: Execution OK.
2020-07-31 22:22:13: Execution OK.
2020-07-31 22:22:13: Execution OK.
2020-07-31 22:22:13: Execution OK.
2020-07-31 22:22:13: Execution OK.
2020-07-31 22:22:13: Execution OK.
2020-07-31 22:22:13: Execution OK.
2020-07-31 22:22:13: Execution OK.
2020-07-31 22:22:13: Execution OK.
2020-07-31 22:22:13: Execution OK.
2020-07-31 22:22:13: Execution OK.
2020-07-31 22:22:13: Execution OK.
2020-07-31 22:22:13: Execution OK.
2020-07-31 22:22:13: Execution OK.
2020-07-31 22:22:13: Execution OK.
2020-07-31 22:22:13: Execution OK.
2020-07-31 22:22:13: Execution OK.
2020-07-31 22:22:13: Execution OK.
2020-07-31 22:22:13: Execution OK.
2020-07-31 22:22:13: Execution OK.
2020-07-31 22:22:13: Execution OK.
2020-07-31 22:22:13: Execution OK.
2020-07-31 22:22:13: Execution OK.
2020-07-31 22:22:13: Execution OK.
2020-07-31 22:22:13: Execution OK.
2020-07-31 22:22:13: Execution OK.
2020-07-31 22:22:13: Execution OK.
2020-07-31 22:22:13: Execution OK.
2020-07-31 22:22:13: Execution OK.
2020-07-31 22:22:13: Execution OK.
2020-07-31 22:22:13: Execution OK.
2020-07-31 22:22:13: Execution OK.
2020-07-31 22:22:13: Execution OK.
2020-07-31 22:22:13: Execution OK.
2020-07-31 22:22:13: Execution OK.
2020-07-31 22:22:13: Execution OK.
2020-07-31 22:22:13: Execution OK.
2020-07-31 22:22:13: Execution OK.
2020-07-31 22:22:13: Execution OK.
2020-07-31 22:22:13: Execution OK.
2020-07-31 22:22:13: Execution OK.
2020-07-31 22:22:13: Execution OK.
2020-07-31 22:22:13: Execution OK.
2020-07-31 22:22:13: Execution OK.
2020-07-31 22:22:13: Execution OK.
2020-07-31 22:22:13: Execution OK.
2020-07-31 22:22:13: Execution OK.
2020-07-31 22:22:13: Execution OK.
2020-07-31 22:22:13: Execution OK.
2020-07-31 22:22:13: Execution OK.
2020-07-31 22:22:13: Execution OK.
2020-07-31 22:22:13: Execution OK.
2020-07-31 22:22:13: Execution OK.
2020-07-31 22:22:13: Execution OK.
2020-07-31 22:22:13: Execution OK.
2020-07-31 22:22:13: Execution OK.
2020-07-31 22:22:13: Execution OK.
2020-07-31 22:22:13: Execution OK.
2020-07-31 22:22:14: Execution OK.
2020-07-31 22:22:14: Execution OK.
2020-07-31 22:22:14: Execution OK.
2020-07-31 22:22:14: Execution OK.
2020-07-31 22:22:14: Execution OK.
2020-07-31 22:22:14: Execution OK.
2020-07-31 22:22:14: Execution OK.
2020-07-31 22:22:14: Execution OK.
2020-07-31 22:22:14: Execution OK.
2020-07-31 22:22:14: Execution OK.
2020-07-31 22:22:14: Execution OK.
2020-07-31 22:22:14: Execution OK.
2020-07-31 22:22:14: Execution OK.
2020-07-31 22:22:14: Execution OK.
2020-07-31 22:22:14: Execution OK.
2020-07-31 22:22:14: Execution OK.
2020-07-31 22:22:14: Execution OK.
2020-07-31 22:22:14: Execution OK.
2020-07-31 22:22:14: Execution OK.
2020-07-31 22:22:14: Execution OK.
2020-07-31 22:22:14: Execution OK.
2020-07-31 22:22:14: Execution OK.
2020-07-31 22:22:14: Execution OK.
2020-07-31 22:22:14: Execution OK.
2020-07-31 22:22:14: Execution OK.
2020-07-31 22:22:14: Execution OK.
2020-07-31 22:22:14: Execution OK.
2020-07-31 22:22:14: Execution OK.
2020-07-31 22:22:14: Execution OK.
2020-07-31 22:22:14: Execution OK.
2020-07-31 22:22:14: Execution OK.
2020-07-31 22:22:14: Execution OK.
2020-07-31 22:22:14: Execution OK.
2020-07-31 22:22:14: Execution OK.
2020-07-31 22:22:14: Execution OK.
2020-07-31 22:22:14: Execution OK.
2020-07-31 22:22:14: Execution OK.
2020-07-31 22:22:14: Execution OK.
2020-07-31 22:22:14: Execution OK.
2020-07-31 22:22:14: Execution OK.
2020-07-31 22:22:14: Execution OK.
2020-07-31 22:22:14: Execution OK.
2020-07-31 22:22:14: Execution OK.
2020-07-31 22:22:14: Execution OK.
2020-07-31 22:22:14: Execution OK.
2020-07-31 22:22:14: Execution OK.
2020-07-31 22:22:14: Execution OK.
2020-07-31 22:22:14: Execution OK.
2020-07-31 22:22:14: Execution OK.
2020-07-31 22:22:14: Execution OK.
2020-07-31 22:22:14: Execution OK.
2020-07-31 22:22:14: Execution OK.
2020-07-31 22:22:14: Execution OK.
2020-07-31 22:22:14: Execution OK.
2020-07-31 22:22:14: Execution OK.
2020-07-31 22:22:14: Execution OK.
2020-07-31 22:22:14: Execution OK.
2020-07-31 22:22:14: Execution OK.
2020-07-31 22:22:14: Execution OK.
2020-07-31 22:22:14: Execution OK.
2020-07-31 22:22:14: Execution OK.
2020-07-31 22:22:14: Execution OK.
2020-07-31 22:22:14: Execution OK.
2020-07-31 22:22:14: Execution OK.
2020-07-31 22:22:14: Execution OK.
2020-07-31 22:22:14: Execution OK.
2020-07-31 22:22:14: Execution OK.
2020-07-31 22:22:14: Execution OK.
2020-07-31 22:22:14: Execution OK.
2020-07-31 22:22:14: Execution OK.
2020-07-31 22:22:14: Execution OK.
2020-07-31 22:22:14: Execution OK.
2020-07-31 22:22:14: Execution OK.
2020-07-31 22:22:14: Execution OK.
2020-07-31 22:22:14: Execution OK.
2020-07-31 22:22:14: Execution OK.
2020-07-31 22:22:14: Execution OK.
2020-07-31 22:22:14: Execution OK.
2020-07-31 22:22:14: Execution OK.
2020-07-31 22:22:14: Execution OK.
2020-07-31 22:22:14: Execution OK.
2020-07-31 22:22:14: Execution OK.
2020-07-31 22:22:14: Execution OK.
2020-07-31 22:22:14: Execution OK.
2020-07-31 22:22:14: Execution OK.
2020-07-31 22:22:14: Execution OK.
2020-07-31 22:22:14: Execution OK.
2020-07-31 22:22:14: Execution OK.
2020-07-31 22:22:14: Execution OK.
2020-07-31 22:22:14: Execution OK.
2020-07-31 22:22:14: Execution OK.
2020-07-31 22:22:14: Execution OK.
2020-07-31 22:22:14: Execution OK.
2020-07-31 22:22:14: Execution OK.
2020-07-31 22:22:14: Execution OK.
2020-07-31 22:22:14: Execution OK.
2020-07-31 22:22:14: Execution OK.
2020-07-31 22:22:14: Execution OK.
2020-07-31 22:22:14: Execution OK.
2020-07-31 22:22:14: Execution OK.
2020-07-31 22:22:14: Execution OK.
2020-07-31 22:22:14: Execution OK.
2020-07-31 22:22:14: Execution OK.
2020-07-31 22:22:14: Execution OK.
2020-07-31 22:22:14: Execution OK.
2020-07-31 22:22:14: Execution OK.
2020-07-31 22:22:14: Execution OK.
2020-07-31 22:22:14: Execution OK.
2020-07-31 22:22:14: Execution OK.
2020-07-31 22:22:14: Execution OK.
2020-07-31 22:22:14: Execution OK.
2020-07-31 22:22:14: Execution OK.
2020-07-31 22:22:14: Execution OK.
2020-07-31 22:22:14: Execution OK.
2020-07-31 22:22:14: Execution OK.
2020-07-31 22:22:14: Execution OK.
2020-07-31 22:22:14: Execution OK.
2020-07-31 22:22:14: Execution OK.
2020-07-31 22:22:14: Execution OK.
2020-07-31 22:22:14: Execution OK.
2020-07-31 22:22:14: Execution OK.
2020-07-31 22:22:14: Execution OK.
2020-07-31 22:22:14: Execution OK.
2020-07-31 22:22:14: Execution OK.
2020-07-31 22:22:14: Execution OK.
2020-07-31 22:22:14: Execution OK.
2020-07-31 22:22:14: Execution OK.
2020-07-31 22:22:14: Execution OK.
2020-07-31 22:22:14: Execution OK.
2020-07-31 22:22:14: Execution OK.
2020-07-31 22:22:14: Execution OK.
2020-07-31 22:22:14: Execution OK.
2020-07-31 22:22:14: Execution OK.
2020-07-31 22:22:14: Execution OK.
2020-07-31 22:22:14: Execution OK.
2020-07-31 22:22:14: Execution OK.
2020-07-31 22:22:14: Execution OK.
2020-07-31 22:22:14: Execution OK.
2020-07-31 22:22:14: Execution OK.
2020-07-31 22:22:14: Execution OK.
2020-07-31 22:22:14: Execution OK.
2020-07-31 22:22:14: Execution OK.
2020-07-31 22:22:14: Execution OK.
2020-07-31 22:22:14: Execution OK.
2020-07-31 22:22:14: Execution OK.
2020-07-31 22:22:14: Execution OK.
2020-07-31 22:22:14: Execution OK.
2020-07-31 22:22:14: Execution OK.
2020-07-31 22:22:14: Execution OK.
2020-07-31 22:22:14: Execution OK.
2020-07-31 22:22:14: Execution OK.
2020-07-31 22:22:14: Execution OK.
2020-07-31 22:22:14: Execution OK.
2020-07-31 22:22:14: Execution OK.
2020-07-31 22:22:14: Execution OK.
2020-07-31 22:22:14: Execution OK.
2020-07-31 22:22:14: Execution OK.
2020-07-31 22:22:14: Execution OK.
2020-07-31 22:22:14: Execution OK.
2020-07-31 22:22:14: Execution OK.
2020-07-31 22:22:14: Execution OK.
2020-07-31 22:22:14: Execution OK.
2020-07-31 22:22:14: Execution OK.
2020-07-31 22:22:14: Execution OK.
2020-07-31 22:22:14: Execution OK.
2020-07-31 22:22:14: Execution OK.
2020-07-31 22:22:14: Execution OK.
2020-07-31 22:22:14: Execution OK.
2020-07-31 22:22:14: Execution OK.
2020-07-31 22:22:14: Execution OK.
2020-07-31 22:22:14: Execution OK.
2020-07-31 22:22:14: Execution OK.
2020-07-31 22:22:14: Execution OK.
2020-07-31 22:22:14: Execution OK.
2020-07-31 22:22:14: Execution OK.
2020-07-31 22:22:14: Execution OK.
2020-07-31 22:22:14: Execution OK.
2020-07-31 22:22:14: Execution OK.
2020-07-31 22:22:14: Execution OK.
2020-07-31 22:22:14: Execution OK.
2020-07-31 22:22:14: Execution OK.
2020-07-31 22:22:14: Execution OK.
2020-07-31 22:22:14: Execution OK.
2020-07-31 22:22:14: Execution OK.
2020-07-31 22:22:14: Execution OK.
2020-07-31 22:22:14: Execution OK.
2020-07-31 22:22:14: Execution OK.
2020-07-31 22:22:14: Execution OK.
2020-07-31 22:22:14: Execution OK.
2020-07-31 22:22:14: Execution OK.
2020-07-31 22:22:14: Execution OK.
2020-07-31 22:22:14: Execution OK.
2020-07-31 22:22:14: Execution OK.
2020-07-31 22:22:14: Execution OK.
2020-07-31 22:22:14: Execution OK.
2020-07-31 22:22:14: Execution OK.
2020-07-31 22:22:14: Execution OK.
2020-07-31 22:22:14: Execution OK.
2020-07-31 22:22:14: Execution OK.
2020-07-31 22:22:14: Execution OK.
2020-07-31 22:22:14: Execution OK.
2020-07-31 22:22:14: Execution OK.
2020-07-31 22:22:14: Execution OK.
2020-07-31 22:22:14: Execution OK.
2020-07-31 22:22:14: Execution OK.
2020-07-31 22:22:14: Execution OK.
2020-07-31 22:22:14: Execution OK.
2020-07-31 22:22:14: Execution OK.
2020-07-31 22:22:14: Execution OK.
2020-07-31 22:22:14: Execution OK.
2020-07-31 22:22:14: Execution OK.
2020-07-31 22:22:14: Execution OK.
2020-07-31 22:22:14: Execution OK.
2020-07-31 22:22:14: Execution OK.
2020-07-31 22:22:14: Execution OK.
2020-07-31 22:22:14: Execution OK.
2020-07-31 22:22:14: Execution OK.
2020-07-31 22:22:14: Execution OK.
2020-07-31 22:22:14: Execution OK.
2020-07-31 22:22:14: Execution OK.
2020-07-31 22:22:14: Execution OK.
2020-07-31 22:22:14: Execution OK.
2020-07-31 22:22:14: Execution OK.
2020-07-31 22:22:14: Execution OK.
2020-07-31 22:22:14: Execution OK.
2020-07-31 22:22:14: Execution OK.
2020-07-31 22:22:14: Execution OK.
2020-07-31 22:22:14: Execution OK.
2020-07-31 22:22:14: Execution OK.
2020-07-31 22:22:14: Execution OK.
2020-07-31 22:22:14: Execution OK.
2020-07-31 22:22:14: Execution OK.
2020-07-31 22:22:14: Execution OK.
2020-07-31 22:22:14: Execution OK.
2020-07-31 22:22:14: Execution OK.
2020-07-31 22:22:14: Execution OK.
2020-07-31 22:22:14: Execution OK.
2020-07-31 22:22:14: Execution OK.
2020-07-31 22:22:14: Execution OK.
2020-07-31 22:22:14: Execution OK.
2020-07-31 22:22:14: Execution OK.
2020-07-31 22:22:14: Execution OK.
2020-07-31 22:22:14: Execution OK.
2020-07-31 22:22:14: Execution OK.
2020-07-31 22:22:14: Execution OK.
2020-07-31 22:22:14: Execution OK.
2020-07-31 22:22:14: Execution OK.
2020-07-31 22:22:14: Execution OK.
2020-07-31 22:22:14: Execution OK.
2020-07-31 22:22:14: Execution OK.
2020-07-31 22:22:14: Execution OK.
2020-07-31 22:22:14: Execution OK.
2020-07-31 22:22:14: Execution OK.
2020-07-31 22:22:14: Execution OK.
2020-07-31 22:22:14: Execution OK.
2020-07-31 22:22:14: Execution OK.
2020-07-31 22:22:14: Execution OK.
2020-07-31 22:22:14: Execution OK.
2020-07-31 22:22:14: Execution OK.
2020-07-31 22:22:14: Execution OK.
2020-07-31 22:22:14: Execution OK.
2020-07-31 22:22:14: Execution OK.
2020-07-31 22:22:14: Execution OK.
2020-07-31 22:22:14: Execution OK.
2020-07-31 22:22:14: Execution OK.
2020-07-31 22:22:14: Execution OK.
2020-07-31 22:22:14: Execution OK.
2020-07-31 22:22:14: Execution OK.
2020-07-31 22:22:14: Execution OK.
2020-07-31 22:22:14: Execution OK.
2020-07-31 22:22:14: Execution OK.
2020-07-31 22:22:14: Execution OK.
2020-07-31 22:22:14: Execution OK.
2020-07-31 22:22:15: Execution OK.
2020-07-31 22:22:15: Execution OK.
2020-07-31 22:22:15: Execution OK.
2020-07-31 22:22:15: Execution OK.
2020-07-31 22:22:15: Execution OK.
2020-07-31 22:22:15: Execution OK.
2020-07-31 22:22:15: Execution OK.
2020-07-31 22:22:15: Execution OK.
2020-07-31 22:22:15: Execution OK.
2020-07-31 22:22:15: Execution OK.
2020-07-31 22:22:15: Execution OK.
2020-07-31 22:22:15: Execution OK.
2020-07-31 22:22:15: Execution OK.
2020-07-31 22:22:15: Execution OK.
2020-07-31 22:22:15: Execution OK.
2020-07-31 22:22:15: Execution OK.
2020-07-31 22:22:15: Execution OK.
2020-07-31 22:22:15: Execution OK.
2020-07-31 22:22:15: Execution OK.
2020-07-31 22:22:15: Execution OK.
2020-07-31 22:22:15: Execution OK.
2020-07-31 22:22:15: Execution OK.
2020-07-31 22:22:15: Execution OK.
2020-07-31 22:22:15: Execution OK.
2020-07-31 22:22:15: Execution OK.
2020-07-31 22:22:15: Execution OK.
2020-07-31 22:22:15: Execution OK.
2020-07-31 22:22:15: Execution OK.
2020-07-31 22:22:15: Execution OK.
2020-07-31 22:22:15: Execution OK.
2020-07-31 22:22:15: Execution OK.
2020-07-31 22:22:15: Execution OK.
2020-07-31 22:22:15: Execution OK.
2020-07-31 22:22:15: Execution OK.
2020-07-31 22:22:15: Execution OK.
2020-07-31 22:22:15: Execution OK.
2020-07-31 22:22:15: Execution OK.
2020-07-31 22:22:15: Execution OK.
2020-07-31 22:22:15: Execution OK.
2020-07-31 22:22:15: Execution OK.
2020-07-31 22:22:15: Execution OK.
2020-07-31 22:22:15: Execution OK.
2020-07-31 22:22:15: Execution OK.
2020-07-31 22:22:15: Execution OK.
2020-07-31 22:22:15: Execution OK.
2020-07-31 22:22:15: Execution OK.
2020-07-31 22:22:15: Execution OK.
2020-07-31 22:22:15: Execution OK.
2020-07-31 22:22:15: Execution OK.
2020-07-31 22:22:15: Execution OK.
2020-07-31 22:22:15: Execution OK.
2020-07-31 22:22:15: Execution OK.
2020-07-31 22:22:15: Execution OK.
2020-07-31 22:22:15: Execution OK.
2020-07-31 22:22:15: Execution OK.
2020-07-31 22:22:15: Execution OK.
2020-07-31 22:22:15: Execution OK.
2020-07-31 22:22:15: Execution OK.
2020-07-31 22:22:15: Execution OK.
2020-07-31 22:22:15: Execution OK.
2020-07-31 22:22:15: Execution OK.
2020-07-31 22:22:15: Execution OK.
2020-07-31 22:22:15: Execution OK.
2020-07-31 22:22:15: Execution OK.
2020-07-31 22:22:15: Execution OK.
2020-07-31 22:22:15: Execution OK.
2020-07-31 22:22:15: Execution OK.
2020-07-31 22:22:15: Execution OK.
2020-07-31 22:22:15: Execution OK.
2020-07-31 22:22:15: Execution OK.
2020-07-31 22:22:15: Execution OK.
2020-07-31 22:22:15: Execution OK.
2020-07-31 22:22:15: Execution OK.
2020-07-31 22:22:15: Execution OK.
2020-07-31 22:22:15: Execution OK.
2020-07-31 22:22:15: Execution OK.
2020-07-31 22:22:15: Execution OK.
2020-07-31 22:22:15: Execution OK.
2020-07-31 22:22:15: Execution OK.
2020-07-31 22:22:15: Execution OK.
2020-07-31 22:22:15: Execution OK.
2020-07-31 22:22:15: Execution OK.
2020-07-31 22:22:15: Execution OK.
2020-07-31 22:22:15: Execution OK.
2020-07-31 22:22:15: Execution OK.
2020-07-31 22:22:15: Execution OK.
2020-07-31 22:22:15: Execution OK.
2020-07-31 22:22:15: Execution OK.
2020-07-31 22:22:15: Execution OK.
2020-07-31 22:22:15: Execution OK.
2020-07-31 22:22:15: Execution OK.
2020-07-31 22:22:15: Execution OK.
2020-07-31 22:22:15: Execution OK.
2020-07-31 22:22:15: Execution OK.
2020-07-31 22:22:15: Execution OK.
2020-07-31 22:22:15: Execution OK.
2020-07-31 22:22:15: Execution OK.
2020-07-31 22:22:15: Execution OK.
2020-07-31 22:22:15: Execution OK.
2020-07-31 22:22:15: Execution OK.
2020-07-31 22:22:15: Execution OK.
2020-07-31 22:22:15: Execution OK.
2020-07-31 22:22:15: Execution OK.
2020-07-31 22:22:15: Execution OK.
2020-07-31 22:22:15: Execution OK.
2020-07-31 22:22:15: Execution OK.
2020-07-31 22:22:15: Execution OK.
2020-07-31 22:22:15: Execution OK.
2020-07-31 22:22:15: Execution OK.
2020-07-31 22:22:15: Execution OK.
2020-07-31 22:22:15: Execution OK.
2020-07-31 22:22:15: Execution OK.
2020-07-31 22:22:15: Execution OK.
2020-07-31 22:22:15: Execution OK.
2020-07-31 22:22:15: Execution OK.
2020-07-31 22:22:15: Execution OK.
2020-07-31 22:22:15: Execution OK.
2020-07-31 22:22:15: Execution OK.
2020-07-31 22:22:15: Execution OK.
2020-07-31 22:22:15: Execution OK.
2020-07-31 22:22:15: Execution OK.
2020-07-31 22:22:15: Execution OK.
2020-07-31 22:22:15: Execution OK.
2020-07-31 22:22:15: Execution OK.
2020-07-31 22:22:15: Execution OK.
2020-07-31 22:22:15: Execution OK.
2020-07-31 22:22:15: Execution OK.
2020-07-31 22:22:15: Execution OK.
2020-07-31 22:22:15: Execution OK.
2020-07-31 22:22:15: Execution OK.
2020-07-31 22:22:15: Execution OK.
2020-07-31 22:22:15: Execution OK.
2020-07-31 22:22:15: Execution OK.
2020-07-31 22:22:15: Execution OK.
2020-07-31 22:22:15: Execution OK.
2020-07-31 22:22:15: Execution OK.
2020-07-31 22:22:15: Execution OK.
2020-07-31 22:22:15: Execution OK.
2020-07-31 22:22:15: Execution OK.
2020-07-31 22:22:15: Execution OK.
2020-07-31 22:22:15: Execution OK.
2020-07-31 22:22:15: Execution OK.
2020-07-31 22:22:15: Execution OK.
2020-07-31 22:22:15: Execution OK.
2020-07-31 22:22:15: Execution OK.
2020-07-31 22:22:15: Execution OK.
2020-07-31 22:22:15: Execution OK.
2020-07-31 22:22:15: Execution OK.
2020-07-31 22:22:15: Execution OK.
2020-07-31 22:22:15: Execution OK.
2020-07-31 22:22:15: Execution OK.
2020-07-31 22:22:15: Execution OK.
2020-07-31 22:22:15: Execution OK.
2020-07-31 22:22:15: Execution OK.
2020-07-31 22:22:15: Execution OK.
2020-07-31 22:22:15: Execution OK.
2020-07-31 22:22:15: Execution OK.
2020-07-31 22:22:15: Execution OK.
2020-07-31 22:22:15: Execution OK.
2020-07-31 22:22:15: Execution OK.
2020-07-31 22:22:15: Execution OK.
2020-07-31 22:22:15: Execution OK.
2020-07-31 22:22:15: Execution OK.
2020-07-31 22:22:15: Execution OK.
2020-07-31 22:22:15: Execution OK.
2020-07-31 22:22:15: Execution OK.
2020-07-31 22:22:15: Execution OK.
2020-07-31 22:22:15: Execution OK.
2020-07-31 22:22:15: Execution OK.
2020-07-31 22:22:15: Execution OK.
2020-07-31 22:22:15: Execution OK.
2020-07-31 22:22:15: Execution OK.
2020-07-31 22:22:15: Execution OK.
2020-07-31 22:22:15: Execution OK.
2020-07-31 22:22:15: Execution OK.
2020-07-31 22:22:15: Execution OK.
2020-07-31 22:22:15: Execution OK.
2020-07-31 22:22:15: Execution OK.
2020-07-31 22:22:15: Execution OK.
2020-07-31 22:22:15: Execution OK.
2020-07-31 22:22:15: Execution OK.
2020-07-31 22:22:15: Execution OK.
2020-07-31 22:22:15: Execution OK.
2020-07-31 22:22:15: Execution OK.
2020-07-31 22:22:15: Execution OK.
2020-07-31 22:22:15: Execution OK.
2020-07-31 22:22:15: Execution OK.
2020-07-31 22:22:15: Execution OK.
2020-07-31 22:22:15: Execution OK.
2020-07-31 22:22:15: Execution OK.
2020-07-31 22:22:15: Execution OK.
2020-07-31 22:22:15: Execution OK.
2020-07-31 22:22:15: Execution OK.
2020-07-31 22:22:15: Execution OK.
2020-07-31 22:22:15: Execution OK.
2020-07-31 22:22:15: Execution OK.
2020-07-31 22:22:15: Execution OK.
2020-07-31 22:22:15: Execution OK.
2020-07-31 22:22:15: Execution OK.
2020-07-31 22:22:15: Execution OK.
2020-07-31 22:22:15: Execution OK.
2020-07-31 22:22:15: Execution OK.
2020-07-31 22:22:15: Execution OK.
2020-07-31 22:22:15: Execution OK.
2020-07-31 22:22:15: Execution OK.
2020-07-31 22:22:15: Execution OK.
2020-07-31 22:22:15: Execution OK.
2020-07-31 22:22:15: Execution OK.
2020-07-31 22:22:15: Execution OK.
2020-07-31 22:22:15: Execution OK.
2020-07-31 22:22:15: Execution OK.
2020-07-31 22:22:15: Execution OK.
2020-07-31 22:22:15: Execution OK.
2020-07-31 22:22:15: Execution OK.
2020-07-31 22:22:15: Execution OK.
2020-07-31 22:22:15: Execution OK.
2020-07-31 22:22:15: Execution OK.
2020-07-31 22:22:15: Execution OK.
2020-07-31 22:22:15: Execution OK.
2020-07-31 22:22:15: Execution OK.
2020-07-31 22:22:15: Execution OK.
2020-07-31 22:22:15: Execution OK.
2020-07-31 22:22:15: Execution OK.
2020-07-31 22:22:15: Execution OK.
2020-07-31 22:22:15: Execution OK.
2020-07-31 22:22:15: Execution OK.
2020-07-31 22:22:15: Execution OK.
2020-07-31 22:22:15: Execution OK.
2020-07-31 22:22:15: Execution OK.
2020-07-31 22:22:15: Execution OK.
2020-07-31 22:22:15: Execution OK.
2020-07-31 22:22:15: Execution OK.
2020-07-31 22:22:15: Execution OK.
2020-07-31 22:22:15: Execution OK.
2020-07-31 22:22:15: Execution OK.
2020-07-31 22:22:15: Execution OK.
2020-07-31 22:22:15: Execution OK.
2020-07-31 22:22:15: Execution OK.
2020-07-31 22:22:15: Execution OK.
2020-07-31 22:22:15: Execution OK.
2020-07-31 22:22:15: Execution OK.
2020-07-31 22:22:15: Execution OK.
2020-07-31 22:22:15: Execution OK.
2020-07-31 22:22:15: Execution OK.
2020-07-31 22:22:15: Execution OK.
2020-07-31 22:22:15: Execution OK.
2020-07-31 22:22:15: Execution OK.
2020-07-31 22:22:15: Execution OK.
2020-07-31 22:22:15: Execution OK.
2020-07-31 22:22:15: Execution OK.
2020-07-31 22:22:15: Execution OK.
2020-07-31 22:22:15: Execution OK.
2020-07-31 22:22:15: Execution OK.
2020-07-31 22:22:15: Execution OK.
2020-07-31 22:22:15: Execution OK.
2020-07-31 22:22:15: Execution OK.
2020-07-31 22:22:15: Execution OK.
2020-07-31 22:22:15: Execution OK.
2020-07-31 22:22:15: Execution OK.
2020-07-31 22:22:15: Execution OK.
2020-07-31 22:22:15: Execution OK.
2020-07-31 22:22:15: Execution OK.
2020-07-31 22:22:15: Execution OK.
2020-07-31 22:22:15: Execution OK.
2020-07-31 22:22:15: Execution OK.
2020-07-31 22:22:15: Execution OK.
2020-07-31 22:22:15: Execution OK.
2020-07-31 22:22:15: Execution OK.
2020-07-31 22:22:15: Execution OK.
2020-07-31 22:22:16: Execution OK.
2020-07-31 22:22:16: Execution OK.
2020-07-31 22:22:16: Execution OK.
2020-07-31 22:22:16: Execution OK.
2020-07-31 22:22:16: Execution OK.
2020-07-31 22:22:16: Execution OK.
2020-07-31 22:22:16: Execution OK.
2020-07-31 22:22:16: Execution OK.
2020-07-31 22:22:16: Execution OK.
2020-07-31 22:22:16: Execution OK.
2020-07-31 22:22:16: Execution OK.
2020-07-31 22:22:16: Execution OK.
2020-07-31 22:22:16: Execution OK.
2020-07-31 22:22:16: Execution OK.
2020-07-31 22:22:16: Execution OK.
2020-07-31 22:22:16: Execution OK.
2020-07-31 22:22:16: Execution OK.
2020-07-31 22:22:16: Execution OK.
2020-07-31 22:22:16: Execution OK.
2020-07-31 22:22:16: Execution OK.
2020-07-31 22:22:16: Execution OK.
2020-07-31 22:22:16: Execution OK.
2020-07-31 22:22:16: Execution OK.
2020-07-31 22:22:16: Execution OK.
2020-07-31 22:22:16: Execution OK.
2020-07-31 22:22:16: Execution OK.
2020-07-31 22:22:16: Execution OK.
2020-07-31 22:22:16: Execution OK.
2020-07-31 22:22:16: Execution OK.
2020-07-31 22:22:16: Execution OK.
2020-07-31 22:22:16: Execution OK.
2020-07-31 22:22:16: Execution OK.
2020-07-31 22:22:16: Execution OK.
2020-07-31 22:22:16: Execution OK.
2020-07-31 22:22:16: Execution OK.
2020-07-31 22:22:16: Execution OK.
2020-07-31 22:22:16: Execution OK.
2020-07-31 22:22:16: Execution OK.
2020-07-31 22:22:16: Execution OK.
2020-07-31 22:22:16: Execution OK.
2020-07-31 22:22:16: Execution OK.
2020-07-31 22:22:16: Execution OK.
2020-07-31 22:22:16: Execution OK.
2020-07-31 22:22:16: Execution OK.
2020-07-31 22:22:16: Execution OK.
2020-07-31 22:22:16: Execution OK.
2020-07-31 22:22:16: Execution OK.
2020-07-31 22:22:16: Execution OK.
2020-07-31 22:22:16: Execution OK.
2020-07-31 22:22:16: Execution OK.
2020-07-31 22:22:16: Execution OK.
2020-07-31 22:22:16: Execution OK.
2020-07-31 22:22:16: Execution OK.
2020-07-31 22:22:16: Execution OK.
2020-07-31 22:22:16: Execution OK.
2020-07-31 22:22:16: Execution OK.
2020-07-31 22:22:16: Execution OK.
2020-07-31 22:22:16: Execution OK.
2020-07-31 22:22:16: Execution OK.
2020-07-31 22:22:16: Execution OK.
2020-07-31 22:22:16: Execution OK.
2020-07-31 22:22:16: Execution OK.
2020-07-31 22:22:16: Execution OK.
2020-07-31 22:22:16: Execution OK.
2020-07-31 22:22:16: Execution OK.
2020-07-31 22:22:16: Execution OK.
2020-07-31 22:22:16: Execution OK.
2020-07-31 22:22:16: Execution OK.
2020-07-31 22:22:16: Execution OK.
2020-07-31 22:22:16: Execution OK.
2020-07-31 22:22:16: Execution OK.
2020-07-31 22:22:16: Execution OK.
2020-07-31 22:22:16: Execution OK.
2020-07-31 22:22:16: Execution OK.
2020-07-31 22:22:16: Execution OK.
2020-07-31 22:22:16: Execution OK.
2020-07-31 22:22:16: Execution OK.
2020-07-31 22:22:16: Execution OK.
2020-07-31 22:22:16: Execution OK.
2020-07-31 22:22:16: Execution OK.
2020-07-31 22:22:16: Execution OK.
2020-07-31 22:22:16: Execution OK.
2020-07-31 22:22:16: Execution OK.
2020-07-31 22:22:16: Execution OK.
2020-07-31 22:22:16: Execution OK.
2020-07-31 22:22:16: Execution OK.
2020-07-31 22:22:16: Execution OK.
2020-07-31 22:22:16: Execution OK.
2020-07-31 22:22:16: Execution OK.
2020-07-31 22:22:16: Execution OK.
2020-07-31 22:22:16: Execution OK.
2020-07-31 22:22:16: Execution OK.
2020-07-31 22:22:16: Execution OK.
2020-07-31 22:22:16: Execution OK.
2020-07-31 22:22:16: Execution OK.
2020-07-31 22:22:16: Execution OK.
2020-07-31 22:22:16: Execution OK.
2020-07-31 22:22:16: Execution OK.
2020-07-31 22:22:16: Execution OK.
2020-07-31 22:22:16: Execution OK.
2020-07-31 22:22:16: Execution OK.
2020-07-31 22:22:16: Execution OK.
2020-07-31 22:22:16: Execution OK.
2020-07-31 22:22:16: Execution OK.
2020-07-31 22:22:16: Execution OK.
2020-07-31 22:22:16: Execution OK.
2020-07-31 22:22:16: Execution OK.
2020-07-31 22:22:16: Execution OK.
2020-07-31 22:22:16: Execution OK.
2020-07-31 22:22:16: Execution OK.
2020-07-31 22:22:16: Execution OK.
2020-07-31 22:22:16: Execution OK.
2020-07-31 22:22:16: Execution OK.
2020-07-31 22:22:16: Execution OK.
2020-07-31 22:22:16: Execution OK.
2020-07-31 22:22:16: Execution OK.
2020-07-31 22:22:16: Execution OK.
2020-07-31 22:22:16: Execution OK.
2020-07-31 22:22:16: Execution OK.
2020-07-31 22:22:16: Execution OK.
2020-07-31 22:22:16: Execution OK.
2020-07-31 22:22:16: Execution OK.
2020-07-31 22:22:16: Execution OK.
2020-07-31 22:22:16: Execution OK.
2020-07-31 22:22:16: Execution OK.
2020-07-31 22:22:16: Execution OK.
2020-07-31 22:22:16: Execution OK.
2020-07-31 22:22:16: Execution OK.
2020-07-31 22:22:16: Execution OK.
2020-07-31 22:22:16: Execution OK.
2020-07-31 22:22:16: Execution OK.
2020-07-31 22:22:16: Execution OK.
2020-07-31 22:22:16: Execution OK.
2020-07-31 22:22:16: Execution OK.
2020-07-31 22:22:16: Execution OK.
2020-07-31 22:22:16: Execution OK.
2020-07-31 22:22:16: Execution OK.
2020-07-31 22:22:16: Execution OK.
2020-07-31 22:22:16: Execution OK.
2020-07-31 22:22:16: Execution OK.
2020-07-31 22:22:16: Execution OK.
2020-07-31 22:22:16: Execution OK.
2020-07-31 22:22:16: Execution OK.
2020-07-31 22:22:16: Execution OK.
2020-07-31 22:22:16: Execution OK.
2020-07-31 22:22:16: Execution OK.
2020-07-31 22:22:16: Execution OK.
2020-07-31 22:22:16: Execution OK.
2020-07-31 22:22:16: Execution OK.
2020-07-31 22:22:16: Execution OK.
2020-07-31 22:22:16: Execution OK.
2020-07-31 22:22:16: Execution OK.
2020-07-31 22:22:16: Execution OK.
2020-07-31 22:22:16: Execution OK.
2020-07-31 22:22:16: Execution OK.
2020-07-31 22:22:16: Execution OK.
2020-07-31 22:22:16: Execution OK.
2020-07-31 22:22:16: Execution OK.
2020-07-31 22:22:16: Execution OK.
2020-07-31 22:22:16: Execution OK.
2020-07-31 22:22:16: Execution OK.
2020-07-31 22:22:16: Execution OK.
2020-07-31 22:22:16: Execution OK.
2020-07-31 22:22:16: Execution OK.
