2020-07-13 21:39:07: ETL Start: 2020-07-13 21:39:07.745597
2020-07-13 21:39:07: Available Snapshots: 20200707
2020-07-13 21:39:07: Processing Snapshot: 20200707
2020-07-13 21:39:07: ETL_01_COLLECT Start: 2020-07-13 21:39:07.755550
2020-07-13 21:39:07: Processing Source: portal inmobiliario
2020-07-13 21:39:07: Processing Source: toctoc
2020-07-13 21:39:07: Processing Source: propiedades emol
2020-07-13 21:39:08: Processing Source: icasas
2020-07-13 21:39:08: Processing Source: chile propiedades
2020-07-13 21:39:08: ETL_01_COLLECT Output Files: D:\Reference\housemodel\data\T\ETL/20200707/ETL_01_COLLECT/portal inmobiliario.csv
	D:\Reference\housemodel\data\T\ETL/20200707/ETL_01_COLLECT/toctoc.csv
	D:\Reference\housemodel\data\T\ETL/20200707/ETL_01_COLLECT/propiedades emol.csv
	D:\Reference\housemodel\data\T\ETL/20200707/ETL_01_COLLECT/icasas.csv
	D:\Reference\housemodel\data\T\ETL/20200707/ETL_01_COLLECT/chile propiedades.csv
2020-07-13 21:39:08: ETL_01_COLLECT End: 2020-07-13 21:39:08.151550
2020-07-13 21:39:08: ETL_01_COLLECT Total Execution Time: 0.39600038528442383
2020-07-13 21:39:08: ETL_01_COLLECT Creating stats files for portal inmobiliario
2020-07-13 21:39:08: 	Info:		D:\Reference\housemodel\stats\ETL/20200707/ETL_01_COLLECT/portal inmobiliario/info.txt
2020-07-13 21:39:08: 	Describe:	D:\Reference\housemodel\stats\ETL/20200707/ETL_01_COLLECT/portal inmobiliario/describe.csv
2020-07-13 21:39:08: 	Nulls:		D:\Reference\housemodel\stats\ETL/20200707/ETL_01_COLLECT/portal inmobiliario/nulls.txt
2020-07-13 21:39:08: 	Ceros:		D:\Reference\housemodel\stats\ETL/20200707/ETL_01_COLLECT/portal inmobiliario/ceros.txt
2020-07-13 21:39:08: ETL_01_COLLECT Creating stats files for toctoc
2020-07-13 21:39:08: 	Info:		D:\Reference\housemodel\stats\ETL/20200707/ETL_01_COLLECT/toctoc/info.txt
2020-07-13 21:39:08: 	Describe:	D:\Reference\housemodel\stats\ETL/20200707/ETL_01_COLLECT/toctoc/describe.csv
2020-07-13 21:39:08: 	Nulls:		D:\Reference\housemodel\stats\ETL/20200707/ETL_01_COLLECT/toctoc/nulls.txt
2020-07-13 21:39:08: 	Ceros:		D:\Reference\housemodel\stats\ETL/20200707/ETL_01_COLLECT/toctoc/ceros.txt
2020-07-13 21:39:08: ETL_01_COLLECT Creating stats files for propiedades emol
2020-07-13 21:39:08: 	Info:		D:\Reference\housemodel\stats\ETL/20200707/ETL_01_COLLECT/propiedades emol/info.txt
2020-07-13 21:39:08: 	Describe:	D:\Reference\housemodel\stats\ETL/20200707/ETL_01_COLLECT/propiedades emol/describe.csv
2020-07-13 21:39:08: 	Nulls:		D:\Reference\housemodel\stats\ETL/20200707/ETL_01_COLLECT/propiedades emol/nulls.txt
2020-07-13 21:39:08: 	Ceros:		D:\Reference\housemodel\stats\ETL/20200707/ETL_01_COLLECT/propiedades emol/ceros.txt
2020-07-13 21:39:08: ETL_01_COLLECT Creating stats files for icasas
2020-07-13 21:39:08: 	Info:		D:\Reference\housemodel\stats\ETL/20200707/ETL_01_COLLECT/icasas/info.txt
2020-07-13 21:39:08: 	Describe:	D:\Reference\housemodel\stats\ETL/20200707/ETL_01_COLLECT/icasas/describe.csv
2020-07-13 21:39:08: 	Nulls:		D:\Reference\housemodel\stats\ETL/20200707/ETL_01_COLLECT/icasas/nulls.txt
2020-07-13 21:39:08: 	Ceros:		D:\Reference\housemodel\stats\ETL/20200707/ETL_01_COLLECT/icasas/ceros.txt
2020-07-13 21:39:08: ETL_01_COLLECT Creating stats files for chile propiedades
2020-07-13 21:39:08: 	Info:		D:\Reference\housemodel\stats\ETL/20200707/ETL_01_COLLECT/chile propiedades/info.txt
2020-07-13 21:39:08: 	Describe:	D:\Reference\housemodel\stats\ETL/20200707/ETL_01_COLLECT/chile propiedades/describe.csv
2020-07-13 21:39:08: 	Nulls:		D:\Reference\housemodel\stats\ETL/20200707/ETL_01_COLLECT/chile propiedades/nulls.txt
2020-07-13 21:39:08: 	Ceros:		D:\Reference\housemodel\stats\ETL/20200707/ETL_01_COLLECT/chile propiedades/ceros.txt
2020-07-13 21:39:08: asd ETL_02_FORMAT Start: 2020-07-13 21:39:08.394599
2020-07-13 21:39:08: Processing Source: D:\Reference\housemodel\data\T\ETL/20200707/ETL_01_COLLECT/portal inmobiliario.csv
2020-07-13 21:39:08: Processing Source: D:\Reference\housemodel\data\T\ETL/20200707/ETL_01_COLLECT/toctoc.csv
2020-07-13 21:39:08: Processing Source: D:\Reference\housemodel\data\T\ETL/20200707/ETL_01_COLLECT/propiedades emol.csv
2020-07-13 21:39:08: Processing Source: D:\Reference\housemodel\data\T\ETL/20200707/ETL_01_COLLECT/icasas.csv
2020-07-13 21:39:08: Processing Source: D:\Reference\housemodel\data\T\ETL/20200707/ETL_01_COLLECT/chile propiedades.csv
