2020-07-16 20:21:32: ETL Start: 2020-07-16 20:21:32.439159
2020-07-16 20:21:32: Available Snapshots: 20200707
2020-07-16 20:21:32: Processing Snapshot: 20200707
2020-07-16 20:21:32: ETL_01_COLLECT Start: 2020-07-16 20:21:32.450160
2020-07-16 20:21:32: Processing Source: portal inmobiliario
2020-07-16 20:21:32: Processing Source: toctoc
2020-07-16 20:21:32: Processing Source: propiedades emol
2020-07-16 20:21:32: Processing Source: icasas
2020-07-16 20:21:32: ETL_01_COLLECT Output Files: D:\Reference\housemodel\data\T\ETL/20200707/ETL_01_COLLECT/portal inmobiliario.csv
	D:\Reference\housemodel\data\T\ETL/20200707/ETL_01_COLLECT/toctoc.csv
	D:\Reference\housemodel\data\T\ETL/20200707/ETL_01_COLLECT/propiedades emol.csv
	D:\Reference\housemodel\data\T\ETL/20200707/ETL_01_COLLECT/icasas.csv
2020-07-16 20:21:32: ETL_01_COLLECT End: 2020-07-16 20:21:32.833159
2020-07-16 20:21:32: ETL_01_COLLECT Total Execution Time: 0.3829987049102783
2020-07-16 20:21:32: ETL_01_COLLECT Creating stats files for portal inmobiliario
2020-07-16 20:21:32: 	Info:		D:\Reference\housemodel\stats\ETL/20200707/ETL_01_COLLECT/portal inmobiliario/info.txt
2020-07-16 20:21:32: 	Describe:	D:\Reference\housemodel\stats\ETL/20200707/ETL_01_COLLECT/portal inmobiliario/describe.csv
2020-07-16 20:21:32: 	Nulls:		D:\Reference\housemodel\stats\ETL/20200707/ETL_01_COLLECT/portal inmobiliario/nulls.txt
2020-07-16 20:21:32: 	Ceros:		D:\Reference\housemodel\stats\ETL/20200707/ETL_01_COLLECT/portal inmobiliario/ceros.txt
2020-07-16 20:21:32: ETL_01_COLLECT Creating stats files for toctoc
2020-07-16 20:21:32: 	Info:		D:\Reference\housemodel\stats\ETL/20200707/ETL_01_COLLECT/toctoc/info.txt
2020-07-16 20:21:32: 	Describe:	D:\Reference\housemodel\stats\ETL/20200707/ETL_01_COLLECT/toctoc/describe.csv
2020-07-16 20:21:32: 	Nulls:		D:\Reference\housemodel\stats\ETL/20200707/ETL_01_COLLECT/toctoc/nulls.txt
2020-07-16 20:21:32: 	Ceros:		D:\Reference\housemodel\stats\ETL/20200707/ETL_01_COLLECT/toctoc/ceros.txt
2020-07-16 20:21:32: ETL_01_COLLECT Creating stats files for propiedades emol
2020-07-16 20:21:32: 	Info:		D:\Reference\housemodel\stats\ETL/20200707/ETL_01_COLLECT/propiedades emol/info.txt
2020-07-16 20:21:32: 	Describe:	D:\Reference\housemodel\stats\ETL/20200707/ETL_01_COLLECT/propiedades emol/describe.csv
2020-07-16 20:21:32: 	Nulls:		D:\Reference\housemodel\stats\ETL/20200707/ETL_01_COLLECT/propiedades emol/nulls.txt
2020-07-16 20:21:32: 	Ceros:		D:\Reference\housemodel\stats\ETL/20200707/ETL_01_COLLECT/propiedades emol/ceros.txt
2020-07-16 20:21:32: ETL_01_COLLECT Creating stats files for icasas
2020-07-16 20:21:32: 	Info:		D:\Reference\housemodel\stats\ETL/20200707/ETL_01_COLLECT/icasas/info.txt
2020-07-16 20:21:33: 	Describe:	D:\Reference\housemodel\stats\ETL/20200707/ETL_01_COLLECT/icasas/describe.csv
2020-07-16 20:21:33: 	Nulls:		D:\Reference\housemodel\stats\ETL/20200707/ETL_01_COLLECT/icasas/nulls.txt
2020-07-16 20:21:33: 	Ceros:		D:\Reference\housemodel\stats\ETL/20200707/ETL_01_COLLECT/icasas/ceros.txt
2020-07-16 20:21:33: ETL_02_FORMAT Start: 2020-07-16 20:21:33.017159
2020-07-16 20:21:33: Processing Source: D:\Reference\housemodel\data\T\ETL/20200707/ETL_01_COLLECT/portal inmobiliario.csv
2020-07-16 20:21:33: Processing Source: D:\Reference\housemodel\data\T\ETL/20200707/ETL_01_COLLECT/toctoc.csv
2020-07-16 20:21:33: Processing Source: D:\Reference\housemodel\data\T\ETL/20200707/ETL_01_COLLECT/propiedades emol.csv
2020-07-16 20:21:33: Processing Source: D:\Reference\housemodel\data\T\ETL/20200707/ETL_01_COLLECT/icasas.csv
2020-07-16 20:21:33: ETL_02_FORMAT End: 2020-07-16 20:21:33.330159
2020-07-16 20:21:33: ETL_02_FORMAT Total Execution Time: 0.3129994869232178
2020-07-16 20:21:33: ETL_02_FORMAT Creating stats files for portal inmobiliario
2020-07-16 20:21:33: 	Info:		D:\Reference\housemodel\stats\ETL/20200707/ETL_02_FORMAT/portal inmobiliario/info.txt
2020-07-16 20:21:33: 	Describe:	D:\Reference\housemodel\stats\ETL/20200707/ETL_02_FORMAT/portal inmobiliario/describe.csv
2020-07-16 20:21:33: 	Nulls:		D:\Reference\housemodel\stats\ETL/20200707/ETL_02_FORMAT/portal inmobiliario/nulls.txt
2020-07-16 20:21:33: 	Ceros:		D:\Reference\housemodel\stats\ETL/20200707/ETL_02_FORMAT/portal inmobiliario/ceros.txt
2020-07-16 20:21:33: ETL_02_FORMAT Creating stats files for toctoc
2020-07-16 20:21:33: 	Info:		D:\Reference\housemodel\stats\ETL/20200707/ETL_02_FORMAT/toctoc/info.txt
2020-07-16 20:21:33: 	Describe:	D:\Reference\housemodel\stats\ETL/20200707/ETL_02_FORMAT/toctoc/describe.csv
2020-07-16 20:21:33: 	Nulls:		D:\Reference\housemodel\stats\ETL/20200707/ETL_02_FORMAT/toctoc/nulls.txt
2020-07-16 20:21:33: 	Ceros:		D:\Reference\housemodel\stats\ETL/20200707/ETL_02_FORMAT/toctoc/ceros.txt
2020-07-16 20:21:33: ETL_02_FORMAT Creating stats files for propiedades emol
2020-07-16 20:21:33: 	Info:		D:\Reference\housemodel\stats\ETL/20200707/ETL_02_FORMAT/propiedades emol/info.txt
2020-07-16 20:21:33: 	Describe:	D:\Reference\housemodel\stats\ETL/20200707/ETL_02_FORMAT/propiedades emol/describe.csv
2020-07-16 20:21:33: 	Nulls:		D:\Reference\housemodel\stats\ETL/20200707/ETL_02_FORMAT/propiedades emol/nulls.txt
2020-07-16 20:21:33: 	Ceros:		D:\Reference\housemodel\stats\ETL/20200707/ETL_02_FORMAT/propiedades emol/ceros.txt
2020-07-16 20:21:33: ETL_02_FORMAT Creating stats files for icasas
2020-07-16 20:21:33: 	Info:		D:\Reference\housemodel\stats\ETL/20200707/ETL_02_FORMAT/icasas/info.txt
2020-07-16 20:21:33: 	Describe:	D:\Reference\housemodel\stats\ETL/20200707/ETL_02_FORMAT/icasas/describe.csv
2020-07-16 20:21:33: 	Nulls:		D:\Reference\housemodel\stats\ETL/20200707/ETL_02_FORMAT/icasas/nulls.txt
2020-07-16 20:21:33: 	Ceros:		D:\Reference\housemodel\stats\ETL/20200707/ETL_02_FORMAT/icasas/ceros.txt
2020-07-16 20:21:33: ETL_03_FILL Start: 2020-07-16 20:21:33.489196
2020-07-16 20:21:33: Processing Source: D:\Reference\housemodel\data\T\ETL/20200707/ETL_02_FORMAT/portal inmobiliario.csv
2020-07-16 20:21:33: Processing Source: D:\Reference\housemodel\data\T\ETL/20200707/ETL_02_FORMAT/toctoc.csv
2020-07-16 20:21:33: Processing Source: D:\Reference\housemodel\data\T\ETL/20200707/ETL_02_FORMAT/propiedades emol.csv
2020-07-16 20:21:33: Processing Source: D:\Reference\housemodel\data\T\ETL/20200707/ETL_02_FORMAT/icasas.csv
2020-07-16 20:21:33: ETL_03_FILL End: 2020-07-16 20:21:33.544159
2020-07-16 20:21:33: ETL_03_FILL Total Execution Time: 0.05496335029602051
2020-07-16 20:21:33: ETL_03_FILL Creating stats files for portal inmobiliario
2020-07-16 20:21:33: 	Info:		D:\Reference\housemodel\stats\ETL/20200707/ETL_03_FILL/portal inmobiliario/info.txt
2020-07-16 20:21:33: 	Describe:	D:\Reference\housemodel\stats\ETL/20200707/ETL_03_FILL/portal inmobiliario/describe.csv
2020-07-16 20:21:33: 	Nulls:		D:\Reference\housemodel\stats\ETL/20200707/ETL_03_FILL/portal inmobiliario/nulls.txt
2020-07-16 20:21:33: 	Ceros:		D:\Reference\housemodel\stats\ETL/20200707/ETL_03_FILL/portal inmobiliario/ceros.txt
2020-07-16 20:21:33: ETL_03_FILL Creating stats files for toctoc
2020-07-16 20:21:33: 	Info:		D:\Reference\housemodel\stats\ETL/20200707/ETL_03_FILL/toctoc/info.txt
2020-07-16 20:21:33: 	Describe:	D:\Reference\housemodel\stats\ETL/20200707/ETL_03_FILL/toctoc/describe.csv
2020-07-16 20:21:33: 	Nulls:		D:\Reference\housemodel\stats\ETL/20200707/ETL_03_FILL/toctoc/nulls.txt
2020-07-16 20:21:33: 	Ceros:		D:\Reference\housemodel\stats\ETL/20200707/ETL_03_FILL/toctoc/ceros.txt
2020-07-16 20:21:33: ETL_03_FILL Creating stats files for propiedades emol
2020-07-16 20:21:33: 	Info:		D:\Reference\housemodel\stats\ETL/20200707/ETL_03_FILL/propiedades emol/info.txt
2020-07-16 20:21:33: 	Describe:	D:\Reference\housemodel\stats\ETL/20200707/ETL_03_FILL/propiedades emol/describe.csv
2020-07-16 20:21:33: 	Nulls:		D:\Reference\housemodel\stats\ETL/20200707/ETL_03_FILL/propiedades emol/nulls.txt
2020-07-16 20:21:33: 	Ceros:		D:\Reference\housemodel\stats\ETL/20200707/ETL_03_FILL/propiedades emol/ceros.txt
2020-07-16 20:21:33: ETL_03_FILL Creating stats files for icasas
2020-07-16 20:21:33: 	Info:		D:\Reference\housemodel\stats\ETL/20200707/ETL_03_FILL/icasas/info.txt
2020-07-16 20:21:33: 	Describe:	D:\Reference\housemodel\stats\ETL/20200707/ETL_03_FILL/icasas/describe.csv
2020-07-16 20:21:33: 	Nulls:		D:\Reference\housemodel\stats\ETL/20200707/ETL_03_FILL/icasas/nulls.txt
2020-07-16 20:21:33: 	Ceros:		D:\Reference\housemodel\stats\ETL/20200707/ETL_03_FILL/icasas/ceros.txt
2020-07-16 20:21:33: ETL_04_FEATURE_ENG Start: 2020-07-16 20:21:33.708161
2020-07-16 20:21:33: Processing Source: D:\Reference\housemodel\data\T\ETL/20200707/ETL_03_FILL/portal inmobiliario.csv
2020-07-16 20:21:33: Processing Source: D:\Reference\housemodel\data\T\ETL/20200707/ETL_03_FILL/toctoc.csv
2020-07-16 20:21:33: Processing Source: D:\Reference\housemodel\data\T\ETL/20200707/ETL_03_FILL/propiedades emol.csv
2020-07-16 20:21:33: Processing Source: D:\Reference\housemodel\data\T\ETL/20200707/ETL_03_FILL/icasas.csv
2020-07-16 20:21:33: ETL_04_FEATURE_ENG End: 2020-07-16 20:21:33.842159
2020-07-16 20:21:33: ETL_04_FEATURE_ENG Total Execution Time: 0.13399791717529297
2020-07-16 20:21:33: ETL_04_FEATURE_ENG Creating stats files for portal inmobiliario
2020-07-16 20:21:33: 	Info:		D:\Reference\housemodel\stats\ETL/20200707/ETL_04_FEATURE_ENG/portal inmobiliario/info.txt
2020-07-16 20:21:33: 	Describe:	D:\Reference\housemodel\stats\ETL/20200707/ETL_04_FEATURE_ENG/portal inmobiliario/describe.csv
2020-07-16 20:21:33: 	Nulls:		D:\Reference\housemodel\stats\ETL/20200707/ETL_04_FEATURE_ENG/portal inmobiliario/nulls.txt
2020-07-16 20:21:33: 	Ceros:		D:\Reference\housemodel\stats\ETL/20200707/ETL_04_FEATURE_ENG/portal inmobiliario/ceros.txt
2020-07-16 20:21:33: ETL_04_FEATURE_ENG Creating stats files for toctoc
2020-07-16 20:21:33: 	Info:		D:\Reference\housemodel\stats\ETL/20200707/ETL_04_FEATURE_ENG/toctoc/info.txt
2020-07-16 20:21:33: 	Describe:	D:\Reference\housemodel\stats\ETL/20200707/ETL_04_FEATURE_ENG/toctoc/describe.csv
2020-07-16 20:21:33: 	Nulls:		D:\Reference\housemodel\stats\ETL/20200707/ETL_04_FEATURE_ENG/toctoc/nulls.txt
2020-07-16 20:21:33: 	Ceros:		D:\Reference\housemodel\stats\ETL/20200707/ETL_04_FEATURE_ENG/toctoc/ceros.txt
2020-07-16 20:21:33: ETL_04_FEATURE_ENG Creating stats files for propiedades emol
2020-07-16 20:21:33: 	Info:		D:\Reference\housemodel\stats\ETL/20200707/ETL_04_FEATURE_ENG/propiedades emol/info.txt
2020-07-16 20:21:33: 	Describe:	D:\Reference\housemodel\stats\ETL/20200707/ETL_04_FEATURE_ENG/propiedades emol/describe.csv
2020-07-16 20:21:33: 	Nulls:		D:\Reference\housemodel\stats\ETL/20200707/ETL_04_FEATURE_ENG/propiedades emol/nulls.txt
2020-07-16 20:21:33: 	Ceros:		D:\Reference\housemodel\stats\ETL/20200707/ETL_04_FEATURE_ENG/propiedades emol/ceros.txt
2020-07-16 20:21:33: ETL_04_FEATURE_ENG Creating stats files for icasas
2020-07-16 20:21:34: 	Info:		D:\Reference\housemodel\stats\ETL/20200707/ETL_04_FEATURE_ENG/icasas/info.txt
2020-07-16 20:21:34: 	Describe:	D:\Reference\housemodel\stats\ETL/20200707/ETL_04_FEATURE_ENG/icasas/describe.csv
2020-07-16 20:21:34: 	Nulls:		D:\Reference\housemodel\stats\ETL/20200707/ETL_04_FEATURE_ENG/icasas/nulls.txt
2020-07-16 20:21:34: 	Ceros:		D:\Reference\housemodel\stats\ETL/20200707/ETL_04_FEATURE_ENG/icasas/ceros.txt
2020-07-16 20:21:34: ETL_05_LOAD Start: 2020-07-16 20:21:34.040160
2020-07-16 20:21:35: Connection Open OK
2020-07-16 20:21:35: Table Exists
2020-07-16 20:21:35: Processing Source: D:\Reference\housemodel\data\T\ETL/20200707/ETL_03_FILL/portal inmobiliario.csv
2020-07-16 20:21:35: Error on Execution of:  
    INSERT INTO public.houses(
	    "SNAP_DT", "SRCE", "PROVINCE", "PUBLISHED_DT", "PROPERTY_TYPE", "PROPERTY_STATE", "BDROOM", "BATH", "PARKING", "POOL", "MT_UTIL", "MT_TOT", "PRICE_UF", "LINK")
	    VALUES ('', 'portal inmobiliario', 'Santiago', '06/26/2020', 'Aparment', 'usada', '3', '2', '1', '', '', '150', '4900', 'https://www.portalinmobiliario.com/MLC-534098918-amplio-departamento-santa-lucia-_JM#position=5&type=item&tracking_id=1192ceb3-9d37-4d7d-9b70-27954d945045');
