2020-07-15 23:06:27: ETL Start: 2020-07-15 23:06:27.387064
2020-07-15 23:06:27: Available Snapshots: 20200707
2020-07-15 23:06:27: Processing Snapshot: 20200707
2020-07-15 23:06:27: ETL_01_COLLECT Start: 2020-07-15 23:06:27.429061
2020-07-15 23:06:27: Processing Source: portal inmobiliario
2020-07-15 23:06:27: Processing Source: toctoc
2020-07-15 23:06:27: Processing Source: propiedades emol
2020-07-15 23:06:27: Processing Source: icasas
2020-07-15 23:06:27: ETL_01_COLLECT Output Files: D:\Reference\housemodel\data\T\ETL/20200707/ETL_01_COLLECT/portal inmobiliario.csv
	D:\Reference\housemodel\data\T\ETL/20200707/ETL_01_COLLECT/toctoc.csv
	D:\Reference\housemodel\data\T\ETL/20200707/ETL_01_COLLECT/propiedades emol.csv
	D:\Reference\housemodel\data\T\ETL/20200707/ETL_01_COLLECT/icasas.csv
2020-07-15 23:06:27: ETL_01_COLLECT End: 2020-07-15 23:06:27.835061
2020-07-15 23:06:27: ETL_01_COLLECT Total Execution Time: 0.40599989891052246
2020-07-15 23:06:27: ETL_01_COLLECT Creating stats files for portal inmobiliario
2020-07-15 23:06:27: 	Info:		D:\Reference\housemodel\stats\ETL/20200707/ETL_01_COLLECT/portal inmobiliario/info.txt
2020-07-15 23:06:27: 	Describe:	D:\Reference\housemodel\stats\ETL/20200707/ETL_01_COLLECT/portal inmobiliario/describe.csv
2020-07-15 23:06:27: 	Nulls:		D:\Reference\housemodel\stats\ETL/20200707/ETL_01_COLLECT/portal inmobiliario/nulls.txt
2020-07-15 23:06:27: 	Ceros:		D:\Reference\housemodel\stats\ETL/20200707/ETL_01_COLLECT/portal inmobiliario/ceros.txt
2020-07-15 23:06:27: ETL_01_COLLECT Creating stats files for toctoc
2020-07-15 23:06:27: 	Info:		D:\Reference\housemodel\stats\ETL/20200707/ETL_01_COLLECT/toctoc/info.txt
2020-07-15 23:06:27: 	Describe:	D:\Reference\housemodel\stats\ETL/20200707/ETL_01_COLLECT/toctoc/describe.csv
2020-07-15 23:06:27: 	Nulls:		D:\Reference\housemodel\stats\ETL/20200707/ETL_01_COLLECT/toctoc/nulls.txt
2020-07-15 23:06:27: 	Ceros:		D:\Reference\housemodel\stats\ETL/20200707/ETL_01_COLLECT/toctoc/ceros.txt
2020-07-15 23:06:27: ETL_01_COLLECT Creating stats files for propiedades emol
2020-07-15 23:06:27: 	Info:		D:\Reference\housemodel\stats\ETL/20200707/ETL_01_COLLECT/propiedades emol/info.txt
2020-07-15 23:06:27: 	Describe:	D:\Reference\housemodel\stats\ETL/20200707/ETL_01_COLLECT/propiedades emol/describe.csv
2020-07-15 23:06:27: 	Nulls:		D:\Reference\housemodel\stats\ETL/20200707/ETL_01_COLLECT/propiedades emol/nulls.txt
2020-07-15 23:06:27: 	Ceros:		D:\Reference\housemodel\stats\ETL/20200707/ETL_01_COLLECT/propiedades emol/ceros.txt
2020-07-15 23:06:28: ETL_01_COLLECT Creating stats files for icasas
2020-07-15 23:06:28: 	Info:		D:\Reference\housemodel\stats\ETL/20200707/ETL_01_COLLECT/icasas/info.txt
2020-07-15 23:06:28: 	Describe:	D:\Reference\housemodel\stats\ETL/20200707/ETL_01_COLLECT/icasas/describe.csv
2020-07-15 23:06:28: 	Nulls:		D:\Reference\housemodel\stats\ETL/20200707/ETL_01_COLLECT/icasas/nulls.txt
2020-07-15 23:06:28: 	Ceros:		D:\Reference\housemodel\stats\ETL/20200707/ETL_01_COLLECT/icasas/ceros.txt
2020-07-15 23:06:28: ETL_02_FORMAT Start: 2020-07-15 23:06:28.052060
2020-07-15 23:06:28: Processing Source: D:\Reference\housemodel\data\T\ETL/20200707/ETL_01_COLLECT/portal inmobiliario.csv
2020-07-15 23:06:28: Processing Source: D:\Reference\housemodel\data\T\ETL/20200707/ETL_01_COLLECT/toctoc.csv
2020-07-15 23:06:28: Processing Source: D:\Reference\housemodel\data\T\ETL/20200707/ETL_01_COLLECT/propiedades emol.csv
2020-07-15 23:06:28: Processing Source: D:\Reference\housemodel\data\T\ETL/20200707/ETL_01_COLLECT/icasas.csv
2020-07-15 23:06:28: ETL_02_FORMAT End: 2020-07-15 23:06:28.362105
2020-07-15 23:06:28: ETL_02_FORMAT Total Execution Time: 0.3100454807281494
2020-07-15 23:06:28: ETL_02_FORMAT Creating stats files for portal inmobiliario
2020-07-15 23:06:28: 	Info:		D:\Reference\housemodel\stats\ETL/20200707/ETL_02_FORMAT/portal inmobiliario/info.txt
2020-07-15 23:06:28: 	Describe:	D:\Reference\housemodel\stats\ETL/20200707/ETL_02_FORMAT/portal inmobiliario/describe.csv
2020-07-15 23:06:28: 	Nulls:		D:\Reference\housemodel\stats\ETL/20200707/ETL_02_FORMAT/portal inmobiliario/nulls.txt
2020-07-15 23:06:28: 	Ceros:		D:\Reference\housemodel\stats\ETL/20200707/ETL_02_FORMAT/portal inmobiliario/ceros.txt
2020-07-15 23:06:28: ETL_02_FORMAT Creating stats files for toctoc
2020-07-15 23:06:28: 	Info:		D:\Reference\housemodel\stats\ETL/20200707/ETL_02_FORMAT/toctoc/info.txt
2020-07-15 23:06:28: 	Describe:	D:\Reference\housemodel\stats\ETL/20200707/ETL_02_FORMAT/toctoc/describe.csv
2020-07-15 23:06:28: 	Nulls:		D:\Reference\housemodel\stats\ETL/20200707/ETL_02_FORMAT/toctoc/nulls.txt
2020-07-15 23:06:28: 	Ceros:		D:\Reference\housemodel\stats\ETL/20200707/ETL_02_FORMAT/toctoc/ceros.txt
2020-07-15 23:06:28: ETL_02_FORMAT Creating stats files for propiedades emol
2020-07-15 23:06:28: 	Info:		D:\Reference\housemodel\stats\ETL/20200707/ETL_02_FORMAT/propiedades emol/info.txt
2020-07-15 23:06:28: 	Describe:	D:\Reference\housemodel\stats\ETL/20200707/ETL_02_FORMAT/propiedades emol/describe.csv
2020-07-15 23:06:28: 	Nulls:		D:\Reference\housemodel\stats\ETL/20200707/ETL_02_FORMAT/propiedades emol/nulls.txt
2020-07-15 23:06:28: 	Ceros:		D:\Reference\housemodel\stats\ETL/20200707/ETL_02_FORMAT/propiedades emol/ceros.txt
2020-07-15 23:06:28: ETL_02_FORMAT Creating stats files for icasas
2020-07-15 23:06:28: 	Info:		D:\Reference\housemodel\stats\ETL/20200707/ETL_02_FORMAT/icasas/info.txt
2020-07-15 23:06:28: 	Describe:	D:\Reference\housemodel\stats\ETL/20200707/ETL_02_FORMAT/icasas/describe.csv
2020-07-15 23:06:28: 	Nulls:		D:\Reference\housemodel\stats\ETL/20200707/ETL_02_FORMAT/icasas/nulls.txt
2020-07-15 23:06:28: 	Ceros:		D:\Reference\housemodel\stats\ETL/20200707/ETL_02_FORMAT/icasas/ceros.txt
2020-07-15 23:06:28: ETL_03_FILL Start: 2020-07-15 23:06:28.531060
2020-07-15 23:06:28: Processing Source: D:\Reference\housemodel\data\T\ETL/20200707/ETL_02_FORMAT/portal inmobiliario.csv
2020-07-15 23:06:28: Processing Source: D:\Reference\housemodel\data\T\ETL/20200707/ETL_02_FORMAT/toctoc.csv
2020-07-15 23:06:28: Processing Source: D:\Reference\housemodel\data\T\ETL/20200707/ETL_02_FORMAT/propiedades emol.csv
2020-07-15 23:06:28: Processing Source: D:\Reference\housemodel\data\T\ETL/20200707/ETL_02_FORMAT/icasas.csv
2020-07-15 23:06:28: ETL_03_FILL End: 2020-07-15 23:06:28.590061
2020-07-15 23:06:28: ETL_03_FILL Total Execution Time: 0.05900096893310547
2020-07-15 23:06:28: ETL_03_FILL Creating stats files for portal inmobiliario
2020-07-15 23:06:28: 	Info:		D:\Reference\housemodel\stats\ETL/20200707/ETL_03_FILL/portal inmobiliario/info.txt
2020-07-15 23:06:28: 	Describe:	D:\Reference\housemodel\stats\ETL/20200707/ETL_03_FILL/portal inmobiliario/describe.csv
2020-07-15 23:06:28: 	Nulls:		D:\Reference\housemodel\stats\ETL/20200707/ETL_03_FILL/portal inmobiliario/nulls.txt
2020-07-15 23:06:28: 	Ceros:		D:\Reference\housemodel\stats\ETL/20200707/ETL_03_FILL/portal inmobiliario/ceros.txt
2020-07-15 23:06:28: ETL_03_FILL Creating stats files for toctoc
2020-07-15 23:06:28: 	Info:		D:\Reference\housemodel\stats\ETL/20200707/ETL_03_FILL/toctoc/info.txt
2020-07-15 23:06:28: 	Describe:	D:\Reference\housemodel\stats\ETL/20200707/ETL_03_FILL/toctoc/describe.csv
2020-07-15 23:06:28: 	Nulls:		D:\Reference\housemodel\stats\ETL/20200707/ETL_03_FILL/toctoc/nulls.txt
2020-07-15 23:06:28: 	Ceros:		D:\Reference\housemodel\stats\ETL/20200707/ETL_03_FILL/toctoc/ceros.txt
2020-07-15 23:06:28: ETL_03_FILL Creating stats files for propiedades emol
2020-07-15 23:06:28: 	Info:		D:\Reference\housemodel\stats\ETL/20200707/ETL_03_FILL/propiedades emol/info.txt
2020-07-15 23:06:28: 	Describe:	D:\Reference\housemodel\stats\ETL/20200707/ETL_03_FILL/propiedades emol/describe.csv
2020-07-15 23:06:28: 	Nulls:		D:\Reference\housemodel\stats\ETL/20200707/ETL_03_FILL/propiedades emol/nulls.txt
2020-07-15 23:06:28: 	Ceros:		D:\Reference\housemodel\stats\ETL/20200707/ETL_03_FILL/propiedades emol/ceros.txt
2020-07-15 23:06:28: ETL_03_FILL Creating stats files for icasas
2020-07-15 23:06:28: 	Info:		D:\Reference\housemodel\stats\ETL/20200707/ETL_03_FILL/icasas/info.txt
2020-07-15 23:06:28: 	Describe:	D:\Reference\housemodel\stats\ETL/20200707/ETL_03_FILL/icasas/describe.csv
2020-07-15 23:06:28: 	Nulls:		D:\Reference\housemodel\stats\ETL/20200707/ETL_03_FILL/icasas/nulls.txt
2020-07-15 23:06:28: 	Ceros:		D:\Reference\housemodel\stats\ETL/20200707/ETL_03_FILL/icasas/ceros.txt
2020-07-15 23:06:28: ETL_04_FEATURE_ENG Start: 2020-07-15 23:06:28.771060
2020-07-15 23:06:28: Processing Source: D:\Reference\housemodel\data\T\ETL/20200707/ETL_03_FILL/portal inmobiliario.csv
2020-07-15 23:06:28: Processing Source: D:\Reference\housemodel\data\T\ETL/20200707/ETL_03_FILL/toctoc.csv
2020-07-15 23:06:28: Processing Source: D:\Reference\housemodel\data\T\ETL/20200707/ETL_03_FILL/propiedades emol.csv
2020-07-15 23:06:28: Processing Source: D:\Reference\housemodel\data\T\ETL/20200707/ETL_03_FILL/icasas.csv
2020-07-15 23:06:28: ETL_04_FEATURE_ENG End: 2020-07-15 23:06:28.900102
2020-07-15 23:06:28: ETL_04_FEATURE_ENG Total Execution Time: 0.1290419101715088
2020-07-15 23:06:28: ETL_04_FEATURE_ENG Creating stats files for portal inmobiliario
2020-07-15 23:06:28: 	Info:		D:\Reference\housemodel\stats\ETL/20200707/ETL_04_FEATURE_ENG/portal inmobiliario/info.txt
2020-07-15 23:06:28: 	Describe:	D:\Reference\housemodel\stats\ETL/20200707/ETL_04_FEATURE_ENG/portal inmobiliario/describe.csv
2020-07-15 23:06:28: 	Nulls:		D:\Reference\housemodel\stats\ETL/20200707/ETL_04_FEATURE_ENG/portal inmobiliario/nulls.txt
2020-07-15 23:06:28: 	Ceros:		D:\Reference\housemodel\stats\ETL/20200707/ETL_04_FEATURE_ENG/portal inmobiliario/ceros.txt
2020-07-15 23:06:28: ETL_04_FEATURE_ENG Creating stats files for toctoc
2020-07-15 23:06:28: 	Info:		D:\Reference\housemodel\stats\ETL/20200707/ETL_04_FEATURE_ENG/toctoc/info.txt
2020-07-15 23:06:28: 	Describe:	D:\Reference\housemodel\stats\ETL/20200707/ETL_04_FEATURE_ENG/toctoc/describe.csv
2020-07-15 23:06:28: 	Nulls:		D:\Reference\housemodel\stats\ETL/20200707/ETL_04_FEATURE_ENG/toctoc/nulls.txt
2020-07-15 23:06:28: 	Ceros:		D:\Reference\housemodel\stats\ETL/20200707/ETL_04_FEATURE_ENG/toctoc/ceros.txt
2020-07-15 23:06:28: ETL_04_FEATURE_ENG Creating stats files for propiedades emol
2020-07-15 23:06:29: 	Info:		D:\Reference\housemodel\stats\ETL/20200707/ETL_04_FEATURE_ENG/propiedades emol/info.txt
2020-07-15 23:06:29: 	Describe:	D:\Reference\housemodel\stats\ETL/20200707/ETL_04_FEATURE_ENG/propiedades emol/describe.csv
2020-07-15 23:06:29: 	Nulls:		D:\Reference\housemodel\stats\ETL/20200707/ETL_04_FEATURE_ENG/propiedades emol/nulls.txt
2020-07-15 23:06:29: 	Ceros:		D:\Reference\housemodel\stats\ETL/20200707/ETL_04_FEATURE_ENG/propiedades emol/ceros.txt
2020-07-15 23:06:29: ETL_04_FEATURE_ENG Creating stats files for icasas
2020-07-15 23:06:29: 	Info:		D:\Reference\housemodel\stats\ETL/20200707/ETL_04_FEATURE_ENG/icasas/info.txt
2020-07-15 23:06:29: 	Describe:	D:\Reference\housemodel\stats\ETL/20200707/ETL_04_FEATURE_ENG/icasas/describe.csv
2020-07-15 23:06:29: 	Nulls:		D:\Reference\housemodel\stats\ETL/20200707/ETL_04_FEATURE_ENG/icasas/nulls.txt
2020-07-15 23:06:29: 	Ceros:		D:\Reference\housemodel\stats\ETL/20200707/ETL_04_FEATURE_ENG/icasas/ceros.txt
2020-07-15 23:06:29: ETL End: 2020-07-15 23:06:29.087139
2020-07-15 23:06:29: ETL Total Execution Time: 1.7000751495361328
