2020-07-16 20:14:13: ETL Start: 2020-07-16 20:14:13.487516
2020-07-16 20:14:13: Available Snapshots: 20200707
2020-07-16 20:14:13: Processing Snapshot: 20200707
2020-07-16 20:14:13: ETL_01_COLLECT Start: 2020-07-16 20:14:13.493550
2020-07-16 20:14:13: Processing Source: portal inmobiliario
2020-07-16 20:14:13: Processing Source: toctoc
2020-07-16 20:14:13: Processing Source: propiedades emol
2020-07-16 20:14:13: Processing Source: icasas
2020-07-16 20:14:13: ETL_01_COLLECT Output Files: D:\Reference\housemodel\data\T\ETL/20200707/ETL_01_COLLECT/portal inmobiliario.csv
	D:\Reference\housemodel\data\T\ETL/20200707/ETL_01_COLLECT/toctoc.csv
	D:\Reference\housemodel\data\T\ETL/20200707/ETL_01_COLLECT/propiedades emol.csv
	D:\Reference\housemodel\data\T\ETL/20200707/ETL_01_COLLECT/icasas.csv
2020-07-16 20:14:13: ETL_01_COLLECT End: 2020-07-16 20:14:13.871514
2020-07-16 20:14:13: ETL_01_COLLECT Total Execution Time: 0.3779637813568115
2020-07-16 20:14:13: ETL_01_COLLECT Creating stats files for portal inmobiliario
2020-07-16 20:14:13: 	Info:		D:\Reference\housemodel\stats\ETL/20200707/ETL_01_COLLECT/portal inmobiliario/info.txt
2020-07-16 20:14:13: 	Describe:	D:\Reference\housemodel\stats\ETL/20200707/ETL_01_COLLECT/portal inmobiliario/describe.csv
2020-07-16 20:14:13: 	Nulls:		D:\Reference\housemodel\stats\ETL/20200707/ETL_01_COLLECT/portal inmobiliario/nulls.txt
2020-07-16 20:14:13: 	Ceros:		D:\Reference\housemodel\stats\ETL/20200707/ETL_01_COLLECT/portal inmobiliario/ceros.txt
2020-07-16 20:14:13: ETL_01_COLLECT Creating stats files for toctoc
2020-07-16 20:14:13: 	Info:		D:\Reference\housemodel\stats\ETL/20200707/ETL_01_COLLECT/toctoc/info.txt
2020-07-16 20:14:13: 	Describe:	D:\Reference\housemodel\stats\ETL/20200707/ETL_01_COLLECT/toctoc/describe.csv
2020-07-16 20:14:13: 	Nulls:		D:\Reference\housemodel\stats\ETL/20200707/ETL_01_COLLECT/toctoc/nulls.txt
2020-07-16 20:14:13: 	Ceros:		D:\Reference\housemodel\stats\ETL/20200707/ETL_01_COLLECT/toctoc/ceros.txt
2020-07-16 20:14:13: ETL_01_COLLECT Creating stats files for propiedades emol
2020-07-16 20:14:13: 	Info:		D:\Reference\housemodel\stats\ETL/20200707/ETL_01_COLLECT/propiedades emol/info.txt
2020-07-16 20:14:14: 	Describe:	D:\Reference\housemodel\stats\ETL/20200707/ETL_01_COLLECT/propiedades emol/describe.csv
2020-07-16 20:14:14: 	Nulls:		D:\Reference\housemodel\stats\ETL/20200707/ETL_01_COLLECT/propiedades emol/nulls.txt
2020-07-16 20:14:14: 	Ceros:		D:\Reference\housemodel\stats\ETL/20200707/ETL_01_COLLECT/propiedades emol/ceros.txt
2020-07-16 20:14:14: ETL_01_COLLECT Creating stats files for icasas
2020-07-16 20:14:14: 	Info:		D:\Reference\housemodel\stats\ETL/20200707/ETL_01_COLLECT/icasas/info.txt
2020-07-16 20:14:14: 	Describe:	D:\Reference\housemodel\stats\ETL/20200707/ETL_01_COLLECT/icasas/describe.csv
2020-07-16 20:14:14: 	Nulls:		D:\Reference\housemodel\stats\ETL/20200707/ETL_01_COLLECT/icasas/nulls.txt
2020-07-16 20:14:14: 	Ceros:		D:\Reference\housemodel\stats\ETL/20200707/ETL_01_COLLECT/icasas/ceros.txt
2020-07-16 20:14:14: ETL_02_FORMAT Start: 2020-07-16 20:14:14.069548
2020-07-16 20:14:14: Processing Source: D:\Reference\housemodel\data\T\ETL/20200707/ETL_01_COLLECT/portal inmobiliario.csv
2020-07-16 20:14:14: Processing Source: D:\Reference\housemodel\data\T\ETL/20200707/ETL_01_COLLECT/toctoc.csv
2020-07-16 20:14:14: Processing Source: D:\Reference\housemodel\data\T\ETL/20200707/ETL_01_COLLECT/propiedades emol.csv
2020-07-16 20:14:14: Processing Source: D:\Reference\housemodel\data\T\ETL/20200707/ETL_01_COLLECT/icasas.csv
2020-07-16 20:14:14: ETL_02_FORMAT End: 2020-07-16 20:14:14.382549
2020-07-16 20:14:14: ETL_02_FORMAT Total Execution Time: 0.3130006790161133
2020-07-16 20:14:14: ETL_02_FORMAT Creating stats files for portal inmobiliario
2020-07-16 20:14:14: 	Info:		D:\Reference\housemodel\stats\ETL/20200707/ETL_02_FORMAT/portal inmobiliario/info.txt
2020-07-16 20:14:14: 	Describe:	D:\Reference\housemodel\stats\ETL/20200707/ETL_02_FORMAT/portal inmobiliario/describe.csv
2020-07-16 20:14:14: 	Nulls:		D:\Reference\housemodel\stats\ETL/20200707/ETL_02_FORMAT/portal inmobiliario/nulls.txt
2020-07-16 20:14:14: 	Ceros:		D:\Reference\housemodel\stats\ETL/20200707/ETL_02_FORMAT/portal inmobiliario/ceros.txt
2020-07-16 20:14:14: ETL_02_FORMAT Creating stats files for toctoc
2020-07-16 20:14:14: 	Info:		D:\Reference\housemodel\stats\ETL/20200707/ETL_02_FORMAT/toctoc/info.txt
2020-07-16 20:14:14: 	Describe:	D:\Reference\housemodel\stats\ETL/20200707/ETL_02_FORMAT/toctoc/describe.csv
2020-07-16 20:14:14: 	Nulls:		D:\Reference\housemodel\stats\ETL/20200707/ETL_02_FORMAT/toctoc/nulls.txt
2020-07-16 20:14:14: 	Ceros:		D:\Reference\housemodel\stats\ETL/20200707/ETL_02_FORMAT/toctoc/ceros.txt
2020-07-16 20:14:14: ETL_02_FORMAT Creating stats files for propiedades emol
2020-07-16 20:14:14: 	Info:		D:\Reference\housemodel\stats\ETL/20200707/ETL_02_FORMAT/propiedades emol/info.txt
2020-07-16 20:14:14: 	Describe:	D:\Reference\housemodel\stats\ETL/20200707/ETL_02_FORMAT/propiedades emol/describe.csv
2020-07-16 20:14:14: 	Nulls:		D:\Reference\housemodel\stats\ETL/20200707/ETL_02_FORMAT/propiedades emol/nulls.txt
2020-07-16 20:14:14: 	Ceros:		D:\Reference\housemodel\stats\ETL/20200707/ETL_02_FORMAT/propiedades emol/ceros.txt
2020-07-16 20:14:14: ETL_02_FORMAT Creating stats files for icasas
2020-07-16 20:14:14: 	Info:		D:\Reference\housemodel\stats\ETL/20200707/ETL_02_FORMAT/icasas/info.txt
2020-07-16 20:14:14: 	Describe:	D:\Reference\housemodel\stats\ETL/20200707/ETL_02_FORMAT/icasas/describe.csv
2020-07-16 20:14:14: 	Nulls:		D:\Reference\housemodel\stats\ETL/20200707/ETL_02_FORMAT/icasas/nulls.txt
2020-07-16 20:14:14: 	Ceros:		D:\Reference\housemodel\stats\ETL/20200707/ETL_02_FORMAT/icasas/ceros.txt
2020-07-16 20:14:14: ETL_03_FILL Start: 2020-07-16 20:14:14.542514
2020-07-16 20:14:14: Processing Source: D:\Reference\housemodel\data\T\ETL/20200707/ETL_02_FORMAT/portal inmobiliario.csv
2020-07-16 20:14:14: Processing Source: D:\Reference\housemodel\data\T\ETL/20200707/ETL_02_FORMAT/toctoc.csv
2020-07-16 20:14:14: Processing Source: D:\Reference\housemodel\data\T\ETL/20200707/ETL_02_FORMAT/propiedades emol.csv
2020-07-16 20:14:14: Processing Source: D:\Reference\housemodel\data\T\ETL/20200707/ETL_02_FORMAT/icasas.csv
2020-07-16 20:14:14: ETL_03_FILL End: 2020-07-16 20:14:14.602515
2020-07-16 20:14:14: ETL_03_FILL Total Execution Time: 0.06000018119812012
2020-07-16 20:14:14: ETL_03_FILL Creating stats files for portal inmobiliario
2020-07-16 20:14:14: 	Info:		D:\Reference\housemodel\stats\ETL/20200707/ETL_03_FILL/portal inmobiliario/info.txt
2020-07-16 20:14:14: 	Describe:	D:\Reference\housemodel\stats\ETL/20200707/ETL_03_FILL/portal inmobiliario/describe.csv
2020-07-16 20:14:14: 	Nulls:		D:\Reference\housemodel\stats\ETL/20200707/ETL_03_FILL/portal inmobiliario/nulls.txt
2020-07-16 20:14:14: 	Ceros:		D:\Reference\housemodel\stats\ETL/20200707/ETL_03_FILL/portal inmobiliario/ceros.txt
2020-07-16 20:14:14: ETL_03_FILL Creating stats files for toctoc
2020-07-16 20:14:14: 	Info:		D:\Reference\housemodel\stats\ETL/20200707/ETL_03_FILL/toctoc/info.txt
2020-07-16 20:14:14: 	Describe:	D:\Reference\housemodel\stats\ETL/20200707/ETL_03_FILL/toctoc/describe.csv
2020-07-16 20:14:14: 	Nulls:		D:\Reference\housemodel\stats\ETL/20200707/ETL_03_FILL/toctoc/nulls.txt
2020-07-16 20:14:14: 	Ceros:		D:\Reference\housemodel\stats\ETL/20200707/ETL_03_FILL/toctoc/ceros.txt
2020-07-16 20:14:14: ETL_03_FILL Creating stats files for propiedades emol
2020-07-16 20:14:14: 	Info:		D:\Reference\housemodel\stats\ETL/20200707/ETL_03_FILL/propiedades emol/info.txt
2020-07-16 20:14:14: 	Describe:	D:\Reference\housemodel\stats\ETL/20200707/ETL_03_FILL/propiedades emol/describe.csv
2020-07-16 20:14:14: 	Nulls:		D:\Reference\housemodel\stats\ETL/20200707/ETL_03_FILL/propiedades emol/nulls.txt
2020-07-16 20:14:14: 	Ceros:		D:\Reference\housemodel\stats\ETL/20200707/ETL_03_FILL/propiedades emol/ceros.txt
2020-07-16 20:14:14: ETL_03_FILL Creating stats files for icasas
2020-07-16 20:14:14: 	Info:		D:\Reference\housemodel\stats\ETL/20200707/ETL_03_FILL/icasas/info.txt
2020-07-16 20:14:14: 	Describe:	D:\Reference\housemodel\stats\ETL/20200707/ETL_03_FILL/icasas/describe.csv
2020-07-16 20:14:14: 	Nulls:		D:\Reference\housemodel\stats\ETL/20200707/ETL_03_FILL/icasas/nulls.txt
2020-07-16 20:14:14: 	Ceros:		D:\Reference\housemodel\stats\ETL/20200707/ETL_03_FILL/icasas/ceros.txt
2020-07-16 20:14:14: ETL_04_FEATURE_ENG Start: 2020-07-16 20:14:14.763020
2020-07-16 20:14:14: Processing Source: D:\Reference\housemodel\data\T\ETL/20200707/ETL_03_FILL/portal inmobiliario.csv
2020-07-16 20:14:14: Processing Source: D:\Reference\housemodel\data\T\ETL/20200707/ETL_03_FILL/toctoc.csv
2020-07-16 20:14:14: Processing Source: D:\Reference\housemodel\data\T\ETL/20200707/ETL_03_FILL/propiedades emol.csv
2020-07-16 20:14:14: Processing Source: D:\Reference\housemodel\data\T\ETL/20200707/ETL_03_FILL/icasas.csv
2020-07-16 20:14:14: ETL_04_FEATURE_ENG End: 2020-07-16 20:14:14.903013
2020-07-16 20:14:14: ETL_04_FEATURE_ENG Total Execution Time: 0.13999295234680176
2020-07-16 20:14:14: ETL_04_FEATURE_ENG Creating stats files for portal inmobiliario
2020-07-16 20:14:14: 	Info:		D:\Reference\housemodel\stats\ETL/20200707/ETL_04_FEATURE_ENG/portal inmobiliario/info.txt
2020-07-16 20:14:14: 	Describe:	D:\Reference\housemodel\stats\ETL/20200707/ETL_04_FEATURE_ENG/portal inmobiliario/describe.csv
2020-07-16 20:14:14: 	Nulls:		D:\Reference\housemodel\stats\ETL/20200707/ETL_04_FEATURE_ENG/portal inmobiliario/nulls.txt
2020-07-16 20:14:14: 	Ceros:		D:\Reference\housemodel\stats\ETL/20200707/ETL_04_FEATURE_ENG/portal inmobiliario/ceros.txt
2020-07-16 20:14:14: ETL_04_FEATURE_ENG Creating stats files for toctoc
2020-07-16 20:14:14: 	Info:		D:\Reference\housemodel\stats\ETL/20200707/ETL_04_FEATURE_ENG/toctoc/info.txt
2020-07-16 20:14:14: 	Describe:	D:\Reference\housemodel\stats\ETL/20200707/ETL_04_FEATURE_ENG/toctoc/describe.csv
2020-07-16 20:14:14: 	Nulls:		D:\Reference\housemodel\stats\ETL/20200707/ETL_04_FEATURE_ENG/toctoc/nulls.txt
2020-07-16 20:14:15: 	Ceros:		D:\Reference\housemodel\stats\ETL/20200707/ETL_04_FEATURE_ENG/toctoc/ceros.txt
2020-07-16 20:14:15: ETL_04_FEATURE_ENG Creating stats files for propiedades emol
2020-07-16 20:14:15: 	Info:		D:\Reference\housemodel\stats\ETL/20200707/ETL_04_FEATURE_ENG/propiedades emol/info.txt
2020-07-16 20:14:15: 	Describe:	D:\Reference\housemodel\stats\ETL/20200707/ETL_04_FEATURE_ENG/propiedades emol/describe.csv
2020-07-16 20:14:15: 	Nulls:		D:\Reference\housemodel\stats\ETL/20200707/ETL_04_FEATURE_ENG/propiedades emol/nulls.txt
2020-07-16 20:14:15: 	Ceros:		D:\Reference\housemodel\stats\ETL/20200707/ETL_04_FEATURE_ENG/propiedades emol/ceros.txt
2020-07-16 20:14:15: ETL_04_FEATURE_ENG Creating stats files for icasas
2020-07-16 20:14:15: 	Info:		D:\Reference\housemodel\stats\ETL/20200707/ETL_04_FEATURE_ENG/icasas/info.txt
2020-07-16 20:14:15: 	Describe:	D:\Reference\housemodel\stats\ETL/20200707/ETL_04_FEATURE_ENG/icasas/describe.csv
2020-07-16 20:14:15: 	Nulls:		D:\Reference\housemodel\stats\ETL/20200707/ETL_04_FEATURE_ENG/icasas/nulls.txt
2020-07-16 20:14:15: 	Ceros:		D:\Reference\housemodel\stats\ETL/20200707/ETL_04_FEATURE_ENG/icasas/ceros.txt
2020-07-16 20:14:15: ETL_05_LOAD Start: 2020-07-16 20:14:15.105011
2020-07-16 20:14:16: Connection Open OK
2020-07-16 20:14:16: Table does not Exists
2020-07-16 20:14:16: Error on Execution of: 
    CREATE TABLE public.houses
    (
      "ID" bigserial NOT NULL,
      "SNAP_DT" integer,
      "SRCE" character varying(50),
      "PROVINCE" character varying(100),
      "PUBLISHED_DT" date,
      "PROPERTY_TYPE" character varying(20),
      "PROPERTY_STATE" character varying(10),
      "BDROOM" integer,
      "BATH" integer,
      "PARKING" integer,
      "POOL" integer,
      "MT_UTIL" integer,
      "MT_TOT" integer,
      "PRICE_UF" integer,
      "LINK" character varying(1000)
      PRIMARY KEY ("ID")
    )
    WITH (
      OIDS = FALSE
    );
    ALTER TABLE public.houses
    OWNER to postgres;
2020-07-16 20:14:16: Successfully Executed: 
    CREATE TABLE public.houses
    (
      "ID" bigserial NOT NULL,
      "SNAP_DT" integer,
      "SRCE" character varying(50),
      "PROVINCE" character varying(100),
      "PUBLISHED_DT" date,
      "PROPERTY_TYPE" character varying(20),
      "PROPERTY_STATE" character varying(10),
      "BDROOM" integer,
      "BATH" integer,
      "PARKING" integer,
      "POOL" integer,
      "MT_UTIL" integer,
      "MT_TOT" integer,
      "PRICE_UF" integer,
      "LINK" character varying(1000)
      PRIMARY KEY ("ID")
    )
    WITH (
      OIDS = FALSE
    );
    ALTER TABLE public.houses
    OWNER to postgres;
2020-07-16 20:14:16: Processing Source: D:\Reference\housemodel\data\T\ETL/20200707/ETL_03_FILL/portal inmobiliario.csv
