2020-07-15 22:47:23: ETL Start: 2020-07-15 22:47:23.825871
2020-07-15 22:47:23: Available Snapshots: 20200707
2020-07-15 22:47:23: Processing Snapshot: 20200707
2020-07-15 22:47:23: ETL_01_COLLECT Start: 2020-07-15 22:47:23.836872
2020-07-15 22:47:23: Processing Source: portal inmobiliario
2020-07-15 22:47:23: Processing Source: toctoc
2020-07-15 22:47:24: Processing Source: propiedades emol
2020-07-15 22:47:24: Processing Source: icasas
2020-07-15 22:47:24: ETL_01_COLLECT Output Files: D:\Reference\housemodel\data\T\ETL/20200707/ETL_01_COLLECT/portal inmobiliario.csv
	D:\Reference\housemodel\data\T\ETL/20200707/ETL_01_COLLECT/toctoc.csv
	D:\Reference\housemodel\data\T\ETL/20200707/ETL_01_COLLECT/propiedades emol.csv
	D:\Reference\housemodel\data\T\ETL/20200707/ETL_01_COLLECT/icasas.csv
2020-07-15 22:47:24: ETL_01_COLLECT End: 2020-07-15 22:47:24.185869
2020-07-15 22:47:24: ETL_01_COLLECT Total Execution Time: 0.3489973545074463
2020-07-15 22:47:24: ETL_01_COLLECT Creating stats files for portal inmobiliario
2020-07-15 22:47:24: 	Info:		D:\Reference\housemodel\stats\ETL/20200707/ETL_01_COLLECT/portal inmobiliario/info.txt
2020-07-15 22:47:24: 	Describe:	D:\Reference\housemodel\stats\ETL/20200707/ETL_01_COLLECT/portal inmobiliario/describe.csv
2020-07-15 22:47:24: 	Nulls:		D:\Reference\housemodel\stats\ETL/20200707/ETL_01_COLLECT/portal inmobiliario/nulls.txt
2020-07-15 22:47:24: 	Ceros:		D:\Reference\housemodel\stats\ETL/20200707/ETL_01_COLLECT/portal inmobiliario/ceros.txt
2020-07-15 22:47:24: ETL_01_COLLECT Creating stats files for toctoc
2020-07-15 22:47:24: 	Info:		D:\Reference\housemodel\stats\ETL/20200707/ETL_01_COLLECT/toctoc/info.txt
2020-07-15 22:47:24: 	Describe:	D:\Reference\housemodel\stats\ETL/20200707/ETL_01_COLLECT/toctoc/describe.csv
2020-07-15 22:47:24: 	Nulls:		D:\Reference\housemodel\stats\ETL/20200707/ETL_01_COLLECT/toctoc/nulls.txt
2020-07-15 22:47:24: 	Ceros:		D:\Reference\housemodel\stats\ETL/20200707/ETL_01_COLLECT/toctoc/ceros.txt
2020-07-15 22:47:24: ETL_01_COLLECT Creating stats files for propiedades emol
2020-07-15 22:47:24: 	Info:		D:\Reference\housemodel\stats\ETL/20200707/ETL_01_COLLECT/propiedades emol/info.txt
2020-07-15 22:47:24: 	Describe:	D:\Reference\housemodel\stats\ETL/20200707/ETL_01_COLLECT/propiedades emol/describe.csv
2020-07-15 22:47:24: 	Nulls:		D:\Reference\housemodel\stats\ETL/20200707/ETL_01_COLLECT/propiedades emol/nulls.txt
2020-07-15 22:47:24: 	Ceros:		D:\Reference\housemodel\stats\ETL/20200707/ETL_01_COLLECT/propiedades emol/ceros.txt
2020-07-15 22:47:24: ETL_01_COLLECT Creating stats files for icasas
2020-07-15 22:47:24: 	Info:		D:\Reference\housemodel\stats\ETL/20200707/ETL_01_COLLECT/icasas/info.txt
2020-07-15 22:47:24: 	Describe:	D:\Reference\housemodel\stats\ETL/20200707/ETL_01_COLLECT/icasas/describe.csv
2020-07-15 22:47:24: 	Nulls:		D:\Reference\housemodel\stats\ETL/20200707/ETL_01_COLLECT/icasas/nulls.txt
2020-07-15 22:47:24: 	Ceros:		D:\Reference\housemodel\stats\ETL/20200707/ETL_01_COLLECT/icasas/ceros.txt
2020-07-15 22:47:24: ETL_02_FORMAT Start: 2020-07-15 22:47:24.374872
2020-07-15 22:47:24: Processing Source: D:\Reference\housemodel\data\T\ETL/20200707/ETL_01_COLLECT/portal inmobiliario.csv
2020-07-15 22:47:24: Processing Source: D:\Reference\housemodel\data\T\ETL/20200707/ETL_01_COLLECT/toctoc.csv
2020-07-15 22:47:24: Processing Source: D:\Reference\housemodel\data\T\ETL/20200707/ETL_01_COLLECT/propiedades emol.csv
2020-07-15 22:47:24: Processing Source: D:\Reference\housemodel\data\T\ETL/20200707/ETL_01_COLLECT/icasas.csv
2020-07-15 22:47:24: ETL_02_FORMAT End: 2020-07-15 22:47:24.706918
2020-07-15 22:47:24: ETL_02_FORMAT Total Execution Time: 0.3320460319519043
2020-07-15 22:47:24: ETL_02_FORMAT Creating stats files for portal inmobiliario
2020-07-15 22:47:24: 	Info:		D:\Reference\housemodel\stats\ETL/20200707/ETL_02_FORMAT/portal inmobiliario/info.txt
2020-07-15 22:47:24: 	Describe:	D:\Reference\housemodel\stats\ETL/20200707/ETL_02_FORMAT/portal inmobiliario/describe.csv
2020-07-15 22:47:24: 	Nulls:		D:\Reference\housemodel\stats\ETL/20200707/ETL_02_FORMAT/portal inmobiliario/nulls.txt
2020-07-15 22:47:24: 	Ceros:		D:\Reference\housemodel\stats\ETL/20200707/ETL_02_FORMAT/portal inmobiliario/ceros.txt
2020-07-15 22:47:24: ETL_02_FORMAT Creating stats files for toctoc
2020-07-15 22:47:24: 	Info:		D:\Reference\housemodel\stats\ETL/20200707/ETL_02_FORMAT/toctoc/info.txt
2020-07-15 22:47:24: 	Describe:	D:\Reference\housemodel\stats\ETL/20200707/ETL_02_FORMAT/toctoc/describe.csv
2020-07-15 22:47:24: 	Nulls:		D:\Reference\housemodel\stats\ETL/20200707/ETL_02_FORMAT/toctoc/nulls.txt
2020-07-15 22:47:24: 	Ceros:		D:\Reference\housemodel\stats\ETL/20200707/ETL_02_FORMAT/toctoc/ceros.txt
2020-07-15 22:47:24: ETL_02_FORMAT Creating stats files for propiedades emol
2020-07-15 22:47:24: 	Info:		D:\Reference\housemodel\stats\ETL/20200707/ETL_02_FORMAT/propiedades emol/info.txt
2020-07-15 22:47:24: 	Describe:	D:\Reference\housemodel\stats\ETL/20200707/ETL_02_FORMAT/propiedades emol/describe.csv
2020-07-15 22:47:24: 	Nulls:		D:\Reference\housemodel\stats\ETL/20200707/ETL_02_FORMAT/propiedades emol/nulls.txt
2020-07-15 22:47:24: 	Ceros:		D:\Reference\housemodel\stats\ETL/20200707/ETL_02_FORMAT/propiedades emol/ceros.txt
2020-07-15 22:47:24: ETL_02_FORMAT Creating stats files for icasas
2020-07-15 22:47:24: 	Info:		D:\Reference\housemodel\stats\ETL/20200707/ETL_02_FORMAT/icasas/info.txt
2020-07-15 22:47:24: 	Describe:	D:\Reference\housemodel\stats\ETL/20200707/ETL_02_FORMAT/icasas/describe.csv
2020-07-15 22:47:24: 	Nulls:		D:\Reference\housemodel\stats\ETL/20200707/ETL_02_FORMAT/icasas/nulls.txt
2020-07-15 22:47:24: 	Ceros:		D:\Reference\housemodel\stats\ETL/20200707/ETL_02_FORMAT/icasas/ceros.txt
2020-07-15 22:47:24: ETL_03_FILL Start: 2020-07-15 22:47:24.872872
2020-07-15 22:47:24: Processing Source: D:\Reference\housemodel\data\T\ETL/20200707/ETL_02_FORMAT/portal inmobiliario.csv
2020-07-15 22:47:24: Processing Source: D:\Reference\housemodel\data\T\ETL/20200707/ETL_02_FORMAT/toctoc.csv
2020-07-15 22:47:24: Processing Source: D:\Reference\housemodel\data\T\ETL/20200707/ETL_02_FORMAT/propiedades emol.csv
2020-07-15 22:47:24: Processing Source: D:\Reference\housemodel\data\T\ETL/20200707/ETL_02_FORMAT/icasas.csv
2020-07-15 22:47:24: ETL_03_FILL End: 2020-07-15 22:47:24.930911
2020-07-15 22:47:24: ETL_03_FILL Total Execution Time: 0.058039188385009766
2020-07-15 22:47:24: ETL_03_FILL Creating stats files for portal inmobiliario
2020-07-15 22:47:24: 	Info:		D:\Reference\housemodel\stats\ETL/20200707/ETL_03_FILL/portal inmobiliario/info.txt
2020-07-15 22:47:24: 	Describe:	D:\Reference\housemodel\stats\ETL/20200707/ETL_03_FILL/portal inmobiliario/describe.csv
2020-07-15 22:47:24: 	Nulls:		D:\Reference\housemodel\stats\ETL/20200707/ETL_03_FILL/portal inmobiliario/nulls.txt
2020-07-15 22:47:24: 	Ceros:		D:\Reference\housemodel\stats\ETL/20200707/ETL_03_FILL/portal inmobiliario/ceros.txt
2020-07-15 22:47:24: ETL_03_FILL Creating stats files for toctoc
2020-07-15 22:47:24: 	Info:		D:\Reference\housemodel\stats\ETL/20200707/ETL_03_FILL/toctoc/info.txt
2020-07-15 22:47:25: 	Describe:	D:\Reference\housemodel\stats\ETL/20200707/ETL_03_FILL/toctoc/describe.csv
2020-07-15 22:47:25: 	Nulls:		D:\Reference\housemodel\stats\ETL/20200707/ETL_03_FILL/toctoc/nulls.txt
2020-07-15 22:47:25: 	Ceros:		D:\Reference\housemodel\stats\ETL/20200707/ETL_03_FILL/toctoc/ceros.txt
2020-07-15 22:47:25: ETL_03_FILL Creating stats files for propiedades emol
2020-07-15 22:47:25: 	Info:		D:\Reference\housemodel\stats\ETL/20200707/ETL_03_FILL/propiedades emol/info.txt
2020-07-15 22:47:25: 	Describe:	D:\Reference\housemodel\stats\ETL/20200707/ETL_03_FILL/propiedades emol/describe.csv
2020-07-15 22:47:25: 	Nulls:		D:\Reference\housemodel\stats\ETL/20200707/ETL_03_FILL/propiedades emol/nulls.txt
2020-07-15 22:47:25: 	Ceros:		D:\Reference\housemodel\stats\ETL/20200707/ETL_03_FILL/propiedades emol/ceros.txt
2020-07-15 22:47:25: ETL_03_FILL Creating stats files for icasas
2020-07-15 22:47:25: 	Info:		D:\Reference\housemodel\stats\ETL/20200707/ETL_03_FILL/icasas/info.txt
2020-07-15 22:47:25: 	Describe:	D:\Reference\housemodel\stats\ETL/20200707/ETL_03_FILL/icasas/describe.csv
2020-07-15 22:47:25: 	Nulls:		D:\Reference\housemodel\stats\ETL/20200707/ETL_03_FILL/icasas/nulls.txt
2020-07-15 22:47:25: 	Ceros:		D:\Reference\housemodel\stats\ETL/20200707/ETL_03_FILL/icasas/ceros.txt
2020-07-15 22:47:25: ETL_04_FEATURE_ENG Start: 2020-07-15 22:47:25.091889
2020-07-15 22:47:25: Processing Source: D:\Reference\housemodel\data\T\ETL/20200707/ETL_03_FILL/portal inmobiliario.csv
