2020-07-14 21:14:32: ETL Start: 2020-07-14 21:14:32.501954
2020-07-14 21:14:32: Available Snapshots: 20200707
2020-07-14 21:14:32: Processing Snapshot: 20200707
2020-07-14 21:14:32: ETL_01_COLLECT Start: 2020-07-14 21:14:32.520957
2020-07-14 21:14:32: Processing Source: portal inmobiliario
2020-07-14 21:14:32: Processing Source: toctoc
2020-07-14 21:14:32: Processing Source: propiedades emol
2020-07-14 21:14:32: Processing Source: icasas
2020-07-14 21:14:32: ETL_01_COLLECT Output Files: D:\Reference\housemodel\data\T\ETL/20200707/ETL_01_COLLECT/portal inmobiliario.csv
	D:\Reference\housemodel\data\T\ETL/20200707/ETL_01_COLLECT/toctoc.csv
	D:\Reference\housemodel\data\T\ETL/20200707/ETL_01_COLLECT/propiedades emol.csv
	D:\Reference\housemodel\data\T\ETL/20200707/ETL_01_COLLECT/icasas.csv
2020-07-14 21:14:32: ETL_01_COLLECT End: 2020-07-14 21:14:32.864003
2020-07-14 21:14:32: ETL_01_COLLECT Total Execution Time: 0.343045711517334
2020-07-14 21:14:32: ETL_01_COLLECT Creating stats files for portal inmobiliario
2020-07-14 21:14:32: 	Info:		D:\Reference\housemodel\stats\ETL/20200707/ETL_01_COLLECT/portal inmobiliario/info.txt
2020-07-14 21:14:32: 	Describe:	D:\Reference\housemodel\stats\ETL/20200707/ETL_01_COLLECT/portal inmobiliario/describe.csv
2020-07-14 21:14:32: 	Nulls:		D:\Reference\housemodel\stats\ETL/20200707/ETL_01_COLLECT/portal inmobiliario/nulls.txt
2020-07-14 21:14:32: 	Ceros:		D:\Reference\housemodel\stats\ETL/20200707/ETL_01_COLLECT/portal inmobiliario/ceros.txt
2020-07-14 21:14:32: ETL_01_COLLECT Creating stats files for toctoc
2020-07-14 21:14:32: 	Info:		D:\Reference\housemodel\stats\ETL/20200707/ETL_01_COLLECT/toctoc/info.txt
2020-07-14 21:14:32: 	Describe:	D:\Reference\housemodel\stats\ETL/20200707/ETL_01_COLLECT/toctoc/describe.csv
2020-07-14 21:14:32: 	Nulls:		D:\Reference\housemodel\stats\ETL/20200707/ETL_01_COLLECT/toctoc/nulls.txt
2020-07-14 21:14:32: 	Ceros:		D:\Reference\housemodel\stats\ETL/20200707/ETL_01_COLLECT/toctoc/ceros.txt
2020-07-14 21:14:33: ETL_01_COLLECT Creating stats files for propiedades emol
2020-07-14 21:14:33: 	Info:		D:\Reference\housemodel\stats\ETL/20200707/ETL_01_COLLECT/propiedades emol/info.txt
2020-07-14 21:14:33: 	Describe:	D:\Reference\housemodel\stats\ETL/20200707/ETL_01_COLLECT/propiedades emol/describe.csv
2020-07-14 21:14:33: 	Nulls:		D:\Reference\housemodel\stats\ETL/20200707/ETL_01_COLLECT/propiedades emol/nulls.txt
2020-07-14 21:14:33: 	Ceros:		D:\Reference\housemodel\stats\ETL/20200707/ETL_01_COLLECT/propiedades emol/ceros.txt
2020-07-14 21:14:33: ETL_01_COLLECT Creating stats files for icasas
2020-07-14 21:14:33: 	Info:		D:\Reference\housemodel\stats\ETL/20200707/ETL_01_COLLECT/icasas/info.txt
2020-07-14 21:14:33: 	Describe:	D:\Reference\housemodel\stats\ETL/20200707/ETL_01_COLLECT/icasas/describe.csv
2020-07-14 21:14:33: 	Nulls:		D:\Reference\housemodel\stats\ETL/20200707/ETL_01_COLLECT/icasas/nulls.txt
2020-07-14 21:14:33: 	Ceros:		D:\Reference\housemodel\stats\ETL/20200707/ETL_01_COLLECT/icasas/ceros.txt
2020-07-14 21:14:33: asd ETL_02_FORMAT Start: 2020-07-14 21:14:33.121003
2020-07-14 21:14:33: Processing Source: D:\Reference\housemodel\data\T\ETL/20200707/ETL_01_COLLECT/portal inmobiliario.csv
2020-07-14 21:14:33: Processing Source: D:\Reference\housemodel\data\T\ETL/20200707/ETL_01_COLLECT/toctoc.csv
2020-07-14 21:14:33: Processing Source: D:\Reference\housemodel\data\T\ETL/20200707/ETL_01_COLLECT/propiedades emol.csv
2020-07-14 21:14:33: Processing Source: D:\Reference\housemodel\data\T\ETL/20200707/ETL_01_COLLECT/icasas.csv
2020-07-14 21:14:33: ETL_02_FORMAT End: 2020-07-14 21:14:33.537332
2020-07-14 21:14:33: ETL_02_FORMAT Total Execution Time: 0.41632914543151855
2020-07-14 21:14:33: ETL_02_FORMAT Creating stats files for portal inmobiliario
2020-07-14 21:14:33: 	Info:		D:\Reference\housemodel\stats\ETL/20200707/ETL_02_FORMAT/portal inmobiliario/info.txt
2020-07-14 21:14:33: 	Describe:	D:\Reference\housemodel\stats\ETL/20200707/ETL_02_FORMAT/portal inmobiliario/describe.csv
2020-07-14 21:14:33: 	Nulls:		D:\Reference\housemodel\stats\ETL/20200707/ETL_02_FORMAT/portal inmobiliario/nulls.txt
2020-07-14 21:14:33: 	Ceros:		D:\Reference\housemodel\stats\ETL/20200707/ETL_02_FORMAT/portal inmobiliario/ceros.txt
2020-07-14 21:14:33: ETL_02_FORMAT Creating stats files for toctoc
2020-07-14 21:14:33: 	Info:		D:\Reference\housemodel\stats\ETL/20200707/ETL_02_FORMAT/toctoc/info.txt
2020-07-14 21:14:33: 	Describe:	D:\Reference\housemodel\stats\ETL/20200707/ETL_02_FORMAT/toctoc/describe.csv
2020-07-14 21:14:33: 	Nulls:		D:\Reference\housemodel\stats\ETL/20200707/ETL_02_FORMAT/toctoc/nulls.txt
2020-07-14 21:14:33: 	Ceros:		D:\Reference\housemodel\stats\ETL/20200707/ETL_02_FORMAT/toctoc/ceros.txt
2020-07-14 21:14:33: ETL_02_FORMAT Creating stats files for propiedades emol
2020-07-14 21:14:33: 	Info:		D:\Reference\housemodel\stats\ETL/20200707/ETL_02_FORMAT/propiedades emol/info.txt
2020-07-14 21:14:33: 	Describe:	D:\Reference\housemodel\stats\ETL/20200707/ETL_02_FORMAT/propiedades emol/describe.csv
2020-07-14 21:14:33: 	Nulls:		D:\Reference\housemodel\stats\ETL/20200707/ETL_02_FORMAT/propiedades emol/nulls.txt
2020-07-14 21:14:33: 	Ceros:		D:\Reference\housemodel\stats\ETL/20200707/ETL_02_FORMAT/propiedades emol/ceros.txt
2020-07-14 21:14:33: ETL_02_FORMAT Creating stats files for icasas
2020-07-14 21:14:33: 	Info:		D:\Reference\housemodel\stats\ETL/20200707/ETL_02_FORMAT/icasas/info.txt
2020-07-14 21:14:33: 	Describe:	D:\Reference\housemodel\stats\ETL/20200707/ETL_02_FORMAT/icasas/describe.csv
2020-07-14 21:14:33: 	Nulls:		D:\Reference\housemodel\stats\ETL/20200707/ETL_02_FORMAT/icasas/nulls.txt
2020-07-14 21:14:33: 	Ceros:		D:\Reference\housemodel\stats\ETL/20200707/ETL_02_FORMAT/icasas/ceros.txt
2020-07-14 21:14:33: ETL End: 2020-07-14 21:14:33.755420
2020-07-14 21:14:33: ETL Total Execution Time: 1.2534661293029785
