2020-07-16 22:15:55: ETL Start: 2020-07-16 22:15:55.243454
2020-07-16 22:15:55: Available Snapshots: 20200707
2020-07-16 22:15:55: Processing Snapshot: 20200707
2020-07-16 22:15:55: ETL_01_COLLECT Start: 2020-07-16 22:15:55.256455
2020-07-16 22:15:55: Processing Source: portal inmobiliario
2020-07-16 22:15:55: Processing Source: toctoc
2020-07-16 22:15:55: Processing Source: propiedades emol
2020-07-16 22:15:55: Processing Source: icasas
2020-07-16 22:15:55: ETL_01_COLLECT Output Files: D:\Reference\housemodel\data\T\ETL/20200707/ETL_01_COLLECT/portal inmobiliario.csv
	D:\Reference\housemodel\data\T\ETL/20200707/ETL_01_COLLECT/toctoc.csv
	D:\Reference\housemodel\data\T\ETL/20200707/ETL_01_COLLECT/propiedades emol.csv
	D:\Reference\housemodel\data\T\ETL/20200707/ETL_01_COLLECT/icasas.csv
2020-07-16 22:15:55: ETL_01_COLLECT End: 2020-07-16 22:15:55.634454
2020-07-16 22:15:55: ETL_01_COLLECT Total Execution Time: 0.37799930572509766
2020-07-16 22:15:55: ETL_01_COLLECT Creating stats files for portal inmobiliario
2020-07-16 22:15:55: 	Info:		D:\Reference\housemodel\stats\ETL/20200707/ETL_01_COLLECT/portal inmobiliario/info.txt
2020-07-16 22:15:55: 	Describe:	D:\Reference\housemodel\stats\ETL/20200707/ETL_01_COLLECT/portal inmobiliario/describe.csv
2020-07-16 22:15:55: 	Nulls:		D:\Reference\housemodel\stats\ETL/20200707/ETL_01_COLLECT/portal inmobiliario/nulls.txt
2020-07-16 22:15:55: 	Ceros:		D:\Reference\housemodel\stats\ETL/20200707/ETL_01_COLLECT/portal inmobiliario/ceros.txt
2020-07-16 22:15:55: ETL_01_COLLECT Creating stats files for toctoc
2020-07-16 22:15:55: 	Info:		D:\Reference\housemodel\stats\ETL/20200707/ETL_01_COLLECT/toctoc/info.txt
2020-07-16 22:15:55: 	Describe:	D:\Reference\housemodel\stats\ETL/20200707/ETL_01_COLLECT/toctoc/describe.csv
2020-07-16 22:15:55: 	Nulls:		D:\Reference\housemodel\stats\ETL/20200707/ETL_01_COLLECT/toctoc/nulls.txt
2020-07-16 22:15:55: 	Ceros:		D:\Reference\housemodel\stats\ETL/20200707/ETL_01_COLLECT/toctoc/ceros.txt
2020-07-16 22:15:55: ETL_01_COLLECT Creating stats files for propiedades emol
2020-07-16 22:15:55: 	Info:		D:\Reference\housemodel\stats\ETL/20200707/ETL_01_COLLECT/propiedades emol/info.txt
2020-07-16 22:15:55: 	Describe:	D:\Reference\housemodel\stats\ETL/20200707/ETL_01_COLLECT/propiedades emol/describe.csv
2020-07-16 22:15:55: 	Nulls:		D:\Reference\housemodel\stats\ETL/20200707/ETL_01_COLLECT/propiedades emol/nulls.txt
2020-07-16 22:15:55: 	Ceros:		D:\Reference\housemodel\stats\ETL/20200707/ETL_01_COLLECT/propiedades emol/ceros.txt
2020-07-16 22:15:55: ETL_01_COLLECT Creating stats files for icasas
2020-07-16 22:15:55: 	Info:		D:\Reference\housemodel\stats\ETL/20200707/ETL_01_COLLECT/icasas/info.txt
2020-07-16 22:15:55: 	Describe:	D:\Reference\housemodel\stats\ETL/20200707/ETL_01_COLLECT/icasas/describe.csv
2020-07-16 22:15:55: 	Nulls:		D:\Reference\housemodel\stats\ETL/20200707/ETL_01_COLLECT/icasas/nulls.txt
2020-07-16 22:15:55: 	Ceros:		D:\Reference\housemodel\stats\ETL/20200707/ETL_01_COLLECT/icasas/ceros.txt
2020-07-16 22:15:55: ETL_02_FORMAT Start: 2020-07-16 22:15:55.885501
2020-07-16 22:15:55: Processing Source: D:\Reference\housemodel\data\T\ETL/20200707/ETL_01_COLLECT/portal inmobiliario.csv
2020-07-16 22:15:56: Processing Source: D:\Reference\housemodel\data\T\ETL/20200707/ETL_01_COLLECT/toctoc.csv
2020-07-16 22:15:56: Processing Source: D:\Reference\housemodel\data\T\ETL/20200707/ETL_01_COLLECT/propiedades emol.csv
2020-07-16 22:15:56: Processing Source: D:\Reference\housemodel\data\T\ETL/20200707/ETL_01_COLLECT/icasas.csv
2020-07-16 22:15:56: ETL_02_FORMAT End: 2020-07-16 22:15:56.201512
2020-07-16 22:15:56: ETL_02_FORMAT Total Execution Time: 0.3160102367401123
2020-07-16 22:15:56: ETL_02_FORMAT Creating stats files for portal inmobiliario
2020-07-16 22:15:56: 	Info:		D:\Reference\housemodel\stats\ETL/20200707/ETL_02_FORMAT/portal inmobiliario/info.txt
2020-07-16 22:15:56: 	Describe:	D:\Reference\housemodel\stats\ETL/20200707/ETL_02_FORMAT/portal inmobiliario/describe.csv
2020-07-16 22:15:56: 	Nulls:		D:\Reference\housemodel\stats\ETL/20200707/ETL_02_FORMAT/portal inmobiliario/nulls.txt
2020-07-16 22:15:56: 	Ceros:		D:\Reference\housemodel\stats\ETL/20200707/ETL_02_FORMAT/portal inmobiliario/ceros.txt
2020-07-16 22:15:56: ETL_02_FORMAT Creating stats files for toctoc
2020-07-16 22:15:56: 	Info:		D:\Reference\housemodel\stats\ETL/20200707/ETL_02_FORMAT/toctoc/info.txt
2020-07-16 22:15:56: 	Describe:	D:\Reference\housemodel\stats\ETL/20200707/ETL_02_FORMAT/toctoc/describe.csv
2020-07-16 22:15:56: 	Nulls:		D:\Reference\housemodel\stats\ETL/20200707/ETL_02_FORMAT/toctoc/nulls.txt
2020-07-16 22:15:56: 	Ceros:		D:\Reference\housemodel\stats\ETL/20200707/ETL_02_FORMAT/toctoc/ceros.txt
2020-07-16 22:15:56: ETL_02_FORMAT Creating stats files for propiedades emol
2020-07-16 22:15:56: 	Info:		D:\Reference\housemodel\stats\ETL/20200707/ETL_02_FORMAT/propiedades emol/info.txt
2020-07-16 22:15:56: 	Describe:	D:\Reference\housemodel\stats\ETL/20200707/ETL_02_FORMAT/propiedades emol/describe.csv
2020-07-16 22:15:56: 	Nulls:		D:\Reference\housemodel\stats\ETL/20200707/ETL_02_FORMAT/propiedades emol/nulls.txt
2020-07-16 22:15:56: 	Ceros:		D:\Reference\housemodel\stats\ETL/20200707/ETL_02_FORMAT/propiedades emol/ceros.txt
2020-07-16 22:15:56: ETL_02_FORMAT Creating stats files for icasas
2020-07-16 22:15:56: 	Info:		D:\Reference\housemodel\stats\ETL/20200707/ETL_02_FORMAT/icasas/info.txt
2020-07-16 22:15:56: 	Describe:	D:\Reference\housemodel\stats\ETL/20200707/ETL_02_FORMAT/icasas/describe.csv
2020-07-16 22:15:56: 	Nulls:		D:\Reference\housemodel\stats\ETL/20200707/ETL_02_FORMAT/icasas/nulls.txt
2020-07-16 22:15:56: 	Ceros:		D:\Reference\housemodel\stats\ETL/20200707/ETL_02_FORMAT/icasas/ceros.txt
2020-07-16 22:15:56: ETL_03_FILL Start: 2020-07-16 22:15:56.412477
2020-07-16 22:15:56: Processing Source: D:\Reference\housemodel\data\T\ETL/20200707/ETL_02_FORMAT/portal inmobiliario.csv
2020-07-16 22:15:56: Processing Source: D:\Reference\housemodel\data\T\ETL/20200707/ETL_02_FORMAT/toctoc.csv
2020-07-16 22:15:56: Processing Source: D:\Reference\housemodel\data\T\ETL/20200707/ETL_02_FORMAT/propiedades emol.csv
2020-07-16 22:15:56: Processing Source: D:\Reference\housemodel\data\T\ETL/20200707/ETL_02_FORMAT/icasas.csv
2020-07-16 22:15:56: ETL_03_FILL End: 2020-07-16 22:15:56.488477
2020-07-16 22:15:56: ETL_03_FILL Total Execution Time: 0.07599997520446777
2020-07-16 22:15:56: ETL_03_FILL Creating stats files for portal inmobiliario
2020-07-16 22:15:56: 	Info:		D:\Reference\housemodel\stats\ETL/20200707/ETL_03_FILL/portal inmobiliario/info.txt
2020-07-16 22:15:56: 	Describe:	D:\Reference\housemodel\stats\ETL/20200707/ETL_03_FILL/portal inmobiliario/describe.csv
2020-07-16 22:15:56: 	Nulls:		D:\Reference\housemodel\stats\ETL/20200707/ETL_03_FILL/portal inmobiliario/nulls.txt
2020-07-16 22:15:56: 	Ceros:		D:\Reference\housemodel\stats\ETL/20200707/ETL_03_FILL/portal inmobiliario/ceros.txt
2020-07-16 22:15:56: ETL_03_FILL Creating stats files for toctoc
2020-07-16 22:15:56: 	Info:		D:\Reference\housemodel\stats\ETL/20200707/ETL_03_FILL/toctoc/info.txt
2020-07-16 22:15:56: 	Describe:	D:\Reference\housemodel\stats\ETL/20200707/ETL_03_FILL/toctoc/describe.csv
2020-07-16 22:15:56: 	Nulls:		D:\Reference\housemodel\stats\ETL/20200707/ETL_03_FILL/toctoc/nulls.txt
2020-07-16 22:15:56: 	Ceros:		D:\Reference\housemodel\stats\ETL/20200707/ETL_03_FILL/toctoc/ceros.txt
2020-07-16 22:15:56: ETL_03_FILL Creating stats files for propiedades emol
2020-07-16 22:15:56: 	Info:		D:\Reference\housemodel\stats\ETL/20200707/ETL_03_FILL/propiedades emol/info.txt
2020-07-16 22:15:56: 	Describe:	D:\Reference\housemodel\stats\ETL/20200707/ETL_03_FILL/propiedades emol/describe.csv
2020-07-16 22:15:56: 	Nulls:		D:\Reference\housemodel\stats\ETL/20200707/ETL_03_FILL/propiedades emol/nulls.txt
2020-07-16 22:15:56: 	Ceros:		D:\Reference\housemodel\stats\ETL/20200707/ETL_03_FILL/propiedades emol/ceros.txt
2020-07-16 22:15:56: ETL_03_FILL Creating stats files for icasas
2020-07-16 22:15:56: 	Info:		D:\Reference\housemodel\stats\ETL/20200707/ETL_03_FILL/icasas/info.txt
2020-07-16 22:15:56: 	Describe:	D:\Reference\housemodel\stats\ETL/20200707/ETL_03_FILL/icasas/describe.csv
2020-07-16 22:15:56: 	Nulls:		D:\Reference\housemodel\stats\ETL/20200707/ETL_03_FILL/icasas/nulls.txt
2020-07-16 22:15:56: 	Ceros:		D:\Reference\housemodel\stats\ETL/20200707/ETL_03_FILL/icasas/ceros.txt
2020-07-16 22:15:56: ETL_04_FEATURE_ENG Start: 2020-07-16 22:15:56.699477
2020-07-16 22:15:56: Processing Source: D:\Reference\housemodel\data\T\ETL/20200707/ETL_03_FILL/portal inmobiliario.csv
2020-07-16 22:15:56: Processing Source: D:\Reference\housemodel\data\T\ETL/20200707/ETL_03_FILL/toctoc.csv
2020-07-16 22:15:56: Processing Source: D:\Reference\housemodel\data\T\ETL/20200707/ETL_03_FILL/propiedades emol.csv
2020-07-16 22:15:56: Processing Source: D:\Reference\housemodel\data\T\ETL/20200707/ETL_03_FILL/icasas.csv
2020-07-16 22:15:56: ETL_04_FEATURE_ENG End: 2020-07-16 22:15:56.847476
2020-07-16 22:15:56: ETL_04_FEATURE_ENG Total Execution Time: 0.14799857139587402
2020-07-16 22:15:56: ETL_04_FEATURE_ENG Creating stats files for portal inmobiliario
2020-07-16 22:15:56: 	Info:		D:\Reference\housemodel\stats\ETL/20200707/ETL_04_FEATURE_ENG/portal inmobiliario/info.txt
2020-07-16 22:15:56: 	Describe:	D:\Reference\housemodel\stats\ETL/20200707/ETL_04_FEATURE_ENG/portal inmobiliario/describe.csv
2020-07-16 22:15:56: 	Nulls:		D:\Reference\housemodel\stats\ETL/20200707/ETL_04_FEATURE_ENG/portal inmobiliario/nulls.txt
2020-07-16 22:15:56: 	Ceros:		D:\Reference\housemodel\stats\ETL/20200707/ETL_04_FEATURE_ENG/portal inmobiliario/ceros.txt
2020-07-16 22:15:56: ETL_04_FEATURE_ENG Creating stats files for toctoc
2020-07-16 22:15:56: 	Info:		D:\Reference\housemodel\stats\ETL/20200707/ETL_04_FEATURE_ENG/toctoc/info.txt
2020-07-16 22:15:56: 	Describe:	D:\Reference\housemodel\stats\ETL/20200707/ETL_04_FEATURE_ENG/toctoc/describe.csv
2020-07-16 22:15:56: 	Nulls:		D:\Reference\housemodel\stats\ETL/20200707/ETL_04_FEATURE_ENG/toctoc/nulls.txt
2020-07-16 22:15:56: 	Ceros:		D:\Reference\housemodel\stats\ETL/20200707/ETL_04_FEATURE_ENG/toctoc/ceros.txt
2020-07-16 22:15:56: ETL_04_FEATURE_ENG Creating stats files for propiedades emol
2020-07-16 22:15:56: 	Info:		D:\Reference\housemodel\stats\ETL/20200707/ETL_04_FEATURE_ENG/propiedades emol/info.txt
2020-07-16 22:15:57: 	Describe:	D:\Reference\housemodel\stats\ETL/20200707/ETL_04_FEATURE_ENG/propiedades emol/describe.csv
2020-07-16 22:15:57: 	Nulls:		D:\Reference\housemodel\stats\ETL/20200707/ETL_04_FEATURE_ENG/propiedades emol/nulls.txt
2020-07-16 22:15:57: 	Ceros:		D:\Reference\housemodel\stats\ETL/20200707/ETL_04_FEATURE_ENG/propiedades emol/ceros.txt
2020-07-16 22:15:57: ETL_04_FEATURE_ENG Creating stats files for icasas
2020-07-16 22:15:57: 	Info:		D:\Reference\housemodel\stats\ETL/20200707/ETL_04_FEATURE_ENG/icasas/info.txt
2020-07-16 22:15:57: 	Describe:	D:\Reference\housemodel\stats\ETL/20200707/ETL_04_FEATURE_ENG/icasas/describe.csv
2020-07-16 22:15:57: 	Nulls:		D:\Reference\housemodel\stats\ETL/20200707/ETL_04_FEATURE_ENG/icasas/nulls.txt
2020-07-16 22:15:57: 	Ceros:		D:\Reference\housemodel\stats\ETL/20200707/ETL_04_FEATURE_ENG/icasas/ceros.txt
2020-07-16 22:15:57: ETL_05_LOAD Start: 2020-07-16 22:15:57.086476
2020-07-16 22:15:59: Connection Open OK
2020-07-16 22:15:59: houses table Exists
2020-07-16 22:15:59: Processing Source: D:\Reference\housemodel\data\T\ETL/20200707/ETL_04_FEATURE_ENG/portal inmobiliario.csv
2020-07-16 22:16:00: Processing Source: D:\Reference\housemodel\data\T\ETL/20200707/ETL_04_FEATURE_ENG/toctoc.csv
2020-07-16 22:16:00: Processing Source: D:\Reference\housemodel\data\T\ETL/20200707/ETL_04_FEATURE_ENG/propiedades emol.csv
2020-07-16 22:16:01: Processing Source: D:\Reference\housemodel\data\T\ETL/20200707/ETL_04_FEATURE_ENG/icasas.csv
2020-07-16 22:16:01: Connection Closed OK
2020-07-16 22:16:01: ETL_05_LOAD End: 2020-07-16 22:16:01.181008
2020-07-16 22:16:01: ETL_05_LOAD Total Execution Time: 4.094531774520874
2020-07-16 22:16:01: ETL End: 2020-07-16 22:16:01.190010
2020-07-16 22:16:01: ETL Total Execution Time: 5.946556568145752
