2020-07-14 20:51:52: ETL Start: 2020-07-14 20:51:52.328128
2020-07-14 20:51:52: Available Snapshots: 20200707
2020-07-14 20:51:52: Processing Snapshot: 20200707
2020-07-14 20:51:52: ETL_01_COLLECT Start: 2020-07-14 20:51:52.341164
2020-07-14 20:51:52: Processing Source: portal inmobiliario
2020-07-14 20:51:52: Processing Source: toctoc
2020-07-14 20:51:52: Processing Source: propiedades emol
2020-07-14 20:51:52: Processing Source: icasas
2020-07-14 20:51:52: ETL_01_COLLECT Output Files: D:\Reference\housemodel\data\T\ETL/20200707/ETL_01_COLLECT/portal inmobiliario.csv
	D:\Reference\housemodel\data\T\ETL/20200707/ETL_01_COLLECT/toctoc.csv
	D:\Reference\housemodel\data\T\ETL/20200707/ETL_01_COLLECT/propiedades emol.csv
	D:\Reference\housemodel\data\T\ETL/20200707/ETL_01_COLLECT/icasas.csv
2020-07-14 20:51:52: ETL_01_COLLECT End: 2020-07-14 20:51:52.713422
2020-07-14 20:51:52: ETL_01_COLLECT Total Execution Time: 0.37225770950317383
2020-07-14 20:51:52: ETL_01_COLLECT Creating stats files for portal inmobiliario
2020-07-14 20:51:52: 	Info:		D:\Reference\housemodel\stats\ETL/20200707/ETL_01_COLLECT/portal inmobiliario/info.txt
2020-07-14 20:51:52: 	Describe:	D:\Reference\housemodel\stats\ETL/20200707/ETL_01_COLLECT/portal inmobiliario/describe.csv
2020-07-14 20:51:52: 	Nulls:		D:\Reference\housemodel\stats\ETL/20200707/ETL_01_COLLECT/portal inmobiliario/nulls.txt
2020-07-14 20:51:52: 	Ceros:		D:\Reference\housemodel\stats\ETL/20200707/ETL_01_COLLECT/portal inmobiliario/ceros.txt
2020-07-14 20:51:52: ETL_01_COLLECT Creating stats files for toctoc
2020-07-14 20:51:52: 	Info:		D:\Reference\housemodel\stats\ETL/20200707/ETL_01_COLLECT/toctoc/info.txt
2020-07-14 20:51:52: 	Describe:	D:\Reference\housemodel\stats\ETL/20200707/ETL_01_COLLECT/toctoc/describe.csv
2020-07-14 20:51:52: 	Nulls:		D:\Reference\housemodel\stats\ETL/20200707/ETL_01_COLLECT/toctoc/nulls.txt
2020-07-14 20:51:52: 	Ceros:		D:\Reference\housemodel\stats\ETL/20200707/ETL_01_COLLECT/toctoc/ceros.txt
2020-07-14 20:51:52: ETL_01_COLLECT Creating stats files for propiedades emol
2020-07-14 20:51:52: 	Info:		D:\Reference\housemodel\stats\ETL/20200707/ETL_01_COLLECT/propiedades emol/info.txt
2020-07-14 20:51:52: 	Describe:	D:\Reference\housemodel\stats\ETL/20200707/ETL_01_COLLECT/propiedades emol/describe.csv
2020-07-14 20:51:52: 	Nulls:		D:\Reference\housemodel\stats\ETL/20200707/ETL_01_COLLECT/propiedades emol/nulls.txt
2020-07-14 20:51:52: 	Ceros:		D:\Reference\housemodel\stats\ETL/20200707/ETL_01_COLLECT/propiedades emol/ceros.txt
2020-07-14 20:51:52: ETL_01_COLLECT Creating stats files for icasas
2020-07-14 20:51:52: 	Info:		D:\Reference\housemodel\stats\ETL/20200707/ETL_01_COLLECT/icasas/info.txt
2020-07-14 20:51:52: 	Describe:	D:\Reference\housemodel\stats\ETL/20200707/ETL_01_COLLECT/icasas/describe.csv
2020-07-14 20:51:52: 	Nulls:		D:\Reference\housemodel\stats\ETL/20200707/ETL_01_COLLECT/icasas/nulls.txt
2020-07-14 20:51:52: 	Ceros:		D:\Reference\housemodel\stats\ETL/20200707/ETL_01_COLLECT/icasas/ceros.txt
2020-07-14 20:51:52: asd ETL_02_FORMAT Start: 2020-07-14 20:51:52.953431
2020-07-14 20:51:52: Processing Source: D:\Reference\housemodel\data\T\ETL/20200707/ETL_01_COLLECT/portal inmobiliario.csv
2020-07-14 20:51:53: Processing Source: D:\Reference\housemodel\data\T\ETL/20200707/ETL_01_COLLECT/toctoc.csv
2020-07-14 20:51:53: Processing Source: D:\Reference\housemodel\data\T\ETL/20200707/ETL_01_COLLECT/propiedades emol.csv
2020-07-14 20:51:53: Processing Source: D:\Reference\housemodel\data\T\ETL/20200707/ETL_01_COLLECT/icasas.csv
2020-07-14 20:51:53: ETL_02_FORMAT End: 2020-07-14 20:51:53.330467
2020-07-14 20:51:53: ETL_02_FORMAT Total Execution Time: 0.37703537940979004
2020-07-14 20:51:53: ETL_02_FORMAT Creating stats files for portal inmobiliario
2020-07-14 20:51:53: 	Info:		D:\Reference\housemodel\stats\ETL/20200707/ETL_02_FORMAT/portal inmobiliario/info.txt
2020-07-14 20:51:53: 	Describe:	D:\Reference\housemodel\stats\ETL/20200707/ETL_02_FORMAT/portal inmobiliario/describe.csv
2020-07-14 20:51:53: 	Nulls:		D:\Reference\housemodel\stats\ETL/20200707/ETL_02_FORMAT/portal inmobiliario/nulls.txt
2020-07-14 20:51:53: 	Ceros:		D:\Reference\housemodel\stats\ETL/20200707/ETL_02_FORMAT/portal inmobiliario/ceros.txt
2020-07-14 20:51:53: ETL_02_FORMAT Creating stats files for toctoc
2020-07-14 20:51:53: 	Info:		D:\Reference\housemodel\stats\ETL/20200707/ETL_02_FORMAT/toctoc/info.txt
2020-07-14 20:51:53: 	Describe:	D:\Reference\housemodel\stats\ETL/20200707/ETL_02_FORMAT/toctoc/describe.csv
2020-07-14 20:51:53: 	Nulls:		D:\Reference\housemodel\stats\ETL/20200707/ETL_02_FORMAT/toctoc/nulls.txt
2020-07-14 20:51:53: 	Ceros:		D:\Reference\housemodel\stats\ETL/20200707/ETL_02_FORMAT/toctoc/ceros.txt
2020-07-14 20:51:53: ETL_02_FORMAT Creating stats files for propiedades emol
2020-07-14 20:51:53: 	Info:		D:\Reference\housemodel\stats\ETL/20200707/ETL_02_FORMAT/propiedades emol/info.txt
2020-07-14 20:51:53: 	Describe:	D:\Reference\housemodel\stats\ETL/20200707/ETL_02_FORMAT/propiedades emol/describe.csv
2020-07-14 20:51:53: 	Nulls:		D:\Reference\housemodel\stats\ETL/20200707/ETL_02_FORMAT/propiedades emol/nulls.txt
2020-07-14 20:51:53: 	Ceros:		D:\Reference\housemodel\stats\ETL/20200707/ETL_02_FORMAT/propiedades emol/ceros.txt
2020-07-14 20:51:53: ETL_02_FORMAT Creating stats files for icasas
2020-07-14 20:51:53: 	Info:		D:\Reference\housemodel\stats\ETL/20200707/ETL_02_FORMAT/icasas/info.txt
2020-07-14 20:51:53: 	Describe:	D:\Reference\housemodel\stats\ETL/20200707/ETL_02_FORMAT/icasas/describe.csv
2020-07-14 20:51:53: 	Nulls:		D:\Reference\housemodel\stats\ETL/20200707/ETL_02_FORMAT/icasas/nulls.txt
2020-07-14 20:51:53: 	Ceros:		D:\Reference\housemodel\stats\ETL/20200707/ETL_02_FORMAT/icasas/ceros.txt
2020-07-14 20:51:53: ETL End: 2020-07-14 20:51:53.550457
2020-07-14 20:51:53: ETL Total Execution Time: 1.2223284244537354
