2020-07-16 20:32:29: ETL Start: 2020-07-16 20:32:29.725830
2020-07-16 20:32:29: Available Snapshots: 20200707
2020-07-16 20:32:29: Processing Snapshot: 20200707
2020-07-16 20:32:29: ETL_01_COLLECT Start: 2020-07-16 20:32:29.735833
2020-07-16 20:32:29: Processing Source: portal inmobiliario
2020-07-16 20:32:29: Processing Source: toctoc
2020-07-16 20:32:29: Processing Source: propiedades emol
2020-07-16 20:32:30: Processing Source: icasas
2020-07-16 20:32:30: ETL_01_COLLECT Output Files: D:\Reference\housemodel\data\T\ETL/20200707/ETL_01_COLLECT/portal inmobiliario.csv
	D:\Reference\housemodel\data\T\ETL/20200707/ETL_01_COLLECT/toctoc.csv
	D:\Reference\housemodel\data\T\ETL/20200707/ETL_01_COLLECT/propiedades emol.csv
	D:\Reference\housemodel\data\T\ETL/20200707/ETL_01_COLLECT/icasas.csv
2020-07-16 20:32:30: ETL_01_COLLECT End: 2020-07-16 20:32:30.108830
2020-07-16 20:32:30: ETL_01_COLLECT Total Execution Time: 0.37299656867980957
2020-07-16 20:32:30: ETL_01_COLLECT Creating stats files for portal inmobiliario
2020-07-16 20:32:30: 	Info:		D:\Reference\housemodel\stats\ETL/20200707/ETL_01_COLLECT/portal inmobiliario/info.txt
2020-07-16 20:32:30: 	Describe:	D:\Reference\housemodel\stats\ETL/20200707/ETL_01_COLLECT/portal inmobiliario/describe.csv
2020-07-16 20:32:30: 	Nulls:		D:\Reference\housemodel\stats\ETL/20200707/ETL_01_COLLECT/portal inmobiliario/nulls.txt
2020-07-16 20:32:30: 	Ceros:		D:\Reference\housemodel\stats\ETL/20200707/ETL_01_COLLECT/portal inmobiliario/ceros.txt
2020-07-16 20:32:30: ETL_01_COLLECT Creating stats files for toctoc
2020-07-16 20:32:30: 	Info:		D:\Reference\housemodel\stats\ETL/20200707/ETL_01_COLLECT/toctoc/info.txt
2020-07-16 20:32:30: 	Describe:	D:\Reference\housemodel\stats\ETL/20200707/ETL_01_COLLECT/toctoc/describe.csv
2020-07-16 20:32:30: 	Nulls:		D:\Reference\housemodel\stats\ETL/20200707/ETL_01_COLLECT/toctoc/nulls.txt
2020-07-16 20:32:30: 	Ceros:		D:\Reference\housemodel\stats\ETL/20200707/ETL_01_COLLECT/toctoc/ceros.txt
2020-07-16 20:32:30: ETL_01_COLLECT Creating stats files for propiedades emol
2020-07-16 20:32:30: 	Info:		D:\Reference\housemodel\stats\ETL/20200707/ETL_01_COLLECT/propiedades emol/info.txt
2020-07-16 20:32:30: 	Describe:	D:\Reference\housemodel\stats\ETL/20200707/ETL_01_COLLECT/propiedades emol/describe.csv
2020-07-16 20:32:30: 	Nulls:		D:\Reference\housemodel\stats\ETL/20200707/ETL_01_COLLECT/propiedades emol/nulls.txt
2020-07-16 20:32:30: 	Ceros:		D:\Reference\housemodel\stats\ETL/20200707/ETL_01_COLLECT/propiedades emol/ceros.txt
2020-07-16 20:32:30: ETL_01_COLLECT Creating stats files for icasas
2020-07-16 20:32:30: 	Info:		D:\Reference\housemodel\stats\ETL/20200707/ETL_01_COLLECT/icasas/info.txt
2020-07-16 20:32:30: 	Describe:	D:\Reference\housemodel\stats\ETL/20200707/ETL_01_COLLECT/icasas/describe.csv
2020-07-16 20:32:30: 	Nulls:		D:\Reference\housemodel\stats\ETL/20200707/ETL_01_COLLECT/icasas/nulls.txt
2020-07-16 20:32:30: 	Ceros:		D:\Reference\housemodel\stats\ETL/20200707/ETL_01_COLLECT/icasas/ceros.txt
2020-07-16 20:32:30: ETL_02_FORMAT Start: 2020-07-16 20:32:30.319829
2020-07-16 20:32:30: Processing Source: D:\Reference\housemodel\data\T\ETL/20200707/ETL_01_COLLECT/portal inmobiliario.csv
2020-07-16 20:32:30: Processing Source: D:\Reference\housemodel\data\T\ETL/20200707/ETL_01_COLLECT/toctoc.csv
2020-07-16 20:32:30: Processing Source: D:\Reference\housemodel\data\T\ETL/20200707/ETL_01_COLLECT/propiedades emol.csv
2020-07-16 20:32:30: Processing Source: D:\Reference\housemodel\data\T\ETL/20200707/ETL_01_COLLECT/icasas.csv
2020-07-16 20:32:30: ETL_02_FORMAT End: 2020-07-16 20:32:30.634829
2020-07-16 20:32:30: ETL_02_FORMAT Total Execution Time: 0.3149991035461426
2020-07-16 20:32:30: ETL_02_FORMAT Creating stats files for portal inmobiliario
2020-07-16 20:32:30: 	Info:		D:\Reference\housemodel\stats\ETL/20200707/ETL_02_FORMAT/portal inmobiliario/info.txt
2020-07-16 20:32:30: 	Describe:	D:\Reference\housemodel\stats\ETL/20200707/ETL_02_FORMAT/portal inmobiliario/describe.csv
2020-07-16 20:32:30: 	Nulls:		D:\Reference\housemodel\stats\ETL/20200707/ETL_02_FORMAT/portal inmobiliario/nulls.txt
2020-07-16 20:32:30: 	Ceros:		D:\Reference\housemodel\stats\ETL/20200707/ETL_02_FORMAT/portal inmobiliario/ceros.txt
2020-07-16 20:32:30: ETL_02_FORMAT Creating stats files for toctoc
2020-07-16 20:32:30: 	Info:		D:\Reference\housemodel\stats\ETL/20200707/ETL_02_FORMAT/toctoc/info.txt
2020-07-16 20:32:30: 	Describe:	D:\Reference\housemodel\stats\ETL/20200707/ETL_02_FORMAT/toctoc/describe.csv
2020-07-16 20:32:30: 	Nulls:		D:\Reference\housemodel\stats\ETL/20200707/ETL_02_FORMAT/toctoc/nulls.txt
2020-07-16 20:32:30: 	Ceros:		D:\Reference\housemodel\stats\ETL/20200707/ETL_02_FORMAT/toctoc/ceros.txt
2020-07-16 20:32:30: ETL_02_FORMAT Creating stats files for propiedades emol
2020-07-16 20:32:30: 	Info:		D:\Reference\housemodel\stats\ETL/20200707/ETL_02_FORMAT/propiedades emol/info.txt
2020-07-16 20:32:30: 	Describe:	D:\Reference\housemodel\stats\ETL/20200707/ETL_02_FORMAT/propiedades emol/describe.csv
2020-07-16 20:32:30: 	Nulls:		D:\Reference\housemodel\stats\ETL/20200707/ETL_02_FORMAT/propiedades emol/nulls.txt
2020-07-16 20:32:30: 	Ceros:		D:\Reference\housemodel\stats\ETL/20200707/ETL_02_FORMAT/propiedades emol/ceros.txt
2020-07-16 20:32:30: ETL_02_FORMAT Creating stats files for icasas
2020-07-16 20:32:30: 	Info:		D:\Reference\housemodel\stats\ETL/20200707/ETL_02_FORMAT/icasas/info.txt
2020-07-16 20:32:30: 	Describe:	D:\Reference\housemodel\stats\ETL/20200707/ETL_02_FORMAT/icasas/describe.csv
2020-07-16 20:32:30: 	Nulls:		D:\Reference\housemodel\stats\ETL/20200707/ETL_02_FORMAT/icasas/nulls.txt
2020-07-16 20:32:30: 	Ceros:		D:\Reference\housemodel\stats\ETL/20200707/ETL_02_FORMAT/icasas/ceros.txt
2020-07-16 20:32:30: ETL_03_FILL Start: 2020-07-16 20:32:30.814831
2020-07-16 20:32:30: Processing Source: D:\Reference\housemodel\data\T\ETL/20200707/ETL_02_FORMAT/portal inmobiliario.csv
2020-07-16 20:32:30: Processing Source: D:\Reference\housemodel\data\T\ETL/20200707/ETL_02_FORMAT/toctoc.csv
2020-07-16 20:32:30: Processing Source: D:\Reference\housemodel\data\T\ETL/20200707/ETL_02_FORMAT/propiedades emol.csv
2020-07-16 20:32:30: Processing Source: D:\Reference\housemodel\data\T\ETL/20200707/ETL_02_FORMAT/icasas.csv
2020-07-16 20:32:30: ETL_03_FILL End: 2020-07-16 20:32:30.870830
2020-07-16 20:32:30: ETL_03_FILL Total Execution Time: 0.0559995174407959
2020-07-16 20:32:30: ETL_03_FILL Creating stats files for portal inmobiliario
2020-07-16 20:32:30: 	Info:		D:\Reference\housemodel\stats\ETL/20200707/ETL_03_FILL/portal inmobiliario/info.txt
2020-07-16 20:32:30: 	Describe:	D:\Reference\housemodel\stats\ETL/20200707/ETL_03_FILL/portal inmobiliario/describe.csv
2020-07-16 20:32:30: 	Nulls:		D:\Reference\housemodel\stats\ETL/20200707/ETL_03_FILL/portal inmobiliario/nulls.txt
2020-07-16 20:32:30: 	Ceros:		D:\Reference\housemodel\stats\ETL/20200707/ETL_03_FILL/portal inmobiliario/ceros.txt
2020-07-16 20:32:30: ETL_03_FILL Creating stats files for toctoc
2020-07-16 20:32:30: 	Info:		D:\Reference\housemodel\stats\ETL/20200707/ETL_03_FILL/toctoc/info.txt
2020-07-16 20:32:30: 	Describe:	D:\Reference\housemodel\stats\ETL/20200707/ETL_03_FILL/toctoc/describe.csv
2020-07-16 20:32:30: 	Nulls:		D:\Reference\housemodel\stats\ETL/20200707/ETL_03_FILL/toctoc/nulls.txt
2020-07-16 20:32:30: 	Ceros:		D:\Reference\housemodel\stats\ETL/20200707/ETL_03_FILL/toctoc/ceros.txt
2020-07-16 20:32:30: ETL_03_FILL Creating stats files for propiedades emol
2020-07-16 20:32:30: 	Info:		D:\Reference\housemodel\stats\ETL/20200707/ETL_03_FILL/propiedades emol/info.txt
2020-07-16 20:32:30: 	Describe:	D:\Reference\housemodel\stats\ETL/20200707/ETL_03_FILL/propiedades emol/describe.csv
2020-07-16 20:32:30: 	Nulls:		D:\Reference\housemodel\stats\ETL/20200707/ETL_03_FILL/propiedades emol/nulls.txt
2020-07-16 20:32:30: 	Ceros:		D:\Reference\housemodel\stats\ETL/20200707/ETL_03_FILL/propiedades emol/ceros.txt
2020-07-16 20:32:30: ETL_03_FILL Creating stats files for icasas
2020-07-16 20:32:31: 	Info:		D:\Reference\housemodel\stats\ETL/20200707/ETL_03_FILL/icasas/info.txt
2020-07-16 20:32:31: 	Describe:	D:\Reference\housemodel\stats\ETL/20200707/ETL_03_FILL/icasas/describe.csv
2020-07-16 20:32:31: 	Nulls:		D:\Reference\housemodel\stats\ETL/20200707/ETL_03_FILL/icasas/nulls.txt
2020-07-16 20:32:31: 	Ceros:		D:\Reference\housemodel\stats\ETL/20200707/ETL_03_FILL/icasas/ceros.txt
2020-07-16 20:32:31: ETL_04_FEATURE_ENG Start: 2020-07-16 20:32:31.036830
2020-07-16 20:32:31: Processing Source: D:\Reference\housemodel\data\T\ETL/20200707/ETL_03_FILL/portal inmobiliario.csv
2020-07-16 20:32:31: Processing Source: D:\Reference\housemodel\data\T\ETL/20200707/ETL_03_FILL/toctoc.csv
2020-07-16 20:32:31: Processing Source: D:\Reference\housemodel\data\T\ETL/20200707/ETL_03_FILL/propiedades emol.csv
2020-07-16 20:32:31: Processing Source: D:\Reference\housemodel\data\T\ETL/20200707/ETL_03_FILL/icasas.csv
2020-07-16 20:32:31: ETL_04_FEATURE_ENG End: 2020-07-16 20:32:31.165835
2020-07-16 20:32:31: ETL_04_FEATURE_ENG Total Execution Time: 0.12900519371032715
2020-07-16 20:32:31: ETL_04_FEATURE_ENG Creating stats files for portal inmobiliario
2020-07-16 20:32:31: 	Info:		D:\Reference\housemodel\stats\ETL/20200707/ETL_04_FEATURE_ENG/portal inmobiliario/info.txt
2020-07-16 20:32:31: 	Describe:	D:\Reference\housemodel\stats\ETL/20200707/ETL_04_FEATURE_ENG/portal inmobiliario/describe.csv
2020-07-16 20:32:31: 	Nulls:		D:\Reference\housemodel\stats\ETL/20200707/ETL_04_FEATURE_ENG/portal inmobiliario/nulls.txt
2020-07-16 20:32:31: 	Ceros:		D:\Reference\housemodel\stats\ETL/20200707/ETL_04_FEATURE_ENG/portal inmobiliario/ceros.txt
2020-07-16 20:32:31: ETL_04_FEATURE_ENG Creating stats files for toctoc
2020-07-16 20:32:31: 	Info:		D:\Reference\housemodel\stats\ETL/20200707/ETL_04_FEATURE_ENG/toctoc/info.txt
2020-07-16 20:32:31: 	Describe:	D:\Reference\housemodel\stats\ETL/20200707/ETL_04_FEATURE_ENG/toctoc/describe.csv
2020-07-16 20:32:31: 	Nulls:		D:\Reference\housemodel\stats\ETL/20200707/ETL_04_FEATURE_ENG/toctoc/nulls.txt
2020-07-16 20:32:31: 	Ceros:		D:\Reference\housemodel\stats\ETL/20200707/ETL_04_FEATURE_ENG/toctoc/ceros.txt
2020-07-16 20:32:31: ETL_04_FEATURE_ENG Creating stats files for propiedades emol
2020-07-16 20:32:31: 	Info:		D:\Reference\housemodel\stats\ETL/20200707/ETL_04_FEATURE_ENG/propiedades emol/info.txt
2020-07-16 20:32:31: 	Describe:	D:\Reference\housemodel\stats\ETL/20200707/ETL_04_FEATURE_ENG/propiedades emol/describe.csv
2020-07-16 20:32:31: 	Nulls:		D:\Reference\housemodel\stats\ETL/20200707/ETL_04_FEATURE_ENG/propiedades emol/nulls.txt
2020-07-16 20:32:31: 	Ceros:		D:\Reference\housemodel\stats\ETL/20200707/ETL_04_FEATURE_ENG/propiedades emol/ceros.txt
2020-07-16 20:32:31: ETL_04_FEATURE_ENG Creating stats files for icasas
2020-07-16 20:32:31: 	Info:		D:\Reference\housemodel\stats\ETL/20200707/ETL_04_FEATURE_ENG/icasas/info.txt
2020-07-16 20:32:31: 	Describe:	D:\Reference\housemodel\stats\ETL/20200707/ETL_04_FEATURE_ENG/icasas/describe.csv
2020-07-16 20:32:31: 	Nulls:		D:\Reference\housemodel\stats\ETL/20200707/ETL_04_FEATURE_ENG/icasas/nulls.txt
2020-07-16 20:32:31: 	Ceros:		D:\Reference\housemodel\stats\ETL/20200707/ETL_04_FEATURE_ENG/icasas/ceros.txt
2020-07-16 20:32:31: ETL_05_LOAD Start: 2020-07-16 20:32:31.365830
2020-07-16 20:32:32: Connection Open OK
2020-07-16 20:32:32: Table Exists
2020-07-16 20:32:32: Processing Source: D:\Reference\housemodel\data\T\ETL/20200707/ETL_04_FEATURE_ENG/portal inmobiliario.csv
2020-07-16 20:32:33: Processing Source: D:\Reference\housemodel\data\T\ETL/20200707/ETL_04_FEATURE_ENG/toctoc.csv
2020-07-16 20:32:33: Processing Source: D:\Reference\housemodel\data\T\ETL/20200707/ETL_04_FEATURE_ENG/propiedades emol.csv
2020-07-16 20:32:33: Processing Source: D:\Reference\housemodel\data\T\ETL/20200707/ETL_04_FEATURE_ENG/icasas.csv
2020-07-16 20:32:33: Connection Closed OK
2020-07-16 20:32:33: ETL_05_LOAD End: 2020-07-16 20:32:33.956485
2020-07-16 20:32:33: ETL_05_LOAD Total Execution Time: 2.5906548500061035
2020-07-16 20:32:33: ETL End: 2020-07-16 20:32:33.958486
2020-07-16 20:32:33: ETL Total Execution Time: 4.232655763626099
