2020-07-14 22:29:03: ETL Start: 2020-07-14 22:29:03.498324
2020-07-14 22:29:03: Available Snapshots: 20200707
2020-07-14 22:29:03: Processing Snapshot: 20200707
2020-07-14 22:29:03: ETL_01_COLLECT Start: 2020-07-14 22:29:03.515328
2020-07-14 22:29:03: Processing Source: portal inmobiliario
2020-07-14 22:29:03: Processing Source: toctoc
2020-07-14 22:29:03: Processing Source: propiedades emol
2020-07-14 22:29:03: Processing Source: icasas
2020-07-14 22:29:03: ETL_01_COLLECT Output Files: D:\Reference\housemodel\data\T\ETL/20200707/ETL_01_COLLECT/portal inmobiliario.csv
	D:\Reference\housemodel\data\T\ETL/20200707/ETL_01_COLLECT/toctoc.csv
	D:\Reference\housemodel\data\T\ETL/20200707/ETL_01_COLLECT/propiedades emol.csv
	D:\Reference\housemodel\data\T\ETL/20200707/ETL_01_COLLECT/icasas.csv
2020-07-14 22:29:03: ETL_01_COLLECT End: 2020-07-14 22:29:03.875324
2020-07-14 22:29:03: ETL_01_COLLECT Total Execution Time: 0.35999608039855957
2020-07-14 22:29:03: ETL_01_COLLECT Creating stats files for portal inmobiliario
2020-07-14 22:29:03: 	Info:		D:\Reference\housemodel\stats\ETL/20200707/ETL_01_COLLECT/portal inmobiliario/info.txt
2020-07-14 22:29:03: 	Describe:	D:\Reference\housemodel\stats\ETL/20200707/ETL_01_COLLECT/portal inmobiliario/describe.csv
2020-07-14 22:29:03: 	Nulls:		D:\Reference\housemodel\stats\ETL/20200707/ETL_01_COLLECT/portal inmobiliario/nulls.txt
2020-07-14 22:29:03: 	Ceros:		D:\Reference\housemodel\stats\ETL/20200707/ETL_01_COLLECT/portal inmobiliario/ceros.txt
2020-07-14 22:29:03: ETL_01_COLLECT Creating stats files for toctoc
2020-07-14 22:29:03: 	Info:		D:\Reference\housemodel\stats\ETL/20200707/ETL_01_COLLECT/toctoc/info.txt
2020-07-14 22:29:04: 	Describe:	D:\Reference\housemodel\stats\ETL/20200707/ETL_01_COLLECT/toctoc/describe.csv
2020-07-14 22:29:04: 	Nulls:		D:\Reference\housemodel\stats\ETL/20200707/ETL_01_COLLECT/toctoc/nulls.txt
2020-07-14 22:29:04: 	Ceros:		D:\Reference\housemodel\stats\ETL/20200707/ETL_01_COLLECT/toctoc/ceros.txt
2020-07-14 22:29:04: ETL_01_COLLECT Creating stats files for propiedades emol
2020-07-14 22:29:04: 	Info:		D:\Reference\housemodel\stats\ETL/20200707/ETL_01_COLLECT/propiedades emol/info.txt
2020-07-14 22:29:04: 	Describe:	D:\Reference\housemodel\stats\ETL/20200707/ETL_01_COLLECT/propiedades emol/describe.csv
2020-07-14 22:29:04: 	Nulls:		D:\Reference\housemodel\stats\ETL/20200707/ETL_01_COLLECT/propiedades emol/nulls.txt
2020-07-14 22:29:04: 	Ceros:		D:\Reference\housemodel\stats\ETL/20200707/ETL_01_COLLECT/propiedades emol/ceros.txt
2020-07-14 22:29:04: ETL_01_COLLECT Creating stats files for icasas
2020-07-14 22:29:04: 	Info:		D:\Reference\housemodel\stats\ETL/20200707/ETL_01_COLLECT/icasas/info.txt
2020-07-14 22:29:04: 	Describe:	D:\Reference\housemodel\stats\ETL/20200707/ETL_01_COLLECT/icasas/describe.csv
2020-07-14 22:29:04: 	Nulls:		D:\Reference\housemodel\stats\ETL/20200707/ETL_01_COLLECT/icasas/nulls.txt
2020-07-14 22:29:04: 	Ceros:		D:\Reference\housemodel\stats\ETL/20200707/ETL_01_COLLECT/icasas/ceros.txt
2020-07-14 22:29:04: ETL_02_FORMAT Start: 2020-07-14 22:29:04.156445
2020-07-14 22:29:04: Processing Source: D:\Reference\housemodel\data\T\ETL/20200707/ETL_01_COLLECT/portal inmobiliario.csv
2020-07-14 22:29:04: Processing Source: D:\Reference\housemodel\data\T\ETL/20200707/ETL_01_COLLECT/toctoc.csv
2020-07-14 22:29:04: Processing Source: D:\Reference\housemodel\data\T\ETL/20200707/ETL_01_COLLECT/propiedades emol.csv
2020-07-14 22:29:04: Processing Source: D:\Reference\housemodel\data\T\ETL/20200707/ETL_01_COLLECT/icasas.csv
2020-07-14 22:29:04: ETL_02_FORMAT End: 2020-07-14 22:29:04.517484
2020-07-14 22:29:04: ETL_02_FORMAT Total Execution Time: 0.3610389232635498
2020-07-14 22:29:04: ETL_02_FORMAT Creating stats files for portal inmobiliario
2020-07-14 22:29:04: 	Info:		D:\Reference\housemodel\stats\ETL/20200707/ETL_02_FORMAT/portal inmobiliario/info.txt
2020-07-14 22:29:04: 	Describe:	D:\Reference\housemodel\stats\ETL/20200707/ETL_02_FORMAT/portal inmobiliario/describe.csv
2020-07-14 22:29:04: 	Nulls:		D:\Reference\housemodel\stats\ETL/20200707/ETL_02_FORMAT/portal inmobiliario/nulls.txt
2020-07-14 22:29:04: 	Ceros:		D:\Reference\housemodel\stats\ETL/20200707/ETL_02_FORMAT/portal inmobiliario/ceros.txt
2020-07-14 22:29:04: ETL_02_FORMAT Creating stats files for toctoc
2020-07-14 22:29:04: 	Info:		D:\Reference\housemodel\stats\ETL/20200707/ETL_02_FORMAT/toctoc/info.txt
2020-07-14 22:29:04: 	Describe:	D:\Reference\housemodel\stats\ETL/20200707/ETL_02_FORMAT/toctoc/describe.csv
2020-07-14 22:29:04: 	Nulls:		D:\Reference\housemodel\stats\ETL/20200707/ETL_02_FORMAT/toctoc/nulls.txt
2020-07-14 22:29:04: 	Ceros:		D:\Reference\housemodel\stats\ETL/20200707/ETL_02_FORMAT/toctoc/ceros.txt
2020-07-14 22:29:04: ETL_02_FORMAT Creating stats files for propiedades emol
2020-07-14 22:29:04: 	Info:		D:\Reference\housemodel\stats\ETL/20200707/ETL_02_FORMAT/propiedades emol/info.txt
2020-07-14 22:29:04: 	Describe:	D:\Reference\housemodel\stats\ETL/20200707/ETL_02_FORMAT/propiedades emol/describe.csv
2020-07-14 22:29:04: 	Nulls:		D:\Reference\housemodel\stats\ETL/20200707/ETL_02_FORMAT/propiedades emol/nulls.txt
2020-07-14 22:29:04: 	Ceros:		D:\Reference\housemodel\stats\ETL/20200707/ETL_02_FORMAT/propiedades emol/ceros.txt
2020-07-14 22:29:04: ETL_02_FORMAT Creating stats files for icasas
2020-07-14 22:29:04: 	Info:		D:\Reference\housemodel\stats\ETL/20200707/ETL_02_FORMAT/icasas/info.txt
2020-07-14 22:29:04: 	Describe:	D:\Reference\housemodel\stats\ETL/20200707/ETL_02_FORMAT/icasas/describe.csv
2020-07-14 22:29:04: 	Nulls:		D:\Reference\housemodel\stats\ETL/20200707/ETL_02_FORMAT/icasas/nulls.txt
2020-07-14 22:29:04: 	Ceros:		D:\Reference\housemodel\stats\ETL/20200707/ETL_02_FORMAT/icasas/ceros.txt
2020-07-14 22:29:04: ETL_03_FILL Start: 2020-07-14 22:29:04.762483
2020-07-14 22:29:04: Processing Source: D:\Reference\housemodel\data\T\ETL/20200707/ETL_02_FORMAT/portal inmobiliario.csv
2020-07-14 22:29:04: Processing Source: D:\Reference\housemodel\data\T\ETL/20200707/ETL_02_FORMAT/toctoc.csv
2020-07-14 22:29:04: Processing Source: D:\Reference\housemodel\data\T\ETL/20200707/ETL_02_FORMAT/propiedades emol.csv
2020-07-14 22:29:04: Processing Source: D:\Reference\housemodel\data\T\ETL/20200707/ETL_02_FORMAT/icasas.csv
