2020-07-15 22:33:07: ETL Start: 2020-07-15 22:33:07.646260
2020-07-15 22:33:07: Available Snapshots: 20200707
2020-07-15 22:33:07: Processing Snapshot: 20200707
2020-07-15 22:33:07: ETL_01_COLLECT Start: 2020-07-15 22:33:07.655259
2020-07-15 22:33:07: Processing Source: portal inmobiliario
2020-07-15 22:33:07: Processing Source: toctoc
2020-07-15 22:33:07: Processing Source: propiedades emol
2020-07-15 22:33:07: Processing Source: icasas
2020-07-15 22:33:07: ETL_01_COLLECT Output Files: D:\Reference\housemodel\data\T\ETL/20200707/ETL_01_COLLECT/portal inmobiliario.csv
	D:\Reference\housemodel\data\T\ETL/20200707/ETL_01_COLLECT/toctoc.csv
	D:\Reference\housemodel\data\T\ETL/20200707/ETL_01_COLLECT/propiedades emol.csv
	D:\Reference\housemodel\data\T\ETL/20200707/ETL_01_COLLECT/icasas.csv
2020-07-15 22:33:07: ETL_01_COLLECT End: 2020-07-15 22:33:07.997004
2020-07-15 22:33:07: ETL_01_COLLECT Total Execution Time: 0.34174442291259766
2020-07-15 22:33:08: ETL_01_COLLECT Creating stats files for portal inmobiliario
2020-07-15 22:33:08: 	Info:		D:\Reference\housemodel\stats\ETL/20200707/ETL_01_COLLECT/portal inmobiliario/info.txt
2020-07-15 22:33:08: 	Describe:	D:\Reference\housemodel\stats\ETL/20200707/ETL_01_COLLECT/portal inmobiliario/describe.csv
2020-07-15 22:33:08: 	Nulls:		D:\Reference\housemodel\stats\ETL/20200707/ETL_01_COLLECT/portal inmobiliario/nulls.txt
2020-07-15 22:33:08: 	Ceros:		D:\Reference\housemodel\stats\ETL/20200707/ETL_01_COLLECT/portal inmobiliario/ceros.txt
2020-07-15 22:33:08: ETL_01_COLLECT Creating stats files for toctoc
2020-07-15 22:33:08: 	Info:		D:\Reference\housemodel\stats\ETL/20200707/ETL_01_COLLECT/toctoc/info.txt
2020-07-15 22:33:08: 	Describe:	D:\Reference\housemodel\stats\ETL/20200707/ETL_01_COLLECT/toctoc/describe.csv
2020-07-15 22:33:08: 	Nulls:		D:\Reference\housemodel\stats\ETL/20200707/ETL_01_COLLECT/toctoc/nulls.txt
2020-07-15 22:33:08: 	Ceros:		D:\Reference\housemodel\stats\ETL/20200707/ETL_01_COLLECT/toctoc/ceros.txt
2020-07-15 22:33:08: ETL_01_COLLECT Creating stats files for propiedades emol
2020-07-15 22:33:08: 	Info:		D:\Reference\housemodel\stats\ETL/20200707/ETL_01_COLLECT/propiedades emol/info.txt
2020-07-15 22:33:08: 	Describe:	D:\Reference\housemodel\stats\ETL/20200707/ETL_01_COLLECT/propiedades emol/describe.csv
2020-07-15 22:33:08: 	Nulls:		D:\Reference\housemodel\stats\ETL/20200707/ETL_01_COLLECT/propiedades emol/nulls.txt
2020-07-15 22:33:08: 	Ceros:		D:\Reference\housemodel\stats\ETL/20200707/ETL_01_COLLECT/propiedades emol/ceros.txt
2020-07-15 22:33:08: ETL_01_COLLECT Creating stats files for icasas
2020-07-15 22:33:08: 	Info:		D:\Reference\housemodel\stats\ETL/20200707/ETL_01_COLLECT/icasas/info.txt
2020-07-15 22:33:08: 	Describe:	D:\Reference\housemodel\stats\ETL/20200707/ETL_01_COLLECT/icasas/describe.csv
2020-07-15 22:33:08: 	Nulls:		D:\Reference\housemodel\stats\ETL/20200707/ETL_01_COLLECT/icasas/nulls.txt
2020-07-15 22:33:08: 	Ceros:		D:\Reference\housemodel\stats\ETL/20200707/ETL_01_COLLECT/icasas/ceros.txt
2020-07-15 22:33:08: ETL_02_FORMAT Start: 2020-07-15 22:33:08.186058
2020-07-15 22:33:08: Processing Source: D:\Reference\housemodel\data\T\ETL/20200707/ETL_01_COLLECT/portal inmobiliario.csv
