2020-07-16 21:54:03: ETL Start: 2020-07-16 21:54:03.585421
2020-07-16 21:54:03: Available Snapshots: 20200707
2020-07-16 21:54:03: Processing Snapshot: 20200707
2020-07-16 21:54:03: ETL_01_COLLECT Start: 2020-07-16 21:54:03.598376
2020-07-16 21:54:03: Processing Source: portal inmobiliario
2020-07-16 21:54:03: Processing Source: toctoc
2020-07-16 21:54:03: Processing Source: propiedades emol
2020-07-16 21:54:03: Processing Source: icasas
2020-07-16 21:54:03: ETL_01_COLLECT Output Files: D:\Reference\housemodel\data\T\ETL/20200707/ETL_01_COLLECT/portal inmobiliario.csv
	D:\Reference\housemodel\data\T\ETL/20200707/ETL_01_COLLECT/toctoc.csv
	D:\Reference\housemodel\data\T\ETL/20200707/ETL_01_COLLECT/propiedades emol.csv
	D:\Reference\housemodel\data\T\ETL/20200707/ETL_01_COLLECT/icasas.csv
2020-07-16 21:54:03: ETL_01_COLLECT End: 2020-07-16 21:54:03.963410
2020-07-16 21:54:03: ETL_01_COLLECT Total Execution Time: 0.3650338649749756
2020-07-16 21:54:03: ETL_01_COLLECT Creating stats files for portal inmobiliario
2020-07-16 21:54:04: 	Info:		D:\Reference\housemodel\stats\ETL/20200707/ETL_01_COLLECT/portal inmobiliario/info.txt
2020-07-16 21:54:04: 	Describe:	D:\Reference\housemodel\stats\ETL/20200707/ETL_01_COLLECT/portal inmobiliario/describe.csv
2020-07-16 21:54:04: 	Nulls:		D:\Reference\housemodel\stats\ETL/20200707/ETL_01_COLLECT/portal inmobiliario/nulls.txt
2020-07-16 21:54:04: 	Ceros:		D:\Reference\housemodel\stats\ETL/20200707/ETL_01_COLLECT/portal inmobiliario/ceros.txt
2020-07-16 21:54:04: ETL_01_COLLECT Creating stats files for toctoc
2020-07-16 21:54:04: 	Info:		D:\Reference\housemodel\stats\ETL/20200707/ETL_01_COLLECT/toctoc/info.txt
2020-07-16 21:54:04: 	Describe:	D:\Reference\housemodel\stats\ETL/20200707/ETL_01_COLLECT/toctoc/describe.csv
2020-07-16 21:54:04: 	Nulls:		D:\Reference\housemodel\stats\ETL/20200707/ETL_01_COLLECT/toctoc/nulls.txt
2020-07-16 21:54:04: 	Ceros:		D:\Reference\housemodel\stats\ETL/20200707/ETL_01_COLLECT/toctoc/ceros.txt
2020-07-16 21:54:04: ETL_01_COLLECT Creating stats files for propiedades emol
2020-07-16 21:54:04: 	Info:		D:\Reference\housemodel\stats\ETL/20200707/ETL_01_COLLECT/propiedades emol/info.txt
2020-07-16 21:54:04: 	Describe:	D:\Reference\housemodel\stats\ETL/20200707/ETL_01_COLLECT/propiedades emol/describe.csv
2020-07-16 21:54:04: 	Nulls:		D:\Reference\housemodel\stats\ETL/20200707/ETL_01_COLLECT/propiedades emol/nulls.txt
2020-07-16 21:54:04: 	Ceros:		D:\Reference\housemodel\stats\ETL/20200707/ETL_01_COLLECT/propiedades emol/ceros.txt
2020-07-16 21:54:04: ETL_01_COLLECT Creating stats files for icasas
2020-07-16 21:54:04: 	Info:		D:\Reference\housemodel\stats\ETL/20200707/ETL_01_COLLECT/icasas/info.txt
2020-07-16 21:54:04: 	Describe:	D:\Reference\housemodel\stats\ETL/20200707/ETL_01_COLLECT/icasas/describe.csv
2020-07-16 21:54:04: 	Nulls:		D:\Reference\housemodel\stats\ETL/20200707/ETL_01_COLLECT/icasas/nulls.txt
2020-07-16 21:54:04: 	Ceros:		D:\Reference\housemodel\stats\ETL/20200707/ETL_01_COLLECT/icasas/ceros.txt
2020-07-16 21:54:04: ETL_02_FORMAT Start: 2020-07-16 21:54:04.244397
2020-07-16 21:54:04: Processing Source: D:\Reference\housemodel\data\T\ETL/20200707/ETL_01_COLLECT/portal inmobiliario.csv
2020-07-16 21:54:04: Processing Source: D:\Reference\housemodel\data\T\ETL/20200707/ETL_01_COLLECT/toctoc.csv
2020-07-16 21:54:04: Processing Source: D:\Reference\housemodel\data\T\ETL/20200707/ETL_01_COLLECT/propiedades emol.csv
2020-07-16 21:54:04: Processing Source: D:\Reference\housemodel\data\T\ETL/20200707/ETL_01_COLLECT/icasas.csv
2020-07-16 21:54:04: ETL_02_FORMAT End: 2020-07-16 21:54:04.544418
2020-07-16 21:54:04: ETL_02_FORMAT Total Execution Time: 0.3000211715698242
2020-07-16 21:54:04: ETL_02_FORMAT Creating stats files for portal inmobiliario
2020-07-16 21:54:04: 	Info:		D:\Reference\housemodel\stats\ETL/20200707/ETL_02_FORMAT/portal inmobiliario/info.txt
2020-07-16 21:54:04: 	Describe:	D:\Reference\housemodel\stats\ETL/20200707/ETL_02_FORMAT/portal inmobiliario/describe.csv
2020-07-16 21:54:04: 	Nulls:		D:\Reference\housemodel\stats\ETL/20200707/ETL_02_FORMAT/portal inmobiliario/nulls.txt
2020-07-16 21:54:04: 	Ceros:		D:\Reference\housemodel\stats\ETL/20200707/ETL_02_FORMAT/portal inmobiliario/ceros.txt
2020-07-16 21:54:04: ETL_02_FORMAT Creating stats files for toctoc
2020-07-16 21:54:04: 	Info:		D:\Reference\housemodel\stats\ETL/20200707/ETL_02_FORMAT/toctoc/info.txt
2020-07-16 21:54:04: 	Describe:	D:\Reference\housemodel\stats\ETL/20200707/ETL_02_FORMAT/toctoc/describe.csv
2020-07-16 21:54:04: 	Nulls:		D:\Reference\housemodel\stats\ETL/20200707/ETL_02_FORMAT/toctoc/nulls.txt
2020-07-16 21:54:04: 	Ceros:		D:\Reference\housemodel\stats\ETL/20200707/ETL_02_FORMAT/toctoc/ceros.txt
2020-07-16 21:54:04: ETL_02_FORMAT Creating stats files for propiedades emol
2020-07-16 21:54:04: 	Info:		D:\Reference\housemodel\stats\ETL/20200707/ETL_02_FORMAT/propiedades emol/info.txt
2020-07-16 21:54:04: 	Describe:	D:\Reference\housemodel\stats\ETL/20200707/ETL_02_FORMAT/propiedades emol/describe.csv
2020-07-16 21:54:04: 	Nulls:		D:\Reference\housemodel\stats\ETL/20200707/ETL_02_FORMAT/propiedades emol/nulls.txt
2020-07-16 21:54:04: 	Ceros:		D:\Reference\housemodel\stats\ETL/20200707/ETL_02_FORMAT/propiedades emol/ceros.txt
2020-07-16 21:54:04: ETL_02_FORMAT Creating stats files for icasas
2020-07-16 21:54:04: 	Info:		D:\Reference\housemodel\stats\ETL/20200707/ETL_02_FORMAT/icasas/info.txt
2020-07-16 21:54:04: 	Describe:	D:\Reference\housemodel\stats\ETL/20200707/ETL_02_FORMAT/icasas/describe.csv
2020-07-16 21:54:04: 	Nulls:		D:\Reference\housemodel\stats\ETL/20200707/ETL_02_FORMAT/icasas/nulls.txt
2020-07-16 21:54:04: 	Ceros:		D:\Reference\housemodel\stats\ETL/20200707/ETL_02_FORMAT/icasas/ceros.txt
2020-07-16 21:54:04: ETL_03_FILL Start: 2020-07-16 21:54:04.753371
2020-07-16 21:54:04: Processing Source: D:\Reference\housemodel\data\T\ETL/20200707/ETL_02_FORMAT/portal inmobiliario.csv
2020-07-16 21:54:04: Processing Source: D:\Reference\housemodel\data\T\ETL/20200707/ETL_02_FORMAT/toctoc.csv
2020-07-16 21:54:04: Processing Source: D:\Reference\housemodel\data\T\ETL/20200707/ETL_02_FORMAT/propiedades emol.csv
2020-07-16 21:54:04: Processing Source: D:\Reference\housemodel\data\T\ETL/20200707/ETL_02_FORMAT/icasas.csv
2020-07-16 21:54:04: ETL_03_FILL End: 2020-07-16 21:54:04.838408
2020-07-16 21:54:04: ETL_03_FILL Total Execution Time: 0.0850367546081543
2020-07-16 21:54:04: ETL_03_FILL Creating stats files for portal inmobiliario
2020-07-16 21:54:04: 	Info:		D:\Reference\housemodel\stats\ETL/20200707/ETL_03_FILL/portal inmobiliario/info.txt
2020-07-16 21:54:04: 	Describe:	D:\Reference\housemodel\stats\ETL/20200707/ETL_03_FILL/portal inmobiliario/describe.csv
2020-07-16 21:54:04: 	Nulls:		D:\Reference\housemodel\stats\ETL/20200707/ETL_03_FILL/portal inmobiliario/nulls.txt
2020-07-16 21:54:04: 	Ceros:		D:\Reference\housemodel\stats\ETL/20200707/ETL_03_FILL/portal inmobiliario/ceros.txt
2020-07-16 21:54:04: ETL_03_FILL Creating stats files for toctoc
2020-07-16 21:54:04: 	Info:		D:\Reference\housemodel\stats\ETL/20200707/ETL_03_FILL/toctoc/info.txt
2020-07-16 21:54:04: 	Describe:	D:\Reference\housemodel\stats\ETL/20200707/ETL_03_FILL/toctoc/describe.csv
2020-07-16 21:54:04: 	Nulls:		D:\Reference\housemodel\stats\ETL/20200707/ETL_03_FILL/toctoc/nulls.txt
2020-07-16 21:54:04: 	Ceros:		D:\Reference\housemodel\stats\ETL/20200707/ETL_03_FILL/toctoc/ceros.txt
2020-07-16 21:54:04: ETL_03_FILL Creating stats files for propiedades emol
2020-07-16 21:54:04: 	Info:		D:\Reference\housemodel\stats\ETL/20200707/ETL_03_FILL/propiedades emol/info.txt
2020-07-16 21:54:04: 	Describe:	D:\Reference\housemodel\stats\ETL/20200707/ETL_03_FILL/propiedades emol/describe.csv
2020-07-16 21:54:04: 	Nulls:		D:\Reference\housemodel\stats\ETL/20200707/ETL_03_FILL/propiedades emol/nulls.txt
2020-07-16 21:54:04: 	Ceros:		D:\Reference\housemodel\stats\ETL/20200707/ETL_03_FILL/propiedades emol/ceros.txt
2020-07-16 21:54:05: ETL_03_FILL Creating stats files for icasas
2020-07-16 21:54:05: 	Info:		D:\Reference\housemodel\stats\ETL/20200707/ETL_03_FILL/icasas/info.txt
2020-07-16 21:54:05: 	Describe:	D:\Reference\housemodel\stats\ETL/20200707/ETL_03_FILL/icasas/describe.csv
2020-07-16 21:54:05: 	Nulls:		D:\Reference\housemodel\stats\ETL/20200707/ETL_03_FILL/icasas/nulls.txt
2020-07-16 21:54:05: 	Ceros:		D:\Reference\housemodel\stats\ETL/20200707/ETL_03_FILL/icasas/ceros.txt
2020-07-16 21:54:05: ETL_04_FEATURE_ENG Start: 2020-07-16 21:54:05.058406
2020-07-16 21:54:05: Processing Source: D:\Reference\housemodel\data\T\ETL/20200707/ETL_03_FILL/portal inmobiliario.csv
2020-07-16 21:54:05: Processing Source: D:\Reference\housemodel\data\T\ETL/20200707/ETL_03_FILL/toctoc.csv
2020-07-16 21:54:05: Processing Source: D:\Reference\housemodel\data\T\ETL/20200707/ETL_03_FILL/propiedades emol.csv
2020-07-16 21:54:05: Processing Source: D:\Reference\housemodel\data\T\ETL/20200707/ETL_03_FILL/icasas.csv
2020-07-16 21:54:05: ETL_04_FEATURE_ENG End: 2020-07-16 21:54:05.190406
2020-07-16 21:54:05: ETL_04_FEATURE_ENG Total Execution Time: 0.13200044631958008
2020-07-16 21:54:05: ETL_04_FEATURE_ENG Creating stats files for portal inmobiliario
2020-07-16 21:54:05: 	Info:		D:\Reference\housemodel\stats\ETL/20200707/ETL_04_FEATURE_ENG/portal inmobiliario/info.txt
2020-07-16 21:54:05: 	Describe:	D:\Reference\housemodel\stats\ETL/20200707/ETL_04_FEATURE_ENG/portal inmobiliario/describe.csv
2020-07-16 21:54:05: 	Nulls:		D:\Reference\housemodel\stats\ETL/20200707/ETL_04_FEATURE_ENG/portal inmobiliario/nulls.txt
2020-07-16 21:54:05: 	Ceros:		D:\Reference\housemodel\stats\ETL/20200707/ETL_04_FEATURE_ENG/portal inmobiliario/ceros.txt
2020-07-16 21:54:05: ETL_04_FEATURE_ENG Creating stats files for toctoc
2020-07-16 21:54:05: 	Info:		D:\Reference\housemodel\stats\ETL/20200707/ETL_04_FEATURE_ENG/toctoc/info.txt
2020-07-16 21:54:05: 	Describe:	D:\Reference\housemodel\stats\ETL/20200707/ETL_04_FEATURE_ENG/toctoc/describe.csv
2020-07-16 21:54:05: 	Nulls:		D:\Reference\housemodel\stats\ETL/20200707/ETL_04_FEATURE_ENG/toctoc/nulls.txt
2020-07-16 21:54:05: 	Ceros:		D:\Reference\housemodel\stats\ETL/20200707/ETL_04_FEATURE_ENG/toctoc/ceros.txt
2020-07-16 21:54:05: ETL_04_FEATURE_ENG Creating stats files for propiedades emol
2020-07-16 21:54:05: 	Info:		D:\Reference\housemodel\stats\ETL/20200707/ETL_04_FEATURE_ENG/propiedades emol/info.txt
2020-07-16 21:54:05: 	Describe:	D:\Reference\housemodel\stats\ETL/20200707/ETL_04_FEATURE_ENG/propiedades emol/describe.csv
2020-07-16 21:54:05: 	Nulls:		D:\Reference\housemodel\stats\ETL/20200707/ETL_04_FEATURE_ENG/propiedades emol/nulls.txt
2020-07-16 21:54:05: 	Ceros:		D:\Reference\housemodel\stats\ETL/20200707/ETL_04_FEATURE_ENG/propiedades emol/ceros.txt
2020-07-16 21:54:05: ETL_04_FEATURE_ENG Creating stats files for icasas
2020-07-16 21:54:05: 	Info:		D:\Reference\housemodel\stats\ETL/20200707/ETL_04_FEATURE_ENG/icasas/info.txt
2020-07-16 21:54:05: 	Describe:	D:\Reference\housemodel\stats\ETL/20200707/ETL_04_FEATURE_ENG/icasas/describe.csv
2020-07-16 21:54:05: 	Nulls:		D:\Reference\housemodel\stats\ETL/20200707/ETL_04_FEATURE_ENG/icasas/nulls.txt
2020-07-16 21:54:05: 	Ceros:		D:\Reference\housemodel\stats\ETL/20200707/ETL_04_FEATURE_ENG/icasas/ceros.txt
2020-07-16 21:54:05: ETL_05_LOAD Start: 2020-07-16 21:54:05.424376
2020-07-16 21:54:07: Connection Open OK
2020-07-16 21:54:07: houses table does not Exists
2020-07-16 21:54:07: Processing Source: D:\Reference\housemodel\data\T\ETL/20200707/ETL_04_FEATURE_ENG/portal inmobiliario.csv
2020-07-16 21:54:07: Processing Source: D:\Reference\housemodel\data\T\ETL/20200707/ETL_04_FEATURE_ENG/toctoc.csv
2020-07-16 21:54:07: Processing Source: D:\Reference\housemodel\data\T\ETL/20200707/ETL_04_FEATURE_ENG/propiedades emol.csv
2020-07-16 21:54:08: Processing Source: D:\Reference\housemodel\data\T\ETL/20200707/ETL_04_FEATURE_ENG/icasas.csv
2020-07-16 21:54:08: Connection Closed OK
2020-07-16 21:54:08: ETL_05_LOAD End: 2020-07-16 21:54:08.268578
2020-07-16 21:54:08: ETL_05_LOAD Total Execution Time: 2.8442018032073975
2020-07-16 21:54:08: ETL End: 2020-07-16 21:54:08.277580
2020-07-16 21:54:08: ETL Total Execution Time: 4.692159414291382
