2020-07-14 20:53:40: ETL Start: 2020-07-14 20:53:40.358814
2020-07-14 20:53:40: Available Snapshots: 20200707
2020-07-14 20:53:40: Processing Snapshot: 20200707
2020-07-14 20:53:40: ETL_01_COLLECT Start: 2020-07-14 20:53:40.374815
2020-07-14 20:53:40: Processing Source: portal inmobiliario
2020-07-14 20:53:40: Processing Source: toctoc
2020-07-14 20:53:40: Processing Source: propiedades emol
2020-07-14 20:53:40: Processing Source: icasas
2020-07-14 20:53:40: ETL_01_COLLECT Output Files: D:\Reference\housemodel\data\T\ETL/20200707/ETL_01_COLLECT/portal inmobiliario.csv
	D:\Reference\housemodel\data\T\ETL/20200707/ETL_01_COLLECT/toctoc.csv
	D:\Reference\housemodel\data\T\ETL/20200707/ETL_01_COLLECT/propiedades emol.csv
	D:\Reference\housemodel\data\T\ETL/20200707/ETL_01_COLLECT/icasas.csv
2020-07-14 20:53:40: ETL_01_COLLECT End: 2020-07-14 20:53:40.749981
2020-07-14 20:53:40: ETL_01_COLLECT Total Execution Time: 0.3751654624938965
2020-07-14 20:53:40: ETL_01_COLLECT Creating stats files for portal inmobiliario
2020-07-14 20:53:40: 	Info:		D:\Reference\housemodel\stats\ETL/20200707/ETL_01_COLLECT/portal inmobiliario/info.txt
2020-07-14 20:53:40: 	Describe:	D:\Reference\housemodel\stats\ETL/20200707/ETL_01_COLLECT/portal inmobiliario/describe.csv
2020-07-14 20:53:40: 	Nulls:		D:\Reference\housemodel\stats\ETL/20200707/ETL_01_COLLECT/portal inmobiliario/nulls.txt
2020-07-14 20:53:40: 	Ceros:		D:\Reference\housemodel\stats\ETL/20200707/ETL_01_COLLECT/portal inmobiliario/ceros.txt
2020-07-14 20:53:40: ETL_01_COLLECT Creating stats files for toctoc
2020-07-14 20:53:40: 	Info:		D:\Reference\housemodel\stats\ETL/20200707/ETL_01_COLLECT/toctoc/info.txt
2020-07-14 20:53:40: 	Describe:	D:\Reference\housemodel\stats\ETL/20200707/ETL_01_COLLECT/toctoc/describe.csv
2020-07-14 20:53:40: 	Nulls:		D:\Reference\housemodel\stats\ETL/20200707/ETL_01_COLLECT/toctoc/nulls.txt
2020-07-14 20:53:40: 	Ceros:		D:\Reference\housemodel\stats\ETL/20200707/ETL_01_COLLECT/toctoc/ceros.txt
2020-07-14 20:53:40: ETL_01_COLLECT Creating stats files for propiedades emol
2020-07-14 20:53:40: 	Info:		D:\Reference\housemodel\stats\ETL/20200707/ETL_01_COLLECT/propiedades emol/info.txt
2020-07-14 20:53:40: 	Describe:	D:\Reference\housemodel\stats\ETL/20200707/ETL_01_COLLECT/propiedades emol/describe.csv
2020-07-14 20:53:40: 	Nulls:		D:\Reference\housemodel\stats\ETL/20200707/ETL_01_COLLECT/propiedades emol/nulls.txt
2020-07-14 20:53:40: 	Ceros:		D:\Reference\housemodel\stats\ETL/20200707/ETL_01_COLLECT/propiedades emol/ceros.txt
2020-07-14 20:53:40: ETL_01_COLLECT Creating stats files for icasas
2020-07-14 20:53:40: 	Info:		D:\Reference\housemodel\stats\ETL/20200707/ETL_01_COLLECT/icasas/info.txt
2020-07-14 20:53:40: 	Describe:	D:\Reference\housemodel\stats\ETL/20200707/ETL_01_COLLECT/icasas/describe.csv
2020-07-14 20:53:41: 	Nulls:		D:\Reference\housemodel\stats\ETL/20200707/ETL_01_COLLECT/icasas/nulls.txt
2020-07-14 20:53:41: 	Ceros:		D:\Reference\housemodel\stats\ETL/20200707/ETL_01_COLLECT/icasas/ceros.txt
2020-07-14 20:53:41: asd ETL_02_FORMAT Start: 2020-07-14 20:53:41.012048
2020-07-14 20:53:41: Processing Source: D:\Reference\housemodel\data\T\ETL/20200707/ETL_01_COLLECT/portal inmobiliario.csv
2020-07-14 20:53:41: Processing Source: D:\Reference\housemodel\data\T\ETL/20200707/ETL_01_COLLECT/toctoc.csv
2020-07-14 20:53:41: Processing Source: D:\Reference\housemodel\data\T\ETL/20200707/ETL_01_COLLECT/propiedades emol.csv
2020-07-14 20:53:41: Processing Source: D:\Reference\housemodel\data\T\ETL/20200707/ETL_01_COLLECT/icasas.csv
2020-07-14 20:53:41: ETL_02_FORMAT End: 2020-07-14 20:53:41.408371
2020-07-14 20:53:41: ETL_02_FORMAT Total Execution Time: 0.39632368087768555
2020-07-14 20:53:41: ETL_02_FORMAT Creating stats files for portal inmobiliario
2020-07-14 20:53:41: 	Info:		D:\Reference\housemodel\stats\ETL/20200707/ETL_02_FORMAT/portal inmobiliario/info.txt
2020-07-14 20:53:41: 	Describe:	D:\Reference\housemodel\stats\ETL/20200707/ETL_02_FORMAT/portal inmobiliario/describe.csv
2020-07-14 20:53:41: 	Nulls:		D:\Reference\housemodel\stats\ETL/20200707/ETL_02_FORMAT/portal inmobiliario/nulls.txt
2020-07-14 20:53:41: 	Ceros:		D:\Reference\housemodel\stats\ETL/20200707/ETL_02_FORMAT/portal inmobiliario/ceros.txt
2020-07-14 20:53:41: ETL_02_FORMAT Creating stats files for toctoc
2020-07-14 20:53:41: 	Info:		D:\Reference\housemodel\stats\ETL/20200707/ETL_02_FORMAT/toctoc/info.txt
2020-07-14 20:53:41: 	Describe:	D:\Reference\housemodel\stats\ETL/20200707/ETL_02_FORMAT/toctoc/describe.csv
2020-07-14 20:53:41: 	Nulls:		D:\Reference\housemodel\stats\ETL/20200707/ETL_02_FORMAT/toctoc/nulls.txt
2020-07-14 20:53:41: 	Ceros:		D:\Reference\housemodel\stats\ETL/20200707/ETL_02_FORMAT/toctoc/ceros.txt
2020-07-14 20:53:41: ETL_02_FORMAT Creating stats files for propiedades emol
2020-07-14 20:53:41: 	Info:		D:\Reference\housemodel\stats\ETL/20200707/ETL_02_FORMAT/propiedades emol/info.txt
2020-07-14 20:53:41: 	Describe:	D:\Reference\housemodel\stats\ETL/20200707/ETL_02_FORMAT/propiedades emol/describe.csv
2020-07-14 20:53:41: 	Nulls:		D:\Reference\housemodel\stats\ETL/20200707/ETL_02_FORMAT/propiedades emol/nulls.txt
2020-07-14 20:53:41: 	Ceros:		D:\Reference\housemodel\stats\ETL/20200707/ETL_02_FORMAT/propiedades emol/ceros.txt
2020-07-14 20:53:41: ETL_02_FORMAT Creating stats files for icasas
2020-07-14 20:53:41: 	Info:		D:\Reference\housemodel\stats\ETL/20200707/ETL_02_FORMAT/icasas/info.txt
2020-07-14 20:53:41: 	Describe:	D:\Reference\housemodel\stats\ETL/20200707/ETL_02_FORMAT/icasas/describe.csv
2020-07-14 20:53:41: 	Nulls:		D:\Reference\housemodel\stats\ETL/20200707/ETL_02_FORMAT/icasas/nulls.txt
2020-07-14 20:53:41: 	Ceros:		D:\Reference\housemodel\stats\ETL/20200707/ETL_02_FORMAT/icasas/ceros.txt
2020-07-14 20:53:41: ETL End: 2020-07-14 20:53:41.674065
2020-07-14 20:53:41: ETL Total Execution Time: 1.3152506351470947
