2020-07-16 20:16:17: ETL Start: 2020-07-16 20:16:17.482301
2020-07-16 20:16:17: Available Snapshots: 20200707
2020-07-16 20:16:17: Processing Snapshot: 20200707
2020-07-16 20:16:17: ETL_01_COLLECT Start: 2020-07-16 20:16:17.491268
2020-07-16 20:16:17: Processing Source: portal inmobiliario
2020-07-16 20:16:17: Processing Source: toctoc
2020-07-16 20:16:17: Processing Source: propiedades emol
2020-07-16 20:16:17: Processing Source: icasas
2020-07-16 20:16:17: ETL_01_COLLECT Output Files: D:\Reference\housemodel\data\T\ETL/20200707/ETL_01_COLLECT/portal inmobiliario.csv
	D:\Reference\housemodel\data\T\ETL/20200707/ETL_01_COLLECT/toctoc.csv
	D:\Reference\housemodel\data\T\ETL/20200707/ETL_01_COLLECT/propiedades emol.csv
	D:\Reference\housemodel\data\T\ETL/20200707/ETL_01_COLLECT/icasas.csv
2020-07-16 20:16:17: ETL_01_COLLECT End: 2020-07-16 20:16:17.883265
2020-07-16 20:16:17: ETL_01_COLLECT Total Execution Time: 0.3919970989227295
2020-07-16 20:16:17: ETL_01_COLLECT Creating stats files for portal inmobiliario
2020-07-16 20:16:17: 	Info:		D:\Reference\housemodel\stats\ETL/20200707/ETL_01_COLLECT/portal inmobiliario/info.txt
2020-07-16 20:16:17: 	Describe:	D:\Reference\housemodel\stats\ETL/20200707/ETL_01_COLLECT/portal inmobiliario/describe.csv
2020-07-16 20:16:17: 	Nulls:		D:\Reference\housemodel\stats\ETL/20200707/ETL_01_COLLECT/portal inmobiliario/nulls.txt
2020-07-16 20:16:17: 	Ceros:		D:\Reference\housemodel\stats\ETL/20200707/ETL_01_COLLECT/portal inmobiliario/ceros.txt
2020-07-16 20:16:17: ETL_01_COLLECT Creating stats files for toctoc
2020-07-16 20:16:17: 	Info:		D:\Reference\housemodel\stats\ETL/20200707/ETL_01_COLLECT/toctoc/info.txt
2020-07-16 20:16:18: 	Describe:	D:\Reference\housemodel\stats\ETL/20200707/ETL_01_COLLECT/toctoc/describe.csv
2020-07-16 20:16:18: 	Nulls:		D:\Reference\housemodel\stats\ETL/20200707/ETL_01_COLLECT/toctoc/nulls.txt
2020-07-16 20:16:18: 	Ceros:		D:\Reference\housemodel\stats\ETL/20200707/ETL_01_COLLECT/toctoc/ceros.txt
2020-07-16 20:16:18: ETL_01_COLLECT Creating stats files for propiedades emol
2020-07-16 20:16:18: 	Info:		D:\Reference\housemodel\stats\ETL/20200707/ETL_01_COLLECT/propiedades emol/info.txt
2020-07-16 20:16:18: 	Describe:	D:\Reference\housemodel\stats\ETL/20200707/ETL_01_COLLECT/propiedades emol/describe.csv
2020-07-16 20:16:18: 	Nulls:		D:\Reference\housemodel\stats\ETL/20200707/ETL_01_COLLECT/propiedades emol/nulls.txt
2020-07-16 20:16:18: 	Ceros:		D:\Reference\housemodel\stats\ETL/20200707/ETL_01_COLLECT/propiedades emol/ceros.txt
2020-07-16 20:16:18: ETL_01_COLLECT Creating stats files for icasas
2020-07-16 20:16:18: 	Info:		D:\Reference\housemodel\stats\ETL/20200707/ETL_01_COLLECT/icasas/info.txt
2020-07-16 20:16:18: 	Describe:	D:\Reference\housemodel\stats\ETL/20200707/ETL_01_COLLECT/icasas/describe.csv
2020-07-16 20:16:18: 	Nulls:		D:\Reference\housemodel\stats\ETL/20200707/ETL_01_COLLECT/icasas/nulls.txt
2020-07-16 20:16:18: 	Ceros:		D:\Reference\housemodel\stats\ETL/20200707/ETL_01_COLLECT/icasas/ceros.txt
2020-07-16 20:16:18: ETL_02_FORMAT Start: 2020-07-16 20:16:18.106266
2020-07-16 20:16:18: Processing Source: D:\Reference\housemodel\data\T\ETL/20200707/ETL_01_COLLECT/portal inmobiliario.csv
2020-07-16 20:16:18: Processing Source: D:\Reference\housemodel\data\T\ETL/20200707/ETL_01_COLLECT/toctoc.csv
2020-07-16 20:16:18: Processing Source: D:\Reference\housemodel\data\T\ETL/20200707/ETL_01_COLLECT/propiedades emol.csv
2020-07-16 20:16:18: Processing Source: D:\Reference\housemodel\data\T\ETL/20200707/ETL_01_COLLECT/icasas.csv
2020-07-16 20:16:18: ETL_02_FORMAT End: 2020-07-16 20:16:18.423265
2020-07-16 20:16:18: ETL_02_FORMAT Total Execution Time: 0.3169994354248047
2020-07-16 20:16:18: ETL_02_FORMAT Creating stats files for portal inmobiliario
2020-07-16 20:16:18: 	Info:		D:\Reference\housemodel\stats\ETL/20200707/ETL_02_FORMAT/portal inmobiliario/info.txt
2020-07-16 20:16:18: 	Describe:	D:\Reference\housemodel\stats\ETL/20200707/ETL_02_FORMAT/portal inmobiliario/describe.csv
2020-07-16 20:16:18: 	Nulls:		D:\Reference\housemodel\stats\ETL/20200707/ETL_02_FORMAT/portal inmobiliario/nulls.txt
2020-07-16 20:16:18: 	Ceros:		D:\Reference\housemodel\stats\ETL/20200707/ETL_02_FORMAT/portal inmobiliario/ceros.txt
2020-07-16 20:16:18: ETL_02_FORMAT Creating stats files for toctoc
2020-07-16 20:16:18: 	Info:		D:\Reference\housemodel\stats\ETL/20200707/ETL_02_FORMAT/toctoc/info.txt
2020-07-16 20:16:18: 	Describe:	D:\Reference\housemodel\stats\ETL/20200707/ETL_02_FORMAT/toctoc/describe.csv
2020-07-16 20:16:18: 	Nulls:		D:\Reference\housemodel\stats\ETL/20200707/ETL_02_FORMAT/toctoc/nulls.txt
2020-07-16 20:16:18: 	Ceros:		D:\Reference\housemodel\stats\ETL/20200707/ETL_02_FORMAT/toctoc/ceros.txt
2020-07-16 20:16:18: ETL_02_FORMAT Creating stats files for propiedades emol
2020-07-16 20:16:18: 	Info:		D:\Reference\housemodel\stats\ETL/20200707/ETL_02_FORMAT/propiedades emol/info.txt
2020-07-16 20:16:18: 	Describe:	D:\Reference\housemodel\stats\ETL/20200707/ETL_02_FORMAT/propiedades emol/describe.csv
2020-07-16 20:16:18: 	Nulls:		D:\Reference\housemodel\stats\ETL/20200707/ETL_02_FORMAT/propiedades emol/nulls.txt
2020-07-16 20:16:18: 	Ceros:		D:\Reference\housemodel\stats\ETL/20200707/ETL_02_FORMAT/propiedades emol/ceros.txt
2020-07-16 20:16:18: ETL_02_FORMAT Creating stats files for icasas
2020-07-16 20:16:18: 	Info:		D:\Reference\housemodel\stats\ETL/20200707/ETL_02_FORMAT/icasas/info.txt
2020-07-16 20:16:18: 	Describe:	D:\Reference\housemodel\stats\ETL/20200707/ETL_02_FORMAT/icasas/describe.csv
2020-07-16 20:16:18: 	Nulls:		D:\Reference\housemodel\stats\ETL/20200707/ETL_02_FORMAT/icasas/nulls.txt
2020-07-16 20:16:18: 	Ceros:		D:\Reference\housemodel\stats\ETL/20200707/ETL_02_FORMAT/icasas/ceros.txt
2020-07-16 20:16:18: ETL_03_FILL Start: 2020-07-16 20:16:18.593267
2020-07-16 20:16:18: Processing Source: D:\Reference\housemodel\data\T\ETL/20200707/ETL_02_FORMAT/portal inmobiliario.csv
2020-07-16 20:16:18: Processing Source: D:\Reference\housemodel\data\T\ETL/20200707/ETL_02_FORMAT/toctoc.csv
2020-07-16 20:16:18: Processing Source: D:\Reference\housemodel\data\T\ETL/20200707/ETL_02_FORMAT/propiedades emol.csv
2020-07-16 20:16:18: Processing Source: D:\Reference\housemodel\data\T\ETL/20200707/ETL_02_FORMAT/icasas.csv
2020-07-16 20:16:18: ETL_03_FILL End: 2020-07-16 20:16:18.647301
2020-07-16 20:16:18: ETL_03_FILL Total Execution Time: 0.05403399467468262
2020-07-16 20:16:18: ETL_03_FILL Creating stats files for portal inmobiliario
2020-07-16 20:16:18: 	Info:		D:\Reference\housemodel\stats\ETL/20200707/ETL_03_FILL/portal inmobiliario/info.txt
2020-07-16 20:16:18: 	Describe:	D:\Reference\housemodel\stats\ETL/20200707/ETL_03_FILL/portal inmobiliario/describe.csv
2020-07-16 20:16:18: 	Nulls:		D:\Reference\housemodel\stats\ETL/20200707/ETL_03_FILL/portal inmobiliario/nulls.txt
2020-07-16 20:16:18: 	Ceros:		D:\Reference\housemodel\stats\ETL/20200707/ETL_03_FILL/portal inmobiliario/ceros.txt
2020-07-16 20:16:18: ETL_03_FILL Creating stats files for toctoc
2020-07-16 20:16:18: 	Info:		D:\Reference\housemodel\stats\ETL/20200707/ETL_03_FILL/toctoc/info.txt
2020-07-16 20:16:18: 	Describe:	D:\Reference\housemodel\stats\ETL/20200707/ETL_03_FILL/toctoc/describe.csv
2020-07-16 20:16:18: 	Nulls:		D:\Reference\housemodel\stats\ETL/20200707/ETL_03_FILL/toctoc/nulls.txt
2020-07-16 20:16:18: 	Ceros:		D:\Reference\housemodel\stats\ETL/20200707/ETL_03_FILL/toctoc/ceros.txt
2020-07-16 20:16:18: ETL_03_FILL Creating stats files for propiedades emol
2020-07-16 20:16:18: 	Info:		D:\Reference\housemodel\stats\ETL/20200707/ETL_03_FILL/propiedades emol/info.txt
2020-07-16 20:16:18: 	Describe:	D:\Reference\housemodel\stats\ETL/20200707/ETL_03_FILL/propiedades emol/describe.csv
2020-07-16 20:16:18: 	Nulls:		D:\Reference\housemodel\stats\ETL/20200707/ETL_03_FILL/propiedades emol/nulls.txt
2020-07-16 20:16:18: 	Ceros:		D:\Reference\housemodel\stats\ETL/20200707/ETL_03_FILL/propiedades emol/ceros.txt
2020-07-16 20:16:18: ETL_03_FILL Creating stats files for icasas
2020-07-16 20:16:18: 	Info:		D:\Reference\housemodel\stats\ETL/20200707/ETL_03_FILL/icasas/info.txt
2020-07-16 20:16:18: 	Describe:	D:\Reference\housemodel\stats\ETL/20200707/ETL_03_FILL/icasas/describe.csv
2020-07-16 20:16:18: 	Nulls:		D:\Reference\housemodel\stats\ETL/20200707/ETL_03_FILL/icasas/nulls.txt
2020-07-16 20:16:18: 	Ceros:		D:\Reference\housemodel\stats\ETL/20200707/ETL_03_FILL/icasas/ceros.txt
2020-07-16 20:16:18: ETL_04_FEATURE_ENG Start: 2020-07-16 20:16:18.815267
2020-07-16 20:16:18: Processing Source: D:\Reference\housemodel\data\T\ETL/20200707/ETL_03_FILL/portal inmobiliario.csv
2020-07-16 20:16:18: Processing Source: D:\Reference\housemodel\data\T\ETL/20200707/ETL_03_FILL/toctoc.csv
2020-07-16 20:16:18: Processing Source: D:\Reference\housemodel\data\T\ETL/20200707/ETL_03_FILL/propiedades emol.csv
2020-07-16 20:16:18: Processing Source: D:\Reference\housemodel\data\T\ETL/20200707/ETL_03_FILL/icasas.csv
2020-07-16 20:16:18: ETL_04_FEATURE_ENG End: 2020-07-16 20:16:18.945301
2020-07-16 20:16:18: ETL_04_FEATURE_ENG Total Execution Time: 0.1300344467163086
2020-07-16 20:16:18: ETL_04_FEATURE_ENG Creating stats files for portal inmobiliario
2020-07-16 20:16:18: 	Info:		D:\Reference\housemodel\stats\ETL/20200707/ETL_04_FEATURE_ENG/portal inmobiliario/info.txt
2020-07-16 20:16:18: 	Describe:	D:\Reference\housemodel\stats\ETL/20200707/ETL_04_FEATURE_ENG/portal inmobiliario/describe.csv
2020-07-16 20:16:18: 	Nulls:		D:\Reference\housemodel\stats\ETL/20200707/ETL_04_FEATURE_ENG/portal inmobiliario/nulls.txt
2020-07-16 20:16:18: 	Ceros:		D:\Reference\housemodel\stats\ETL/20200707/ETL_04_FEATURE_ENG/portal inmobiliario/ceros.txt
2020-07-16 20:16:18: ETL_04_FEATURE_ENG Creating stats files for toctoc
2020-07-16 20:16:19: 	Info:		D:\Reference\housemodel\stats\ETL/20200707/ETL_04_FEATURE_ENG/toctoc/info.txt
2020-07-16 20:16:19: 	Describe:	D:\Reference\housemodel\stats\ETL/20200707/ETL_04_FEATURE_ENG/toctoc/describe.csv
2020-07-16 20:16:19: 	Nulls:		D:\Reference\housemodel\stats\ETL/20200707/ETL_04_FEATURE_ENG/toctoc/nulls.txt
2020-07-16 20:16:19: 	Ceros:		D:\Reference\housemodel\stats\ETL/20200707/ETL_04_FEATURE_ENG/toctoc/ceros.txt
2020-07-16 20:16:19: ETL_04_FEATURE_ENG Creating stats files for propiedades emol
2020-07-16 20:16:19: 	Info:		D:\Reference\housemodel\stats\ETL/20200707/ETL_04_FEATURE_ENG/propiedades emol/info.txt
2020-07-16 20:16:19: 	Describe:	D:\Reference\housemodel\stats\ETL/20200707/ETL_04_FEATURE_ENG/propiedades emol/describe.csv
2020-07-16 20:16:19: 	Nulls:		D:\Reference\housemodel\stats\ETL/20200707/ETL_04_FEATURE_ENG/propiedades emol/nulls.txt
2020-07-16 20:16:19: 	Ceros:		D:\Reference\housemodel\stats\ETL/20200707/ETL_04_FEATURE_ENG/propiedades emol/ceros.txt
2020-07-16 20:16:19: ETL_04_FEATURE_ENG Creating stats files for icasas
2020-07-16 20:16:19: 	Info:		D:\Reference\housemodel\stats\ETL/20200707/ETL_04_FEATURE_ENG/icasas/info.txt
2020-07-16 20:16:19: 	Describe:	D:\Reference\housemodel\stats\ETL/20200707/ETL_04_FEATURE_ENG/icasas/describe.csv
2020-07-16 20:16:19: 	Nulls:		D:\Reference\housemodel\stats\ETL/20200707/ETL_04_FEATURE_ENG/icasas/nulls.txt
2020-07-16 20:16:19: 	Ceros:		D:\Reference\housemodel\stats\ETL/20200707/ETL_04_FEATURE_ENG/icasas/ceros.txt
2020-07-16 20:16:19: ETL_05_LOAD Start: 2020-07-16 20:16:19.159268
2020-07-16 20:16:20: Connection Open OK
2020-07-16 20:16:20: Table does not Exists
2020-07-16 20:16:20: Error on Execution of: 
    CREATE TABLE public.houses
    (
      "ID" bigserial NOT NULL,
      "SNAP_DT" integer,
      "SRCE" character varying(50),
      "PROVINCE" character varying(100),
      "PUBLISHED_DT" date,
      "PROPERTY_TYPE" character varying(20),
      "PROPERTY_STATE" character varying(10),
      "BDROOM" integer,
      "BATH" integer,
      "PARKING" integer,
      "POOL" integer,
      "MT_UTIL" integer,
      "MT_TOT" integer,
      "PRICE_UF" integer,
      "LINK" character varying(1000)
      PRIMARY KEY ("ID")
    )
    WITH (
      OIDS = FALSE
    );
    ALTER TABLE public.houses
    OWNER to postgres;
2020-07-16 20:16:20: Successfully Executed: 
    CREATE TABLE public.houses
    (
      "ID" bigserial NOT NULL,
      "SNAP_DT" integer,
      "SRCE" character varying(50),
      "PROVINCE" character varying(100),
      "PUBLISHED_DT" date,
      "PROPERTY_TYPE" character varying(20),
      "PROPERTY_STATE" character varying(10),
      "BDROOM" integer,
      "BATH" integer,
      "PARKING" integer,
      "POOL" integer,
      "MT_UTIL" integer,
      "MT_TOT" integer,
      "PRICE_UF" integer,
      "LINK" character varying(1000)
      PRIMARY KEY ("ID")
    )
    WITH (
      OIDS = FALSE
    );
    ALTER TABLE public.houses
    OWNER to postgres;
2020-07-16 20:16:20: Processing Source: D:\Reference\housemodel\data\T\ETL/20200707/ETL_03_FILL/portal inmobiliario.csv
