2020-07-26 19:57:29: DASH Start: 2020-07-26 19:57:29.840773
2020-07-26 19:57:29: DASH_01_GROUP Start: 2020-07-26 19:57:29.842768
2020-07-26 19:57:31: Connection Open OK
2020-07-26 19:57:31: house_market_v1 table does not Exists, Creating.
2020-07-26 19:57:31: Error on Execution of: SET search_path TO public;
CREATE VIEW IF NOT EXISTS market_houses_v2_view AS
SELECT 
  SNAP_DT, 
  SRCE, 
  REGION, 
  PROVINCE, 
  PROPERTY_TYPE, 
  PROPERTY_STATE, 
  SIZE_GROUP, 
  COUNT,
  MT_UTIL_MIN, 
  MT_UTIL_MAX, 
  MT_UTIL_AVG, 
  MT_TOT_MIN, 
  MT_TOT_MAX, 
  MT_TOT_AVG, 
  PRICE_MIN,
  PRICE_MAX,
  PRICE_AVG,
  ETL_UF_X_MT2_MIN,
  ETL_UF_X_MT2_MAX,
  ETL_UF_X_MT2_AVG,
  ETL_VALUE_MIN,
  ETL_VALUE_MAX,
  ETL_VALUE_AVG,
  ETL_SCORE_MIN,
  ETL_SCORE_MAX,
  ETL_SCORE_AVG
FROM 
  market_houses_v2_view
ORDER BY
  REGION,
  PROVINCE,
  PROPERTY_TYPE,
  SIZE_GROUP
  ;
