2020-07-26 20:03:28: DASH Start: 2020-07-26 20:03:28.550442
2020-07-26 20:03:28: DASH_01_GROUP Start: 2020-07-26 20:03:28.551406
2020-07-26 20:03:29: Connection Open OK
2020-07-26 20:03:29: houses_v2 table does Exists, OK.
2020-07-26 20:03:29: house_market_v2 table does not Exists, Creating.
2020-07-26 20:03:29: Error on Execution of: SELECT 
  SNAP_DT, 
  SRCE, 
  REGION, 
  PROVINCE, 
  PROPERTY_TYPE, 
  PROPERTY_STATE, 
  SIZE_GROUP, 
  COUNT,
  MT_UTIL_MIN, 
  MT_UTIL_MAX, 
  MT_UTIL_AVG, 
  MT_TOT_MIN, 
  MT_TOT_MAX, 
  MT_TOT_AVG, 
  PRICE_MIN,
  PRICE_MAX,
  PRICE_AVG,
  ETL_UF_X_MT2_MIN,
  ETL_UF_X_MT2_MAX,
  ETL_UF_X_MT2_AVG,
  ETL_VALUE_MIN,
  ETL_VALUE_MAX,
  ETL_VALUE_AVG,
  ETL_SCORE_MIN,
  ETL_SCORE_MAX,
  ETL_SCORE_AVG
FROM 
  market_houses_v2_view
ORDER BY
  REGION,
  PROVINCE,
  PROPERTY_TYPE,
  SIZE_GROUP
  ;
