2020-07-26 20:09:01: DASH Start: 2020-07-26 20:09:01.464728
2020-07-26 20:09:01: DASH_01_GROUP Start: 2020-07-26 20:09:01.465896
2020-07-26 20:09:02: Connection Open OK
2020-07-26 20:09:02: houses_v2 table does Exists, OK.
2020-07-26 20:09:03: house_market_v2 table does not Exists, Creating.
2020-07-26 20:09:03: Executing from sql script: D:\Reference\housemodel\main\DASH\sql\create_house_market_v2.sql
2020-07-26 20:09:03: Execution OK.
2020-07-26 20:09:03: Executing from sql script: D:\Reference\housemodel\main\DASH\sql\select_house_market_v2.sql
2020-07-26 20:09:03: Execution OK.
2020-07-26 20:09:03: Error on Execution of: SELECT 
  SNAP_DT, 
  SRCE, 
  REGION, 
  PROVINCE, 
  PROPERTY_TYPE, 
  PROPERTY_STATE, 
  SIZE_GROUP, 
  COUNT,
  MT_UTIL_MIN, 
  MT_UTIL_MAX, 
  MT_UTIL_AVG, 
  MT_TOT_MIN, 
  MT_TOT_MAX, 
  MT_TOT_AVG, 
  PRICE_MIN,
  PRICE_MAX,
  PRICE_AVG,
  ETL_UF_X_MT2_MIN,
  ETL_UF_X_MT2_MAX,
  ETL_UF_X_MT2_AVG,
  ETL_VALUE_MIN,
  ETL_VALUE_MAX,
  ETL_VALUE_AVG,
  ETL_SCORE_MIN,
  ETL_SCORE_MAX,
  ETL_SCORE_AVG
FROM 
  market_houses_v2_view
ORDER BY
  REGION,
  PROVINCE,
  PROPERTY_TYPE,
  SIZE_GROUP
  ;
