2020-07-26 21:57:45: DASH Start: 2020-07-26 21:57:45.864772
2020-07-26 21:57:45: DASH_01_GROUP Start: 2020-07-26 21:57:45.865717
2020-07-26 21:57:47: Connection Open OK
2020-07-26 21:57:47: houses_v2 table does Exists, OK.
2020-07-26 21:57:47: house_market_v2 view does not Exists, Creating.
2020-07-26 21:57:47: Executing from sql script: D:\Reference\housemodel\main\DASH\sql\create_house_market_v2.sql
2020-07-26 21:57:47: dbExec Failed:
2020-07-26 21:57:47: ERROR:  cannot change name of view column "snap_dt" to "snap_dt_time"

2020-07-26 21:57:47: None
2020-07-26 21:57:47: Execution OK.
2020-07-26 21:57:48: dbExec Failed:
2020-07-26 21:57:48: ERROR:  column "snap_dt_time" does not exist
LINE 2:   SNAP_DT_TIME, 
          ^

2020-07-26 21:57:48: None
2020-07-26 21:57:48: Execution OK.
2020-07-26 21:57:48: Connection Closed OK
2020-07-26 21:57:48: DASH_01_GROUP End: 2020-07-26 21:57:48.015106
2020-07-26 21:57:48: DASH_01_GROUP Total Execution Time: 2.1493887901306152
2020-07-26 21:57:48: DASH End: 2020-07-26 21:57:48.019009
2020-07-26 21:57:48: DASH Total Execution Time: 2.1542370319366455
