2020-07-24 18:36:40: ETL Start: 2020-07-24 18:36:40.150460
2020-07-24 18:36:40: Available Snapshots: 20200707 20200718 20200721 20200723 20200724
2020-07-24 18:36:40: Processing Snapshot: 20200724
2020-07-24 18:36:40: ETL_00_COLLECT Start: 2020-07-24 18:36:40.202829
2020-07-24 18:36:40: Processing Source: portal inmobiliario
2020-07-24 18:36:41: ETL_00_COLLECT Output Files: D:/Reference/housemodel/data/ETL/T/python/20200724/ETL_00_COLLECT/portal inmobiliario.csv
2020-07-24 18:36:41: ETL_00_COLLECT End: 2020-07-24 18:36:41.935623
2020-07-24 18:36:41: ETL_00_COLLECT Total Execution Time: 1.7327940464019775
2020-07-24 18:36:42: ETL_00_COLLECT Creating stats files for portal inmobiliario
2020-07-24 18:36:42: 	Info:		D:/Reference/housemodel/stats/ETL/20200724/ETL_00_COLLECT/portal inmobiliario/info.txt
2020-07-24 18:36:42: 	Describe:	D:/Reference/housemodel/stats/ETL/20200724/ETL_00_COLLECT/portal inmobiliario/describe.csv
2020-07-24 18:36:42: 	Nulls:		D:/Reference/housemodel/stats/ETL/20200724/ETL_00_COLLECT/portal inmobiliario/nulls.txt
2020-07-24 18:36:42: 	Ceros:		D:/Reference/housemodel/stats/ETL/20200724/ETL_00_COLLECT/portal inmobiliario/ceros.txt
2020-07-24 18:36:42: ETL_01_BUILD Start: 2020-07-24 18:36:42.153104
2020-07-24 18:36:42: Processing Source: D:/Reference/housemodel/data/ETL/T/python/20200724/ETL_00_COLLECT/portal inmobiliario.csv
2020-07-24 18:36:44: ETL_01_BUILD End: 2020-07-24 18:36:44.124657
2020-07-24 18:36:44: ETL_01_BUILD Total Execution Time: 1.9715523719787598
2020-07-24 18:36:44: ETL_01_BUILD Creating stats files for portal inmobiliario
2020-07-24 18:36:44: 	Info:		D:/Reference/housemodel/stats/ETL/20200724/ETL_01_BUILD/portal inmobiliario/info.txt
2020-07-24 18:36:44: 	Describe:	D:/Reference/housemodel/stats/ETL/20200724/ETL_01_BUILD/portal inmobiliario/describe.csv
2020-07-24 18:36:44: 	Nulls:		D:/Reference/housemodel/stats/ETL/20200724/ETL_01_BUILD/portal inmobiliario/nulls.txt
2020-07-24 18:36:44: 	Ceros:		D:/Reference/housemodel/stats/ETL/20200724/ETL_01_BUILD/portal inmobiliario/ceros.txt
2020-07-24 18:36:44: ETL_02_CLEAN Start: 2020-07-24 18:36:44.298312
2020-07-24 18:36:44: Processing Source: D:/Reference/housemodel/data/ETL/T/python/20200724/ETL_01_BUILD/portal inmobiliario.csv
2020-07-24 18:36:45: ETL_02_CLEAN End: 2020-07-24 18:36:45.612950
2020-07-24 18:36:45: ETL_02_CLEAN Total Execution Time: 1.314638614654541
2020-07-24 18:36:45: ETL_02_CLEAN Creating stats files for portal inmobiliario
2020-07-24 18:36:45: 	Info:		D:/Reference/housemodel/stats/ETL/20200724/ETL_02_CLEAN/portal inmobiliario/info.txt
2020-07-24 18:36:45: 	Describe:	D:/Reference/housemodel/stats/ETL/20200724/ETL_02_CLEAN/portal inmobiliario/describe.csv
2020-07-24 18:36:45: 	Nulls:		D:/Reference/housemodel/stats/ETL/20200724/ETL_02_CLEAN/portal inmobiliario/nulls.txt
2020-07-24 18:36:45: 	Ceros:		D:/Reference/housemodel/stats/ETL/20200724/ETL_02_CLEAN/portal inmobiliario/ceros.txt
2020-07-24 18:36:45: ETL_03_FORMAT Start: 2020-07-24 18:36:45.744057
2020-07-24 18:36:45: Processing Source: D:/Reference/housemodel/data/ETL/T/python/20200724/ETL_02_CLEAN/portal inmobiliario.csv
2020-07-24 18:36:45: ETL_03_FORMAT End: 2020-07-24 18:36:45.856990
2020-07-24 18:36:45: ETL_03_FORMAT Total Execution Time: 0.11293292045593262
2020-07-24 18:36:45: ETL_03_FORMAT Creating stats files for portal inmobiliario
2020-07-24 18:36:45: 	Info:		D:/Reference/housemodel/stats/ETL/20200724/ETL_03_FORMAT/portal inmobiliario/info.txt
2020-07-24 18:36:45: 	Describe:	D:/Reference/housemodel/stats/ETL/20200724/ETL_03_FORMAT/portal inmobiliario/describe.csv
2020-07-24 18:36:45: 	Nulls:		D:/Reference/housemodel/stats/ETL/20200724/ETL_03_FORMAT/portal inmobiliario/nulls.txt
2020-07-24 18:36:45: 	Ceros:		D:/Reference/housemodel/stats/ETL/20200724/ETL_03_FORMAT/portal inmobiliario/ceros.txt
2020-07-24 18:36:45: ETL_04_FILL Start: 2020-07-24 18:36:45.990167
2020-07-24 18:36:45: Processing Source: D:/Reference/housemodel/data/ETL/T/python/20200724/ETL_03_FORMAT/portal inmobiliario.csv
2020-07-24 18:36:46: ETL_04_FILL End: 2020-07-24 18:36:46.041936
2020-07-24 18:36:46: ETL_04_FILL Total Execution Time: 0.05176901817321777
2020-07-24 18:36:46: ETL_04_FILL Creating stats files for portal inmobiliario
2020-07-24 18:36:46: 	Info:		D:/Reference/housemodel/stats/ETL/20200724/ETL_04_FILL/portal inmobiliario/info.txt
2020-07-24 18:36:46: 	Describe:	D:/Reference/housemodel/stats/ETL/20200724/ETL_04_FILL/portal inmobiliario/describe.csv
2020-07-24 18:36:46: 	Nulls:		D:/Reference/housemodel/stats/ETL/20200724/ETL_04_FILL/portal inmobiliario/nulls.txt
2020-07-24 18:36:46: 	Ceros:		D:/Reference/housemodel/stats/ETL/20200724/ETL_04_FILL/portal inmobiliario/ceros.txt
2020-07-24 18:36:46: ETL_05_FEATURE_ENG Start: 2020-07-24 18:36:46.158036
2020-07-24 18:36:46: Processing Source: D:/Reference/housemodel/data/ETL/T/python/20200724/ETL_04_FILL/portal inmobiliario.csv
2020-07-24 18:36:55: ETL_05_FEATURE_ENG End: 2020-07-24 18:36:55.530965
2020-07-24 18:36:55: ETL_05_FEATURE_ENG Total Execution Time: 9.372928857803345
2020-07-24 18:36:55: ETL_05_FEATURE_ENG Creating stats files for portal inmobiliario
2020-07-24 18:36:55: 	Info:		D:/Reference/housemodel/stats/ETL/20200724/ETL_05_FEATURE_ENG/portal inmobiliario/info.txt
2020-07-24 18:36:55: 	Describe:	D:/Reference/housemodel/stats/ETL/20200724/ETL_05_FEATURE_ENG/portal inmobiliario/describe.csv
2020-07-24 18:36:55: 	Nulls:		D:/Reference/housemodel/stats/ETL/20200724/ETL_05_FEATURE_ENG/portal inmobiliario/nulls.txt
2020-07-24 18:36:55: 	Ceros:		D:/Reference/housemodel/stats/ETL/20200724/ETL_05_FEATURE_ENG/portal inmobiliario/ceros.txt
2020-07-24 18:36:55: ETL_06_LOAD Start: 2020-07-24 18:36:55.675740
2020-07-24 18:36:57: Connection Open OK
2020-07-24 18:36:58: houses_v2 table Exists
2020-07-24 18:36:58: Processing Source: D:/Reference/housemodel/data/ETL/T/python/20200724/ETL_05_FEATURE_ENG/portal inmobiliario.csv
2020-07-24 18:36:58: loadCsv input: D:/Reference/housemodel/data/ETL/T/python/20200724/ETL_05_FEATURE_ENG/portal inmobiliario.csv
2020-07-24 18:37:06: updateSnap executing:  
    UPDATE houses_v2 
    SET "UPDATED_DT"=NOW(), "STAGE"='out' 
    WHERE "LINK" IN 
      ( SELECT A."LINK"
        FROM      (SELECT * FROM houses_v2 WHERE "SNAP_DT" < 20200724) A
        LEFT JOIN (SELECT * FROM houses_v2 WHERE "SNAP_DT" = 20200724) B
        ON A."LINK" = B."LINK"
        WHERE b IS NULL);
2020-07-24 18:37:06: Connection Closed OK
2020-07-24 18:37:06: ETL_06_LOAD End: 2020-07-24 18:37:06.802607
2020-07-24 18:37:06: ETL_06_LOAD Total Execution Time: 11.126866102218628
2020-07-24 18:37:06: ETL End: 2020-07-24 18:37:06.803582
2020-07-24 18:37:06: ETL Total Execution Time: 26.653122663497925
