2020-07-23 08:59:06: ETL Start: 2020-07-23 08:59:06.452658
2020-07-23 08:59:06: Available Snapshots: 20200707 20200718 20200721
2020-07-23 08:59:06: Processing Snapshot: 20200718
2020-07-23 08:59:06: ETL_00_COLLECT Start: 2020-07-23 08:59:06.499657
2020-07-23 08:59:06: Processing Source: portal inmobiliario
2020-07-23 08:59:08: ETL_00_COLLECT Output Files: D:\Reference\housemodel\data\T\ETL/20200718/ETL_00_COLLECT/portal inmobiliario.csv
2020-07-23 08:59:08: ETL_00_COLLECT End: 2020-07-23 08:59:08.350657
2020-07-23 08:59:08: ETL_00_COLLECT Total Execution Time: 1.8510005474090576
2020-07-23 08:59:08: ETL_00_COLLECT Creating stats files for portal inmobiliario
2020-07-23 08:59:08: 	Info:		D:\Reference\housemodel\stats\ETL/20200718/ETL_00_COLLECT/portal inmobiliario/info.txt
2020-07-23 08:59:08: 	Describe:	D:\Reference\housemodel\stats\ETL/20200718/ETL_00_COLLECT/portal inmobiliario/describe.csv
2020-07-23 08:59:08: 	Nulls:		D:\Reference\housemodel\stats\ETL/20200718/ETL_00_COLLECT/portal inmobiliario/nulls.txt
2020-07-23 08:59:08: 	Ceros:		D:\Reference\housemodel\stats\ETL/20200718/ETL_00_COLLECT/portal inmobiliario/ceros.txt
2020-07-23 08:59:08: ETL_01_BUILD Start: 2020-07-23 08:59:08.619663
2020-07-23 08:59:08: Processing Source: D:\Reference\housemodel\data\T\ETL/20200718/ETL_00_COLLECT/portal inmobiliario.csv
2020-07-23 08:59:10: ETL_01_BUILD End: 2020-07-23 08:59:10.783659
2020-07-23 08:59:10: ETL_01_BUILD Total Execution Time: 2.163996458053589
2020-07-23 08:59:10: ETL_01_BUILD Creating stats files for portal inmobiliario
2020-07-23 08:59:10: 	Info:		D:\Reference\housemodel\stats\ETL/20200718/ETL_01_BUILD/portal inmobiliario/info.txt
2020-07-23 08:59:10: 	Describe:	D:\Reference\housemodel\stats\ETL/20200718/ETL_01_BUILD/portal inmobiliario/describe.csv
2020-07-23 08:59:10: 	Nulls:		D:\Reference\housemodel\stats\ETL/20200718/ETL_01_BUILD/portal inmobiliario/nulls.txt
2020-07-23 08:59:10: 	Ceros:		D:\Reference\housemodel\stats\ETL/20200718/ETL_01_BUILD/portal inmobiliario/ceros.txt
2020-07-23 08:59:10: ETL_02_CLEAN Start: 2020-07-23 08:59:10.889659
2020-07-23 08:59:10: Processing Source: D:\Reference\housemodel\data\T\ETL/20200718/ETL_01_BUILD/portal inmobiliario.csv
2020-07-23 08:59:12: ETL_02_CLEAN End: 2020-07-23 08:59:12.399660
2020-07-23 08:59:12: ETL_02_CLEAN Total Execution Time: 1.5100016593933105
2020-07-23 08:59:12: ETL_02_CLEAN Creating stats files for portal inmobiliario
2020-07-23 08:59:12: 	Info:		D:\Reference\housemodel\stats\ETL/20200718/ETL_02_CLEAN/portal inmobiliario/info.txt
2020-07-23 08:59:12: 	Describe:	D:\Reference\housemodel\stats\ETL/20200718/ETL_02_CLEAN/portal inmobiliario/describe.csv
2020-07-23 08:59:12: 	Nulls:		D:\Reference\housemodel\stats\ETL/20200718/ETL_02_CLEAN/portal inmobiliario/nulls.txt
2020-07-23 08:59:12: 	Ceros:		D:\Reference\housemodel\stats\ETL/20200718/ETL_02_CLEAN/portal inmobiliario/ceros.txt
2020-07-23 08:59:12: ETL_03_FORMAT Start: 2020-07-23 08:59:12.504703
2020-07-23 08:59:12: Processing Source: D:\Reference\housemodel\data\T\ETL/20200718/ETL_02_CLEAN/portal inmobiliario.csv
2020-07-23 08:59:12: ETL_03_FORMAT End: 2020-07-23 08:59:12.604690
2020-07-23 08:59:12: ETL_03_FORMAT Total Execution Time: 0.09998679161071777
2020-07-23 08:59:12: ETL_03_FORMAT Creating stats files for portal inmobiliario
2020-07-23 08:59:12: 	Info:		D:\Reference\housemodel\stats\ETL/20200718/ETL_03_FORMAT/portal inmobiliario/info.txt
2020-07-23 08:59:12: 	Describe:	D:\Reference\housemodel\stats\ETL/20200718/ETL_03_FORMAT/portal inmobiliario/describe.csv
2020-07-23 08:59:12: 	Nulls:		D:\Reference\housemodel\stats\ETL/20200718/ETL_03_FORMAT/portal inmobiliario/nulls.txt
2020-07-23 08:59:12: 	Ceros:		D:\Reference\housemodel\stats\ETL/20200718/ETL_03_FORMAT/portal inmobiliario/ceros.txt
2020-07-23 08:59:12: ETL_04_FILL Start: 2020-07-23 08:59:12.720659
2020-07-23 08:59:12: Processing Source: D:\Reference\housemodel\data\T\ETL/20200718/ETL_03_FORMAT/portal inmobiliario.csv
2020-07-23 08:59:12: ETL_04_FILL End: 2020-07-23 08:59:12.786658
2020-07-23 08:59:12: ETL_04_FILL Total Execution Time: 0.06599807739257812
2020-07-23 08:59:12: ETL_04_FILL Creating stats files for portal inmobiliario
2020-07-23 08:59:12: 	Info:		D:\Reference\housemodel\stats\ETL/20200718/ETL_04_FILL/portal inmobiliario/info.txt
2020-07-23 08:59:12: 	Describe:	D:\Reference\housemodel\stats\ETL/20200718/ETL_04_FILL/portal inmobiliario/describe.csv
2020-07-23 08:59:12: 	Nulls:		D:\Reference\housemodel\stats\ETL/20200718/ETL_04_FILL/portal inmobiliario/nulls.txt
2020-07-23 08:59:12: 	Ceros:		D:\Reference\housemodel\stats\ETL/20200718/ETL_04_FILL/portal inmobiliario/ceros.txt
2020-07-23 08:59:12: ETL_05_FEATURE_ENG Start: 2020-07-23 08:59:12.899660
2020-07-23 08:59:12: Processing Source: D:\Reference\housemodel\data\T\ETL/20200718/ETL_04_FILL/portal inmobiliario.csv
