2020-07-23 09:04:17: ETL Start: 2020-07-23 09:04:17.287330
2020-07-23 09:04:17: Available Snapshots: 20200707 20200718 20200721
2020-07-23 09:04:17: Processing Snapshot: 20200718
2020-07-23 09:04:17: ETL_00_COLLECT Start: 2020-07-23 09:04:17.301331
2020-07-23 09:04:17: Processing Source: portal inmobiliario
2020-07-23 09:04:18: ETL_00_COLLECT Output Files: D:\Reference\housemodel\data\T\ETL/20200718/ETL_00_COLLECT/portal inmobiliario.csv
2020-07-23 09:04:18: ETL_00_COLLECT End: 2020-07-23 09:04:18.972331
2020-07-23 09:04:18: ETL_00_COLLECT Total Execution Time: 1.670999526977539
2020-07-23 09:04:19: ETL_00_COLLECT Creating stats files for portal inmobiliario
2020-07-23 09:04:19: 	Info:		D:\Reference\housemodel\stats\ETL/20200718/ETL_00_COLLECT/portal inmobiliario/info.txt
2020-07-23 09:04:19: 	Describe:	D:\Reference\housemodel\stats\ETL/20200718/ETL_00_COLLECT/portal inmobiliario/describe.csv
2020-07-23 09:04:19: 	Nulls:		D:\Reference\housemodel\stats\ETL/20200718/ETL_00_COLLECT/portal inmobiliario/nulls.txt
2020-07-23 09:04:19: 	Ceros:		D:\Reference\housemodel\stats\ETL/20200718/ETL_00_COLLECT/portal inmobiliario/ceros.txt
2020-07-23 09:04:19: ETL_01_BUILD Start: 2020-07-23 09:04:19.172331
2020-07-23 09:04:19: Processing Source: D:\Reference\housemodel\data\T\ETL/20200718/ETL_00_COLLECT/portal inmobiliario.csv
2020-07-23 09:04:21: ETL_01_BUILD End: 2020-07-23 09:04:21.546333
2020-07-23 09:04:21: ETL_01_BUILD Total Execution Time: 2.3740012645721436
2020-07-23 09:04:21: ETL_01_BUILD Creating stats files for portal inmobiliario
2020-07-23 09:04:21: 	Info:		D:\Reference\housemodel\stats\ETL/20200718/ETL_01_BUILD/portal inmobiliario/info.txt
2020-07-23 09:04:21: 	Describe:	D:\Reference\housemodel\stats\ETL/20200718/ETL_01_BUILD/portal inmobiliario/describe.csv
2020-07-23 09:04:21: 	Nulls:		D:\Reference\housemodel\stats\ETL/20200718/ETL_01_BUILD/portal inmobiliario/nulls.txt
2020-07-23 09:04:21: 	Ceros:		D:\Reference\housemodel\stats\ETL/20200718/ETL_01_BUILD/portal inmobiliario/ceros.txt
2020-07-23 09:04:21: ETL_02_CLEAN Start: 2020-07-23 09:04:21.671333
2020-07-23 09:04:21: Processing Source: D:\Reference\housemodel\data\T\ETL/20200718/ETL_01_BUILD/portal inmobiliario.csv
2020-07-23 09:04:23: ETL_02_CLEAN End: 2020-07-23 09:04:23.166332
2020-07-23 09:04:23: ETL_02_CLEAN Total Execution Time: 1.4949994087219238
2020-07-23 09:04:23: ETL_02_CLEAN Creating stats files for portal inmobiliario
2020-07-23 09:04:23: 	Info:		D:\Reference\housemodel\stats\ETL/20200718/ETL_02_CLEAN/portal inmobiliario/info.txt
2020-07-23 09:04:23: 	Describe:	D:\Reference\housemodel\stats\ETL/20200718/ETL_02_CLEAN/portal inmobiliario/describe.csv
2020-07-23 09:04:23: 	Nulls:		D:\Reference\housemodel\stats\ETL/20200718/ETL_02_CLEAN/portal inmobiliario/nulls.txt
2020-07-23 09:04:23: 	Ceros:		D:\Reference\housemodel\stats\ETL/20200718/ETL_02_CLEAN/portal inmobiliario/ceros.txt
2020-07-23 09:04:23: ETL_03_FORMAT Start: 2020-07-23 09:04:23.296339
2020-07-23 09:04:23: Processing Source: D:\Reference\housemodel\data\T\ETL/20200718/ETL_02_CLEAN/portal inmobiliario.csv
2020-07-23 09:04:23: ETL_03_FORMAT End: 2020-07-23 09:04:23.390364
2020-07-23 09:04:23: ETL_03_FORMAT Total Execution Time: 0.0940253734588623
2020-07-23 09:04:23: ETL_03_FORMAT Creating stats files for portal inmobiliario
2020-07-23 09:04:23: 	Info:		D:\Reference\housemodel\stats\ETL/20200718/ETL_03_FORMAT/portal inmobiliario/info.txt
2020-07-23 09:04:23: 	Describe:	D:\Reference\housemodel\stats\ETL/20200718/ETL_03_FORMAT/portal inmobiliario/describe.csv
2020-07-23 09:04:23: 	Nulls:		D:\Reference\housemodel\stats\ETL/20200718/ETL_03_FORMAT/portal inmobiliario/nulls.txt
2020-07-23 09:04:23: 	Ceros:		D:\Reference\housemodel\stats\ETL/20200718/ETL_03_FORMAT/portal inmobiliario/ceros.txt
2020-07-23 09:04:23: ETL_04_FILL Start: 2020-07-23 09:04:23.539337
2020-07-23 09:04:23: Processing Source: D:\Reference\housemodel\data\T\ETL/20200718/ETL_03_FORMAT/portal inmobiliario.csv
2020-07-23 09:04:23: ETL_04_FILL End: 2020-07-23 09:04:23.626332
2020-07-23 09:04:23: ETL_04_FILL Total Execution Time: 0.08699488639831543
2020-07-23 09:04:23: ETL_04_FILL Creating stats files for portal inmobiliario
2020-07-23 09:04:23: 	Info:		D:\Reference\housemodel\stats\ETL/20200718/ETL_04_FILL/portal inmobiliario/info.txt
2020-07-23 09:04:23: 	Describe:	D:\Reference\housemodel\stats\ETL/20200718/ETL_04_FILL/portal inmobiliario/describe.csv
2020-07-23 09:04:23: 	Nulls:		D:\Reference\housemodel\stats\ETL/20200718/ETL_04_FILL/portal inmobiliario/nulls.txt
2020-07-23 09:04:23: 	Ceros:		D:\Reference\housemodel\stats\ETL/20200718/ETL_04_FILL/portal inmobiliario/ceros.txt
2020-07-23 09:04:23: ETL_05_FEATURE_ENG Start: 2020-07-23 09:04:23.730333
2020-07-23 09:04:23: Processing Source: D:\Reference\housemodel\data\T\ETL/20200718/ETL_04_FILL/portal inmobiliario.csv
2020-07-23 09:04:34: ETL_05_FEATURE_ENG End: 2020-07-23 09:04:34.423050
2020-07-23 09:04:34: ETL_05_FEATURE_ENG Total Execution Time: 10.6927170753479
2020-07-23 09:04:34: ETL_05_FEATURE_ENG Creating stats files for portal inmobiliario
2020-07-23 09:04:34: 	Info:		D:\Reference\housemodel\stats\ETL/20200718/ETL_05_FEATURE_ENG/portal inmobiliario/info.txt
2020-07-23 09:04:34: 	Describe:	D:\Reference\housemodel\stats\ETL/20200718/ETL_05_FEATURE_ENG/portal inmobiliario/describe.csv
2020-07-23 09:04:34: 	Nulls:		D:\Reference\housemodel\stats\ETL/20200718/ETL_05_FEATURE_ENG/portal inmobiliario/nulls.txt
2020-07-23 09:04:34: 	Ceros:		D:\Reference\housemodel\stats\ETL/20200718/ETL_05_FEATURE_ENG/portal inmobiliario/ceros.txt
2020-07-23 09:04:34: ETL_06_LOAD Start: 2020-07-23 09:04:34.564051
2020-07-23 09:04:38: Connection Open OK
2020-07-23 09:04:38: houses_v2 table Exists
2020-07-23 09:04:38: Processing Source: D:\Reference\housemodel\data\T\ETL/20200718/ETL_05_FEATURE_ENG/portal inmobiliario.csv
2020-07-23 09:04:47: Connection Closed OK
2020-07-23 09:04:47: ETL_06_LOAD End: 2020-07-23 09:04:47.715075
2020-07-23 09:04:47: ETL_06_LOAD Total Execution Time: 13.151024341583252
2020-07-23 09:04:47: Processing Snapshot: 20200721
2020-07-23 09:04:47: ETL_00_COLLECT Start: 2020-07-23 09:04:47.731078
2020-07-23 09:04:47: Processing Source: portal inmobiliario
2020-07-23 09:04:49: ETL_00_COLLECT Output Files: D:\Reference\housemodel\data\T\ETL/20200721/ETL_00_COLLECT/portal inmobiliario.csv
2020-07-23 09:04:49: ETL_00_COLLECT End: 2020-07-23 09:04:49.406075
2020-07-23 09:04:49: ETL_00_COLLECT Total Execution Time: 1.6749968528747559
2020-07-23 09:04:49: ETL_00_COLLECT Creating stats files for portal inmobiliario
2020-07-23 09:04:49: 	Info:		D:\Reference\housemodel\stats\ETL/20200721/ETL_00_COLLECT/portal inmobiliario/info.txt
2020-07-23 09:04:49: 	Describe:	D:\Reference\housemodel\stats\ETL/20200721/ETL_00_COLLECT/portal inmobiliario/describe.csv
2020-07-23 09:04:49: 	Nulls:		D:\Reference\housemodel\stats\ETL/20200721/ETL_00_COLLECT/portal inmobiliario/nulls.txt
2020-07-23 09:04:49: 	Ceros:		D:\Reference\housemodel\stats\ETL/20200721/ETL_00_COLLECT/portal inmobiliario/ceros.txt
2020-07-23 09:04:49: ETL_01_BUILD Start: 2020-07-23 09:04:49.557075
2020-07-23 09:04:49: Processing Source: D:\Reference\housemodel\data\T\ETL/20200721/ETL_00_COLLECT/portal inmobiliario.csv
2020-07-23 09:04:51: ETL_01_BUILD End: 2020-07-23 09:04:51.930830
2020-07-23 09:04:51: ETL_01_BUILD Total Execution Time: 2.3737549781799316
2020-07-23 09:04:51: ETL_01_BUILD Creating stats files for portal inmobiliario
2020-07-23 09:04:51: 	Info:		D:\Reference\housemodel\stats\ETL/20200721/ETL_01_BUILD/portal inmobiliario/info.txt
2020-07-23 09:04:52: 	Describe:	D:\Reference\housemodel\stats\ETL/20200721/ETL_01_BUILD/portal inmobiliario/describe.csv
2020-07-23 09:04:52: 	Nulls:		D:\Reference\housemodel\stats\ETL/20200721/ETL_01_BUILD/portal inmobiliario/nulls.txt
2020-07-23 09:04:52: 	Ceros:		D:\Reference\housemodel\stats\ETL/20200721/ETL_01_BUILD/portal inmobiliario/ceros.txt
2020-07-23 09:04:52: ETL_02_CLEAN Start: 2020-07-23 09:04:52.062825
2020-07-23 09:04:52: Processing Source: D:\Reference\housemodel\data\T\ETL/20200721/ETL_01_BUILD/portal inmobiliario.csv
2020-07-23 09:04:53: ETL_02_CLEAN End: 2020-07-23 09:04:53.592830
2020-07-23 09:04:53: ETL_02_CLEAN Total Execution Time: 1.5300049781799316
2020-07-23 09:04:53: ETL_02_CLEAN Creating stats files for portal inmobiliario
2020-07-23 09:04:53: 	Info:		D:\Reference\housemodel\stats\ETL/20200721/ETL_02_CLEAN/portal inmobiliario/info.txt
2020-07-23 09:04:53: 	Describe:	D:\Reference\housemodel\stats\ETL/20200721/ETL_02_CLEAN/portal inmobiliario/describe.csv
2020-07-23 09:04:53: 	Nulls:		D:\Reference\housemodel\stats\ETL/20200721/ETL_02_CLEAN/portal inmobiliario/nulls.txt
2020-07-23 09:04:53: 	Ceros:		D:\Reference\housemodel\stats\ETL/20200721/ETL_02_CLEAN/portal inmobiliario/ceros.txt
2020-07-23 09:04:53: ETL_03_FORMAT Start: 2020-07-23 09:04:53.706833
2020-07-23 09:04:53: Processing Source: D:\Reference\housemodel\data\T\ETL/20200721/ETL_02_CLEAN/portal inmobiliario.csv
2020-07-23 09:04:53: ETL_03_FORMAT End: 2020-07-23 09:04:53.810860
2020-07-23 09:04:53: ETL_03_FORMAT Total Execution Time: 0.10402655601501465
2020-07-23 09:04:53: ETL_03_FORMAT Creating stats files for portal inmobiliario
2020-07-23 09:04:53: 	Info:		D:\Reference\housemodel\stats\ETL/20200721/ETL_03_FORMAT/portal inmobiliario/info.txt
2020-07-23 09:04:53: 	Describe:	D:\Reference\housemodel\stats\ETL/20200721/ETL_03_FORMAT/portal inmobiliario/describe.csv
2020-07-23 09:04:53: 	Nulls:		D:\Reference\housemodel\stats\ETL/20200721/ETL_03_FORMAT/portal inmobiliario/nulls.txt
2020-07-23 09:04:53: 	Ceros:		D:\Reference\housemodel\stats\ETL/20200721/ETL_03_FORMAT/portal inmobiliario/ceros.txt
2020-07-23 09:04:53: ETL_04_FILL Start: 2020-07-23 09:04:53.947828
2020-07-23 09:04:53: Processing Source: D:\Reference\housemodel\data\T\ETL/20200721/ETL_03_FORMAT/portal inmobiliario.csv
2020-07-23 09:04:54: ETL_04_FILL End: 2020-07-23 09:04:54.025824
2020-07-23 09:04:54: ETL_04_FILL Total Execution Time: 0.07799577713012695
2020-07-23 09:04:54: ETL_04_FILL Creating stats files for portal inmobiliario
2020-07-23 09:04:54: 	Info:		D:\Reference\housemodel\stats\ETL/20200721/ETL_04_FILL/portal inmobiliario/info.txt
2020-07-23 09:04:54: 	Describe:	D:\Reference\housemodel\stats\ETL/20200721/ETL_04_FILL/portal inmobiliario/describe.csv
2020-07-23 09:04:54: 	Nulls:		D:\Reference\housemodel\stats\ETL/20200721/ETL_04_FILL/portal inmobiliario/nulls.txt
2020-07-23 09:04:54: 	Ceros:		D:\Reference\housemodel\stats\ETL/20200721/ETL_04_FILL/portal inmobiliario/ceros.txt
2020-07-23 09:04:54: ETL_05_FEATURE_ENG Start: 2020-07-23 09:04:54.181829
2020-07-23 09:04:54: Processing Source: D:\Reference\housemodel\data\T\ETL/20200721/ETL_04_FILL/portal inmobiliario.csv
2020-07-23 09:05:04: ETL_05_FEATURE_ENG End: 2020-07-23 09:05:04.936825
2020-07-23 09:05:04: ETL_05_FEATURE_ENG Total Execution Time: 10.754995822906494
2020-07-23 09:05:04: ETL_05_FEATURE_ENG Creating stats files for portal inmobiliario
2020-07-23 09:05:04: 	Info:		D:\Reference\housemodel\stats\ETL/20200721/ETL_05_FEATURE_ENG/portal inmobiliario/info.txt
2020-07-23 09:05:05: 	Describe:	D:\Reference\housemodel\stats\ETL/20200721/ETL_05_FEATURE_ENG/portal inmobiliario/describe.csv
2020-07-23 09:05:05: 	Nulls:		D:\Reference\housemodel\stats\ETL/20200721/ETL_05_FEATURE_ENG/portal inmobiliario/nulls.txt
2020-07-23 09:05:05: 	Ceros:		D:\Reference\housemodel\stats\ETL/20200721/ETL_05_FEATURE_ENG/portal inmobiliario/ceros.txt
2020-07-23 09:05:05: ETL_06_LOAD Start: 2020-07-23 09:05:05.053828
2020-07-23 09:05:07: Connection Open OK
2020-07-23 09:05:07: houses_v2 table Exists
2020-07-23 09:05:07: Processing Source: D:\Reference\housemodel\data\T\ETL/20200721/ETL_05_FEATURE_ENG/portal inmobiliario.csv
2020-07-23 09:05:16: Connection Closed OK
2020-07-23 09:05:16: ETL_06_LOAD End: 2020-07-23 09:05:16.148308
2020-07-23 09:05:16: ETL_06_LOAD Total Execution Time: 11.094480276107788
2020-07-23 09:05:16: ETL End: 2020-07-23 09:05:16.150304
2020-07-23 09:05:16: ETL Total Execution Time: 58.86297416687012
