2020-07-23 09:21:59: ETL Start: 2020-07-23 09:21:59.944419
2020-07-23 09:21:59: Available Snapshots: 20200707 20200718 20200721
2020-07-23 09:21:59: Processing Snapshot: 20200718
2020-07-23 09:21:59: ETL_00_COLLECT Start: 2020-07-23 09:21:59.960394
2020-07-23 09:21:59: Processing Source: portal inmobiliario
2020-07-23 09:22:01: ETL_00_COLLECT Output Files: D:\Reference\housemodel\data\T\ETL/20200718/ETL_00_COLLECT/portal inmobiliario.csv
2020-07-23 09:22:01: ETL_00_COLLECT End: 2020-07-23 09:22:01.981391
2020-07-23 09:22:01: ETL_00_COLLECT Total Execution Time: 2.0209975242614746
2020-07-23 09:22:02: ETL_00_COLLECT Creating stats files for portal inmobiliario
2020-07-23 09:22:02: 	Info:		D:\Reference\housemodel\stats\ETL/20200718/ETL_00_COLLECT/portal inmobiliario/info.txt
2020-07-23 09:22:02: 	Describe:	D:\Reference\housemodel\stats\ETL/20200718/ETL_00_COLLECT/portal inmobiliario/describe.csv
2020-07-23 09:22:02: 	Nulls:		D:\Reference\housemodel\stats\ETL/20200718/ETL_00_COLLECT/portal inmobiliario/nulls.txt
2020-07-23 09:22:02: 	Ceros:		D:\Reference\housemodel\stats\ETL/20200718/ETL_00_COLLECT/portal inmobiliario/ceros.txt
2020-07-23 09:22:02: ETL_01_BUILD Start: 2020-07-23 09:22:02.176396
2020-07-23 09:22:02: Processing Source: D:\Reference\housemodel\data\T\ETL/20200718/ETL_00_COLLECT/portal inmobiliario.csv
2020-07-23 09:22:04: ETL_01_BUILD End: 2020-07-23 09:22:04.472428
2020-07-23 09:22:04: ETL_01_BUILD Total Execution Time: 2.2960314750671387
2020-07-23 09:22:04: ETL_01_BUILD Creating stats files for portal inmobiliario
2020-07-23 09:22:04: 	Info:		D:\Reference\housemodel\stats\ETL/20200718/ETL_01_BUILD/portal inmobiliario/info.txt
2020-07-23 09:22:04: 	Describe:	D:\Reference\housemodel\stats\ETL/20200718/ETL_01_BUILD/portal inmobiliario/describe.csv
2020-07-23 09:22:04: 	Nulls:		D:\Reference\housemodel\stats\ETL/20200718/ETL_01_BUILD/portal inmobiliario/nulls.txt
2020-07-23 09:22:04: 	Ceros:		D:\Reference\housemodel\stats\ETL/20200718/ETL_01_BUILD/portal inmobiliario/ceros.txt
2020-07-23 09:22:04: ETL_02_CLEAN Start: 2020-07-23 09:22:04.591393
2020-07-23 09:22:04: Processing Source: D:\Reference\housemodel\data\T\ETL/20200718/ETL_01_BUILD/portal inmobiliario.csv
2020-07-23 09:22:06: ETL_02_CLEAN End: 2020-07-23 09:22:06.226428
2020-07-23 09:22:06: ETL_02_CLEAN Total Execution Time: 1.6350345611572266
2020-07-23 09:22:06: ETL_02_CLEAN Creating stats files for portal inmobiliario
2020-07-23 09:22:06: 	Info:		D:\Reference\housemodel\stats\ETL/20200718/ETL_02_CLEAN/portal inmobiliario/info.txt
2020-07-23 09:22:06: 	Describe:	D:\Reference\housemodel\stats\ETL/20200718/ETL_02_CLEAN/portal inmobiliario/describe.csv
2020-07-23 09:22:06: 	Nulls:		D:\Reference\housemodel\stats\ETL/20200718/ETL_02_CLEAN/portal inmobiliario/nulls.txt
2020-07-23 09:22:06: 	Ceros:		D:\Reference\housemodel\stats\ETL/20200718/ETL_02_CLEAN/portal inmobiliario/ceros.txt
2020-07-23 09:22:06: ETL_03_FORMAT Start: 2020-07-23 09:22:06.345437
2020-07-23 09:22:06: Processing Source: D:\Reference\housemodel\data\T\ETL/20200718/ETL_02_CLEAN/portal inmobiliario.csv
2020-07-23 09:22:06: ETL_03_FORMAT End: 2020-07-23 09:22:06.446393
2020-07-23 09:22:06: ETL_03_FORMAT Total Execution Time: 0.10095667839050293
2020-07-23 09:22:06: ETL_03_FORMAT Creating stats files for portal inmobiliario
2020-07-23 09:22:06: 	Info:		D:\Reference\housemodel\stats\ETL/20200718/ETL_03_FORMAT/portal inmobiliario/info.txt
2020-07-23 09:22:06: 	Describe:	D:\Reference\housemodel\stats\ETL/20200718/ETL_03_FORMAT/portal inmobiliario/describe.csv
2020-07-23 09:22:06: 	Nulls:		D:\Reference\housemodel\stats\ETL/20200718/ETL_03_FORMAT/portal inmobiliario/nulls.txt
2020-07-23 09:22:06: 	Ceros:		D:\Reference\housemodel\stats\ETL/20200718/ETL_03_FORMAT/portal inmobiliario/ceros.txt
2020-07-23 09:22:06: ETL_04_FILL Start: 2020-07-23 09:22:06.589420
2020-07-23 09:22:06: Processing Source: D:\Reference\housemodel\data\T\ETL/20200718/ETL_03_FORMAT/portal inmobiliario.csv
2020-07-23 09:22:06: ETL_04_FILL End: 2020-07-23 09:22:06.655392
2020-07-23 09:22:06: ETL_04_FILL Total Execution Time: 0.06597232818603516
2020-07-23 09:22:06: ETL_04_FILL Creating stats files for portal inmobiliario
2020-07-23 09:22:06: 	Info:		D:\Reference\housemodel\stats\ETL/20200718/ETL_04_FILL/portal inmobiliario/info.txt
2020-07-23 09:22:06: 	Describe:	D:\Reference\housemodel\stats\ETL/20200718/ETL_04_FILL/portal inmobiliario/describe.csv
2020-07-23 09:22:06: 	Nulls:		D:\Reference\housemodel\stats\ETL/20200718/ETL_04_FILL/portal inmobiliario/nulls.txt
2020-07-23 09:22:06: 	Ceros:		D:\Reference\housemodel\stats\ETL/20200718/ETL_04_FILL/portal inmobiliario/ceros.txt
2020-07-23 09:22:06: ETL_05_FEATURE_ENG Start: 2020-07-23 09:22:06.762427
2020-07-23 09:22:06: Processing Source: D:\Reference\housemodel\data\T\ETL/20200718/ETL_04_FILL/portal inmobiliario.csv
2020-07-23 09:22:18: ETL_05_FEATURE_ENG End: 2020-07-23 09:22:18.098398
2020-07-23 09:22:18: ETL_05_FEATURE_ENG Total Execution Time: 11.335970401763916
2020-07-23 09:22:18: ETL_05_FEATURE_ENG Creating stats files for portal inmobiliario
2020-07-23 09:22:18: 	Info:		D:\Reference\housemodel\stats\ETL/20200718/ETL_05_FEATURE_ENG/portal inmobiliario/info.txt
2020-07-23 09:22:18: 	Describe:	D:\Reference\housemodel\stats\ETL/20200718/ETL_05_FEATURE_ENG/portal inmobiliario/describe.csv
2020-07-23 09:22:18: 	Nulls:		D:\Reference\housemodel\stats\ETL/20200718/ETL_05_FEATURE_ENG/portal inmobiliario/nulls.txt
2020-07-23 09:22:18: 	Ceros:		D:\Reference\housemodel\stats\ETL/20200718/ETL_05_FEATURE_ENG/portal inmobiliario/ceros.txt
2020-07-23 09:22:18: ETL_06_LOAD Start: 2020-07-23 09:22:18.302394
2020-07-23 09:22:32: Connection Open OK
2020-07-23 09:22:32: houses_v2 table Exists
2020-07-23 09:22:32: Processing Source: D:\Reference\housemodel\data\T\ETL/20200718/ETL_05_FEATURE_ENG/portal inmobiliario.csv
2020-07-23 09:22:40: Connection Closed OK
2020-07-23 09:22:40: ETL_06_LOAD End: 2020-07-23 09:22:40.968346
2020-07-23 09:22:40: ETL_06_LOAD Total Execution Time: 22.665952444076538
2020-07-23 09:22:40: Processing Snapshot: 20200721
2020-07-23 09:22:40: ETL_00_COLLECT Start: 2020-07-23 09:22:40.979347
2020-07-23 09:22:40: Processing Source: portal inmobiliario
2020-07-23 09:22:42: ETL_00_COLLECT Output Files: D:\Reference\housemodel\data\T\ETL/20200721/ETL_00_COLLECT/portal inmobiliario.csv
2020-07-23 09:22:42: ETL_00_COLLECT End: 2020-07-23 09:22:42.770347
2020-07-23 09:22:42: ETL_00_COLLECT Total Execution Time: 1.7910003662109375
2020-07-23 09:22:42: ETL_00_COLLECT Creating stats files for portal inmobiliario
2020-07-23 09:22:42: 	Info:		D:\Reference\housemodel\stats\ETL/20200721/ETL_00_COLLECT/portal inmobiliario/info.txt
2020-07-23 09:22:42: 	Describe:	D:\Reference\housemodel\stats\ETL/20200721/ETL_00_COLLECT/portal inmobiliario/describe.csv
2020-07-23 09:22:42: 	Nulls:		D:\Reference\housemodel\stats\ETL/20200721/ETL_00_COLLECT/portal inmobiliario/nulls.txt
2020-07-23 09:22:42: 	Ceros:		D:\Reference\housemodel\stats\ETL/20200721/ETL_00_COLLECT/portal inmobiliario/ceros.txt
2020-07-23 09:22:42: ETL_01_BUILD Start: 2020-07-23 09:22:42.929344
2020-07-23 09:22:42: Processing Source: D:\Reference\housemodel\data\T\ETL/20200721/ETL_00_COLLECT/portal inmobiliario.csv
2020-07-23 09:22:45: ETL_01_BUILD End: 2020-07-23 09:22:45.324380
2020-07-23 09:22:45: ETL_01_BUILD Total Execution Time: 2.3950355052948
2020-07-23 09:22:45: ETL_01_BUILD Creating stats files for portal inmobiliario
2020-07-23 09:22:45: 	Info:		D:\Reference\housemodel\stats\ETL/20200721/ETL_01_BUILD/portal inmobiliario/info.txt
2020-07-23 09:22:45: 	Describe:	D:\Reference\housemodel\stats\ETL/20200721/ETL_01_BUILD/portal inmobiliario/describe.csv
2020-07-23 09:22:45: 	Nulls:		D:\Reference\housemodel\stats\ETL/20200721/ETL_01_BUILD/portal inmobiliario/nulls.txt
2020-07-23 09:22:45: 	Ceros:		D:\Reference\housemodel\stats\ETL/20200721/ETL_01_BUILD/portal inmobiliario/ceros.txt
2020-07-23 09:22:45: ETL_02_CLEAN Start: 2020-07-23 09:22:45.429349
2020-07-23 09:22:45: Processing Source: D:\Reference\housemodel\data\T\ETL/20200721/ETL_01_BUILD/portal inmobiliario.csv
2020-07-23 09:22:46: ETL_02_CLEAN End: 2020-07-23 09:22:46.994386
2020-07-23 09:22:46: ETL_02_CLEAN Total Execution Time: 1.5650370121002197
2020-07-23 09:22:47: ETL_02_CLEAN Creating stats files for portal inmobiliario
2020-07-23 09:22:47: 	Info:		D:\Reference\housemodel\stats\ETL/20200721/ETL_02_CLEAN/portal inmobiliario/info.txt
2020-07-23 09:22:47: 	Describe:	D:\Reference\housemodel\stats\ETL/20200721/ETL_02_CLEAN/portal inmobiliario/describe.csv
2020-07-23 09:22:47: 	Nulls:		D:\Reference\housemodel\stats\ETL/20200721/ETL_02_CLEAN/portal inmobiliario/nulls.txt
2020-07-23 09:22:47: 	Ceros:		D:\Reference\housemodel\stats\ETL/20200721/ETL_02_CLEAN/portal inmobiliario/ceros.txt
2020-07-23 09:22:47: ETL_03_FORMAT Start: 2020-07-23 09:22:47.103344
2020-07-23 09:22:47: Processing Source: D:\Reference\housemodel\data\T\ETL/20200721/ETL_02_CLEAN/portal inmobiliario.csv
2020-07-23 09:22:47: ETL_03_FORMAT End: 2020-07-23 09:22:47.227346
2020-07-23 09:22:47: ETL_03_FORMAT Total Execution Time: 0.12400197982788086
2020-07-23 09:22:47: ETL_03_FORMAT Creating stats files for portal inmobiliario
2020-07-23 09:22:47: 	Info:		D:\Reference\housemodel\stats\ETL/20200721/ETL_03_FORMAT/portal inmobiliario/info.txt
2020-07-23 09:22:47: 	Describe:	D:\Reference\housemodel\stats\ETL/20200721/ETL_03_FORMAT/portal inmobiliario/describe.csv
2020-07-23 09:22:47: 	Nulls:		D:\Reference\housemodel\stats\ETL/20200721/ETL_03_FORMAT/portal inmobiliario/nulls.txt
2020-07-23 09:22:47: 	Ceros:		D:\Reference\housemodel\stats\ETL/20200721/ETL_03_FORMAT/portal inmobiliario/ceros.txt
2020-07-23 09:22:47: ETL_04_FILL Start: 2020-07-23 09:22:47.385348
2020-07-23 09:22:47: Processing Source: D:\Reference\housemodel\data\T\ETL/20200721/ETL_03_FORMAT/portal inmobiliario.csv
2020-07-23 09:22:47: ETL_04_FILL End: 2020-07-23 09:22:47.439399
2020-07-23 09:22:47: ETL_04_FILL Total Execution Time: 0.05405068397521973
2020-07-23 09:22:47: ETL_04_FILL Creating stats files for portal inmobiliario
2020-07-23 09:22:47: 	Info:		D:\Reference\housemodel\stats\ETL/20200721/ETL_04_FILL/portal inmobiliario/info.txt
2020-07-23 09:22:47: 	Describe:	D:\Reference\housemodel\stats\ETL/20200721/ETL_04_FILL/portal inmobiliario/describe.csv
2020-07-23 09:22:47: 	Nulls:		D:\Reference\housemodel\stats\ETL/20200721/ETL_04_FILL/portal inmobiliario/nulls.txt
2020-07-23 09:22:47: 	Ceros:		D:\Reference\housemodel\stats\ETL/20200721/ETL_04_FILL/portal inmobiliario/ceros.txt
2020-07-23 09:22:47: ETL_05_FEATURE_ENG Start: 2020-07-23 09:22:47.561346
2020-07-23 09:22:47: Processing Source: D:\Reference\housemodel\data\T\ETL/20200721/ETL_04_FILL/portal inmobiliario.csv
2020-07-23 09:22:58: ETL_05_FEATURE_ENG End: 2020-07-23 09:22:58.662345
2020-07-23 09:22:58: ETL_05_FEATURE_ENG Total Execution Time: 11.100999116897583
2020-07-23 09:22:58: ETL_05_FEATURE_ENG Creating stats files for portal inmobiliario
2020-07-23 09:22:58: 	Info:		D:\Reference\housemodel\stats\ETL/20200721/ETL_05_FEATURE_ENG/portal inmobiliario/info.txt
2020-07-23 09:22:58: 	Describe:	D:\Reference\housemodel\stats\ETL/20200721/ETL_05_FEATURE_ENG/portal inmobiliario/describe.csv
2020-07-23 09:22:58: 	Nulls:		D:\Reference\housemodel\stats\ETL/20200721/ETL_05_FEATURE_ENG/portal inmobiliario/nulls.txt
2020-07-23 09:22:58: 	Ceros:		D:\Reference\housemodel\stats\ETL/20200721/ETL_05_FEATURE_ENG/portal inmobiliario/ceros.txt
2020-07-23 09:22:58: ETL_06_LOAD Start: 2020-07-23 09:22:58.784345
2020-07-23 09:23:00: Connection Open OK
2020-07-23 09:23:00: houses_v2 table Exists
2020-07-23 09:23:00: Processing Source: D:\Reference\housemodel\data\T\ETL/20200721/ETL_05_FEATURE_ENG/portal inmobiliario.csv
2020-07-23 09:23:09: Connection Closed OK
2020-07-23 09:23:09: ETL_06_LOAD End: 2020-07-23 09:23:09.533708
2020-07-23 09:23:09: ETL_06_LOAD Total Execution Time: 10.749363660812378
2020-07-23 09:23:09: ETL End: 2020-07-23 09:23:09.534708
2020-07-23 09:23:09: ETL Total Execution Time: 69.59028959274292
