2020-07-23 20:07:30: ETL Start: 2020-07-23 20:07:30.803103
2020-07-23 20:07:30: Available Snapshots: 20200707 20200718 20200721 20200723
2020-07-23 20:07:30: Processing Snapshot: 20200718
2020-07-23 20:07:30: ETL_00_COLLECT Start: 2020-07-23 20:07:30.817069
2020-07-23 20:07:30: Processing Source: portal inmobiliario
2020-07-23 20:07:32: ETL_00_COLLECT Output Files: D:\Reference\housemodel\data\T\ETL/20200718/ETL_00_COLLECT/portal inmobiliario.csv
2020-07-23 20:07:32: ETL_00_COLLECT End: 2020-07-23 20:07:32.407070
2020-07-23 20:07:32: ETL_00_COLLECT Total Execution Time: 1.590001106262207
2020-07-23 20:07:32: ETL_00_COLLECT Creating stats files for portal inmobiliario
2020-07-23 20:07:32: 	Info:		D:\Reference\housemodel\stats\ETL/20200718/ETL_00_COLLECT/portal inmobiliario/info.txt
2020-07-23 20:07:32: 	Describe:	D:\Reference\housemodel\stats\ETL/20200718/ETL_00_COLLECT/portal inmobiliario/describe.csv
2020-07-23 20:07:32: 	Nulls:		D:\Reference\housemodel\stats\ETL/20200718/ETL_00_COLLECT/portal inmobiliario/nulls.txt
2020-07-23 20:07:32: 	Ceros:		D:\Reference\housemodel\stats\ETL/20200718/ETL_00_COLLECT/portal inmobiliario/ceros.txt
2020-07-23 20:07:32: ETL_01_BUILD Start: 2020-07-23 20:07:32.554109
2020-07-23 20:07:32: Processing Source: D:\Reference\housemodel\data\T\ETL/20200718/ETL_00_COLLECT/portal inmobiliario.csv
2020-07-23 20:07:34: ETL_01_BUILD End: 2020-07-23 20:07:34.606069
2020-07-23 20:07:34: ETL_01_BUILD Total Execution Time: 2.051959753036499
2020-07-23 20:07:34: ETL_01_BUILD Creating stats files for portal inmobiliario
2020-07-23 20:07:34: 	Info:		D:\Reference\housemodel\stats\ETL/20200718/ETL_01_BUILD/portal inmobiliario/info.txt
2020-07-23 20:07:34: 	Describe:	D:\Reference\housemodel\stats\ETL/20200718/ETL_01_BUILD/portal inmobiliario/describe.csv
2020-07-23 20:07:34: 	Nulls:		D:\Reference\housemodel\stats\ETL/20200718/ETL_01_BUILD/portal inmobiliario/nulls.txt
2020-07-23 20:07:34: 	Ceros:		D:\Reference\housemodel\stats\ETL/20200718/ETL_01_BUILD/portal inmobiliario/ceros.txt
2020-07-23 20:07:34: ETL_02_CLEAN Start: 2020-07-23 20:07:34.717070
2020-07-23 20:07:34: Processing Source: D:\Reference\housemodel\data\T\ETL/20200718/ETL_01_BUILD/portal inmobiliario.csv
2020-07-23 20:07:36: ETL_02_CLEAN End: 2020-07-23 20:07:36.202102
2020-07-23 20:07:36: ETL_02_CLEAN Total Execution Time: 1.485032320022583
2020-07-23 20:07:36: ETL_02_CLEAN Creating stats files for portal inmobiliario
2020-07-23 20:07:36: 	Info:		D:\Reference\housemodel\stats\ETL/20200718/ETL_02_CLEAN/portal inmobiliario/info.txt
2020-07-23 20:07:36: 	Describe:	D:\Reference\housemodel\stats\ETL/20200718/ETL_02_CLEAN/portal inmobiliario/describe.csv
2020-07-23 20:07:36: 	Nulls:		D:\Reference\housemodel\stats\ETL/20200718/ETL_02_CLEAN/portal inmobiliario/nulls.txt
2020-07-23 20:07:36: 	Ceros:		D:\Reference\housemodel\stats\ETL/20200718/ETL_02_CLEAN/portal inmobiliario/ceros.txt
2020-07-23 20:07:36: ETL_03_FORMAT Start: 2020-07-23 20:07:36.305070
2020-07-23 20:07:36: Processing Source: D:\Reference\housemodel\data\T\ETL/20200718/ETL_02_CLEAN/portal inmobiliario.csv
2020-07-23 20:07:36: ETL_03_FORMAT End: 2020-07-23 20:07:36.393104
2020-07-23 20:07:36: ETL_03_FORMAT Total Execution Time: 0.08803391456604004
2020-07-23 20:07:36: ETL_03_FORMAT Creating stats files for portal inmobiliario
2020-07-23 20:07:36: 	Info:		D:\Reference\housemodel\stats\ETL/20200718/ETL_03_FORMAT/portal inmobiliario/info.txt
2020-07-23 20:07:36: 	Describe:	D:\Reference\housemodel\stats\ETL/20200718/ETL_03_FORMAT/portal inmobiliario/describe.csv
2020-07-23 20:07:36: 	Nulls:		D:\Reference\housemodel\stats\ETL/20200718/ETL_03_FORMAT/portal inmobiliario/nulls.txt
2020-07-23 20:07:36: 	Ceros:		D:\Reference\housemodel\stats\ETL/20200718/ETL_03_FORMAT/portal inmobiliario/ceros.txt
2020-07-23 20:07:36: ETL_04_FILL Start: 2020-07-23 20:07:36.505099
2020-07-23 20:07:36: Processing Source: D:\Reference\housemodel\data\T\ETL/20200718/ETL_03_FORMAT/portal inmobiliario.csv
2020-07-23 20:07:36: ETL_04_FILL End: 2020-07-23 20:07:36.557115
2020-07-23 20:07:36: ETL_04_FILL Total Execution Time: 0.05201601982116699
2020-07-23 20:07:36: ETL_04_FILL Creating stats files for portal inmobiliario
2020-07-23 20:07:36: 	Info:		D:\Reference\housemodel\stats\ETL/20200718/ETL_04_FILL/portal inmobiliario/info.txt
2020-07-23 20:07:36: 	Describe:	D:\Reference\housemodel\stats\ETL/20200718/ETL_04_FILL/portal inmobiliario/describe.csv
2020-07-23 20:07:36: 	Nulls:		D:\Reference\housemodel\stats\ETL/20200718/ETL_04_FILL/portal inmobiliario/nulls.txt
2020-07-23 20:07:36: 	Ceros:		D:\Reference\housemodel\stats\ETL/20200718/ETL_04_FILL/portal inmobiliario/ceros.txt
2020-07-23 20:07:36: ETL_05_FEATURE_ENG Start: 2020-07-23 20:07:36.657072
2020-07-23 20:07:36: Processing Source: D:\Reference\housemodel\data\T\ETL/20200718/ETL_04_FILL/portal inmobiliario.csv
2020-07-23 20:07:46: ETL_05_FEATURE_ENG End: 2020-07-23 20:07:46.822071
2020-07-23 20:07:46: ETL_05_FEATURE_ENG Total Execution Time: 10.16499948501587
2020-07-23 20:07:46: ETL_05_FEATURE_ENG Creating stats files for portal inmobiliario
2020-07-23 20:07:46: 	Info:		D:\Reference\housemodel\stats\ETL/20200718/ETL_05_FEATURE_ENG/portal inmobiliario/info.txt
2020-07-23 20:07:46: 	Describe:	D:\Reference\housemodel\stats\ETL/20200718/ETL_05_FEATURE_ENG/portal inmobiliario/describe.csv
2020-07-23 20:07:46: 	Nulls:		D:\Reference\housemodel\stats\ETL/20200718/ETL_05_FEATURE_ENG/portal inmobiliario/nulls.txt
2020-07-23 20:07:46: 	Ceros:		D:\Reference\housemodel\stats\ETL/20200718/ETL_05_FEATURE_ENG/portal inmobiliario/ceros.txt
2020-07-23 20:07:46: ETL_06_LOAD Start: 2020-07-23 20:07:46.955077
2020-07-23 20:07:47: I am unable to connect to the database
