2020-07-23 20:01:02: ETL Start: 2020-07-23 20:01:02.225764
2020-07-23 20:01:02: Available Snapshots: 20200707 20200718 20200721 20200723
2020-07-23 20:01:02: Processing Snapshot: 20200718
2020-07-23 20:01:02: ETL_00_COLLECT Start: 2020-07-23 20:01:02.240763
2020-07-23 20:01:02: Processing Source: portal inmobiliario
2020-07-23 20:01:03: ETL_00_COLLECT Output Files: D:\Reference\housemodel\data\T\ETL/20200718/ETL_00_COLLECT/portal inmobiliario.csv
2020-07-23 20:01:03: ETL_00_COLLECT End: 2020-07-23 20:01:03.790762
2020-07-23 20:01:03: ETL_00_COLLECT Total Execution Time: 1.5499989986419678
2020-07-23 20:01:03: ETL_00_COLLECT Creating stats files for portal inmobiliario
2020-07-23 20:01:03: 	Info:		D:\Reference\housemodel\stats\ETL/20200718/ETL_00_COLLECT/portal inmobiliario/info.txt
2020-07-23 20:01:03: 	Describe:	D:\Reference\housemodel\stats\ETL/20200718/ETL_00_COLLECT/portal inmobiliario/describe.csv
2020-07-23 20:01:03: 	Nulls:		D:\Reference\housemodel\stats\ETL/20200718/ETL_00_COLLECT/portal inmobiliario/nulls.txt
2020-07-23 20:01:03: 	Ceros:		D:\Reference\housemodel\stats\ETL/20200718/ETL_00_COLLECT/portal inmobiliario/ceros.txt
2020-07-23 20:01:03: ETL_01_BUILD Start: 2020-07-23 20:01:03.932763
2020-07-23 20:01:03: Processing Source: D:\Reference\housemodel\data\T\ETL/20200718/ETL_00_COLLECT/portal inmobiliario.csv
2020-07-23 20:01:05: ETL_01_BUILD End: 2020-07-23 20:01:05.956771
2020-07-23 20:01:05: ETL_01_BUILD Total Execution Time: 2.02400803565979
2020-07-23 20:01:05: ETL_01_BUILD Creating stats files for portal inmobiliario
2020-07-23 20:01:05: 	Info:		D:\Reference\housemodel\stats\ETL/20200718/ETL_01_BUILD/portal inmobiliario/info.txt
2020-07-23 20:01:06: 	Describe:	D:\Reference\housemodel\stats\ETL/20200718/ETL_01_BUILD/portal inmobiliario/describe.csv
2020-07-23 20:01:06: 	Nulls:		D:\Reference\housemodel\stats\ETL/20200718/ETL_01_BUILD/portal inmobiliario/nulls.txt
2020-07-23 20:01:06: 	Ceros:		D:\Reference\housemodel\stats\ETL/20200718/ETL_01_BUILD/portal inmobiliario/ceros.txt
2020-07-23 20:01:06: ETL_02_CLEAN Start: 2020-07-23 20:01:06.067796
2020-07-23 20:01:06: Processing Source: D:\Reference\housemodel\data\T\ETL/20200718/ETL_01_BUILD/portal inmobiliario.csv
2020-07-23 20:01:07: ETL_02_CLEAN End: 2020-07-23 20:01:07.455797
2020-07-23 20:01:07: ETL_02_CLEAN Total Execution Time: 1.3880014419555664
2020-07-23 20:01:07: ETL_02_CLEAN Creating stats files for portal inmobiliario
2020-07-23 20:01:07: 	Info:		D:\Reference\housemodel\stats\ETL/20200718/ETL_02_CLEAN/portal inmobiliario/info.txt
2020-07-23 20:01:07: 	Describe:	D:\Reference\housemodel\stats\ETL/20200718/ETL_02_CLEAN/portal inmobiliario/describe.csv
2020-07-23 20:01:07: 	Nulls:		D:\Reference\housemodel\stats\ETL/20200718/ETL_02_CLEAN/portal inmobiliario/nulls.txt
2020-07-23 20:01:07: 	Ceros:		D:\Reference\housemodel\stats\ETL/20200718/ETL_02_CLEAN/portal inmobiliario/ceros.txt
2020-07-23 20:01:07: ETL_03_FORMAT Start: 2020-07-23 20:01:07.566763
2020-07-23 20:01:07: Processing Source: D:\Reference\housemodel\data\T\ETL/20200718/ETL_02_CLEAN/portal inmobiliario.csv
2020-07-23 20:01:07: ETL_03_FORMAT End: 2020-07-23 20:01:07.653759
2020-07-23 20:01:07: ETL_03_FORMAT Total Execution Time: 0.08699607849121094
2020-07-23 20:01:07: ETL_03_FORMAT Creating stats files for portal inmobiliario
2020-07-23 20:01:07: 	Info:		D:\Reference\housemodel\stats\ETL/20200718/ETL_03_FORMAT/portal inmobiliario/info.txt
2020-07-23 20:01:07: 	Describe:	D:\Reference\housemodel\stats\ETL/20200718/ETL_03_FORMAT/portal inmobiliario/describe.csv
2020-07-23 20:01:07: 	Nulls:		D:\Reference\housemodel\stats\ETL/20200718/ETL_03_FORMAT/portal inmobiliario/nulls.txt
2020-07-23 20:01:07: 	Ceros:		D:\Reference\housemodel\stats\ETL/20200718/ETL_03_FORMAT/portal inmobiliario/ceros.txt
2020-07-23 20:01:07: ETL_04_FILL Start: 2020-07-23 20:01:07.750762
2020-07-23 20:01:07: Processing Source: D:\Reference\housemodel\data\T\ETL/20200718/ETL_03_FORMAT/portal inmobiliario.csv
2020-07-23 20:01:07: ETL_04_FILL End: 2020-07-23 20:01:07.803795
2020-07-23 20:01:07: ETL_04_FILL Total Execution Time: 0.05303311347961426
2020-07-23 20:01:07: ETL_04_FILL Creating stats files for portal inmobiliario
2020-07-23 20:01:07: 	Info:		D:\Reference\housemodel\stats\ETL/20200718/ETL_04_FILL/portal inmobiliario/info.txt
2020-07-23 20:01:07: 	Describe:	D:\Reference\housemodel\stats\ETL/20200718/ETL_04_FILL/portal inmobiliario/describe.csv
2020-07-23 20:01:07: 	Nulls:		D:\Reference\housemodel\stats\ETL/20200718/ETL_04_FILL/portal inmobiliario/nulls.txt
2020-07-23 20:01:07: 	Ceros:		D:\Reference\housemodel\stats\ETL/20200718/ETL_04_FILL/portal inmobiliario/ceros.txt
2020-07-23 20:01:07: ETL_05_FEATURE_ENG Start: 2020-07-23 20:01:07.903763
2020-07-23 20:01:07: Processing Source: D:\Reference\housemodel\data\T\ETL/20200718/ETL_04_FILL/portal inmobiliario.csv
2020-07-23 20:01:17: ETL_05_FEATURE_ENG End: 2020-07-23 20:01:17.484763
2020-07-23 20:01:17: ETL_05_FEATURE_ENG Total Execution Time: 9.581000328063965
2020-07-23 20:01:17: ETL_05_FEATURE_ENG Creating stats files for portal inmobiliario
2020-07-23 20:01:17: 	Info:		D:\Reference\housemodel\stats\ETL/20200718/ETL_05_FEATURE_ENG/portal inmobiliario/info.txt
2020-07-23 20:01:17: 	Describe:	D:\Reference\housemodel\stats\ETL/20200718/ETL_05_FEATURE_ENG/portal inmobiliario/describe.csv
2020-07-23 20:01:17: 	Nulls:		D:\Reference\housemodel\stats\ETL/20200718/ETL_05_FEATURE_ENG/portal inmobiliario/nulls.txt
2020-07-23 20:01:17: 	Ceros:		D:\Reference\housemodel\stats\ETL/20200718/ETL_05_FEATURE_ENG/portal inmobiliario/ceros.txt
2020-07-23 20:01:17: ETL_06_LOAD Start: 2020-07-23 20:01:17.624773
2020-07-23 20:01:23: Connection Open OK
2020-07-23 20:01:23: houses_v2 table Exists
2020-07-23 20:01:23: Processing Source: D:\Reference\housemodel\data\T\ETL/20200718/ETL_05_FEATURE_ENG/portal inmobiliario.csv
2020-07-23 20:01:23: loadCsv input: D:\Reference\housemodel\data\T\ETL/20200718/ETL_05_FEATURE_ENG/portal inmobiliario.csv
2020-07-23 20:01:31: Connection Closed OK
2020-07-23 20:01:31: ETL_06_LOAD End: 2020-07-23 20:01:31.478500
2020-07-23 20:01:31: ETL_06_LOAD Total Execution Time: 13.853726863861084
2020-07-23 20:01:31: Processing Snapshot: 20200721
2020-07-23 20:01:31: ETL_00_COLLECT Start: 2020-07-23 20:01:31.490479
2020-07-23 20:01:31: Processing Source: portal inmobiliario
2020-07-23 20:01:32: ETL_00_COLLECT Output Files: D:\Reference\housemodel\data\T\ETL/20200721/ETL_00_COLLECT/portal inmobiliario.csv
2020-07-23 20:01:32: ETL_00_COLLECT End: 2020-07-23 20:01:32.993471
2020-07-23 20:01:32: ETL_00_COLLECT Total Execution Time: 1.5029926300048828
2020-07-23 20:01:33: ETL_00_COLLECT Creating stats files for portal inmobiliario
2020-07-23 20:01:33: 	Info:		D:\Reference\housemodel\stats\ETL/20200721/ETL_00_COLLECT/portal inmobiliario/info.txt
2020-07-23 20:01:33: 	Describe:	D:\Reference\housemodel\stats\ETL/20200721/ETL_00_COLLECT/portal inmobiliario/describe.csv
2020-07-23 20:01:33: 	Nulls:		D:\Reference\housemodel\stats\ETL/20200721/ETL_00_COLLECT/portal inmobiliario/nulls.txt
2020-07-23 20:01:33: 	Ceros:		D:\Reference\housemodel\stats\ETL/20200721/ETL_00_COLLECT/portal inmobiliario/ceros.txt
2020-07-23 20:01:33: ETL_01_BUILD Start: 2020-07-23 20:01:33.136477
2020-07-23 20:01:33: Processing Source: D:\Reference\housemodel\data\T\ETL/20200721/ETL_00_COLLECT/portal inmobiliario.csv
2020-07-23 20:01:35: ETL_01_BUILD End: 2020-07-23 20:01:35.257475
2020-07-23 20:01:35: ETL_01_BUILD Total Execution Time: 2.1209988594055176
2020-07-23 20:01:35: ETL_01_BUILD Creating stats files for portal inmobiliario
2020-07-23 20:01:35: 	Info:		D:\Reference\housemodel\stats\ETL/20200721/ETL_01_BUILD/portal inmobiliario/info.txt
2020-07-23 20:01:35: 	Describe:	D:\Reference\housemodel\stats\ETL/20200721/ETL_01_BUILD/portal inmobiliario/describe.csv
2020-07-23 20:01:35: 	Nulls:		D:\Reference\housemodel\stats\ETL/20200721/ETL_01_BUILD/portal inmobiliario/nulls.txt
2020-07-23 20:01:35: 	Ceros:		D:\Reference\housemodel\stats\ETL/20200721/ETL_01_BUILD/portal inmobiliario/ceros.txt
2020-07-23 20:01:35: ETL_02_CLEAN Start: 2020-07-23 20:01:35.366476
2020-07-23 20:01:35: Processing Source: D:\Reference\housemodel\data\T\ETL/20200721/ETL_01_BUILD/portal inmobiliario.csv
2020-07-23 20:01:36: ETL_02_CLEAN End: 2020-07-23 20:01:36.810507
2020-07-23 20:01:36: ETL_02_CLEAN Total Execution Time: 1.444030523300171
2020-07-23 20:01:36: ETL_02_CLEAN Creating stats files for portal inmobiliario
2020-07-23 20:01:36: 	Info:		D:\Reference\housemodel\stats\ETL/20200721/ETL_02_CLEAN/portal inmobiliario/info.txt
2020-07-23 20:01:36: 	Describe:	D:\Reference\housemodel\stats\ETL/20200721/ETL_02_CLEAN/portal inmobiliario/describe.csv
2020-07-23 20:01:36: 	Nulls:		D:\Reference\housemodel\stats\ETL/20200721/ETL_02_CLEAN/portal inmobiliario/nulls.txt
2020-07-23 20:01:36: 	Ceros:		D:\Reference\housemodel\stats\ETL/20200721/ETL_02_CLEAN/portal inmobiliario/ceros.txt
2020-07-23 20:01:36: ETL_03_FORMAT Start: 2020-07-23 20:01:36.913475
2020-07-23 20:01:36: Processing Source: D:\Reference\housemodel\data\T\ETL/20200721/ETL_02_CLEAN/portal inmobiliario.csv
2020-07-23 20:01:37: ETL_03_FORMAT End: 2020-07-23 20:01:37.001473
2020-07-23 20:01:37: ETL_03_FORMAT Total Execution Time: 0.08799862861633301
2020-07-23 20:01:37: ETL_03_FORMAT Creating stats files for portal inmobiliario
2020-07-23 20:01:37: 	Info:		D:\Reference\housemodel\stats\ETL/20200721/ETL_03_FORMAT/portal inmobiliario/info.txt
2020-07-23 20:01:37: 	Describe:	D:\Reference\housemodel\stats\ETL/20200721/ETL_03_FORMAT/portal inmobiliario/describe.csv
2020-07-23 20:01:37: 	Nulls:		D:\Reference\housemodel\stats\ETL/20200721/ETL_03_FORMAT/portal inmobiliario/nulls.txt
2020-07-23 20:01:37: 	Ceros:		D:\Reference\housemodel\stats\ETL/20200721/ETL_03_FORMAT/portal inmobiliario/ceros.txt
2020-07-23 20:01:37: ETL_04_FILL Start: 2020-07-23 20:01:37.092473
2020-07-23 20:01:37: Processing Source: D:\Reference\housemodel\data\T\ETL/20200721/ETL_03_FORMAT/portal inmobiliario.csv
2020-07-23 20:01:37: ETL_04_FILL End: 2020-07-23 20:01:37.160472
2020-07-23 20:01:37: ETL_04_FILL Total Execution Time: 0.06799912452697754
2020-07-23 20:01:37: ETL_04_FILL Creating stats files for portal inmobiliario
2020-07-23 20:01:37: 	Info:		D:\Reference\housemodel\stats\ETL/20200721/ETL_04_FILL/portal inmobiliario/info.txt
2020-07-23 20:01:37: 	Describe:	D:\Reference\housemodel\stats\ETL/20200721/ETL_04_FILL/portal inmobiliario/describe.csv
2020-07-23 20:01:37: 	Nulls:		D:\Reference\housemodel\stats\ETL/20200721/ETL_04_FILL/portal inmobiliario/nulls.txt
2020-07-23 20:01:37: 	Ceros:		D:\Reference\housemodel\stats\ETL/20200721/ETL_04_FILL/portal inmobiliario/ceros.txt
2020-07-23 20:01:37: ETL_05_FEATURE_ENG Start: 2020-07-23 20:01:37.267473
2020-07-23 20:01:37: Processing Source: D:\Reference\housemodel\data\T\ETL/20200721/ETL_04_FILL/portal inmobiliario.csv
2020-07-23 20:01:48: ETL_05_FEATURE_ENG End: 2020-07-23 20:01:48.635533
2020-07-23 20:01:48: ETL_05_FEATURE_ENG Total Execution Time: 11.368059873580933
2020-07-23 20:01:48: ETL_05_FEATURE_ENG Creating stats files for portal inmobiliario
2020-07-23 20:01:48: 	Info:		D:\Reference\housemodel\stats\ETL/20200721/ETL_05_FEATURE_ENG/portal inmobiliario/info.txt
2020-07-23 20:01:48: 	Describe:	D:\Reference\housemodel\stats\ETL/20200721/ETL_05_FEATURE_ENG/portal inmobiliario/describe.csv
2020-07-23 20:01:48: 	Nulls:		D:\Reference\housemodel\stats\ETL/20200721/ETL_05_FEATURE_ENG/portal inmobiliario/nulls.txt
2020-07-23 20:01:48: 	Ceros:		D:\Reference\housemodel\stats\ETL/20200721/ETL_05_FEATURE_ENG/portal inmobiliario/ceros.txt
2020-07-23 20:01:48: ETL_06_LOAD Start: 2020-07-23 20:01:48.766527
2020-07-23 20:02:03: Connection Open OK
2020-07-23 20:02:03: houses_v2 table Exists
2020-07-23 20:02:03: Processing Source: D:\Reference\housemodel\data\T\ETL/20200721/ETL_05_FEATURE_ENG/portal inmobiliario.csv
2020-07-23 20:02:03: loadCsv input: D:\Reference\housemodel\data\T\ETL/20200721/ETL_05_FEATURE_ENG/portal inmobiliario.csv
2020-07-23 20:02:11: Connection Closed OK
2020-07-23 20:02:11: ETL_06_LOAD End: 2020-07-23 20:02:11.566449
2020-07-23 20:02:11: ETL_06_LOAD Total Execution Time: 22.799921989440918
2020-07-23 20:02:11: Processing Snapshot: 20200723
2020-07-23 20:02:11: ETL_00_COLLECT Start: 2020-07-23 20:02:11.577449
2020-07-23 20:02:11: Processing Source: portal inmobiliario
2020-07-23 20:02:13: ETL_00_COLLECT Output Files: D:\Reference\housemodel\data\T\ETL/20200723/ETL_00_COLLECT/portal inmobiliario.csv
2020-07-23 20:02:13: ETL_00_COLLECT End: 2020-07-23 20:02:13.259450
2020-07-23 20:02:13: ETL_00_COLLECT Total Execution Time: 1.6820011138916016
2020-07-23 20:02:13: ETL_00_COLLECT Creating stats files for portal inmobiliario
2020-07-23 20:02:13: 	Info:		D:\Reference\housemodel\stats\ETL/20200723/ETL_00_COLLECT/portal inmobiliario/info.txt
2020-07-23 20:02:13: 	Describe:	D:\Reference\housemodel\stats\ETL/20200723/ETL_00_COLLECT/portal inmobiliario/describe.csv
2020-07-23 20:02:13: 	Nulls:		D:\Reference\housemodel\stats\ETL/20200723/ETL_00_COLLECT/portal inmobiliario/nulls.txt
2020-07-23 20:02:13: 	Ceros:		D:\Reference\housemodel\stats\ETL/20200723/ETL_00_COLLECT/portal inmobiliario/ceros.txt
2020-07-23 20:02:13: ETL_01_BUILD Start: 2020-07-23 20:02:13.470453
2020-07-23 20:02:13: Processing Source: D:\Reference\housemodel\data\T\ETL/20200723/ETL_00_COLLECT/portal inmobiliario.csv
2020-07-23 20:02:15: ETL_01_BUILD End: 2020-07-23 20:02:15.589560
2020-07-23 20:02:15: ETL_01_BUILD Total Execution Time: 2.1191065311431885
2020-07-23 20:02:15: ETL_01_BUILD Creating stats files for portal inmobiliario
2020-07-23 20:02:15: 	Info:		D:\Reference\housemodel\stats\ETL/20200723/ETL_01_BUILD/portal inmobiliario/info.txt
2020-07-23 20:02:15: 	Describe:	D:\Reference\housemodel\stats\ETL/20200723/ETL_01_BUILD/portal inmobiliario/describe.csv
2020-07-23 20:02:15: 	Nulls:		D:\Reference\housemodel\stats\ETL/20200723/ETL_01_BUILD/portal inmobiliario/nulls.txt
2020-07-23 20:02:15: 	Ceros:		D:\Reference\housemodel\stats\ETL/20200723/ETL_01_BUILD/portal inmobiliario/ceros.txt
2020-07-23 20:02:15: ETL_02_CLEAN Start: 2020-07-23 20:02:15.708561
2020-07-23 20:02:15: Processing Source: D:\Reference\housemodel\data\T\ETL/20200723/ETL_01_BUILD/portal inmobiliario.csv
2020-07-23 20:02:17: ETL_02_CLEAN End: 2020-07-23 20:02:17.337458
2020-07-23 20:02:17: ETL_02_CLEAN Total Execution Time: 1.6288964748382568
2020-07-23 20:02:17: ETL_02_CLEAN Creating stats files for portal inmobiliario
2020-07-23 20:02:17: 	Info:		D:\Reference\housemodel\stats\ETL/20200723/ETL_02_CLEAN/portal inmobiliario/info.txt
2020-07-23 20:02:17: 	Describe:	D:\Reference\housemodel\stats\ETL/20200723/ETL_02_CLEAN/portal inmobiliario/describe.csv
2020-07-23 20:02:17: 	Nulls:		D:\Reference\housemodel\stats\ETL/20200723/ETL_02_CLEAN/portal inmobiliario/nulls.txt
2020-07-23 20:02:17: 	Ceros:		D:\Reference\housemodel\stats\ETL/20200723/ETL_02_CLEAN/portal inmobiliario/ceros.txt
2020-07-23 20:02:17: ETL_03_FORMAT Start: 2020-07-23 20:02:17.472456
2020-07-23 20:02:17: Processing Source: D:\Reference\housemodel\data\T\ETL/20200723/ETL_02_CLEAN/portal inmobiliario.csv
2020-07-23 20:02:17: ETL_03_FORMAT End: 2020-07-23 20:02:17.577454
2020-07-23 20:02:17: ETL_03_FORMAT Total Execution Time: 0.10499787330627441
2020-07-23 20:02:17: ETL_03_FORMAT Creating stats files for portal inmobiliario
2020-07-23 20:02:17: 	Info:		D:\Reference\housemodel\stats\ETL/20200723/ETL_03_FORMAT/portal inmobiliario/info.txt
2020-07-23 20:02:17: 	Describe:	D:\Reference\housemodel\stats\ETL/20200723/ETL_03_FORMAT/portal inmobiliario/describe.csv
2020-07-23 20:02:17: 	Nulls:		D:\Reference\housemodel\stats\ETL/20200723/ETL_03_FORMAT/portal inmobiliario/nulls.txt
2020-07-23 20:02:17: 	Ceros:		D:\Reference\housemodel\stats\ETL/20200723/ETL_03_FORMAT/portal inmobiliario/ceros.txt
2020-07-23 20:02:17: ETL_04_FILL Start: 2020-07-23 20:02:17.694454
2020-07-23 20:02:17: Processing Source: D:\Reference\housemodel\data\T\ETL/20200723/ETL_03_FORMAT/portal inmobiliario.csv
2020-07-23 20:02:17: ETL_04_FILL End: 2020-07-23 20:02:17.774466
2020-07-23 20:02:17: ETL_04_FILL Total Execution Time: 0.08001232147216797
2020-07-23 20:02:17: ETL_04_FILL Creating stats files for portal inmobiliario
2020-07-23 20:02:17: 	Info:		D:\Reference\housemodel\stats\ETL/20200723/ETL_04_FILL/portal inmobiliario/info.txt
2020-07-23 20:02:17: 	Describe:	D:\Reference\housemodel\stats\ETL/20200723/ETL_04_FILL/portal inmobiliario/describe.csv
2020-07-23 20:02:17: 	Nulls:		D:\Reference\housemodel\stats\ETL/20200723/ETL_04_FILL/portal inmobiliario/nulls.txt
2020-07-23 20:02:17: 	Ceros:		D:\Reference\housemodel\stats\ETL/20200723/ETL_04_FILL/portal inmobiliario/ceros.txt
2020-07-23 20:02:17: ETL_05_FEATURE_ENG Start: 2020-07-23 20:02:17.945456
2020-07-23 20:02:17: Processing Source: D:\Reference\housemodel\data\T\ETL/20200723/ETL_04_FILL/portal inmobiliario.csv
2020-07-23 20:02:27: ETL_05_FEATURE_ENG End: 2020-07-23 20:02:27.809488
2020-07-23 20:02:27: ETL_05_FEATURE_ENG Total Execution Time: 9.864031791687012
2020-07-23 20:02:27: ETL_05_FEATURE_ENG Creating stats files for portal inmobiliario
2020-07-23 20:02:27: 	Info:		D:\Reference\housemodel\stats\ETL/20200723/ETL_05_FEATURE_ENG/portal inmobiliario/info.txt
2020-07-23 20:02:27: 	Describe:	D:\Reference\housemodel\stats\ETL/20200723/ETL_05_FEATURE_ENG/portal inmobiliario/describe.csv
2020-07-23 20:02:27: 	Nulls:		D:\Reference\housemodel\stats\ETL/20200723/ETL_05_FEATURE_ENG/portal inmobiliario/nulls.txt
2020-07-23 20:02:27: 	Ceros:		D:\Reference\housemodel\stats\ETL/20200723/ETL_05_FEATURE_ENG/portal inmobiliario/ceros.txt
2020-07-23 20:02:27: ETL_06_LOAD Start: 2020-07-23 20:02:27.947457
2020-07-23 20:02:31: Connection Open OK
2020-07-23 20:02:31: houses_v2 table Exists
2020-07-23 20:02:31: Processing Source: D:\Reference\housemodel\data\T\ETL/20200723/ETL_05_FEATURE_ENG/portal inmobiliario.csv
2020-07-23 20:02:31: loadCsv input: D:\Reference\housemodel\data\T\ETL/20200723/ETL_05_FEATURE_ENG/portal inmobiliario.csv
2020-07-23 20:02:39: Connection Closed OK
2020-07-23 20:02:39: ETL_06_LOAD End: 2020-07-23 20:02:39.929711
2020-07-23 20:02:39: ETL_06_LOAD Total Execution Time: 11.982253789901733
2020-07-23 20:02:39: ETL End: 2020-07-23 20:02:39.930714
2020-07-23 20:02:39: ETL Total Execution Time: 97.70495009422302
