2020-07-23 20:24:21: ETL Start: 2020-07-23 20:24:21.385092
2020-07-23 20:24:21: Available Snapshots: 20200707 20200718 20200721 20200723
2020-07-23 20:24:21: Processing Snapshot: 20200718
2020-07-23 20:24:21: ETL_00_COLLECT Start: 2020-07-23 20:24:21.397094
2020-07-23 20:24:21: Processing Source: portal inmobiliario
2020-07-23 20:24:22: ETL_00_COLLECT Output Files: D:\Reference\housemodel\data\T\ETL/20200718/ETL_00_COLLECT/portal inmobiliario.csv
2020-07-23 20:24:22: ETL_00_COLLECT End: 2020-07-23 20:24:22.924093
2020-07-23 20:24:22: ETL_00_COLLECT Total Execution Time: 1.5269992351531982
2020-07-23 20:24:22: ETL_00_COLLECT Creating stats files for portal inmobiliario
2020-07-23 20:24:22: 	Info:		D:\Reference\housemodel\stats\ETL/20200718/ETL_00_COLLECT/portal inmobiliario/info.txt
2020-07-23 20:24:23: 	Describe:	D:\Reference\housemodel\stats\ETL/20200718/ETL_00_COLLECT/portal inmobiliario/describe.csv
2020-07-23 20:24:23: 	Nulls:		D:\Reference\housemodel\stats\ETL/20200718/ETL_00_COLLECT/portal inmobiliario/nulls.txt
2020-07-23 20:24:23: 	Ceros:		D:\Reference\housemodel\stats\ETL/20200718/ETL_00_COLLECT/portal inmobiliario/ceros.txt
2020-07-23 20:24:23: ETL_01_BUILD Start: 2020-07-23 20:24:23.062134
2020-07-23 20:24:23: Processing Source: D:\Reference\housemodel\data\T\ETL/20200718/ETL_00_COLLECT/portal inmobiliario.csv
2020-07-23 20:24:25: ETL_01_BUILD End: 2020-07-23 20:24:25.098126
2020-07-23 20:24:25: ETL_01_BUILD Total Execution Time: 2.03599214553833
2020-07-23 20:24:25: ETL_01_BUILD Creating stats files for portal inmobiliario
2020-07-23 20:24:25: 	Info:		D:\Reference\housemodel\stats\ETL/20200718/ETL_01_BUILD/portal inmobiliario/info.txt
2020-07-23 20:24:25: 	Describe:	D:\Reference\housemodel\stats\ETL/20200718/ETL_01_BUILD/portal inmobiliario/describe.csv
2020-07-23 20:24:25: 	Nulls:		D:\Reference\housemodel\stats\ETL/20200718/ETL_01_BUILD/portal inmobiliario/nulls.txt
2020-07-23 20:24:25: 	Ceros:		D:\Reference\housemodel\stats\ETL/20200718/ETL_01_BUILD/portal inmobiliario/ceros.txt
2020-07-23 20:24:25: ETL_02_CLEAN Start: 2020-07-23 20:24:25.192093
2020-07-23 20:24:25: Processing Source: D:\Reference\housemodel\data\T\ETL/20200718/ETL_01_BUILD/portal inmobiliario.csv
2020-07-23 20:24:26: ETL_02_CLEAN End: 2020-07-23 20:24:26.558096
2020-07-23 20:24:26: ETL_02_CLEAN Total Execution Time: 1.3660032749176025
2020-07-23 20:24:26: ETL_02_CLEAN Creating stats files for portal inmobiliario
2020-07-23 20:24:26: 	Info:		D:\Reference\housemodel\stats\ETL/20200718/ETL_02_CLEAN/portal inmobiliario/info.txt
2020-07-23 20:24:26: 	Describe:	D:\Reference\housemodel\stats\ETL/20200718/ETL_02_CLEAN/portal inmobiliario/describe.csv
2020-07-23 20:24:26: 	Nulls:		D:\Reference\housemodel\stats\ETL/20200718/ETL_02_CLEAN/portal inmobiliario/nulls.txt
2020-07-23 20:24:26: 	Ceros:		D:\Reference\housemodel\stats\ETL/20200718/ETL_02_CLEAN/portal inmobiliario/ceros.txt
2020-07-23 20:24:26: ETL_03_FORMAT Start: 2020-07-23 20:24:26.654096
2020-07-23 20:24:26: Processing Source: D:\Reference\housemodel\data\T\ETL/20200718/ETL_02_CLEAN/portal inmobiliario.csv
2020-07-23 20:24:26: ETL_03_FORMAT End: 2020-07-23 20:24:26.743095
2020-07-23 20:24:26: ETL_03_FORMAT Total Execution Time: 0.08899831771850586
2020-07-23 20:24:26: ETL_03_FORMAT Creating stats files for portal inmobiliario
2020-07-23 20:24:26: 	Info:		D:\Reference\housemodel\stats\ETL/20200718/ETL_03_FORMAT/portal inmobiliario/info.txt
2020-07-23 20:24:26: 	Describe:	D:\Reference\housemodel\stats\ETL/20200718/ETL_03_FORMAT/portal inmobiliario/describe.csv
2020-07-23 20:24:26: 	Nulls:		D:\Reference\housemodel\stats\ETL/20200718/ETL_03_FORMAT/portal inmobiliario/nulls.txt
2020-07-23 20:24:26: 	Ceros:		D:\Reference\housemodel\stats\ETL/20200718/ETL_03_FORMAT/portal inmobiliario/ceros.txt
2020-07-23 20:24:26: ETL_04_FILL Start: 2020-07-23 20:24:26.829094
2020-07-23 20:24:26: Processing Source: D:\Reference\housemodel\data\T\ETL/20200718/ETL_03_FORMAT/portal inmobiliario.csv
2020-07-23 20:24:26: ETL_04_FILL End: 2020-07-23 20:24:26.880095
2020-07-23 20:24:26: ETL_04_FILL Total Execution Time: 0.051000356674194336
2020-07-23 20:24:26: ETL_04_FILL Creating stats files for portal inmobiliario
2020-07-23 20:24:26: 	Info:		D:\Reference\housemodel\stats\ETL/20200718/ETL_04_FILL/portal inmobiliario/info.txt
2020-07-23 20:24:26: 	Describe:	D:\Reference\housemodel\stats\ETL/20200718/ETL_04_FILL/portal inmobiliario/describe.csv
2020-07-23 20:24:26: 	Nulls:		D:\Reference\housemodel\stats\ETL/20200718/ETL_04_FILL/portal inmobiliario/nulls.txt
2020-07-23 20:24:26: 	Ceros:		D:\Reference\housemodel\stats\ETL/20200718/ETL_04_FILL/portal inmobiliario/ceros.txt
2020-07-23 20:24:26: ETL_05_FEATURE_ENG Start: 2020-07-23 20:24:26.966098
2020-07-23 20:24:26: Processing Source: D:\Reference\housemodel\data\T\ETL/20200718/ETL_04_FILL/portal inmobiliario.csv
2020-07-23 20:24:36: ETL_05_FEATURE_ENG End: 2020-07-23 20:24:36.462093
2020-07-23 20:24:36: ETL_05_FEATURE_ENG Total Execution Time: 9.495995283126831
2020-07-23 20:24:36: ETL_05_FEATURE_ENG Creating stats files for portal inmobiliario
2020-07-23 20:24:36: 	Info:		D:\Reference\housemodel\stats\ETL/20200718/ETL_05_FEATURE_ENG/portal inmobiliario/info.txt
2020-07-23 20:24:36: 	Describe:	D:\Reference\housemodel\stats\ETL/20200718/ETL_05_FEATURE_ENG/portal inmobiliario/describe.csv
2020-07-23 20:24:36: 	Nulls:		D:\Reference\housemodel\stats\ETL/20200718/ETL_05_FEATURE_ENG/portal inmobiliario/nulls.txt
2020-07-23 20:24:36: 	Ceros:		D:\Reference\housemodel\stats\ETL/20200718/ETL_05_FEATURE_ENG/portal inmobiliario/ceros.txt
2020-07-23 20:24:36: ETL_06_LOAD Start: 2020-07-23 20:24:36.573094
2020-07-23 20:24:38: Connection Open OK
2020-07-23 20:24:38: houses_v2 table Exists
2020-07-23 20:24:38: Processing Source: D:\Reference\housemodel\data\T\ETL/20200718/ETL_05_FEATURE_ENG/portal inmobiliario.csv
2020-07-23 20:24:38: loadCsv input: D:\Reference\housemodel\data\T\ETL/20200718/ETL_05_FEATURE_ENG/portal inmobiliario.csv
2020-07-23 20:24:46: updateSnap executing:  
    UPDATE houses_v2 
    SET "UPDATED_DT"=NOW(), "STAGE"='out' 
    WHERE "LINK" IN 
      ( SELECT A."LINK"
        FROM      (SELECT * FROM houses_v2 WHERE "SNAP_DT" = 20200718) A
        LEFT JOIN (SELECT * FROM houses_v2 WHERE "SNAP_DT" > 20200718) B
        ON A."LINK" = B."LINK"
        WHERE b IS NULL);
2020-07-23 20:24:46: Connection Closed OK
2020-07-23 20:24:46: ETL_06_LOAD End: 2020-07-23 20:24:46.700787
2020-07-23 20:24:46: ETL_06_LOAD Total Execution Time: 10.127692699432373
2020-07-23 20:24:46: Processing Snapshot: 20200721
2020-07-23 20:24:46: ETL_00_COLLECT Start: 2020-07-23 20:24:46.705786
2020-07-23 20:24:46: Processing Source: portal inmobiliario
2020-07-23 20:24:48: ETL_00_COLLECT Output Files: D:\Reference\housemodel\data\T\ETL/20200721/ETL_00_COLLECT/portal inmobiliario.csv
2020-07-23 20:24:48: ETL_00_COLLECT End: 2020-07-23 20:24:48.262785
2020-07-23 20:24:48: ETL_00_COLLECT Total Execution Time: 1.5569982528686523
2020-07-23 20:24:48: ETL_00_COLLECT Creating stats files for portal inmobiliario
2020-07-23 20:24:48: 	Info:		D:\Reference\housemodel\stats\ETL/20200721/ETL_00_COLLECT/portal inmobiliario/info.txt
2020-07-23 20:24:48: 	Describe:	D:\Reference\housemodel\stats\ETL/20200721/ETL_00_COLLECT/portal inmobiliario/describe.csv
2020-07-23 20:24:48: 	Nulls:		D:\Reference\housemodel\stats\ETL/20200721/ETL_00_COLLECT/portal inmobiliario/nulls.txt
2020-07-23 20:24:48: 	Ceros:		D:\Reference\housemodel\stats\ETL/20200721/ETL_00_COLLECT/portal inmobiliario/ceros.txt
2020-07-23 20:24:48: ETL_01_BUILD Start: 2020-07-23 20:24:48.411787
2020-07-23 20:24:48: Processing Source: D:\Reference\housemodel\data\T\ETL/20200721/ETL_00_COLLECT/portal inmobiliario.csv
2020-07-23 20:24:50: ETL_01_BUILD End: 2020-07-23 20:24:50.574785
2020-07-23 20:24:50: ETL_01_BUILD Total Execution Time: 2.162998676300049
2020-07-23 20:24:50: ETL_01_BUILD Creating stats files for portal inmobiliario
2020-07-23 20:24:50: 	Info:		D:\Reference\housemodel\stats\ETL/20200721/ETL_01_BUILD/portal inmobiliario/info.txt
2020-07-23 20:24:50: 	Describe:	D:\Reference\housemodel\stats\ETL/20200721/ETL_01_BUILD/portal inmobiliario/describe.csv
2020-07-23 20:24:50: 	Nulls:		D:\Reference\housemodel\stats\ETL/20200721/ETL_01_BUILD/portal inmobiliario/nulls.txt
2020-07-23 20:24:50: 	Ceros:		D:\Reference\housemodel\stats\ETL/20200721/ETL_01_BUILD/portal inmobiliario/ceros.txt
2020-07-23 20:24:50: ETL_02_CLEAN Start: 2020-07-23 20:24:50.681794
2020-07-23 20:24:50: Processing Source: D:\Reference\housemodel\data\T\ETL/20200721/ETL_01_BUILD/portal inmobiliario.csv
2020-07-23 20:24:52: ETL_02_CLEAN End: 2020-07-23 20:24:52.250819
2020-07-23 20:24:52: ETL_02_CLEAN Total Execution Time: 1.5690250396728516
2020-07-23 20:24:52: ETL_02_CLEAN Creating stats files for portal inmobiliario
2020-07-23 20:24:52: 	Info:		D:\Reference\housemodel\stats\ETL/20200721/ETL_02_CLEAN/portal inmobiliario/info.txt
2020-07-23 20:24:52: 	Describe:	D:\Reference\housemodel\stats\ETL/20200721/ETL_02_CLEAN/portal inmobiliario/describe.csv
2020-07-23 20:24:52: 	Nulls:		D:\Reference\housemodel\stats\ETL/20200721/ETL_02_CLEAN/portal inmobiliario/nulls.txt
2020-07-23 20:24:52: 	Ceros:		D:\Reference\housemodel\stats\ETL/20200721/ETL_02_CLEAN/portal inmobiliario/ceros.txt
2020-07-23 20:24:52: ETL_03_FORMAT Start: 2020-07-23 20:24:52.443788
2020-07-23 20:24:52: Processing Source: D:\Reference\housemodel\data\T\ETL/20200721/ETL_02_CLEAN/portal inmobiliario.csv
2020-07-23 20:24:52: ETL_03_FORMAT End: 2020-07-23 20:24:52.554793
2020-07-23 20:24:52: ETL_03_FORMAT Total Execution Time: 0.11100435256958008
2020-07-23 20:24:52: ETL_03_FORMAT Creating stats files for portal inmobiliario
2020-07-23 20:24:52: 	Info:		D:\Reference\housemodel\stats\ETL/20200721/ETL_03_FORMAT/portal inmobiliario/info.txt
2020-07-23 20:24:52: 	Describe:	D:\Reference\housemodel\stats\ETL/20200721/ETL_03_FORMAT/portal inmobiliario/describe.csv
2020-07-23 20:24:52: 	Nulls:		D:\Reference\housemodel\stats\ETL/20200721/ETL_03_FORMAT/portal inmobiliario/nulls.txt
2020-07-23 20:24:52: 	Ceros:		D:\Reference\housemodel\stats\ETL/20200721/ETL_03_FORMAT/portal inmobiliario/ceros.txt
2020-07-23 20:24:52: ETL_04_FILL Start: 2020-07-23 20:24:52.731282
2020-07-23 20:24:52: Processing Source: D:\Reference\housemodel\data\T\ETL/20200721/ETL_03_FORMAT/portal inmobiliario.csv
2020-07-23 20:24:52: ETL_04_FILL End: 2020-07-23 20:24:52.820280
2020-07-23 20:24:52: ETL_04_FILL Total Execution Time: 0.08899784088134766
2020-07-23 20:24:52: ETL_04_FILL Creating stats files for portal inmobiliario
2020-07-23 20:24:52: 	Info:		D:\Reference\housemodel\stats\ETL/20200721/ETL_04_FILL/portal inmobiliario/info.txt
2020-07-23 20:24:52: 	Describe:	D:\Reference\housemodel\stats\ETL/20200721/ETL_04_FILL/portal inmobiliario/describe.csv
2020-07-23 20:24:53: 	Nulls:		D:\Reference\housemodel\stats\ETL/20200721/ETL_04_FILL/portal inmobiliario/nulls.txt
2020-07-23 20:24:53: 	Ceros:		D:\Reference\housemodel\stats\ETL/20200721/ETL_04_FILL/portal inmobiliario/ceros.txt
2020-07-23 20:24:53: ETL_05_FEATURE_ENG Start: 2020-07-23 20:24:53.113281
2020-07-23 20:24:53: Processing Source: D:\Reference\housemodel\data\T\ETL/20200721/ETL_04_FILL/portal inmobiliario.csv
2020-07-23 20:25:03: ETL_05_FEATURE_ENG End: 2020-07-23 20:25:03.735313
2020-07-23 20:25:03: ETL_05_FEATURE_ENG Total Execution Time: 10.622031688690186
2020-07-23 20:25:03: ETL_05_FEATURE_ENG Creating stats files for portal inmobiliario
2020-07-23 20:25:03: 	Info:		D:\Reference\housemodel\stats\ETL/20200721/ETL_05_FEATURE_ENG/portal inmobiliario/info.txt
2020-07-23 20:25:03: 	Describe:	D:\Reference\housemodel\stats\ETL/20200721/ETL_05_FEATURE_ENG/portal inmobiliario/describe.csv
2020-07-23 20:25:03: 	Nulls:		D:\Reference\housemodel\stats\ETL/20200721/ETL_05_FEATURE_ENG/portal inmobiliario/nulls.txt
2020-07-23 20:25:03: 	Ceros:		D:\Reference\housemodel\stats\ETL/20200721/ETL_05_FEATURE_ENG/portal inmobiliario/ceros.txt
2020-07-23 20:25:03: ETL_06_LOAD Start: 2020-07-23 20:25:03.853314
2020-07-23 20:25:05: Connection Open OK
2020-07-23 20:25:05: houses_v2 table Exists
2020-07-23 20:25:05: Processing Source: D:\Reference\housemodel\data\T\ETL/20200721/ETL_05_FEATURE_ENG/portal inmobiliario.csv
2020-07-23 20:25:05: loadCsv input: D:\Reference\housemodel\data\T\ETL/20200721/ETL_05_FEATURE_ENG/portal inmobiliario.csv
2020-07-23 20:25:13: updateSnap executing:  
    UPDATE houses_v2 
    SET "UPDATED_DT"=NOW(), "STAGE"='out' 
    WHERE "LINK" IN 
      ( SELECT A."LINK"
        FROM      (SELECT * FROM houses_v2 WHERE "SNAP_DT" = 20200721) A
        LEFT JOIN (SELECT * FROM houses_v2 WHERE "SNAP_DT" > 20200721) B
        ON A."LINK" = B."LINK"
        WHERE b IS NULL);
2020-07-23 20:25:13: Connection Closed OK
2020-07-23 20:25:13: ETL_06_LOAD End: 2020-07-23 20:25:13.942460
2020-07-23 20:25:13: ETL_06_LOAD Total Execution Time: 10.08914566040039
2020-07-23 20:25:13: Processing Snapshot: 20200723
2020-07-23 20:25:13: ETL_00_COLLECT Start: 2020-07-23 20:25:13.948478
2020-07-23 20:25:13: Processing Source: portal inmobiliario
2020-07-23 20:25:15: ETL_00_COLLECT Output Files: D:\Reference\housemodel\data\T\ETL/20200723/ETL_00_COLLECT/portal inmobiliario.csv
2020-07-23 20:25:15: ETL_00_COLLECT End: 2020-07-23 20:25:15.491460
2020-07-23 20:25:15: ETL_00_COLLECT Total Execution Time: 1.5429821014404297
2020-07-23 20:25:15: ETL_00_COLLECT Creating stats files for portal inmobiliario
2020-07-23 20:25:15: 	Info:		D:\Reference\housemodel\stats\ETL/20200723/ETL_00_COLLECT/portal inmobiliario/info.txt
2020-07-23 20:25:15: 	Describe:	D:\Reference\housemodel\stats\ETL/20200723/ETL_00_COLLECT/portal inmobiliario/describe.csv
2020-07-23 20:25:15: 	Nulls:		D:\Reference\housemodel\stats\ETL/20200723/ETL_00_COLLECT/portal inmobiliario/nulls.txt
2020-07-23 20:25:15: 	Ceros:		D:\Reference\housemodel\stats\ETL/20200723/ETL_00_COLLECT/portal inmobiliario/ceros.txt
2020-07-23 20:25:15: ETL_01_BUILD Start: 2020-07-23 20:25:15.618492
2020-07-23 20:25:15: Processing Source: D:\Reference\housemodel\data\T\ETL/20200723/ETL_00_COLLECT/portal inmobiliario.csv
2020-07-23 20:25:17: ETL_01_BUILD End: 2020-07-23 20:25:17.630496
2020-07-23 20:25:17: ETL_01_BUILD Total Execution Time: 2.012003183364868
2020-07-23 20:25:17: ETL_01_BUILD Creating stats files for portal inmobiliario
2020-07-23 20:25:17: 	Info:		D:\Reference\housemodel\stats\ETL/20200723/ETL_01_BUILD/portal inmobiliario/info.txt
2020-07-23 20:25:17: 	Describe:	D:\Reference\housemodel\stats\ETL/20200723/ETL_01_BUILD/portal inmobiliario/describe.csv
2020-07-23 20:25:17: 	Nulls:		D:\Reference\housemodel\stats\ETL/20200723/ETL_01_BUILD/portal inmobiliario/nulls.txt
2020-07-23 20:25:17: 	Ceros:		D:\Reference\housemodel\stats\ETL/20200723/ETL_01_BUILD/portal inmobiliario/ceros.txt
2020-07-23 20:25:17: ETL_02_CLEAN Start: 2020-07-23 20:25:17.717460
2020-07-23 20:25:17: Processing Source: D:\Reference\housemodel\data\T\ETL/20200723/ETL_01_BUILD/portal inmobiliario.csv
2020-07-23 20:25:19: ETL_02_CLEAN End: 2020-07-23 20:25:19.106494
2020-07-23 20:25:19: ETL_02_CLEAN Total Execution Time: 1.389033555984497
2020-07-23 20:25:19: ETL_02_CLEAN Creating stats files for portal inmobiliario
2020-07-23 20:25:19: 	Info:		D:\Reference\housemodel\stats\ETL/20200723/ETL_02_CLEAN/portal inmobiliario/info.txt
2020-07-23 20:25:19: 	Describe:	D:\Reference\housemodel\stats\ETL/20200723/ETL_02_CLEAN/portal inmobiliario/describe.csv
2020-07-23 20:25:19: 	Nulls:		D:\Reference\housemodel\stats\ETL/20200723/ETL_02_CLEAN/portal inmobiliario/nulls.txt
2020-07-23 20:25:19: 	Ceros:		D:\Reference\housemodel\stats\ETL/20200723/ETL_02_CLEAN/portal inmobiliario/ceros.txt
2020-07-23 20:25:19: ETL_03_FORMAT Start: 2020-07-23 20:25:19.200460
2020-07-23 20:25:19: Processing Source: D:\Reference\housemodel\data\T\ETL/20200723/ETL_02_CLEAN/portal inmobiliario.csv
2020-07-23 20:25:19: ETL_03_FORMAT End: 2020-07-23 20:25:19.289459
2020-07-23 20:25:19: ETL_03_FORMAT Total Execution Time: 0.08899879455566406
2020-07-23 20:25:19: ETL_03_FORMAT Creating stats files for portal inmobiliario
2020-07-23 20:25:19: 	Info:		D:\Reference\housemodel\stats\ETL/20200723/ETL_03_FORMAT/portal inmobiliario/info.txt
2020-07-23 20:25:19: 	Describe:	D:\Reference\housemodel\stats\ETL/20200723/ETL_03_FORMAT/portal inmobiliario/describe.csv
2020-07-23 20:25:19: 	Nulls:		D:\Reference\housemodel\stats\ETL/20200723/ETL_03_FORMAT/portal inmobiliario/nulls.txt
2020-07-23 20:25:19: 	Ceros:		D:\Reference\housemodel\stats\ETL/20200723/ETL_03_FORMAT/portal inmobiliario/ceros.txt
2020-07-23 20:25:19: ETL_04_FILL Start: 2020-07-23 20:25:19.378460
2020-07-23 20:25:19: Processing Source: D:\Reference\housemodel\data\T\ETL/20200723/ETL_03_FORMAT/portal inmobiliario.csv
2020-07-23 20:25:19: ETL_04_FILL End: 2020-07-23 20:25:19.429504
2020-07-23 20:25:19: ETL_04_FILL Total Execution Time: 0.05104422569274902
2020-07-23 20:25:19: ETL_04_FILL Creating stats files for portal inmobiliario
2020-07-23 20:25:19: 	Info:		D:\Reference\housemodel\stats\ETL/20200723/ETL_04_FILL/portal inmobiliario/info.txt
2020-07-23 20:25:19: 	Describe:	D:\Reference\housemodel\stats\ETL/20200723/ETL_04_FILL/portal inmobiliario/describe.csv
2020-07-23 20:25:19: 	Nulls:		D:\Reference\housemodel\stats\ETL/20200723/ETL_04_FILL/portal inmobiliario/nulls.txt
2020-07-23 20:25:19: 	Ceros:		D:\Reference\housemodel\stats\ETL/20200723/ETL_04_FILL/portal inmobiliario/ceros.txt
2020-07-23 20:25:19: ETL_05_FEATURE_ENG Start: 2020-07-23 20:25:19.515483
2020-07-23 20:25:19: Processing Source: D:\Reference\housemodel\data\T\ETL/20200723/ETL_04_FILL/portal inmobiliario.csv
2020-07-23 20:25:29: ETL_05_FEATURE_ENG End: 2020-07-23 20:25:29.549484
2020-07-23 20:25:29: ETL_05_FEATURE_ENG Total Execution Time: 10.034001111984253
2020-07-23 20:25:29: ETL_05_FEATURE_ENG Creating stats files for portal inmobiliario
2020-07-23 20:25:29: 	Info:		D:\Reference\housemodel\stats\ETL/20200723/ETL_05_FEATURE_ENG/portal inmobiliario/info.txt
2020-07-23 20:25:29: 	Describe:	D:\Reference\housemodel\stats\ETL/20200723/ETL_05_FEATURE_ENG/portal inmobiliario/describe.csv
2020-07-23 20:25:29: 	Nulls:		D:\Reference\housemodel\stats\ETL/20200723/ETL_05_FEATURE_ENG/portal inmobiliario/nulls.txt
2020-07-23 20:25:29: 	Ceros:		D:\Reference\housemodel\stats\ETL/20200723/ETL_05_FEATURE_ENG/portal inmobiliario/ceros.txt
2020-07-23 20:25:29: ETL_06_LOAD Start: 2020-07-23 20:25:29.688486
2020-07-23 20:25:31: Connection Open OK
2020-07-23 20:25:31: houses_v2 table Exists
2020-07-23 20:25:31: Processing Source: D:\Reference\housemodel\data\T\ETL/20200723/ETL_05_FEATURE_ENG/portal inmobiliario.csv
2020-07-23 20:25:31: loadCsv input: D:\Reference\housemodel\data\T\ETL/20200723/ETL_05_FEATURE_ENG/portal inmobiliario.csv
2020-07-23 20:25:40: Connection Closed OK
2020-07-23 20:25:40: ETL_06_LOAD End: 2020-07-23 20:25:40.293220
2020-07-23 20:25:40: ETL_06_LOAD Total Execution Time: 10.604733228683472
2020-07-23 20:25:40: ETL End: 2020-07-23 20:25:40.295221
2020-07-23 20:25:40: ETL Total Execution Time: 78.91012859344482
