2020-07-23 20:32:02: ETL Start: 2020-07-23 20:32:02.394896
2020-07-23 20:32:02: Available Snapshots: 20200707 20200718 20200721 20200723
2020-07-23 20:32:02: Processing Snapshot: 20200718
2020-07-23 20:32:02: ETL_00_COLLECT Start: 2020-07-23 20:32:02.405898
2020-07-23 20:32:02: Processing Source: portal inmobiliario
2020-07-23 20:32:03: ETL_00_COLLECT Output Files: D:\Reference\housemodel\data\T\ETL/20200718/ETL_00_COLLECT/portal inmobiliario.csv
2020-07-23 20:32:03: ETL_00_COLLECT End: 2020-07-23 20:32:03.977898
2020-07-23 20:32:03: ETL_00_COLLECT Total Execution Time: 1.5719993114471436
2020-07-23 20:32:04: ETL_00_COLLECT Creating stats files for portal inmobiliario
2020-07-23 20:32:04: 	Info:		D:\Reference\housemodel\stats\ETL/20200718/ETL_00_COLLECT/portal inmobiliario/info.txt
2020-07-23 20:32:04: 	Describe:	D:\Reference\housemodel\stats\ETL/20200718/ETL_00_COLLECT/portal inmobiliario/describe.csv
2020-07-23 20:32:04: 	Nulls:		D:\Reference\housemodel\stats\ETL/20200718/ETL_00_COLLECT/portal inmobiliario/nulls.txt
2020-07-23 20:32:04: 	Ceros:		D:\Reference\housemodel\stats\ETL/20200718/ETL_00_COLLECT/portal inmobiliario/ceros.txt
2020-07-23 20:32:04: ETL_01_BUILD Start: 2020-07-23 20:32:04.813836
2020-07-23 20:32:04: Processing Source: D:\Reference\housemodel\data\T\ETL/20200718/ETL_00_COLLECT/portal inmobiliario.csv
2020-07-23 20:32:06: ETL_01_BUILD End: 2020-07-23 20:32:06.926859
2020-07-23 20:32:06: ETL_01_BUILD Total Execution Time: 2.113022804260254
2020-07-23 20:32:06: ETL_01_BUILD Creating stats files for portal inmobiliario
2020-07-23 20:32:06: 	Info:		D:\Reference\housemodel\stats\ETL/20200718/ETL_01_BUILD/portal inmobiliario/info.txt
2020-07-23 20:32:07: 	Describe:	D:\Reference\housemodel\stats\ETL/20200718/ETL_01_BUILD/portal inmobiliario/describe.csv
2020-07-23 20:32:07: 	Nulls:		D:\Reference\housemodel\stats\ETL/20200718/ETL_01_BUILD/portal inmobiliario/nulls.txt
2020-07-23 20:32:07: 	Ceros:		D:\Reference\housemodel\stats\ETL/20200718/ETL_01_BUILD/portal inmobiliario/ceros.txt
2020-07-23 20:32:07: ETL_02_CLEAN Start: 2020-07-23 20:32:07.971804
2020-07-23 20:32:07: Processing Source: D:\Reference\housemodel\data\T\ETL/20200718/ETL_01_BUILD/portal inmobiliario.csv
2020-07-23 20:32:09: ETL_02_CLEAN End: 2020-07-23 20:32:09.361848
2020-07-23 20:32:09: ETL_02_CLEAN Total Execution Time: 1.3900434970855713
2020-07-23 20:32:09: ETL_02_CLEAN Creating stats files for portal inmobiliario
2020-07-23 20:32:09: 	Info:		D:\Reference\housemodel\stats\ETL/20200718/ETL_02_CLEAN/portal inmobiliario/info.txt
2020-07-23 20:32:09: 	Describe:	D:\Reference\housemodel\stats\ETL/20200718/ETL_02_CLEAN/portal inmobiliario/describe.csv
2020-07-23 20:32:09: 	Nulls:		D:\Reference\housemodel\stats\ETL/20200718/ETL_02_CLEAN/portal inmobiliario/nulls.txt
2020-07-23 20:32:09: 	Ceros:		D:\Reference\housemodel\stats\ETL/20200718/ETL_02_CLEAN/portal inmobiliario/ceros.txt
2020-07-23 20:32:10: ETL_03_FORMAT Start: 2020-07-23 20:32:10.501504
2020-07-23 20:32:10: Processing Source: D:\Reference\housemodel\data\T\ETL/20200718/ETL_02_CLEAN/portal inmobiliario.csv
2020-07-23 20:32:10: ETL_03_FORMAT End: 2020-07-23 20:32:10.588504
2020-07-23 20:32:10: ETL_03_FORMAT Total Execution Time: 0.08699989318847656
2020-07-23 20:32:10: ETL_03_FORMAT Creating stats files for portal inmobiliario
2020-07-23 20:32:10: 	Info:		D:\Reference\housemodel\stats\ETL/20200718/ETL_03_FORMAT/portal inmobiliario/info.txt
2020-07-23 20:32:10: 	Describe:	D:\Reference\housemodel\stats\ETL/20200718/ETL_03_FORMAT/portal inmobiliario/describe.csv
2020-07-23 20:32:10: 	Nulls:		D:\Reference\housemodel\stats\ETL/20200718/ETL_03_FORMAT/portal inmobiliario/nulls.txt
2020-07-23 20:32:10: 	Ceros:		D:\Reference\housemodel\stats\ETL/20200718/ETL_03_FORMAT/portal inmobiliario/ceros.txt
2020-07-23 20:32:12: ETL_04_FILL Start: 2020-07-23 20:32:12.122099
2020-07-23 20:32:12: Processing Source: D:\Reference\housemodel\data\T\ETL/20200718/ETL_03_FORMAT/portal inmobiliario.csv
2020-07-23 20:32:12: ETL_04_FILL End: 2020-07-23 20:32:12.177105
2020-07-23 20:32:12: ETL_04_FILL Total Execution Time: 0.05500602722167969
2020-07-23 20:32:12: ETL_04_FILL Creating stats files for portal inmobiliario
2020-07-23 20:32:12: 	Info:		D:\Reference\housemodel\stats\ETL/20200718/ETL_04_FILL/portal inmobiliario/info.txt
2020-07-23 20:32:12: 	Describe:	D:\Reference\housemodel\stats\ETL/20200718/ETL_04_FILL/portal inmobiliario/describe.csv
2020-07-23 20:32:12: 	Nulls:		D:\Reference\housemodel\stats\ETL/20200718/ETL_04_FILL/portal inmobiliario/nulls.txt
2020-07-23 20:32:12: 	Ceros:		D:\Reference\housemodel\stats\ETL/20200718/ETL_04_FILL/portal inmobiliario/ceros.txt
2020-07-23 20:32:12: ETL_05_FEATURE_ENG Start: 2020-07-23 20:32:12.748788
2020-07-23 20:32:12: Processing Source: D:\Reference\housemodel\data\T\ETL/20200718/ETL_04_FILL/portal inmobiliario.csv
2020-07-23 20:32:22: ETL_05_FEATURE_ENG End: 2020-07-23 20:32:22.527832
2020-07-23 20:32:22: ETL_05_FEATURE_ENG Total Execution Time: 9.779044389724731
2020-07-23 20:32:22: ETL_05_FEATURE_ENG Creating stats files for portal inmobiliario
2020-07-23 20:32:22: 	Info:		D:\Reference\housemodel\stats\ETL/20200718/ETL_05_FEATURE_ENG/portal inmobiliario/info.txt
2020-07-23 20:32:22: 	Describe:	D:\Reference\housemodel\stats\ETL/20200718/ETL_05_FEATURE_ENG/portal inmobiliario/describe.csv
2020-07-23 20:32:22: 	Nulls:		D:\Reference\housemodel\stats\ETL/20200718/ETL_05_FEATURE_ENG/portal inmobiliario/nulls.txt
2020-07-23 20:32:22: 	Ceros:		D:\Reference\housemodel\stats\ETL/20200718/ETL_05_FEATURE_ENG/portal inmobiliario/ceros.txt
2020-07-23 20:32:23: ETL_06_LOAD Start: 2020-07-23 20:32:23.976429
2020-07-23 20:32:25: Connection Open OK
2020-07-23 20:32:25: houses_v2 table Exists
2020-07-23 20:32:25: Processing Source: D:\Reference\housemodel\data\T\ETL/20200718/ETL_05_FEATURE_ENG/portal inmobiliario.csv
2020-07-23 20:32:26: loadCsv input: D:\Reference\housemodel\data\T\ETL/20200718/ETL_05_FEATURE_ENG/portal inmobiliario.csv
2020-07-23 20:32:34: updateSnap executing:  
    UPDATE houses_v2 
    SET "UPDATED_DT"=NOW(), "STAGE"='out' 
    WHERE "LINK" IN 
      ( SELECT A."LINK"
        FROM      (SELECT * FROM houses_v2 WHERE "SNAP_DT" = 20200718) A
        LEFT JOIN (SELECT * FROM houses_v2 WHERE "SNAP_DT" > 20200718) B
        ON A."LINK" = B."LINK"
        WHERE b IS NULL);
2020-07-23 20:32:34: Connection Closed OK
2020-07-23 20:32:34: ETL_06_LOAD End: 2020-07-23 20:32:34.204505
2020-07-23 20:32:34: ETL_06_LOAD Total Execution Time: 10.228075981140137
