2020-07-23 20:35:50: ETL Start: 2020-07-23 20:35:50.767689
2020-07-23 20:35:50: Available Snapshots: 20200707 20200718 20200721 20200723
2020-07-23 20:35:50: Processing Snapshot: 20200718
2020-07-23 20:35:50: ETL_00_COLLECT Start: 2020-07-23 20:35:50.780710
2020-07-23 20:35:50: Processing Source: portal inmobiliario
2020-07-23 20:35:52: ETL_00_COLLECT Output Files: D:\Reference\housemodel\data\T\ETL/20200718/ETL_00_COLLECT/portal inmobiliario.csv
2020-07-23 20:35:52: ETL_00_COLLECT End: 2020-07-23 20:35:52.437677
2020-07-23 20:35:52: ETL_00_COLLECT Total Execution Time: 1.6569671630859375
2020-07-23 20:35:52: ETL_00_COLLECT Creating stats files for portal inmobiliario
2020-07-23 20:35:52: 	Info:		D:\Reference\housemodel\stats\ETL/20200718/ETL_00_COLLECT/portal inmobiliario/info.txt
2020-07-23 20:35:52: 	Describe:	D:\Reference\housemodel\stats\ETL/20200718/ETL_00_COLLECT/portal inmobiliario/describe.csv
2020-07-23 20:35:52: 	Nulls:		D:\Reference\housemodel\stats\ETL/20200718/ETL_00_COLLECT/portal inmobiliario/nulls.txt
2020-07-23 20:35:52: 	Ceros:		D:\Reference\housemodel\stats\ETL/20200718/ETL_00_COLLECT/portal inmobiliario/ceros.txt
2020-07-23 20:35:52: ETL_01_BUILD Start: 2020-07-23 20:35:52.572684
2020-07-23 20:35:52: Processing Source: D:\Reference\housemodel\data\T\ETL/20200718/ETL_00_COLLECT/portal inmobiliario.csv
2020-07-23 20:35:54: ETL_01_BUILD End: 2020-07-23 20:35:54.665676
2020-07-23 20:35:54: ETL_01_BUILD Total Execution Time: 2.092991828918457
2020-07-23 20:35:54: ETL_01_BUILD Creating stats files for portal inmobiliario
2020-07-23 20:35:54: 	Info:		D:\Reference\housemodel\stats\ETL/20200718/ETL_01_BUILD/portal inmobiliario/info.txt
2020-07-23 20:35:54: 	Describe:	D:\Reference\housemodel\stats\ETL/20200718/ETL_01_BUILD/portal inmobiliario/describe.csv
2020-07-23 20:35:54: 	Nulls:		D:\Reference\housemodel\stats\ETL/20200718/ETL_01_BUILD/portal inmobiliario/nulls.txt
2020-07-23 20:35:54: 	Ceros:		D:\Reference\housemodel\stats\ETL/20200718/ETL_01_BUILD/portal inmobiliario/ceros.txt
2020-07-23 20:35:54: ETL_02_CLEAN Start: 2020-07-23 20:35:54.765674
2020-07-23 20:35:54: Processing Source: D:\Reference\housemodel\data\T\ETL/20200718/ETL_01_BUILD/portal inmobiliario.csv
2020-07-23 20:35:56: ETL_02_CLEAN End: 2020-07-23 20:35:56.220711
2020-07-23 20:35:56: ETL_02_CLEAN Total Execution Time: 1.4550371170043945
2020-07-23 20:35:56: ETL_02_CLEAN Creating stats files for portal inmobiliario
2020-07-23 20:35:56: 	Info:		D:\Reference\housemodel\stats\ETL/20200718/ETL_02_CLEAN/portal inmobiliario/info.txt
2020-07-23 20:35:56: 	Describe:	D:\Reference\housemodel\stats\ETL/20200718/ETL_02_CLEAN/portal inmobiliario/describe.csv
2020-07-23 20:35:56: 	Nulls:		D:\Reference\housemodel\stats\ETL/20200718/ETL_02_CLEAN/portal inmobiliario/nulls.txt
2020-07-23 20:35:56: 	Ceros:		D:\Reference\housemodel\stats\ETL/20200718/ETL_02_CLEAN/portal inmobiliario/ceros.txt
2020-07-23 20:35:56: ETL_03_FORMAT Start: 2020-07-23 20:35:56.307710
2020-07-23 20:35:56: Processing Source: D:\Reference\housemodel\data\T\ETL/20200718/ETL_02_CLEAN/portal inmobiliario.csv
2020-07-23 20:35:56: ETL_03_FORMAT End: 2020-07-23 20:35:56.397676
2020-07-23 20:35:56: ETL_03_FORMAT Total Execution Time: 0.0899660587310791
2020-07-23 20:35:56: ETL_03_FORMAT Creating stats files for portal inmobiliario
2020-07-23 20:35:56: 	Info:		D:\Reference\housemodel\stats\ETL/20200718/ETL_03_FORMAT/portal inmobiliario/info.txt
2020-07-23 20:35:56: 	Describe:	D:\Reference\housemodel\stats\ETL/20200718/ETL_03_FORMAT/portal inmobiliario/describe.csv
2020-07-23 20:35:56: 	Nulls:		D:\Reference\housemodel\stats\ETL/20200718/ETL_03_FORMAT/portal inmobiliario/nulls.txt
2020-07-23 20:35:56: 	Ceros:		D:\Reference\housemodel\stats\ETL/20200718/ETL_03_FORMAT/portal inmobiliario/ceros.txt
2020-07-23 20:35:56: ETL_04_FILL Start: 2020-07-23 20:35:56.487675
2020-07-23 20:35:56: Processing Source: D:\Reference\housemodel\data\T\ETL/20200718/ETL_03_FORMAT/portal inmobiliario.csv
2020-07-23 20:35:56: ETL_04_FILL End: 2020-07-23 20:35:56.540711
2020-07-23 20:35:56: ETL_04_FILL Total Execution Time: 0.05303525924682617
2020-07-23 20:35:56: ETL_04_FILL Creating stats files for portal inmobiliario
2020-07-23 20:35:56: 	Info:		D:\Reference\housemodel\stats\ETL/20200718/ETL_04_FILL/portal inmobiliario/info.txt
2020-07-23 20:35:56: 	Describe:	D:\Reference\housemodel\stats\ETL/20200718/ETL_04_FILL/portal inmobiliario/describe.csv
2020-07-23 20:35:56: 	Nulls:		D:\Reference\housemodel\stats\ETL/20200718/ETL_04_FILL/portal inmobiliario/nulls.txt
2020-07-23 20:35:56: 	Ceros:		D:\Reference\housemodel\stats\ETL/20200718/ETL_04_FILL/portal inmobiliario/ceros.txt
2020-07-23 20:35:56: ETL_05_FEATURE_ENG Start: 2020-07-23 20:35:56.626702
2020-07-23 20:35:56: Processing Source: D:\Reference\housemodel\data\T\ETL/20200718/ETL_04_FILL/portal inmobiliario.csv
2020-07-23 20:36:06: ETL_05_FEATURE_ENG End: 2020-07-23 20:36:06.340674
2020-07-23 20:36:06: ETL_05_FEATURE_ENG Total Execution Time: 9.713972568511963
2020-07-23 20:36:06: ETL_05_FEATURE_ENG Creating stats files for portal inmobiliario
2020-07-23 20:36:06: 	Info:		D:\Reference\housemodel\stats\ETL/20200718/ETL_05_FEATURE_ENG/portal inmobiliario/info.txt
2020-07-23 20:36:06: 	Describe:	D:\Reference\housemodel\stats\ETL/20200718/ETL_05_FEATURE_ENG/portal inmobiliario/describe.csv
2020-07-23 20:36:06: 	Nulls:		D:\Reference\housemodel\stats\ETL/20200718/ETL_05_FEATURE_ENG/portal inmobiliario/nulls.txt
2020-07-23 20:36:06: 	Ceros:		D:\Reference\housemodel\stats\ETL/20200718/ETL_05_FEATURE_ENG/portal inmobiliario/ceros.txt
2020-07-23 20:36:06: ETL_06_LOAD Start: 2020-07-23 20:36:06.450674
2020-07-23 20:36:08: Connection Open OK
2020-07-23 20:36:08: houses_v2 table Exists
2020-07-23 20:36:08: Processing Source: D:\Reference\housemodel\data\T\ETL/20200718/ETL_05_FEATURE_ENG/portal inmobiliario.csv
2020-07-23 20:36:08: loadCsv input: D:\Reference\housemodel\data\T\ETL/20200718/ETL_05_FEATURE_ENG/portal inmobiliario.csv
2020-07-23 20:36:16: updateSnap executing:  
    UPDATE houses_v2 
    SET "UPDATED_DT"=NOW(), "STAGE"='out' 
    WHERE "LINK" IN 
      ( SELECT A."LINK"
        FROM      (SELECT * FROM houses_v2 WHERE "SNAP_DT" < 20200718) A
        LEFT JOIN (SELECT * FROM houses_v2 WHERE "SNAP_DT" = 20200718) B
        ON A."LINK" = B."LINK"
        WHERE b IS NULL);
2020-07-23 20:36:16: Connection Closed OK
2020-07-23 20:36:16: ETL_06_LOAD End: 2020-07-23 20:36:16.207267
2020-07-23 20:36:16: ETL_06_LOAD Total Execution Time: 9.756593227386475
2020-07-23 20:36:16: Processing Snapshot: 20200721
2020-07-23 20:36:16: ETL_00_COLLECT Start: 2020-07-23 20:36:16.213268
2020-07-23 20:36:16: Processing Source: portal inmobiliario
2020-07-23 20:36:17: ETL_00_COLLECT Output Files: D:\Reference\housemodel\data\T\ETL/20200721/ETL_00_COLLECT/portal inmobiliario.csv
2020-07-23 20:36:17: ETL_00_COLLECT End: 2020-07-23 20:36:17.710264
2020-07-23 20:36:17: ETL_00_COLLECT Total Execution Time: 1.4969956874847412
2020-07-23 20:36:17: ETL_00_COLLECT Creating stats files for portal inmobiliario
2020-07-23 20:36:17: 	Info:		D:\Reference\housemodel\stats\ETL/20200721/ETL_00_COLLECT/portal inmobiliario/info.txt
2020-07-23 20:36:17: 	Describe:	D:\Reference\housemodel\stats\ETL/20200721/ETL_00_COLLECT/portal inmobiliario/describe.csv
2020-07-23 20:36:17: 	Nulls:		D:\Reference\housemodel\stats\ETL/20200721/ETL_00_COLLECT/portal inmobiliario/nulls.txt
2020-07-23 20:36:17: 	Ceros:		D:\Reference\housemodel\stats\ETL/20200721/ETL_00_COLLECT/portal inmobiliario/ceros.txt
2020-07-23 20:36:17: ETL_01_BUILD Start: 2020-07-23 20:36:17.838267
2020-07-23 20:36:17: Processing Source: D:\Reference\housemodel\data\T\ETL/20200721/ETL_00_COLLECT/portal inmobiliario.csv
2020-07-23 20:36:19: ETL_01_BUILD End: 2020-07-23 20:36:19.893265
2020-07-23 20:36:19: ETL_01_BUILD Total Execution Time: 2.0549983978271484
2020-07-23 20:36:19: ETL_01_BUILD Creating stats files for portal inmobiliario
2020-07-23 20:36:19: 	Info:		D:\Reference\housemodel\stats\ETL/20200721/ETL_01_BUILD/portal inmobiliario/info.txt
2020-07-23 20:36:19: 	Describe:	D:\Reference\housemodel\stats\ETL/20200721/ETL_01_BUILD/portal inmobiliario/describe.csv
2020-07-23 20:36:19: 	Nulls:		D:\Reference\housemodel\stats\ETL/20200721/ETL_01_BUILD/portal inmobiliario/nulls.txt
2020-07-23 20:36:19: 	Ceros:		D:\Reference\housemodel\stats\ETL/20200721/ETL_01_BUILD/portal inmobiliario/ceros.txt
2020-07-23 20:36:19: ETL_02_CLEAN Start: 2020-07-23 20:36:19.983265
2020-07-23 20:36:19: Processing Source: D:\Reference\housemodel\data\T\ETL/20200721/ETL_01_BUILD/portal inmobiliario.csv
2020-07-23 20:36:21: ETL_02_CLEAN End: 2020-07-23 20:36:21.376299
2020-07-23 20:36:21: ETL_02_CLEAN Total Execution Time: 1.3930342197418213
2020-07-23 20:36:21: ETL_02_CLEAN Creating stats files for portal inmobiliario
2020-07-23 20:36:21: 	Info:		D:\Reference\housemodel\stats\ETL/20200721/ETL_02_CLEAN/portal inmobiliario/info.txt
2020-07-23 20:36:21: 	Describe:	D:\Reference\housemodel\stats\ETL/20200721/ETL_02_CLEAN/portal inmobiliario/describe.csv
2020-07-23 20:36:21: 	Nulls:		D:\Reference\housemodel\stats\ETL/20200721/ETL_02_CLEAN/portal inmobiliario/nulls.txt
2020-07-23 20:36:21: 	Ceros:		D:\Reference\housemodel\stats\ETL/20200721/ETL_02_CLEAN/portal inmobiliario/ceros.txt
2020-07-23 20:36:21: ETL_03_FORMAT Start: 2020-07-23 20:36:21.467263
2020-07-23 20:36:21: Processing Source: D:\Reference\housemodel\data\T\ETL/20200721/ETL_02_CLEAN/portal inmobiliario.csv
2020-07-23 20:36:21: ETL_03_FORMAT End: 2020-07-23 20:36:21.555266
2020-07-23 20:36:21: ETL_03_FORMAT Total Execution Time: 0.08800244331359863
2020-07-23 20:36:21: ETL_03_FORMAT Creating stats files for portal inmobiliario
2020-07-23 20:36:21: 	Info:		D:\Reference\housemodel\stats\ETL/20200721/ETL_03_FORMAT/portal inmobiliario/info.txt
2020-07-23 20:36:21: 	Describe:	D:\Reference\housemodel\stats\ETL/20200721/ETL_03_FORMAT/portal inmobiliario/describe.csv
2020-07-23 20:36:21: 	Nulls:		D:\Reference\housemodel\stats\ETL/20200721/ETL_03_FORMAT/portal inmobiliario/nulls.txt
2020-07-23 20:36:21: 	Ceros:		D:\Reference\housemodel\stats\ETL/20200721/ETL_03_FORMAT/portal inmobiliario/ceros.txt
2020-07-23 20:36:21: ETL_04_FILL Start: 2020-07-23 20:36:21.640265
2020-07-23 20:36:21: Processing Source: D:\Reference\housemodel\data\T\ETL/20200721/ETL_03_FORMAT/portal inmobiliario.csv
2020-07-23 20:36:21: ETL_04_FILL End: 2020-07-23 20:36:21.692265
2020-07-23 20:36:21: ETL_04_FILL Total Execution Time: 0.05200004577636719
2020-07-23 20:36:21: ETL_04_FILL Creating stats files for portal inmobiliario
2020-07-23 20:36:21: 	Info:		D:\Reference\housemodel\stats\ETL/20200721/ETL_04_FILL/portal inmobiliario/info.txt
2020-07-23 20:36:21: 	Describe:	D:\Reference\housemodel\stats\ETL/20200721/ETL_04_FILL/portal inmobiliario/describe.csv
2020-07-23 20:36:21: 	Nulls:		D:\Reference\housemodel\stats\ETL/20200721/ETL_04_FILL/portal inmobiliario/nulls.txt
2020-07-23 20:36:21: 	Ceros:		D:\Reference\housemodel\stats\ETL/20200721/ETL_04_FILL/portal inmobiliario/ceros.txt
2020-07-23 20:36:21: ETL_05_FEATURE_ENG Start: 2020-07-23 20:36:21.778266
2020-07-23 20:36:21: Processing Source: D:\Reference\housemodel\data\T\ETL/20200721/ETL_04_FILL/portal inmobiliario.csv
2020-07-23 20:36:31: ETL_05_FEATURE_ENG End: 2020-07-23 20:36:31.198297
2020-07-23 20:36:31: ETL_05_FEATURE_ENG Total Execution Time: 9.420031070709229
2020-07-23 20:36:31: ETL_05_FEATURE_ENG Creating stats files for portal inmobiliario
2020-07-23 20:36:31: 	Info:		D:\Reference\housemodel\stats\ETL/20200721/ETL_05_FEATURE_ENG/portal inmobiliario/info.txt
2020-07-23 20:36:31: 	Describe:	D:\Reference\housemodel\stats\ETL/20200721/ETL_05_FEATURE_ENG/portal inmobiliario/describe.csv
2020-07-23 20:36:31: 	Nulls:		D:\Reference\housemodel\stats\ETL/20200721/ETL_05_FEATURE_ENG/portal inmobiliario/nulls.txt
2020-07-23 20:36:31: 	Ceros:		D:\Reference\housemodel\stats\ETL/20200721/ETL_05_FEATURE_ENG/portal inmobiliario/ceros.txt
2020-07-23 20:36:31: ETL_06_LOAD Start: 2020-07-23 20:36:31.304266
2020-07-23 20:36:33: Connection Open OK
2020-07-23 20:36:33: houses_v2 table Exists
2020-07-23 20:36:33: Processing Source: D:\Reference\housemodel\data\T\ETL/20200721/ETL_05_FEATURE_ENG/portal inmobiliario.csv
2020-07-23 20:36:33: loadCsv input: D:\Reference\housemodel\data\T\ETL/20200721/ETL_05_FEATURE_ENG/portal inmobiliario.csv
2020-07-23 20:36:42: updateSnap executing:  
    UPDATE houses_v2 
    SET "UPDATED_DT"=NOW(), "STAGE"='out' 
    WHERE "LINK" IN 
      ( SELECT A."LINK"
        FROM      (SELECT * FROM houses_v2 WHERE "SNAP_DT" < 20200721) A
        LEFT JOIN (SELECT * FROM houses_v2 WHERE "SNAP_DT" = 20200721) B
        ON A."LINK" = B."LINK"
        WHERE b IS NULL);
2020-07-23 20:36:42: Connection Closed OK
2020-07-23 20:36:42: ETL_06_LOAD End: 2020-07-23 20:36:42.308234
2020-07-23 20:36:42: ETL_06_LOAD Total Execution Time: 11.003968000411987
2020-07-23 20:36:42: Processing Snapshot: 20200723
2020-07-23 20:36:42: ETL_00_COLLECT Start: 2020-07-23 20:36:42.310236
2020-07-23 20:36:42: Processing Source: portal inmobiliario
2020-07-23 20:36:43: ETL_00_COLLECT Output Files: D:\Reference\housemodel\data\T\ETL/20200723/ETL_00_COLLECT/portal inmobiliario.csv
2020-07-23 20:36:43: ETL_00_COLLECT End: 2020-07-23 20:36:43.869236
2020-07-23 20:36:43: ETL_00_COLLECT Total Execution Time: 1.5590002536773682
2020-07-23 20:36:43: ETL_00_COLLECT Creating stats files for portal inmobiliario
2020-07-23 20:36:43: 	Info:		D:\Reference\housemodel\stats\ETL/20200723/ETL_00_COLLECT/portal inmobiliario/info.txt
2020-07-23 20:36:43: 	Describe:	D:\Reference\housemodel\stats\ETL/20200723/ETL_00_COLLECT/portal inmobiliario/describe.csv
2020-07-23 20:36:43: 	Nulls:		D:\Reference\housemodel\stats\ETL/20200723/ETL_00_COLLECT/portal inmobiliario/nulls.txt
2020-07-23 20:36:43: 	Ceros:		D:\Reference\housemodel\stats\ETL/20200723/ETL_00_COLLECT/portal inmobiliario/ceros.txt
2020-07-23 20:36:44: ETL_01_BUILD Start: 2020-07-23 20:36:44.000280
2020-07-23 20:36:44: Processing Source: D:\Reference\housemodel\data\T\ETL/20200723/ETL_00_COLLECT/portal inmobiliario.csv
2020-07-23 20:36:46: ETL_01_BUILD End: 2020-07-23 20:36:46.057278
2020-07-23 20:36:46: ETL_01_BUILD Total Execution Time: 2.056997776031494
2020-07-23 20:36:46: ETL_01_BUILD Creating stats files for portal inmobiliario
2020-07-23 20:36:46: 	Info:		D:\Reference\housemodel\stats\ETL/20200723/ETL_01_BUILD/portal inmobiliario/info.txt
2020-07-23 20:36:46: 	Describe:	D:\Reference\housemodel\stats\ETL/20200723/ETL_01_BUILD/portal inmobiliario/describe.csv
2020-07-23 20:36:46: 	Nulls:		D:\Reference\housemodel\stats\ETL/20200723/ETL_01_BUILD/portal inmobiliario/nulls.txt
2020-07-23 20:36:46: 	Ceros:		D:\Reference\housemodel\stats\ETL/20200723/ETL_01_BUILD/portal inmobiliario/ceros.txt
2020-07-23 20:36:46: ETL_02_CLEAN Start: 2020-07-23 20:36:46.146236
2020-07-23 20:36:46: Processing Source: D:\Reference\housemodel\data\T\ETL/20200723/ETL_01_BUILD/portal inmobiliario.csv
2020-07-23 20:36:47: ETL_02_CLEAN End: 2020-07-23 20:36:47.549267
2020-07-23 20:36:47: ETL_02_CLEAN Total Execution Time: 1.4030308723449707
2020-07-23 20:36:47: ETL_02_CLEAN Creating stats files for portal inmobiliario
2020-07-23 20:36:47: 	Info:		D:\Reference\housemodel\stats\ETL/20200723/ETL_02_CLEAN/portal inmobiliario/info.txt
2020-07-23 20:36:47: 	Describe:	D:\Reference\housemodel\stats\ETL/20200723/ETL_02_CLEAN/portal inmobiliario/describe.csv
2020-07-23 20:36:47: 	Nulls:		D:\Reference\housemodel\stats\ETL/20200723/ETL_02_CLEAN/portal inmobiliario/nulls.txt
2020-07-23 20:36:47: 	Ceros:		D:\Reference\housemodel\stats\ETL/20200723/ETL_02_CLEAN/portal inmobiliario/ceros.txt
2020-07-23 20:36:47: ETL_03_FORMAT Start: 2020-07-23 20:36:47.639240
2020-07-23 20:36:47: Processing Source: D:\Reference\housemodel\data\T\ETL/20200723/ETL_02_CLEAN/portal inmobiliario.csv
2020-07-23 20:36:47: ETL_03_FORMAT End: 2020-07-23 20:36:47.736268
2020-07-23 20:36:47: ETL_03_FORMAT Total Execution Time: 0.09702777862548828
2020-07-23 20:36:47: ETL_03_FORMAT Creating stats files for portal inmobiliario
2020-07-23 20:36:47: 	Info:		D:\Reference\housemodel\stats\ETL/20200723/ETL_03_FORMAT/portal inmobiliario/info.txt
2020-07-23 20:36:47: 	Describe:	D:\Reference\housemodel\stats\ETL/20200723/ETL_03_FORMAT/portal inmobiliario/describe.csv
2020-07-23 20:36:47: 	Nulls:		D:\Reference\housemodel\stats\ETL/20200723/ETL_03_FORMAT/portal inmobiliario/nulls.txt
2020-07-23 20:36:47: 	Ceros:		D:\Reference\housemodel\stats\ETL/20200723/ETL_03_FORMAT/portal inmobiliario/ceros.txt
2020-07-23 20:36:47: ETL_04_FILL Start: 2020-07-23 20:36:47.822237
2020-07-23 20:36:47: Processing Source: D:\Reference\housemodel\data\T\ETL/20200723/ETL_03_FORMAT/portal inmobiliario.csv
2020-07-23 20:36:47: ETL_04_FILL End: 2020-07-23 20:36:47.874272
2020-07-23 20:36:47: ETL_04_FILL Total Execution Time: 0.05203533172607422
2020-07-23 20:36:47: ETL_04_FILL Creating stats files for portal inmobiliario
2020-07-23 20:36:47: 	Info:		D:\Reference\housemodel\stats\ETL/20200723/ETL_04_FILL/portal inmobiliario/info.txt
2020-07-23 20:36:47: 	Describe:	D:\Reference\housemodel\stats\ETL/20200723/ETL_04_FILL/portal inmobiliario/describe.csv
2020-07-23 20:36:47: 	Nulls:		D:\Reference\housemodel\stats\ETL/20200723/ETL_04_FILL/portal inmobiliario/nulls.txt
2020-07-23 20:36:47: 	Ceros:		D:\Reference\housemodel\stats\ETL/20200723/ETL_04_FILL/portal inmobiliario/ceros.txt
2020-07-23 20:36:47: ETL_05_FEATURE_ENG Start: 2020-07-23 20:36:47.960236
2020-07-23 20:36:47: Processing Source: D:\Reference\housemodel\data\T\ETL/20200723/ETL_04_FILL/portal inmobiliario.csv
2020-07-23 20:36:57: ETL_05_FEATURE_ENG End: 2020-07-23 20:36:57.513267
2020-07-23 20:36:57: ETL_05_FEATURE_ENG Total Execution Time: 9.553030967712402
2020-07-23 20:36:57: ETL_05_FEATURE_ENG Creating stats files for portal inmobiliario
2020-07-23 20:36:57: 	Info:		D:\Reference\housemodel\stats\ETL/20200723/ETL_05_FEATURE_ENG/portal inmobiliario/info.txt
2020-07-23 20:36:57: 	Describe:	D:\Reference\housemodel\stats\ETL/20200723/ETL_05_FEATURE_ENG/portal inmobiliario/describe.csv
2020-07-23 20:36:57: 	Nulls:		D:\Reference\housemodel\stats\ETL/20200723/ETL_05_FEATURE_ENG/portal inmobiliario/nulls.txt
2020-07-23 20:36:57: 	Ceros:		D:\Reference\housemodel\stats\ETL/20200723/ETL_05_FEATURE_ENG/portal inmobiliario/ceros.txt
2020-07-23 20:36:57: ETL_06_LOAD Start: 2020-07-23 20:36:57.626262
2020-07-23 20:36:59: Connection Open OK
2020-07-23 20:36:59: houses_v2 table Exists
2020-07-23 20:36:59: Processing Source: D:\Reference\housemodel\data\T\ETL/20200723/ETL_05_FEATURE_ENG/portal inmobiliario.csv
2020-07-23 20:36:59: loadCsv input: D:\Reference\housemodel\data\T\ETL/20200723/ETL_05_FEATURE_ENG/portal inmobiliario.csv
2020-07-23 20:37:08: Connection Closed OK
2020-07-23 20:37:08: ETL_06_LOAD End: 2020-07-23 20:37:08.218661
2020-07-23 20:37:08: ETL_06_LOAD Total Execution Time: 10.592398643493652
2020-07-23 20:37:08: ETL End: 2020-07-23 20:37:08.219664
2020-07-23 20:37:08: ETL Total Execution Time: 77.45197439193726
