2020-07-23 21:28:19: ETL Start: 2020-07-23 21:28:19.408971
2020-07-23 21:28:19: Available Snapshots: 20200707 20200718 20200721 20200723
2020-07-23 21:28:19: Processing Snapshot: 20200718
2020-07-23 21:28:19: ETL_00_COLLECT Start: 2020-07-23 21:28:19.424973
2020-07-23 21:28:19: Processing Source: portal inmobiliario
2020-07-23 21:28:21: ETL_00_COLLECT Output Files: D:/Reference/housemodel/data/ETL/T/python/20200718/ETL_00_COLLECT/portal inmobiliario.csv
2020-07-23 21:28:21: ETL_00_COLLECT End: 2020-07-23 21:28:21.158973
2020-07-23 21:28:21: ETL_00_COLLECT Total Execution Time: 1.7339999675750732
2020-07-23 21:28:21: ETL_00_COLLECT Creating stats files for portal inmobiliario
2020-07-23 21:28:21: 	Info:		D:/Reference/housemodel/stats/ETL/20200718/ETL_00_COLLECT/portal inmobiliario/info.txt
2020-07-23 21:28:21: 	Describe:	D:/Reference/housemodel/stats/ETL/20200718/ETL_00_COLLECT/portal inmobiliario/describe.csv
2020-07-23 21:28:21: 	Nulls:		D:/Reference/housemodel/stats/ETL/20200718/ETL_00_COLLECT/portal inmobiliario/nulls.txt
2020-07-23 21:28:21: 	Ceros:		D:/Reference/housemodel/stats/ETL/20200718/ETL_00_COLLECT/portal inmobiliario/ceros.txt
2020-07-23 21:28:21: ETL_01_BUILD Start: 2020-07-23 21:28:21.326998
2020-07-23 21:28:21: Processing Source: D:/Reference/housemodel/data/ETL/T/python/20200718/ETL_00_COLLECT/portal inmobiliario.csv
2020-07-23 21:28:23: ETL_01_BUILD End: 2020-07-23 21:28:23.503970
2020-07-23 21:28:23: ETL_01_BUILD Total Execution Time: 2.1769726276397705
2020-07-23 21:28:23: ETL_01_BUILD Creating stats files for portal inmobiliario
2020-07-23 21:28:23: 	Info:		D:/Reference/housemodel/stats/ETL/20200718/ETL_01_BUILD/portal inmobiliario/info.txt
2020-07-23 21:28:23: 	Describe:	D:/Reference/housemodel/stats/ETL/20200718/ETL_01_BUILD/portal inmobiliario/describe.csv
2020-07-23 21:28:23: 	Nulls:		D:/Reference/housemodel/stats/ETL/20200718/ETL_01_BUILD/portal inmobiliario/nulls.txt
2020-07-23 21:28:23: 	Ceros:		D:/Reference/housemodel/stats/ETL/20200718/ETL_01_BUILD/portal inmobiliario/ceros.txt
2020-07-23 21:28:23: ETL_02_CLEAN Start: 2020-07-23 21:28:23.625974
2020-07-23 21:28:23: Processing Source: D:/Reference/housemodel/data/ETL/T/python/20200718/ETL_01_BUILD/portal inmobiliario.csv
2020-07-23 21:28:25: ETL_02_CLEAN End: 2020-07-23 21:28:25.067972
2020-07-23 21:28:25: ETL_02_CLEAN Total Execution Time: 1.4419987201690674
2020-07-23 21:28:25: ETL_02_CLEAN Creating stats files for portal inmobiliario
2020-07-23 21:28:25: 	Info:		D:/Reference/housemodel/stats/ETL/20200718/ETL_02_CLEAN/portal inmobiliario/info.txt
2020-07-23 21:28:25: 	Describe:	D:/Reference/housemodel/stats/ETL/20200718/ETL_02_CLEAN/portal inmobiliario/describe.csv
2020-07-23 21:28:25: 	Nulls:		D:/Reference/housemodel/stats/ETL/20200718/ETL_02_CLEAN/portal inmobiliario/nulls.txt
2020-07-23 21:28:25: 	Ceros:		D:/Reference/housemodel/stats/ETL/20200718/ETL_02_CLEAN/portal inmobiliario/ceros.txt
2020-07-23 21:28:25: ETL_03_FORMAT Start: 2020-07-23 21:28:25.177978
2020-07-23 21:28:25: Processing Source: D:/Reference/housemodel/data/ETL/T/python/20200718/ETL_02_CLEAN/portal inmobiliario.csv
2020-07-23 21:28:25: ETL_03_FORMAT End: 2020-07-23 21:28:25.278972
2020-07-23 21:28:25: ETL_03_FORMAT Total Execution Time: 0.10099434852600098
2020-07-23 21:28:25: ETL_03_FORMAT Creating stats files for portal inmobiliario
2020-07-23 21:28:25: 	Info:		D:/Reference/housemodel/stats/ETL/20200718/ETL_03_FORMAT/portal inmobiliario/info.txt
2020-07-23 21:28:25: 	Describe:	D:/Reference/housemodel/stats/ETL/20200718/ETL_03_FORMAT/portal inmobiliario/describe.csv
2020-07-23 21:28:25: 	Nulls:		D:/Reference/housemodel/stats/ETL/20200718/ETL_03_FORMAT/portal inmobiliario/nulls.txt
2020-07-23 21:28:25: 	Ceros:		D:/Reference/housemodel/stats/ETL/20200718/ETL_03_FORMAT/portal inmobiliario/ceros.txt
2020-07-23 21:28:25: ETL_04_FILL Start: 2020-07-23 21:28:25.384970
2020-07-23 21:28:25: Processing Source: D:/Reference/housemodel/data/ETL/T/python/20200718/ETL_03_FORMAT/portal inmobiliario.csv
2020-07-23 21:28:25: ETL_04_FILL End: 2020-07-23 21:28:25.459008
2020-07-23 21:28:25: ETL_04_FILL Total Execution Time: 0.07403779029846191
2020-07-23 21:28:25: ETL_04_FILL Creating stats files for portal inmobiliario
2020-07-23 21:28:25: 	Info:		D:/Reference/housemodel/stats/ETL/20200718/ETL_04_FILL/portal inmobiliario/info.txt
2020-07-23 21:28:25: 	Describe:	D:/Reference/housemodel/stats/ETL/20200718/ETL_04_FILL/portal inmobiliario/describe.csv
2020-07-23 21:28:25: 	Nulls:		D:/Reference/housemodel/stats/ETL/20200718/ETL_04_FILL/portal inmobiliario/nulls.txt
2020-07-23 21:28:25: 	Ceros:		D:/Reference/housemodel/stats/ETL/20200718/ETL_04_FILL/portal inmobiliario/ceros.txt
2020-07-23 21:28:25: ETL_05_FEATURE_ENG Start: 2020-07-23 21:28:25.563972
2020-07-23 21:28:25: Processing Source: D:/Reference/housemodel/data/ETL/T/python/20200718/ETL_04_FILL/portal inmobiliario.csv
2020-07-23 21:28:35: ETL_05_FEATURE_ENG End: 2020-07-23 21:28:35.235002
2020-07-23 21:28:35: ETL_05_FEATURE_ENG Total Execution Time: 9.671029806137085
2020-07-23 21:28:35: ETL_05_FEATURE_ENG Creating stats files for portal inmobiliario
2020-07-23 21:28:35: 	Info:		D:/Reference/housemodel/stats/ETL/20200718/ETL_05_FEATURE_ENG/portal inmobiliario/info.txt
2020-07-23 21:28:35: 	Describe:	D:/Reference/housemodel/stats/ETL/20200718/ETL_05_FEATURE_ENG/portal inmobiliario/describe.csv
2020-07-23 21:28:35: 	Nulls:		D:/Reference/housemodel/stats/ETL/20200718/ETL_05_FEATURE_ENG/portal inmobiliario/nulls.txt
2020-07-23 21:28:35: 	Ceros:		D:/Reference/housemodel/stats/ETL/20200718/ETL_05_FEATURE_ENG/portal inmobiliario/ceros.txt
2020-07-23 21:28:35: ETL_06_LOAD Start: 2020-07-23 21:28:35.353971
2020-07-23 21:28:37: Connection Open OK
2020-07-23 21:28:38: houses_v2 table does not Exists
2020-07-23 21:28:38: Processing Source: D:/Reference/housemodel/data/ETL/T/python/20200718/ETL_05_FEATURE_ENG/portal inmobiliario.csv
2020-07-23 21:28:38: loadCsv input: D:/Reference/housemodel/data/ETL/T/python/20200718/ETL_05_FEATURE_ENG/portal inmobiliario.csv
2020-07-23 21:28:46: updateSnap executing:  
    UPDATE houses_v2 
    SET "UPDATED_DT"=NOW(), "STAGE"='out' 
    WHERE "LINK" IN 
      ( SELECT A."LINK"
        FROM      (SELECT * FROM houses_v2 WHERE "SNAP_DT" < 20200718) A
        LEFT JOIN (SELECT * FROM houses_v2 WHERE "SNAP_DT" = 20200718) B
        ON A."LINK" = B."LINK"
        WHERE b IS NULL);
2020-07-23 21:28:46: Connection Closed OK
2020-07-23 21:28:46: ETL_06_LOAD End: 2020-07-23 21:28:46.327198
2020-07-23 21:28:46: ETL_06_LOAD Total Execution Time: 10.973226547241211
2020-07-23 21:28:46: Processing Snapshot: 20200721
2020-07-23 21:28:46: ETL_00_COLLECT Start: 2020-07-23 21:28:46.332197
2020-07-23 21:28:46: Processing Source: portal inmobiliario
2020-07-23 21:28:47: ETL_00_COLLECT Output Files: D:/Reference/housemodel/data/ETL/T/python/20200721/ETL_00_COLLECT/portal inmobiliario.csv
2020-07-23 21:28:47: ETL_00_COLLECT End: 2020-07-23 21:28:47.862241
2020-07-23 21:28:47: ETL_00_COLLECT Total Execution Time: 1.5300443172454834
2020-07-23 21:28:47: ETL_00_COLLECT Creating stats files for portal inmobiliario
2020-07-23 21:28:47: 	Info:		D:/Reference/housemodel/stats/ETL/20200721/ETL_00_COLLECT/portal inmobiliario/info.txt
2020-07-23 21:28:47: 	Describe:	D:/Reference/housemodel/stats/ETL/20200721/ETL_00_COLLECT/portal inmobiliario/describe.csv
2020-07-23 21:28:47: 	Nulls:		D:/Reference/housemodel/stats/ETL/20200721/ETL_00_COLLECT/portal inmobiliario/nulls.txt
2020-07-23 21:28:47: 	Ceros:		D:/Reference/housemodel/stats/ETL/20200721/ETL_00_COLLECT/portal inmobiliario/ceros.txt
2020-07-23 21:28:48: ETL_01_BUILD Start: 2020-07-23 21:28:48.008211
2020-07-23 21:28:48: Processing Source: D:/Reference/housemodel/data/ETL/T/python/20200721/ETL_00_COLLECT/portal inmobiliario.csv
2020-07-23 21:28:50: ETL_01_BUILD End: 2020-07-23 21:28:50.099249
2020-07-23 21:28:50: ETL_01_BUILD Total Execution Time: 2.091038465499878
2020-07-23 21:28:50: ETL_01_BUILD Creating stats files for portal inmobiliario
2020-07-23 21:28:50: 	Info:		D:/Reference/housemodel/stats/ETL/20200721/ETL_01_BUILD/portal inmobiliario/info.txt
2020-07-23 21:28:50: 	Describe:	D:/Reference/housemodel/stats/ETL/20200721/ETL_01_BUILD/portal inmobiliario/describe.csv
2020-07-23 21:28:50: 	Nulls:		D:/Reference/housemodel/stats/ETL/20200721/ETL_01_BUILD/portal inmobiliario/nulls.txt
2020-07-23 21:28:50: 	Ceros:		D:/Reference/housemodel/stats/ETL/20200721/ETL_01_BUILD/portal inmobiliario/ceros.txt
2020-07-23 21:28:50: ETL_02_CLEAN Start: 2020-07-23 21:28:50.205211
2020-07-23 21:28:50: Processing Source: D:/Reference/housemodel/data/ETL/T/python/20200721/ETL_01_BUILD/portal inmobiliario.csv
2020-07-23 21:28:51: ETL_02_CLEAN End: 2020-07-23 21:28:51.536208
2020-07-23 21:28:51: ETL_02_CLEAN Total Execution Time: 1.3309967517852783
2020-07-23 21:28:51: ETL_02_CLEAN Creating stats files for portal inmobiliario
2020-07-23 21:28:51: 	Info:		D:/Reference/housemodel/stats/ETL/20200721/ETL_02_CLEAN/portal inmobiliario/info.txt
2020-07-23 21:28:51: 	Describe:	D:/Reference/housemodel/stats/ETL/20200721/ETL_02_CLEAN/portal inmobiliario/describe.csv
2020-07-23 21:28:51: 	Nulls:		D:/Reference/housemodel/stats/ETL/20200721/ETL_02_CLEAN/portal inmobiliario/nulls.txt
2020-07-23 21:28:51: 	Ceros:		D:/Reference/housemodel/stats/ETL/20200721/ETL_02_CLEAN/portal inmobiliario/ceros.txt
2020-07-23 21:28:51: ETL_03_FORMAT Start: 2020-07-23 21:28:51.647213
2020-07-23 21:28:51: Processing Source: D:/Reference/housemodel/data/ETL/T/python/20200721/ETL_02_CLEAN/portal inmobiliario.csv
2020-07-23 21:28:51: ETL_03_FORMAT End: 2020-07-23 21:28:51.738261
2020-07-23 21:28:51: ETL_03_FORMAT Total Execution Time: 0.09104776382446289
2020-07-23 21:28:51: ETL_03_FORMAT Creating stats files for portal inmobiliario
2020-07-23 21:28:51: 	Info:		D:/Reference/housemodel/stats/ETL/20200721/ETL_03_FORMAT/portal inmobiliario/info.txt
2020-07-23 21:28:51: 	Describe:	D:/Reference/housemodel/stats/ETL/20200721/ETL_03_FORMAT/portal inmobiliario/describe.csv
2020-07-23 21:28:51: 	Nulls:		D:/Reference/housemodel/stats/ETL/20200721/ETL_03_FORMAT/portal inmobiliario/nulls.txt
2020-07-23 21:28:51: 	Ceros:		D:/Reference/housemodel/stats/ETL/20200721/ETL_03_FORMAT/portal inmobiliario/ceros.txt
2020-07-23 21:28:51: ETL_04_FILL Start: 2020-07-23 21:28:51.850212
2020-07-23 21:28:51: Processing Source: D:/Reference/housemodel/data/ETL/T/python/20200721/ETL_03_FORMAT/portal inmobiliario.csv
2020-07-23 21:28:51: ETL_04_FILL End: 2020-07-23 21:28:51.914211
2020-07-23 21:28:51: ETL_04_FILL Total Execution Time: 0.06399893760681152
2020-07-23 21:28:51: ETL_04_FILL Creating stats files for portal inmobiliario
2020-07-23 21:28:51: 	Info:		D:/Reference/housemodel/stats/ETL/20200721/ETL_04_FILL/portal inmobiliario/info.txt
2020-07-23 21:28:52: 	Describe:	D:/Reference/housemodel/stats/ETL/20200721/ETL_04_FILL/portal inmobiliario/describe.csv
2020-07-23 21:28:52: 	Nulls:		D:/Reference/housemodel/stats/ETL/20200721/ETL_04_FILL/portal inmobiliario/nulls.txt
2020-07-23 21:28:52: 	Ceros:		D:/Reference/housemodel/stats/ETL/20200721/ETL_04_FILL/portal inmobiliario/ceros.txt
2020-07-23 21:28:52: ETL_05_FEATURE_ENG Start: 2020-07-23 21:28:52.018210
2020-07-23 21:28:52: Processing Source: D:/Reference/housemodel/data/ETL/T/python/20200721/ETL_04_FILL/portal inmobiliario.csv
2020-07-23 21:29:01: ETL_05_FEATURE_ENG End: 2020-07-23 21:29:01.608234
2020-07-23 21:29:01: ETL_05_FEATURE_ENG Total Execution Time: 9.59002423286438
2020-07-23 21:29:01: ETL_05_FEATURE_ENG Creating stats files for portal inmobiliario
2020-07-23 21:29:01: 	Info:		D:/Reference/housemodel/stats/ETL/20200721/ETL_05_FEATURE_ENG/portal inmobiliario/info.txt
2020-07-23 21:29:01: 	Describe:	D:/Reference/housemodel/stats/ETL/20200721/ETL_05_FEATURE_ENG/portal inmobiliario/describe.csv
2020-07-23 21:29:01: 	Nulls:		D:/Reference/housemodel/stats/ETL/20200721/ETL_05_FEATURE_ENG/portal inmobiliario/nulls.txt
2020-07-23 21:29:01: 	Ceros:		D:/Reference/housemodel/stats/ETL/20200721/ETL_05_FEATURE_ENG/portal inmobiliario/ceros.txt
2020-07-23 21:29:01: ETL_06_LOAD Start: 2020-07-23 21:29:01.735215
2020-07-23 21:29:03: Connection Open OK
2020-07-23 21:29:03: houses_v2 table Exists
2020-07-23 21:29:03: Processing Source: D:/Reference/housemodel/data/ETL/T/python/20200721/ETL_05_FEATURE_ENG/portal inmobiliario.csv
2020-07-23 21:29:03: loadCsv input: D:/Reference/housemodel/data/ETL/T/python/20200721/ETL_05_FEATURE_ENG/portal inmobiliario.csv
2020-07-23 21:29:11: updateSnap executing:  
    UPDATE houses_v2 
    SET "UPDATED_DT"=NOW(), "STAGE"='out' 
    WHERE "LINK" IN 
      ( SELECT A."LINK"
        FROM      (SELECT * FROM houses_v2 WHERE "SNAP_DT" < 20200721) A
        LEFT JOIN (SELECT * FROM houses_v2 WHERE "SNAP_DT" = 20200721) B
        ON A."LINK" = B."LINK"
        WHERE b IS NULL);
2020-07-23 21:29:11: Connection Closed OK
2020-07-23 21:29:11: ETL_06_LOAD End: 2020-07-23 21:29:11.425790
2020-07-23 21:29:11: ETL_06_LOAD Total Execution Time: 9.690574169158936
2020-07-23 21:29:11: Processing Snapshot: 20200723
2020-07-23 21:29:11: ETL_00_COLLECT Start: 2020-07-23 21:29:11.429784
2020-07-23 21:29:11: Processing Source: portal inmobiliario
2020-07-23 21:29:13: ETL_00_COLLECT Output Files: D:/Reference/housemodel/data/ETL/T/python/20200723/ETL_00_COLLECT/portal inmobiliario.csv
2020-07-23 21:29:13: ETL_00_COLLECT End: 2020-07-23 21:29:13.010154
2020-07-23 21:29:13: ETL_00_COLLECT Total Execution Time: 1.5803697109222412
2020-07-23 21:29:13: ETL_00_COLLECT Creating stats files for portal inmobiliario
2020-07-23 21:29:13: 	Info:		D:/Reference/housemodel/stats/ETL/20200723/ETL_00_COLLECT/portal inmobiliario/info.txt
2020-07-23 21:29:13: 	Describe:	D:/Reference/housemodel/stats/ETL/20200723/ETL_00_COLLECT/portal inmobiliario/describe.csv
2020-07-23 21:29:13: 	Nulls:		D:/Reference/housemodel/stats/ETL/20200723/ETL_00_COLLECT/portal inmobiliario/nulls.txt
2020-07-23 21:29:13: 	Ceros:		D:/Reference/housemodel/stats/ETL/20200723/ETL_00_COLLECT/portal inmobiliario/ceros.txt
2020-07-23 21:29:13: ETL_01_BUILD Start: 2020-07-23 21:29:13.151190
2020-07-23 21:29:13: Processing Source: D:/Reference/housemodel/data/ETL/T/python/20200723/ETL_00_COLLECT/portal inmobiliario.csv
2020-07-23 21:29:15: ETL_01_BUILD End: 2020-07-23 21:29:15.226194
2020-07-23 21:29:15: ETL_01_BUILD Total Execution Time: 2.0750043392181396
2020-07-23 21:29:15: ETL_01_BUILD Creating stats files for portal inmobiliario
2020-07-23 21:29:15: 	Info:		D:/Reference/housemodel/stats/ETL/20200723/ETL_01_BUILD/portal inmobiliario/info.txt
2020-07-23 21:29:15: 	Describe:	D:/Reference/housemodel/stats/ETL/20200723/ETL_01_BUILD/portal inmobiliario/describe.csv
2020-07-23 21:29:15: 	Nulls:		D:/Reference/housemodel/stats/ETL/20200723/ETL_01_BUILD/portal inmobiliario/nulls.txt
2020-07-23 21:29:15: 	Ceros:		D:/Reference/housemodel/stats/ETL/20200723/ETL_01_BUILD/portal inmobiliario/ceros.txt
2020-07-23 21:29:15: ETL_02_CLEAN Start: 2020-07-23 21:29:15.335155
2020-07-23 21:29:15: Processing Source: D:/Reference/housemodel/data/ETL/T/python/20200723/ETL_01_BUILD/portal inmobiliario.csv
2020-07-23 21:29:16: ETL_02_CLEAN End: 2020-07-23 21:29:16.809187
2020-07-23 21:29:16: ETL_02_CLEAN Total Execution Time: 1.4740326404571533
2020-07-23 21:29:16: ETL_02_CLEAN Creating stats files for portal inmobiliario
2020-07-23 21:29:16: 	Info:		D:/Reference/housemodel/stats/ETL/20200723/ETL_02_CLEAN/portal inmobiliario/info.txt
2020-07-23 21:29:16: 	Describe:	D:/Reference/housemodel/stats/ETL/20200723/ETL_02_CLEAN/portal inmobiliario/describe.csv
2020-07-23 21:29:16: 	Nulls:		D:/Reference/housemodel/stats/ETL/20200723/ETL_02_CLEAN/portal inmobiliario/nulls.txt
2020-07-23 21:29:16: 	Ceros:		D:/Reference/housemodel/stats/ETL/20200723/ETL_02_CLEAN/portal inmobiliario/ceros.txt
2020-07-23 21:29:16: ETL_03_FORMAT Start: 2020-07-23 21:29:16.915155
2020-07-23 21:29:16: Processing Source: D:/Reference/housemodel/data/ETL/T/python/20200723/ETL_02_CLEAN/portal inmobiliario.csv
2020-07-23 21:29:17: ETL_03_FORMAT End: 2020-07-23 21:29:17.007190
2020-07-23 21:29:17: ETL_03_FORMAT Total Execution Time: 0.09203481674194336
2020-07-23 21:29:17: ETL_03_FORMAT Creating stats files for portal inmobiliario
2020-07-23 21:29:17: 	Info:		D:/Reference/housemodel/stats/ETL/20200723/ETL_03_FORMAT/portal inmobiliario/info.txt
2020-07-23 21:29:17: 	Describe:	D:/Reference/housemodel/stats/ETL/20200723/ETL_03_FORMAT/portal inmobiliario/describe.csv
2020-07-23 21:29:17: 	Nulls:		D:/Reference/housemodel/stats/ETL/20200723/ETL_03_FORMAT/portal inmobiliario/nulls.txt
2020-07-23 21:29:17: 	Ceros:		D:/Reference/housemodel/stats/ETL/20200723/ETL_03_FORMAT/portal inmobiliario/ceros.txt
2020-07-23 21:29:17: ETL_04_FILL Start: 2020-07-23 21:29:17.115156
2020-07-23 21:29:17: Processing Source: D:/Reference/housemodel/data/ETL/T/python/20200723/ETL_03_FORMAT/portal inmobiliario.csv
2020-07-23 21:29:17: ETL_04_FILL End: 2020-07-23 21:29:17.168200
2020-07-23 21:29:17: ETL_04_FILL Total Execution Time: 0.05304431915283203
2020-07-23 21:29:17: ETL_04_FILL Creating stats files for portal inmobiliario
2020-07-23 21:29:17: 	Info:		D:/Reference/housemodel/stats/ETL/20200723/ETL_04_FILL/portal inmobiliario/info.txt
2020-07-23 21:29:17: 	Describe:	D:/Reference/housemodel/stats/ETL/20200723/ETL_04_FILL/portal inmobiliario/describe.csv
2020-07-23 21:29:17: 	Nulls:		D:/Reference/housemodel/stats/ETL/20200723/ETL_04_FILL/portal inmobiliario/nulls.txt
2020-07-23 21:29:17: 	Ceros:		D:/Reference/housemodel/stats/ETL/20200723/ETL_04_FILL/portal inmobiliario/ceros.txt
2020-07-23 21:29:17: ETL_05_FEATURE_ENG Start: 2020-07-23 21:29:17.280158
2020-07-23 21:29:17: Processing Source: D:/Reference/housemodel/data/ETL/T/python/20200723/ETL_04_FILL/portal inmobiliario.csv
2020-07-23 21:29:26: ETL_05_FEATURE_ENG End: 2020-07-23 21:29:26.835153
2020-07-23 21:29:26: ETL_05_FEATURE_ENG Total Execution Time: 9.55499529838562
2020-07-23 21:29:26: ETL_05_FEATURE_ENG Creating stats files for portal inmobiliario
2020-07-23 21:29:26: 	Info:		D:/Reference/housemodel/stats/ETL/20200723/ETL_05_FEATURE_ENG/portal inmobiliario/info.txt
2020-07-23 21:29:26: 	Describe:	D:/Reference/housemodel/stats/ETL/20200723/ETL_05_FEATURE_ENG/portal inmobiliario/describe.csv
2020-07-23 21:29:26: 	Nulls:		D:/Reference/housemodel/stats/ETL/20200723/ETL_05_FEATURE_ENG/portal inmobiliario/nulls.txt
2020-07-23 21:29:26: 	Ceros:		D:/Reference/housemodel/stats/ETL/20200723/ETL_05_FEATURE_ENG/portal inmobiliario/ceros.txt
2020-07-23 21:29:26: ETL_06_LOAD Start: 2020-07-23 21:29:26.955118
2020-07-23 21:29:31: Connection Open OK
2020-07-23 21:29:31: houses_v2 table Exists
2020-07-23 21:29:31: Processing Source: D:/Reference/housemodel/data/ETL/T/python/20200723/ETL_05_FEATURE_ENG/portal inmobiliario.csv
2020-07-23 21:29:31: loadCsv input: D:/Reference/housemodel/data/ETL/T/python/20200723/ETL_05_FEATURE_ENG/portal inmobiliario.csv
2020-07-23 21:29:39: updateSnap executing:  
    UPDATE houses_v2 
    SET "UPDATED_DT"=NOW(), "STAGE"='out' 
    WHERE "LINK" IN 
      ( SELECT A."LINK"
        FROM      (SELECT * FROM houses_v2 WHERE "SNAP_DT" < 20200723) A
        LEFT JOIN (SELECT * FROM houses_v2 WHERE "SNAP_DT" = 20200723) B
        ON A."LINK" = B."LINK"
        WHERE b IS NULL);
2020-07-23 21:29:39: Connection Closed OK
2020-07-23 21:29:39: ETL_06_LOAD End: 2020-07-23 21:29:39.699001
2020-07-23 21:29:39: ETL_06_LOAD Total Execution Time: 12.743882894515991
2020-07-23 21:29:39: ETL End: 2020-07-23 21:29:39.700004
2020-07-23 21:29:39: ETL Total Execution Time: 80.29103326797485
