2020-07-26 16:54:55: ETL Start: 2020-07-26 16:54:55.807129
2020-07-26 16:54:55: Available Snapshots: 20200707 20200718 20200721 20200723 20200724 20200725
2020-07-26 16:54:55: Processing Snapshot: 20200718
2020-07-26 16:54:55: ETL_00_COLLECT Start: 2020-07-26 16:54:55.820055
2020-07-26 16:54:55: Processing Source: portal inmobiliario
2020-07-26 16:54:57: ETL_00_COLLECT Output Files: D:/Reference/housemodel/data/ETL/T/python/20200718/ETL_00_COLLECT/portal inmobiliario.csv
2020-07-26 16:54:57: ETL_00_COLLECT End: 2020-07-26 16:54:57.531161
2020-07-26 16:54:57: ETL_00_COLLECT Total Execution Time: 1.7111060619354248
2020-07-26 16:54:57: ETL_00_COLLECT Creating stats files for portal inmobiliario
2020-07-26 16:54:57: 	Info:		D:/Reference/housemodel/stats/ETL/20200718/ETL_00_COLLECT/portal inmobiliario/info.txt
2020-07-26 16:54:57: 	Describe:	D:/Reference/housemodel/stats/ETL/20200718/ETL_00_COLLECT/portal inmobiliario/describe.csv
2020-07-26 16:54:57: 	Nulls:		D:/Reference/housemodel/stats/ETL/20200718/ETL_00_COLLECT/portal inmobiliario/nulls.txt
2020-07-26 16:54:57: 	Ceros:		D:/Reference/housemodel/stats/ETL/20200718/ETL_00_COLLECT/portal inmobiliario/ceros.txt
2020-07-26 16:54:57: ETL_01_BUILD Start: 2020-07-26 16:54:57.702243
2020-07-26 16:54:57: Processing Source: D:/Reference/housemodel/data/ETL/T/python/20200718/ETL_00_COLLECT/portal inmobiliario.csv
2020-07-26 16:54:59: ETL_01_BUILD End: 2020-07-26 16:54:59.961477
2020-07-26 16:54:59: ETL_01_BUILD Total Execution Time: 2.2592339515686035
2020-07-26 16:54:59: ETL_01_BUILD Creating stats files for portal inmobiliario
2020-07-26 16:54:59: 	Info:		D:/Reference/housemodel/stats/ETL/20200718/ETL_01_BUILD/portal inmobiliario/info.txt
2020-07-26 16:55:00: 	Describe:	D:/Reference/housemodel/stats/ETL/20200718/ETL_01_BUILD/portal inmobiliario/describe.csv
2020-07-26 16:55:00: 	Nulls:		D:/Reference/housemodel/stats/ETL/20200718/ETL_01_BUILD/portal inmobiliario/nulls.txt
2020-07-26 16:55:00: 	Ceros:		D:/Reference/housemodel/stats/ETL/20200718/ETL_01_BUILD/portal inmobiliario/ceros.txt
2020-07-26 16:55:00: ETL_02_CLEAN Start: 2020-07-26 16:55:00.098105
2020-07-26 16:55:00: Processing Source: D:/Reference/housemodel/data/ETL/T/python/20200718/ETL_01_BUILD/portal inmobiliario.csv
2020-07-26 16:55:02: ETL_02_CLEAN End: 2020-07-26 16:55:02.179141
2020-07-26 16:55:02: ETL_02_CLEAN Total Execution Time: 2.0810353755950928
2020-07-26 16:55:02: ETL_02_CLEAN Creating stats files for portal inmobiliario
2020-07-26 16:55:02: 	Info:		D:/Reference/housemodel/stats/ETL/20200718/ETL_02_CLEAN/portal inmobiliario/info.txt
2020-07-26 16:55:02: 	Describe:	D:/Reference/housemodel/stats/ETL/20200718/ETL_02_CLEAN/portal inmobiliario/describe.csv
2020-07-26 16:55:02: 	Nulls:		D:/Reference/housemodel/stats/ETL/20200718/ETL_02_CLEAN/portal inmobiliario/nulls.txt
2020-07-26 16:55:02: 	Ceros:		D:/Reference/housemodel/stats/ETL/20200718/ETL_02_CLEAN/portal inmobiliario/ceros.txt
2020-07-26 16:55:02: ETL_03_FORMAT Start: 2020-07-26 16:55:02.297823
2020-07-26 16:55:02: Processing Source: D:/Reference/housemodel/data/ETL/T/python/20200718/ETL_02_CLEAN/portal inmobiliario.csv
2020-07-26 16:55:02: ETL_03_FORMAT End: 2020-07-26 16:55:02.385635
2020-07-26 16:55:02: ETL_03_FORMAT Total Execution Time: 0.08781194686889648
2020-07-26 16:55:02: ETL_03_FORMAT Creating stats files for portal inmobiliario
2020-07-26 16:55:02: 	Info:		D:/Reference/housemodel/stats/ETL/20200718/ETL_03_FORMAT/portal inmobiliario/info.txt
2020-07-26 16:55:02: 	Describe:	D:/Reference/housemodel/stats/ETL/20200718/ETL_03_FORMAT/portal inmobiliario/describe.csv
2020-07-26 16:55:02: 	Nulls:		D:/Reference/housemodel/stats/ETL/20200718/ETL_03_FORMAT/portal inmobiliario/nulls.txt
2020-07-26 16:55:02: 	Ceros:		D:/Reference/housemodel/stats/ETL/20200718/ETL_03_FORMAT/portal inmobiliario/ceros.txt
2020-07-26 16:55:02: ETL_04_FILL Start: 2020-07-26 16:55:02.484904
2020-07-26 16:55:02: Processing Source: D:/Reference/housemodel/data/ETL/T/python/20200718/ETL_03_FORMAT/portal inmobiliario.csv
2020-07-26 16:55:02: ETL_04_FILL End: 2020-07-26 16:55:02.542668
2020-07-26 16:55:02: ETL_04_FILL Total Execution Time: 0.057764291763305664
2020-07-26 16:55:02: ETL_04_FILL Creating stats files for portal inmobiliario
2020-07-26 16:55:02: 	Info:		D:/Reference/housemodel/stats/ETL/20200718/ETL_04_FILL/portal inmobiliario/info.txt
2020-07-26 16:55:02: 	Describe:	D:/Reference/housemodel/stats/ETL/20200718/ETL_04_FILL/portal inmobiliario/describe.csv
2020-07-26 16:55:02: 	Nulls:		D:/Reference/housemodel/stats/ETL/20200718/ETL_04_FILL/portal inmobiliario/nulls.txt
2020-07-26 16:55:02: 	Ceros:		D:/Reference/housemodel/stats/ETL/20200718/ETL_04_FILL/portal inmobiliario/ceros.txt
2020-07-26 16:55:02: ETL_05_FEATURE_ENG Start: 2020-07-26 16:55:02.637383
2020-07-26 16:55:02: Processing Source: D:/Reference/housemodel/data/ETL/T/python/20200718/ETL_04_FILL/portal inmobiliario.csv
2020-07-26 16:55:13: ETL_05_FEATURE_ENG End: 2020-07-26 16:55:13.177661
2020-07-26 16:55:13: ETL_05_FEATURE_ENG Total Execution Time: 10.54027795791626
2020-07-26 16:55:13: ETL_05_FEATURE_ENG Creating stats files for portal inmobiliario
2020-07-26 16:55:13: 	Info:		D:/Reference/housemodel/stats/ETL/20200718/ETL_05_FEATURE_ENG/portal inmobiliario/info.txt
2020-07-26 16:55:13: 	Describe:	D:/Reference/housemodel/stats/ETL/20200718/ETL_05_FEATURE_ENG/portal inmobiliario/describe.csv
2020-07-26 16:55:13: 	Nulls:		D:/Reference/housemodel/stats/ETL/20200718/ETL_05_FEATURE_ENG/portal inmobiliario/nulls.txt
2020-07-26 16:55:13: 	Ceros:		D:/Reference/housemodel/stats/ETL/20200718/ETL_05_FEATURE_ENG/portal inmobiliario/ceros.txt
2020-07-26 16:55:13: ETL_06_LOAD Start: 2020-07-26 16:55:13.295347
2020-07-26 16:55:14: Connection Open OK
2020-07-26 16:55:14: houses_v2 table Exists
2020-07-26 16:55:14: Processing Source: D:/Reference/housemodel/data/ETL/T/python/20200718/ETL_05_FEATURE_ENG/portal inmobiliario.csv
2020-07-26 16:55:14: loadCsv input: D:/Reference/housemodel/data/ETL/T/python/20200718/ETL_05_FEATURE_ENG/portal inmobiliario.csv
2020-07-26 16:55:23: updateSnap executing:  
    UPDATE houses_v2 
    SET "UPDATED_DT"=NOW(), "STAGE"='out' 
    WHERE "LINK" IN 
      ( SELECT A."LINK"
        FROM      (SELECT * FROM houses_v2 WHERE "SNAP_DT" < 20200718) A
        LEFT JOIN (SELECT * FROM houses_v2 WHERE "SNAP_DT" = 20200718) B
        ON A."LINK" = B."LINK"
        WHERE b IS NULL);
2020-07-26 16:55:23: Connection Closed OK
2020-07-26 16:55:23: ETL_06_LOAD End: 2020-07-26 16:55:23.591882
2020-07-26 16:55:23: ETL_06_LOAD Total Execution Time: 10.29653525352478
2020-07-26 16:55:23: Processing Snapshot: 20200721
2020-07-26 16:55:23: ETL_00_COLLECT Start: 2020-07-26 16:55:23.599862
2020-07-26 16:55:23: Processing Source: portal inmobiliario
2020-07-26 16:55:25: ETL_00_COLLECT Output Files: D:/Reference/housemodel/data/ETL/T/python/20200721/ETL_00_COLLECT/portal inmobiliario.csv
2020-07-26 16:55:25: ETL_00_COLLECT End: 2020-07-26 16:55:25.619096
2020-07-26 16:55:25: ETL_00_COLLECT Total Execution Time: 2.0192341804504395
2020-07-26 16:55:25: ETL_00_COLLECT Creating stats files for portal inmobiliario
2020-07-26 16:55:25: 	Info:		D:/Reference/housemodel/stats/ETL/20200721/ETL_00_COLLECT/portal inmobiliario/info.txt
2020-07-26 16:55:25: 	Describe:	D:/Reference/housemodel/stats/ETL/20200721/ETL_00_COLLECT/portal inmobiliario/describe.csv
2020-07-26 16:55:25: 	Nulls:		D:/Reference/housemodel/stats/ETL/20200721/ETL_00_COLLECT/portal inmobiliario/nulls.txt
2020-07-26 16:55:25: 	Ceros:		D:/Reference/housemodel/stats/ETL/20200721/ETL_00_COLLECT/portal inmobiliario/ceros.txt
2020-07-26 16:55:25: ETL_01_BUILD Start: 2020-07-26 16:55:25.858456
2020-07-26 16:55:25: Processing Source: D:/Reference/housemodel/data/ETL/T/python/20200721/ETL_00_COLLECT/portal inmobiliario.csv
2020-07-26 16:55:28: ETL_01_BUILD End: 2020-07-26 16:55:28.328599
2020-07-26 16:55:28: ETL_01_BUILD Total Execution Time: 2.4701430797576904
2020-07-26 16:55:28: ETL_01_BUILD Creating stats files for portal inmobiliario
2020-07-26 16:55:28: 	Info:		D:/Reference/housemodel/stats/ETL/20200721/ETL_01_BUILD/portal inmobiliario/info.txt
2020-07-26 16:55:28: 	Describe:	D:/Reference/housemodel/stats/ETL/20200721/ETL_01_BUILD/portal inmobiliario/describe.csv
2020-07-26 16:55:28: 	Nulls:		D:/Reference/housemodel/stats/ETL/20200721/ETL_01_BUILD/portal inmobiliario/nulls.txt
2020-07-26 16:55:28: 	Ceros:		D:/Reference/housemodel/stats/ETL/20200721/ETL_01_BUILD/portal inmobiliario/ceros.txt
2020-07-26 16:55:28: ETL_02_CLEAN Start: 2020-07-26 16:55:28.469186
2020-07-26 16:55:28: Processing Source: D:/Reference/housemodel/data/ETL/T/python/20200721/ETL_01_BUILD/portal inmobiliario.csv
2020-07-26 16:55:30: ETL_02_CLEAN End: 2020-07-26 16:55:30.225113
2020-07-26 16:55:30: ETL_02_CLEAN Total Execution Time: 1.7559263706207275
2020-07-26 16:55:30: ETL_02_CLEAN Creating stats files for portal inmobiliario
2020-07-26 16:55:30: 	Info:		D:/Reference/housemodel/stats/ETL/20200721/ETL_02_CLEAN/portal inmobiliario/info.txt
2020-07-26 16:55:30: 	Describe:	D:/Reference/housemodel/stats/ETL/20200721/ETL_02_CLEAN/portal inmobiliario/describe.csv
2020-07-26 16:55:30: 	Nulls:		D:/Reference/housemodel/stats/ETL/20200721/ETL_02_CLEAN/portal inmobiliario/nulls.txt
2020-07-26 16:55:30: 	Ceros:		D:/Reference/housemodel/stats/ETL/20200721/ETL_02_CLEAN/portal inmobiliario/ceros.txt
2020-07-26 16:55:30: ETL_03_FORMAT Start: 2020-07-26 16:55:30.354768
2020-07-26 16:55:30: Processing Source: D:/Reference/housemodel/data/ETL/T/python/20200721/ETL_02_CLEAN/portal inmobiliario.csv
2020-07-26 16:55:30: ETL_03_FORMAT End: 2020-07-26 16:55:30.458488
2020-07-26 16:55:30: ETL_03_FORMAT Total Execution Time: 0.10371994972229004
2020-07-26 16:55:30: ETL_03_FORMAT Creating stats files for portal inmobiliario
2020-07-26 16:55:30: 	Info:		D:/Reference/housemodel/stats/ETL/20200721/ETL_03_FORMAT/portal inmobiliario/info.txt
2020-07-26 16:55:30: 	Describe:	D:/Reference/housemodel/stats/ETL/20200721/ETL_03_FORMAT/portal inmobiliario/describe.csv
2020-07-26 16:55:30: 	Nulls:		D:/Reference/housemodel/stats/ETL/20200721/ETL_03_FORMAT/portal inmobiliario/nulls.txt
2020-07-26 16:55:30: 	Ceros:		D:/Reference/housemodel/stats/ETL/20200721/ETL_03_FORMAT/portal inmobiliario/ceros.txt
2020-07-26 16:55:30: ETL_04_FILL Start: 2020-07-26 16:55:30.567067
2020-07-26 16:55:30: Processing Source: D:/Reference/housemodel/data/ETL/T/python/20200721/ETL_03_FORMAT/portal inmobiliario.csv
2020-07-26 16:55:30: ETL_04_FILL End: 2020-07-26 16:55:30.620894
2020-07-26 16:55:30: ETL_04_FILL Total Execution Time: 0.05382680892944336
2020-07-26 16:55:30: ETL_04_FILL Creating stats files for portal inmobiliario
2020-07-26 16:55:30: 	Info:		D:/Reference/housemodel/stats/ETL/20200721/ETL_04_FILL/portal inmobiliario/info.txt
2020-07-26 16:55:30: 	Describe:	D:/Reference/housemodel/stats/ETL/20200721/ETL_04_FILL/portal inmobiliario/describe.csv
2020-07-26 16:55:30: 	Nulls:		D:/Reference/housemodel/stats/ETL/20200721/ETL_04_FILL/portal inmobiliario/nulls.txt
2020-07-26 16:55:30: 	Ceros:		D:/Reference/housemodel/stats/ETL/20200721/ETL_04_FILL/portal inmobiliario/ceros.txt
2020-07-26 16:55:30: ETL_05_FEATURE_ENG Start: 2020-07-26 16:55:30.741470
2020-07-26 16:55:30: Processing Source: D:/Reference/housemodel/data/ETL/T/python/20200721/ETL_04_FILL/portal inmobiliario.csv
2020-07-26 16:55:41: ETL_05_FEATURE_ENG End: 2020-07-26 16:55:41.868199
2020-07-26 16:55:41: ETL_05_FEATURE_ENG Total Execution Time: 11.126729726791382
2020-07-26 16:55:41: ETL_05_FEATURE_ENG Creating stats files for portal inmobiliario
2020-07-26 16:55:41: 	Info:		D:/Reference/housemodel/stats/ETL/20200721/ETL_05_FEATURE_ENG/portal inmobiliario/info.txt
2020-07-26 16:55:41: 	Describe:	D:/Reference/housemodel/stats/ETL/20200721/ETL_05_FEATURE_ENG/portal inmobiliario/describe.csv
2020-07-26 16:55:41: 	Nulls:		D:/Reference/housemodel/stats/ETL/20200721/ETL_05_FEATURE_ENG/portal inmobiliario/nulls.txt
2020-07-26 16:55:42: 	Ceros:		D:/Reference/housemodel/stats/ETL/20200721/ETL_05_FEATURE_ENG/portal inmobiliario/ceros.txt
2020-07-26 16:55:42: ETL_06_LOAD Start: 2020-07-26 16:55:42.021760
2020-07-26 16:55:43: Connection Open OK
2020-07-26 16:55:43: houses_v2 table Exists
2020-07-26 16:55:43: Processing Source: D:/Reference/housemodel/data/ETL/T/python/20200721/ETL_05_FEATURE_ENG/portal inmobiliario.csv
2020-07-26 16:55:43: loadCsv input: D:/Reference/housemodel/data/ETL/T/python/20200721/ETL_05_FEATURE_ENG/portal inmobiliario.csv
2020-07-26 16:55:51: updateSnap executing:  
    UPDATE houses_v2 
    SET "UPDATED_DT"=NOW(), "STAGE"='out' 
    WHERE "LINK" IN 
      ( SELECT A."LINK"
        FROM      (SELECT * FROM houses_v2 WHERE "SNAP_DT" < 20200721) A
        LEFT JOIN (SELECT * FROM houses_v2 WHERE "SNAP_DT" = 20200721) B
        ON A."LINK" = B."LINK"
        WHERE b IS NULL);
2020-07-26 16:55:51: Connection Closed OK
2020-07-26 16:55:51: ETL_06_LOAD End: 2020-07-26 16:55:51.903582
2020-07-26 16:55:51: ETL_06_LOAD Total Execution Time: 9.881822109222412
2020-07-26 16:55:51: Processing Snapshot: 20200723
2020-07-26 16:55:51: ETL_00_COLLECT Start: 2020-07-26 16:55:51.906609
2020-07-26 16:55:51: Processing Source: portal inmobiliario
2020-07-26 16:55:53: ETL_00_COLLECT Output Files: D:/Reference/housemodel/data/ETL/T/python/20200723/ETL_00_COLLECT/portal inmobiliario.csv
2020-07-26 16:55:53: ETL_00_COLLECT End: 2020-07-26 16:55:53.735790
2020-07-26 16:55:53: ETL_00_COLLECT Total Execution Time: 1.8291816711425781
2020-07-26 16:55:53: ETL_00_COLLECT Creating stats files for portal inmobiliario
2020-07-26 16:55:53: 	Info:		D:/Reference/housemodel/stats/ETL/20200723/ETL_00_COLLECT/portal inmobiliario/info.txt
2020-07-26 16:55:53: 	Describe:	D:/Reference/housemodel/stats/ETL/20200723/ETL_00_COLLECT/portal inmobiliario/describe.csv
2020-07-26 16:55:53: 	Nulls:		D:/Reference/housemodel/stats/ETL/20200723/ETL_00_COLLECT/portal inmobiliario/nulls.txt
2020-07-26 16:55:53: 	Ceros:		D:/Reference/housemodel/stats/ETL/20200723/ETL_00_COLLECT/portal inmobiliario/ceros.txt
2020-07-26 16:55:53: ETL_01_BUILD Start: 2020-07-26 16:55:53.919077
2020-07-26 16:55:53: Processing Source: D:/Reference/housemodel/data/ETL/T/python/20200723/ETL_00_COLLECT/portal inmobiliario.csv
2020-07-26 16:55:56: ETL_01_BUILD End: 2020-07-26 16:55:56.370582
2020-07-26 16:55:56: ETL_01_BUILD Total Execution Time: 2.4515044689178467
2020-07-26 16:55:56: ETL_01_BUILD Creating stats files for portal inmobiliario
2020-07-26 16:55:56: 	Info:		D:/Reference/housemodel/stats/ETL/20200723/ETL_01_BUILD/portal inmobiliario/info.txt
2020-07-26 16:55:56: 	Describe:	D:/Reference/housemodel/stats/ETL/20200723/ETL_01_BUILD/portal inmobiliario/describe.csv
2020-07-26 16:55:56: 	Nulls:		D:/Reference/housemodel/stats/ETL/20200723/ETL_01_BUILD/portal inmobiliario/nulls.txt
2020-07-26 16:55:56: 	Ceros:		D:/Reference/housemodel/stats/ETL/20200723/ETL_01_BUILD/portal inmobiliario/ceros.txt
2020-07-26 16:55:56: ETL_02_CLEAN Start: 2020-07-26 16:55:56.536139
2020-07-26 16:55:56: Processing Source: D:/Reference/housemodel/data/ETL/T/python/20200723/ETL_01_BUILD/portal inmobiliario.csv
2020-07-26 16:55:58: ETL_02_CLEAN End: 2020-07-26 16:55:58.155803
2020-07-26 16:55:58: ETL_02_CLEAN Total Execution Time: 1.6196644306182861
2020-07-26 16:55:58: ETL_02_CLEAN Creating stats files for portal inmobiliario
2020-07-26 16:55:58: 	Info:		D:/Reference/housemodel/stats/ETL/20200723/ETL_02_CLEAN/portal inmobiliario/info.txt
2020-07-26 16:55:58: 	Describe:	D:/Reference/housemodel/stats/ETL/20200723/ETL_02_CLEAN/portal inmobiliario/describe.csv
2020-07-26 16:55:58: 	Nulls:		D:/Reference/housemodel/stats/ETL/20200723/ETL_02_CLEAN/portal inmobiliario/nulls.txt
2020-07-26 16:55:58: 	Ceros:		D:/Reference/housemodel/stats/ETL/20200723/ETL_02_CLEAN/portal inmobiliario/ceros.txt
2020-07-26 16:55:58: ETL_03_FORMAT Start: 2020-07-26 16:55:58.280798
2020-07-26 16:55:58: Processing Source: D:/Reference/housemodel/data/ETL/T/python/20200723/ETL_02_CLEAN/portal inmobiliario.csv
2020-07-26 16:55:58: ETL_03_FORMAT End: 2020-07-26 16:55:58.396923
2020-07-26 16:55:58: ETL_03_FORMAT Total Execution Time: 0.11612439155578613
2020-07-26 16:55:58: ETL_03_FORMAT Creating stats files for portal inmobiliario
2020-07-26 16:55:58: 	Info:		D:/Reference/housemodel/stats/ETL/20200723/ETL_03_FORMAT/portal inmobiliario/info.txt
2020-07-26 16:55:58: 	Describe:	D:/Reference/housemodel/stats/ETL/20200723/ETL_03_FORMAT/portal inmobiliario/describe.csv
2020-07-26 16:55:58: 	Nulls:		D:/Reference/housemodel/stats/ETL/20200723/ETL_03_FORMAT/portal inmobiliario/nulls.txt
2020-07-26 16:55:58: 	Ceros:		D:/Reference/housemodel/stats/ETL/20200723/ETL_03_FORMAT/portal inmobiliario/ceros.txt
2020-07-26 16:55:58: ETL_04_FILL Start: 2020-07-26 16:55:58.498701
2020-07-26 16:55:58: Processing Source: D:/Reference/housemodel/data/ETL/T/python/20200723/ETL_03_FORMAT/portal inmobiliario.csv
2020-07-26 16:55:58: ETL_04_FILL End: 2020-07-26 16:55:58.553578
2020-07-26 16:55:58: ETL_04_FILL Total Execution Time: 0.05487680435180664
2020-07-26 16:55:58: ETL_04_FILL Creating stats files for portal inmobiliario
2020-07-26 16:55:58: 	Info:		D:/Reference/housemodel/stats/ETL/20200723/ETL_04_FILL/portal inmobiliario/info.txt
2020-07-26 16:55:58: 	Describe:	D:/Reference/housemodel/stats/ETL/20200723/ETL_04_FILL/portal inmobiliario/describe.csv
2020-07-26 16:55:58: 	Nulls:		D:/Reference/housemodel/stats/ETL/20200723/ETL_04_FILL/portal inmobiliario/nulls.txt
2020-07-26 16:55:58: 	Ceros:		D:/Reference/housemodel/stats/ETL/20200723/ETL_04_FILL/portal inmobiliario/ceros.txt
2020-07-26 16:55:58: ETL_05_FEATURE_ENG Start: 2020-07-26 16:55:58.662384
2020-07-26 16:55:58: Processing Source: D:/Reference/housemodel/data/ETL/T/python/20200723/ETL_04_FILL/portal inmobiliario.csv
2020-07-26 16:56:09: ETL_05_FEATURE_ENG End: 2020-07-26 16:56:09.497188
2020-07-26 16:56:09: ETL_05_FEATURE_ENG Total Execution Time: 10.834803342819214
2020-07-26 16:56:09: ETL_05_FEATURE_ENG Creating stats files for portal inmobiliario
2020-07-26 16:56:09: 	Info:		D:/Reference/housemodel/stats/ETL/20200723/ETL_05_FEATURE_ENG/portal inmobiliario/info.txt
2020-07-26 16:56:09: 	Describe:	D:/Reference/housemodel/stats/ETL/20200723/ETL_05_FEATURE_ENG/portal inmobiliario/describe.csv
2020-07-26 16:56:09: 	Nulls:		D:/Reference/housemodel/stats/ETL/20200723/ETL_05_FEATURE_ENG/portal inmobiliario/nulls.txt
2020-07-26 16:56:09: 	Ceros:		D:/Reference/housemodel/stats/ETL/20200723/ETL_05_FEATURE_ENG/portal inmobiliario/ceros.txt
2020-07-26 16:56:09: ETL_06_LOAD Start: 2020-07-26 16:56:09.635771
2020-07-26 16:56:11: Connection Open OK
2020-07-26 16:56:11: houses_v2 table Exists
2020-07-26 16:56:11: Processing Source: D:/Reference/housemodel/data/ETL/T/python/20200723/ETL_05_FEATURE_ENG/portal inmobiliario.csv
2020-07-26 16:56:11: loadCsv input: D:/Reference/housemodel/data/ETL/T/python/20200723/ETL_05_FEATURE_ENG/portal inmobiliario.csv
2020-07-26 16:56:19: updateSnap executing:  
    UPDATE houses_v2 
    SET "UPDATED_DT"=NOW(), "STAGE"='out' 
    WHERE "LINK" IN 
      ( SELECT A."LINK"
        FROM      (SELECT * FROM houses_v2 WHERE "SNAP_DT" < 20200723) A
        LEFT JOIN (SELECT * FROM houses_v2 WHERE "SNAP_DT" = 20200723) B
        ON A."LINK" = B."LINK"
        WHERE b IS NULL);
2020-07-26 16:56:19: Connection Closed OK
2020-07-26 16:56:19: ETL_06_LOAD End: 2020-07-26 16:56:19.805385
2020-07-26 16:56:19: ETL_06_LOAD Total Execution Time: 10.169614553451538
2020-07-26 16:56:19: Processing Snapshot: 20200724
2020-07-26 16:56:19: ETL_00_COLLECT Start: 2020-07-26 16:56:19.815361
2020-07-26 16:56:19: Processing Source: portal inmobiliario
2020-07-26 16:56:21: ETL_00_COLLECT Output Files: D:/Reference/housemodel/data/ETL/T/python/20200724/ETL_00_COLLECT/portal inmobiliario.csv
2020-07-26 16:56:21: ETL_00_COLLECT End: 2020-07-26 16:56:21.641648
2020-07-26 16:56:21: ETL_00_COLLECT Total Execution Time: 1.826286792755127
2020-07-26 16:56:21: ETL_00_COLLECT Creating stats files for portal inmobiliario
2020-07-26 16:56:21: 	Info:		D:/Reference/housemodel/stats/ETL/20200724/ETL_00_COLLECT/portal inmobiliario/info.txt
2020-07-26 16:56:21: 	Describe:	D:/Reference/housemodel/stats/ETL/20200724/ETL_00_COLLECT/portal inmobiliario/describe.csv
2020-07-26 16:56:21: 	Nulls:		D:/Reference/housemodel/stats/ETL/20200724/ETL_00_COLLECT/portal inmobiliario/nulls.txt
2020-07-26 16:56:21: 	Ceros:		D:/Reference/housemodel/stats/ETL/20200724/ETL_00_COLLECT/portal inmobiliario/ceros.txt
2020-07-26 16:56:21: ETL_01_BUILD Start: 2020-07-26 16:56:21.798370
2020-07-26 16:56:21: Processing Source: D:/Reference/housemodel/data/ETL/T/python/20200724/ETL_00_COLLECT/portal inmobiliario.csv
2020-07-26 16:56:24: ETL_01_BUILD End: 2020-07-26 16:56:24.424297
2020-07-26 16:56:24: ETL_01_BUILD Total Execution Time: 2.6259262561798096
2020-07-26 16:56:24: ETL_01_BUILD Creating stats files for portal inmobiliario
2020-07-26 16:56:24: 	Info:		D:/Reference/housemodel/stats/ETL/20200724/ETL_01_BUILD/portal inmobiliario/info.txt
2020-07-26 16:56:24: 	Describe:	D:/Reference/housemodel/stats/ETL/20200724/ETL_01_BUILD/portal inmobiliario/describe.csv
2020-07-26 16:56:24: 	Nulls:		D:/Reference/housemodel/stats/ETL/20200724/ETL_01_BUILD/portal inmobiliario/nulls.txt
2020-07-26 16:56:24: 	Ceros:		D:/Reference/housemodel/stats/ETL/20200724/ETL_01_BUILD/portal inmobiliario/ceros.txt
2020-07-26 16:56:24: ETL_02_CLEAN Start: 2020-07-26 16:56:24.552463
2020-07-26 16:56:24: Processing Source: D:/Reference/housemodel/data/ETL/T/python/20200724/ETL_01_BUILD/portal inmobiliario.csv
2020-07-26 16:56:26: ETL_02_CLEAN End: 2020-07-26 16:56:26.187068
2020-07-26 16:56:26: ETL_02_CLEAN Total Execution Time: 1.6346051692962646
2020-07-26 16:56:26: ETL_02_CLEAN Creating stats files for portal inmobiliario
2020-07-26 16:56:26: 	Info:		D:/Reference/housemodel/stats/ETL/20200724/ETL_02_CLEAN/portal inmobiliario/info.txt
2020-07-26 16:56:26: 	Describe:	D:/Reference/housemodel/stats/ETL/20200724/ETL_02_CLEAN/portal inmobiliario/describe.csv
2020-07-26 16:56:26: 	Nulls:		D:/Reference/housemodel/stats/ETL/20200724/ETL_02_CLEAN/portal inmobiliario/nulls.txt
2020-07-26 16:56:26: 	Ceros:		D:/Reference/housemodel/stats/ETL/20200724/ETL_02_CLEAN/portal inmobiliario/ceros.txt
2020-07-26 16:56:26: ETL_03_FORMAT Start: 2020-07-26 16:56:26.300657
2020-07-26 16:56:26: Processing Source: D:/Reference/housemodel/data/ETL/T/python/20200724/ETL_02_CLEAN/portal inmobiliario.csv
2020-07-26 16:56:26: ETL_03_FORMAT End: 2020-07-26 16:56:26.427827
2020-07-26 16:56:26: ETL_03_FORMAT Total Execution Time: 0.12717008590698242
2020-07-26 16:56:26: ETL_03_FORMAT Creating stats files for portal inmobiliario
2020-07-26 16:56:26: 	Info:		D:/Reference/housemodel/stats/ETL/20200724/ETL_03_FORMAT/portal inmobiliario/info.txt
2020-07-26 16:56:26: 	Describe:	D:/Reference/housemodel/stats/ETL/20200724/ETL_03_FORMAT/portal inmobiliario/describe.csv
2020-07-26 16:56:26: 	Nulls:		D:/Reference/housemodel/stats/ETL/20200724/ETL_03_FORMAT/portal inmobiliario/nulls.txt
2020-07-26 16:56:26: 	Ceros:		D:/Reference/housemodel/stats/ETL/20200724/ETL_03_FORMAT/portal inmobiliario/ceros.txt
2020-07-26 16:56:26: ETL_04_FILL Start: 2020-07-26 16:56:26.549012
2020-07-26 16:56:26: Processing Source: D:/Reference/housemodel/data/ETL/T/python/20200724/ETL_03_FORMAT/portal inmobiliario.csv
2020-07-26 16:56:26: ETL_04_FILL End: 2020-07-26 16:56:26.626801
2020-07-26 16:56:26: ETL_04_FILL Total Execution Time: 0.077789306640625
2020-07-26 16:56:26: ETL_04_FILL Creating stats files for portal inmobiliario
2020-07-26 16:56:26: 	Info:		D:/Reference/housemodel/stats/ETL/20200724/ETL_04_FILL/portal inmobiliario/info.txt
2020-07-26 16:56:26: 	Describe:	D:/Reference/housemodel/stats/ETL/20200724/ETL_04_FILL/portal inmobiliario/describe.csv
2020-07-26 16:56:26: 	Nulls:		D:/Reference/housemodel/stats/ETL/20200724/ETL_04_FILL/portal inmobiliario/nulls.txt
2020-07-26 16:56:26: 	Ceros:		D:/Reference/housemodel/stats/ETL/20200724/ETL_04_FILL/portal inmobiliario/ceros.txt
2020-07-26 16:56:26: ETL_05_FEATURE_ENG Start: 2020-07-26 16:56:26.754462
2020-07-26 16:56:26: Processing Source: D:/Reference/housemodel/data/ETL/T/python/20200724/ETL_04_FILL/portal inmobiliario.csv
2020-07-26 16:56:38: ETL_05_FEATURE_ENG End: 2020-07-26 16:56:38.122428
2020-07-26 16:56:38: ETL_05_FEATURE_ENG Total Execution Time: 11.367966890335083
2020-07-26 16:56:38: ETL_05_FEATURE_ENG Creating stats files for portal inmobiliario
2020-07-26 16:56:38: 	Info:		D:/Reference/housemodel/stats/ETL/20200724/ETL_05_FEATURE_ENG/portal inmobiliario/info.txt
2020-07-26 16:56:38: 	Describe:	D:/Reference/housemodel/stats/ETL/20200724/ETL_05_FEATURE_ENG/portal inmobiliario/describe.csv
2020-07-26 16:56:38: 	Nulls:		D:/Reference/housemodel/stats/ETL/20200724/ETL_05_FEATURE_ENG/portal inmobiliario/nulls.txt
2020-07-26 16:56:38: 	Ceros:		D:/Reference/housemodel/stats/ETL/20200724/ETL_05_FEATURE_ENG/portal inmobiliario/ceros.txt
2020-07-26 16:56:38: ETL_06_LOAD Start: 2020-07-26 16:56:38.259347
2020-07-26 16:56:39: Connection Open OK
2020-07-26 16:56:39: houses_v2 table Exists
2020-07-26 16:56:39: Processing Source: D:/Reference/housemodel/data/ETL/T/python/20200724/ETL_05_FEATURE_ENG/portal inmobiliario.csv
2020-07-26 16:56:40: loadCsv input: D:/Reference/housemodel/data/ETL/T/python/20200724/ETL_05_FEATURE_ENG/portal inmobiliario.csv
2020-07-26 16:56:48: updateSnap executing:  
    UPDATE houses_v2 
    SET "UPDATED_DT"=NOW(), "STAGE"='out' 
    WHERE "LINK" IN 
      ( SELECT A."LINK"
        FROM      (SELECT * FROM houses_v2 WHERE "SNAP_DT" < 20200724) A
        LEFT JOIN (SELECT * FROM houses_v2 WHERE "SNAP_DT" = 20200724) B
        ON A."LINK" = B."LINK"
        WHERE b IS NULL);
2020-07-26 16:56:48: Connection Closed OK
2020-07-26 16:56:48: ETL_06_LOAD End: 2020-07-26 16:56:48.782685
2020-07-26 16:56:48: ETL_06_LOAD Total Execution Time: 10.523338079452515
2020-07-26 16:56:48: Processing Snapshot: 20200725
2020-07-26 16:56:48: ETL_00_COLLECT Start: 2020-07-26 16:56:48.788668
2020-07-26 16:56:48: Processing Source: portal inmobiliario
2020-07-26 16:56:50: ETL_00_COLLECT Output Files: D:/Reference/housemodel/data/ETL/T/python/20200725/ETL_00_COLLECT/portal inmobiliario.csv
2020-07-26 16:56:50: ETL_00_COLLECT End: 2020-07-26 16:56:50.728290
2020-07-26 16:56:50: ETL_00_COLLECT Total Execution Time: 1.939622163772583
2020-07-26 16:56:50: ETL_00_COLLECT Creating stats files for portal inmobiliario
2020-07-26 16:56:50: 	Info:		D:/Reference/housemodel/stats/ETL/20200725/ETL_00_COLLECT/portal inmobiliario/info.txt
2020-07-26 16:56:50: 	Describe:	D:/Reference/housemodel/stats/ETL/20200725/ETL_00_COLLECT/portal inmobiliario/describe.csv
2020-07-26 16:56:50: 	Nulls:		D:/Reference/housemodel/stats/ETL/20200725/ETL_00_COLLECT/portal inmobiliario/nulls.txt
2020-07-26 16:56:50: 	Ceros:		D:/Reference/housemodel/stats/ETL/20200725/ETL_00_COLLECT/portal inmobiliario/ceros.txt
2020-07-26 16:56:50: ETL_01_BUILD Start: 2020-07-26 16:56:50.933723
2020-07-26 16:56:50: Processing Source: D:/Reference/housemodel/data/ETL/T/python/20200725/ETL_00_COLLECT/portal inmobiliario.csv
2020-07-26 16:56:53: ETL_01_BUILD End: 2020-07-26 16:56:53.406758
2020-07-26 16:56:53: ETL_01_BUILD Total Execution Time: 2.473034620285034
2020-07-26 16:56:53: ETL_01_BUILD Creating stats files for portal inmobiliario
2020-07-26 16:56:53: 	Info:		D:/Reference/housemodel/stats/ETL/20200725/ETL_01_BUILD/portal inmobiliario/info.txt
2020-07-26 16:56:53: 	Describe:	D:/Reference/housemodel/stats/ETL/20200725/ETL_01_BUILD/portal inmobiliario/describe.csv
2020-07-26 16:56:53: 	Nulls:		D:/Reference/housemodel/stats/ETL/20200725/ETL_01_BUILD/portal inmobiliario/nulls.txt
2020-07-26 16:56:53: 	Ceros:		D:/Reference/housemodel/stats/ETL/20200725/ETL_01_BUILD/portal inmobiliario/ceros.txt
2020-07-26 16:56:53: ETL_02_CLEAN Start: 2020-07-26 16:56:53.503086
2020-07-26 16:56:53: Processing Source: D:/Reference/housemodel/data/ETL/T/python/20200725/ETL_01_BUILD/portal inmobiliario.csv
2020-07-26 16:56:55: ETL_02_CLEAN End: 2020-07-26 16:56:55.149079
2020-07-26 16:56:55: ETL_02_CLEAN Total Execution Time: 1.6459925174713135
2020-07-26 16:56:55: ETL_02_CLEAN Creating stats files for portal inmobiliario
2020-07-26 16:56:55: 	Info:		D:/Reference/housemodel/stats/ETL/20200725/ETL_02_CLEAN/portal inmobiliario/info.txt
2020-07-26 16:56:55: 	Describe:	D:/Reference/housemodel/stats/ETL/20200725/ETL_02_CLEAN/portal inmobiliario/describe.csv
2020-07-26 16:56:55: 	Nulls:		D:/Reference/housemodel/stats/ETL/20200725/ETL_02_CLEAN/portal inmobiliario/nulls.txt
2020-07-26 16:56:55: 	Ceros:		D:/Reference/housemodel/stats/ETL/20200725/ETL_02_CLEAN/portal inmobiliario/ceros.txt
2020-07-26 16:56:55: ETL_03_FORMAT Start: 2020-07-26 16:56:55.256799
2020-07-26 16:56:55: Processing Source: D:/Reference/housemodel/data/ETL/T/python/20200725/ETL_02_CLEAN/portal inmobiliario.csv
2020-07-26 16:56:55: ETL_03_FORMAT End: 2020-07-26 16:56:55.361518
2020-07-26 16:56:55: ETL_03_FORMAT Total Execution Time: 0.10471868515014648
2020-07-26 16:56:55: ETL_03_FORMAT Creating stats files for portal inmobiliario
2020-07-26 16:56:55: 	Info:		D:/Reference/housemodel/stats/ETL/20200725/ETL_03_FORMAT/portal inmobiliario/info.txt
2020-07-26 16:56:55: 	Describe:	D:/Reference/housemodel/stats/ETL/20200725/ETL_03_FORMAT/portal inmobiliario/describe.csv
2020-07-26 16:56:55: 	Nulls:		D:/Reference/housemodel/stats/ETL/20200725/ETL_03_FORMAT/portal inmobiliario/nulls.txt
2020-07-26 16:56:55: 	Ceros:		D:/Reference/housemodel/stats/ETL/20200725/ETL_03_FORMAT/portal inmobiliario/ceros.txt
2020-07-26 16:56:55: ETL_04_FILL Start: 2020-07-26 16:56:55.520095
2020-07-26 16:56:55: Processing Source: D:/Reference/housemodel/data/ETL/T/python/20200725/ETL_03_FORMAT/portal inmobiliario.csv
2020-07-26 16:56:55: ETL_04_FILL End: 2020-07-26 16:56:55.576948
2020-07-26 16:56:55: ETL_04_FILL Total Execution Time: 0.05685281753540039
2020-07-26 16:56:55: ETL_04_FILL Creating stats files for portal inmobiliario
2020-07-26 16:56:55: 	Info:		D:/Reference/housemodel/stats/ETL/20200725/ETL_04_FILL/portal inmobiliario/info.txt
2020-07-26 16:56:55: 	Describe:	D:/Reference/housemodel/stats/ETL/20200725/ETL_04_FILL/portal inmobiliario/describe.csv
2020-07-26 16:56:55: 	Nulls:		D:/Reference/housemodel/stats/ETL/20200725/ETL_04_FILL/portal inmobiliario/nulls.txt
2020-07-26 16:56:55: 	Ceros:		D:/Reference/housemodel/stats/ETL/20200725/ETL_04_FILL/portal inmobiliario/ceros.txt
2020-07-26 16:56:55: ETL_05_FEATURE_ENG Start: 2020-07-26 16:56:55.678670
2020-07-26 16:56:55: Processing Source: D:/Reference/housemodel/data/ETL/T/python/20200725/ETL_04_FILL/portal inmobiliario.csv
2020-07-26 16:57:07: ETL_05_FEATURE_ENG End: 2020-07-26 16:57:07.468581
2020-07-26 16:57:07: ETL_05_FEATURE_ENG Total Execution Time: 11.789911031723022
2020-07-26 16:57:07: ETL_05_FEATURE_ENG Creating stats files for portal inmobiliario
2020-07-26 16:57:07: 	Info:		D:/Reference/housemodel/stats/ETL/20200725/ETL_05_FEATURE_ENG/portal inmobiliario/info.txt
2020-07-26 16:57:07: 	Describe:	D:/Reference/housemodel/stats/ETL/20200725/ETL_05_FEATURE_ENG/portal inmobiliario/describe.csv
2020-07-26 16:57:07: 	Nulls:		D:/Reference/housemodel/stats/ETL/20200725/ETL_05_FEATURE_ENG/portal inmobiliario/nulls.txt
2020-07-26 16:57:07: 	Ceros:		D:/Reference/housemodel/stats/ETL/20200725/ETL_05_FEATURE_ENG/portal inmobiliario/ceros.txt
2020-07-26 16:57:07: ETL_06_LOAD Start: 2020-07-26 16:57:07.597998
2020-07-26 16:57:09: Connection Open OK
2020-07-26 16:57:09: houses_v2 table Exists
2020-07-26 16:57:09: Processing Source: D:/Reference/housemodel/data/ETL/T/python/20200725/ETL_05_FEATURE_ENG/portal inmobiliario.csv
2020-07-26 16:57:09: loadCsv input: D:/Reference/housemodel/data/ETL/T/python/20200725/ETL_05_FEATURE_ENG/portal inmobiliario.csv
2020-07-26 16:57:17: updateSnap executing:  
    UPDATE houses_v2 
    SET "UPDATED_DT"=NOW(), "STAGE"='out' 
    WHERE "LINK" IN 
      ( SELECT A."LINK"
        FROM      (SELECT * FROM houses_v2 WHERE "SNAP_DT" < 20200725) A
        LEFT JOIN (SELECT * FROM houses_v2 WHERE "SNAP_DT" = 20200725) B
        ON A."LINK" = B."LINK"
        WHERE b IS NULL);
2020-07-26 16:57:18: Connection Closed OK
2020-07-26 16:57:18: ETL_06_LOAD End: 2020-07-26 16:57:18.146663
2020-07-26 16:57:18: ETL_06_LOAD Total Execution Time: 10.548664808273315
2020-07-26 16:57:18: ETL End: 2020-07-26 16:57:18.147669
2020-07-26 16:57:18: ETL Total Execution Time: 142.34054017066956
