2020-07-26 17:26:34: ETL Start: 2020-07-26 17:26:34.026099
2020-07-26 17:26:34: Available Snapshots: 20200707 20200718 20200721 20200723 20200724 20200725
2020-07-26 17:26:34: Processing Snapshot: 20200718
2020-07-26 17:26:34: ETL_00_COLLECT Start: 2020-07-26 17:26:34.048042
2020-07-26 17:26:34: Processing Source: portal inmobiliario
2020-07-26 17:26:35: ETL_00_COLLECT Output Files: D:/Reference/housemodel/data/ETL/T/python/20200718/ETL_00_COLLECT/portal inmobiliario.csv
2020-07-26 17:26:35: ETL_00_COLLECT End: 2020-07-26 17:26:35.846729
2020-07-26 17:26:35: ETL_00_COLLECT Total Execution Time: 1.7986862659454346
2020-07-26 17:26:35: ETL_00_COLLECT Creating stats files for portal inmobiliario
2020-07-26 17:26:35: 	Info:		D:/Reference/housemodel/stats/ETL/20200718/ETL_00_COLLECT/portal inmobiliario/info.txt
2020-07-26 17:26:35: 	Describe:	D:/Reference/housemodel/stats/ETL/20200718/ETL_00_COLLECT/portal inmobiliario/describe.csv
2020-07-26 17:26:36: 	Nulls:		D:/Reference/housemodel/stats/ETL/20200718/ETL_00_COLLECT/portal inmobiliario/nulls.txt
2020-07-26 17:26:36: 	Ceros:		D:/Reference/housemodel/stats/ETL/20200718/ETL_00_COLLECT/portal inmobiliario/ceros.txt
2020-07-26 17:26:36: ETL_01_BUILD Start: 2020-07-26 17:26:36.030494
2020-07-26 17:26:36: Processing Source: D:/Reference/housemodel/data/ETL/T/python/20200718/ETL_00_COLLECT/portal inmobiliario.csv
2020-07-26 17:26:38: ETL_01_BUILD End: 2020-07-26 17:26:38.600798
2020-07-26 17:26:38: ETL_01_BUILD Total Execution Time: 2.5703041553497314
2020-07-26 17:26:38: ETL_01_BUILD Creating stats files for portal inmobiliario
2020-07-26 17:26:38: 	Info:		D:/Reference/housemodel/stats/ETL/20200718/ETL_01_BUILD/portal inmobiliario/info.txt
2020-07-26 17:26:38: 	Describe:	D:/Reference/housemodel/stats/ETL/20200718/ETL_01_BUILD/portal inmobiliario/describe.csv
2020-07-26 17:26:38: 	Nulls:		D:/Reference/housemodel/stats/ETL/20200718/ETL_01_BUILD/portal inmobiliario/nulls.txt
2020-07-26 17:26:38: 	Ceros:		D:/Reference/housemodel/stats/ETL/20200718/ETL_01_BUILD/portal inmobiliario/ceros.txt
2020-07-26 17:26:38: ETL_02_CLEAN Start: 2020-07-26 17:26:38.810889
2020-07-26 17:26:38: Processing Source: D:/Reference/housemodel/data/ETL/T/python/20200718/ETL_01_BUILD/portal inmobiliario.csv
2020-07-26 17:26:40: ETL_02_CLEAN End: 2020-07-26 17:26:40.570084
2020-07-26 17:26:40: ETL_02_CLEAN Total Execution Time: 1.7591943740844727
2020-07-26 17:26:40: ETL_02_CLEAN Creating stats files for portal inmobiliario
2020-07-26 17:26:40: 	Info:		D:/Reference/housemodel/stats/ETL/20200718/ETL_02_CLEAN/portal inmobiliario/info.txt
2020-07-26 17:26:40: 	Describe:	D:/Reference/housemodel/stats/ETL/20200718/ETL_02_CLEAN/portal inmobiliario/describe.csv
2020-07-26 17:26:40: 	Nulls:		D:/Reference/housemodel/stats/ETL/20200718/ETL_02_CLEAN/portal inmobiliario/nulls.txt
2020-07-26 17:26:40: 	Ceros:		D:/Reference/housemodel/stats/ETL/20200718/ETL_02_CLEAN/portal inmobiliario/ceros.txt
2020-07-26 17:26:40: ETL_03_FORMAT Start: 2020-07-26 17:26:40.719685
2020-07-26 17:26:40: Processing Source: D:/Reference/housemodel/data/ETL/T/python/20200718/ETL_02_CLEAN/portal inmobiliario.csv
2020-07-26 17:26:40: ETL_03_FORMAT End: 2020-07-26 17:26:40.974816
2020-07-26 17:26:40: ETL_03_FORMAT Total Execution Time: 0.25513124465942383
2020-07-26 17:26:41: ETL_03_FORMAT Creating stats files for portal inmobiliario
2020-07-26 17:26:41: 	Info:		D:/Reference/housemodel/stats/ETL/20200718/ETL_03_FORMAT/portal inmobiliario/info.txt
2020-07-26 17:26:41: 	Describe:	D:/Reference/housemodel/stats/ETL/20200718/ETL_03_FORMAT/portal inmobiliario/describe.csv
2020-07-26 17:26:41: 	Nulls:		D:/Reference/housemodel/stats/ETL/20200718/ETL_03_FORMAT/portal inmobiliario/nulls.txt
2020-07-26 17:26:41: 	Ceros:		D:/Reference/housemodel/stats/ETL/20200718/ETL_03_FORMAT/portal inmobiliario/ceros.txt
2020-07-26 17:26:41: ETL_04_FILL Start: 2020-07-26 17:26:41.183258
2020-07-26 17:26:41: Processing Source: D:/Reference/housemodel/data/ETL/T/python/20200718/ETL_03_FORMAT/portal inmobiliario.csv
2020-07-26 17:26:41: ETL_04_FILL End: 2020-07-26 17:26:41.332857
2020-07-26 17:26:41: ETL_04_FILL Total Execution Time: 0.14959979057312012
2020-07-26 17:26:41: ETL_04_FILL Creating stats files for portal inmobiliario
2020-07-26 17:26:41: 	Info:		D:/Reference/housemodel/stats/ETL/20200718/ETL_04_FILL/portal inmobiliario/info.txt
2020-07-26 17:26:41: 	Describe:	D:/Reference/housemodel/stats/ETL/20200718/ETL_04_FILL/portal inmobiliario/describe.csv
2020-07-26 17:26:41: 	Nulls:		D:/Reference/housemodel/stats/ETL/20200718/ETL_04_FILL/portal inmobiliario/nulls.txt
2020-07-26 17:26:41: 	Ceros:		D:/Reference/housemodel/stats/ETL/20200718/ETL_04_FILL/portal inmobiliario/ceros.txt
2020-07-26 17:26:41: ETL_05_FEATURE_ENG Start: 2020-07-26 17:26:41.503400
2020-07-26 17:26:41: Processing Source: D:/Reference/housemodel/data/ETL/T/python/20200718/ETL_04_FILL/portal inmobiliario.csv
2020-07-26 17:26:52: ETL_05_FEATURE_ENG End: 2020-07-26 17:26:52.603007
2020-07-26 17:26:52: ETL_05_FEATURE_ENG Total Execution Time: 11.099607229232788
2020-07-26 17:26:52: ETL_05_FEATURE_ENG Creating stats files for portal inmobiliario
2020-07-26 17:26:52: 	Info:		D:/Reference/housemodel/stats/ETL/20200718/ETL_05_FEATURE_ENG/portal inmobiliario/info.txt
2020-07-26 17:26:52: 	Describe:	D:/Reference/housemodel/stats/ETL/20200718/ETL_05_FEATURE_ENG/portal inmobiliario/describe.csv
2020-07-26 17:26:52: 	Nulls:		D:/Reference/housemodel/stats/ETL/20200718/ETL_05_FEATURE_ENG/portal inmobiliario/nulls.txt
2020-07-26 17:26:52: 	Ceros:		D:/Reference/housemodel/stats/ETL/20200718/ETL_05_FEATURE_ENG/portal inmobiliario/ceros.txt
2020-07-26 17:26:52: ETL_06_LOAD Start: 2020-07-26 17:26:52.809456
2020-07-26 17:26:54: Connection Open OK
2020-07-26 17:26:54: houses_v2 table Exists
2020-07-26 17:26:54: Processing Source: D:/Reference/housemodel/data/ETL/T/python/20200718/ETL_05_FEATURE_ENG/portal inmobiliario.csv
2020-07-26 17:26:54: loadCsv input: D:/Reference/housemodel/data/ETL/T/python/20200718/ETL_05_FEATURE_ENG/portal inmobiliario.csv
2020-07-26 17:27:03: updateSnap executing:  
    UPDATE houses_v2 
    SET "UPDATED_DT"=NOW(), "STAGE"='out' 
    WHERE "LINK" IN 
      ( SELECT A."LINK"
        FROM      (SELECT * FROM houses_v2 WHERE "SNAP_DT" < 20200718) A
        LEFT JOIN (SELECT * FROM houses_v2 WHERE "SNAP_DT" = 20200718) B
        ON A."LINK" = B."LINK"
        WHERE b IS NULL);
2020-07-26 17:27:03: Connection Closed OK
2020-07-26 17:27:03: ETL_06_LOAD End: 2020-07-26 17:27:03.436243
2020-07-26 17:27:03: ETL_06_LOAD Total Execution Time: 10.626786708831787
2020-07-26 17:27:03: Processing Snapshot: 20200721
2020-07-26 17:27:03: ETL_00_COLLECT Start: 2020-07-26 17:27:03.452199
2020-07-26 17:27:03: Processing Source: portal inmobiliario
2020-07-26 17:27:05: ETL_00_COLLECT Output Files: D:/Reference/housemodel/data/ETL/T/python/20200721/ETL_00_COLLECT/portal inmobiliario.csv
2020-07-26 17:27:05: ETL_00_COLLECT End: 2020-07-26 17:27:05.145551
2020-07-26 17:27:05: ETL_00_COLLECT Total Execution Time: 1.693352222442627
2020-07-26 17:27:05: ETL_00_COLLECT Creating stats files for portal inmobiliario
2020-07-26 17:27:05: 	Info:		D:/Reference/housemodel/stats/ETL/20200721/ETL_00_COLLECT/portal inmobiliario/info.txt
2020-07-26 17:27:05: 	Describe:	D:/Reference/housemodel/stats/ETL/20200721/ETL_00_COLLECT/portal inmobiliario/describe.csv
2020-07-26 17:27:05: 	Nulls:		D:/Reference/housemodel/stats/ETL/20200721/ETL_00_COLLECT/portal inmobiliario/nulls.txt
2020-07-26 17:27:05: 	Ceros:		D:/Reference/housemodel/stats/ETL/20200721/ETL_00_COLLECT/portal inmobiliario/ceros.txt
2020-07-26 17:27:05: ETL_01_BUILD Start: 2020-07-26 17:27:05.473671
2020-07-26 17:27:05: Processing Source: D:/Reference/housemodel/data/ETL/T/python/20200721/ETL_00_COLLECT/portal inmobiliario.csv
2020-07-26 17:27:08: ETL_01_BUILD End: 2020-07-26 17:27:08.094912
2020-07-26 17:27:08: ETL_01_BUILD Total Execution Time: 2.6212410926818848
2020-07-26 17:27:08: ETL_01_BUILD Creating stats files for portal inmobiliario
2020-07-26 17:27:08: 	Info:		D:/Reference/housemodel/stats/ETL/20200721/ETL_01_BUILD/portal inmobiliario/info.txt
2020-07-26 17:27:08: 	Describe:	D:/Reference/housemodel/stats/ETL/20200721/ETL_01_BUILD/portal inmobiliario/describe.csv
2020-07-26 17:27:08: 	Nulls:		D:/Reference/housemodel/stats/ETL/20200721/ETL_01_BUILD/portal inmobiliario/nulls.txt
2020-07-26 17:27:08: 	Ceros:		D:/Reference/housemodel/stats/ETL/20200721/ETL_01_BUILD/portal inmobiliario/ceros.txt
2020-07-26 17:27:08: ETL_02_CLEAN Start: 2020-07-26 17:27:08.216747
2020-07-26 17:27:08: Processing Source: D:/Reference/housemodel/data/ETL/T/python/20200721/ETL_01_BUILD/portal inmobiliario.csv
2020-07-26 17:27:09: ETL_02_CLEAN End: 2020-07-26 17:27:09.875241
2020-07-26 17:27:09: ETL_02_CLEAN Total Execution Time: 1.658494472503662
2020-07-26 17:27:09: ETL_02_CLEAN Creating stats files for portal inmobiliario
2020-07-26 17:27:09: 	Info:		D:/Reference/housemodel/stats/ETL/20200721/ETL_02_CLEAN/portal inmobiliario/info.txt
2020-07-26 17:27:09: 	Describe:	D:/Reference/housemodel/stats/ETL/20200721/ETL_02_CLEAN/portal inmobiliario/describe.csv
2020-07-26 17:27:09: 	Nulls:		D:/Reference/housemodel/stats/ETL/20200721/ETL_02_CLEAN/portal inmobiliario/nulls.txt
2020-07-26 17:27:09: 	Ceros:		D:/Reference/housemodel/stats/ETL/20200721/ETL_02_CLEAN/portal inmobiliario/ceros.txt
2020-07-26 17:27:09: ETL_03_FORMAT Start: 2020-07-26 17:27:09.986460
2020-07-26 17:27:09: Processing Source: D:/Reference/housemodel/data/ETL/T/python/20200721/ETL_02_CLEAN/portal inmobiliario.csv
2020-07-26 17:27:10: ETL_03_FORMAT End: 2020-07-26 17:27:10.147540
2020-07-26 17:27:10: ETL_03_FORMAT Total Execution Time: 0.16107988357543945
2020-07-26 17:27:10: ETL_03_FORMAT Creating stats files for portal inmobiliario
2020-07-26 17:27:10: 	Info:		D:/Reference/housemodel/stats/ETL/20200721/ETL_03_FORMAT/portal inmobiliario/info.txt
2020-07-26 17:27:10: 	Describe:	D:/Reference/housemodel/stats/ETL/20200721/ETL_03_FORMAT/portal inmobiliario/describe.csv
2020-07-26 17:27:10: 	Nulls:		D:/Reference/housemodel/stats/ETL/20200721/ETL_03_FORMAT/portal inmobiliario/nulls.txt
2020-07-26 17:27:10: 	Ceros:		D:/Reference/housemodel/stats/ETL/20200721/ETL_03_FORMAT/portal inmobiliario/ceros.txt
2020-07-26 17:27:10: ETL_04_FILL Start: 2020-07-26 17:27:10.309110
2020-07-26 17:27:10: Processing Source: D:/Reference/housemodel/data/ETL/T/python/20200721/ETL_03_FORMAT/portal inmobiliario.csv
2020-07-26 17:27:10: ETL_04_FILL End: 2020-07-26 17:27:10.483643
2020-07-26 17:27:10: ETL_04_FILL Total Execution Time: 0.17453312873840332
2020-07-26 17:27:10: ETL_04_FILL Creating stats files for portal inmobiliario
2020-07-26 17:27:10: 	Info:		D:/Reference/housemodel/stats/ETL/20200721/ETL_04_FILL/portal inmobiliario/info.txt
2020-07-26 17:27:10: 	Describe:	D:/Reference/housemodel/stats/ETL/20200721/ETL_04_FILL/portal inmobiliario/describe.csv
2020-07-26 17:27:10: 	Nulls:		D:/Reference/housemodel/stats/ETL/20200721/ETL_04_FILL/portal inmobiliario/nulls.txt
2020-07-26 17:27:10: 	Ceros:		D:/Reference/housemodel/stats/ETL/20200721/ETL_04_FILL/portal inmobiliario/ceros.txt
2020-07-26 17:27:10: ETL_05_FEATURE_ENG Start: 2020-07-26 17:27:10.612298
2020-07-26 17:27:10: Processing Source: D:/Reference/housemodel/data/ETL/T/python/20200721/ETL_04_FILL/portal inmobiliario.csv
2020-07-26 17:27:21: ETL_05_FEATURE_ENG End: 2020-07-26 17:27:21.055435
2020-07-26 17:27:21: ETL_05_FEATURE_ENG Total Execution Time: 10.44313669204712
2020-07-26 17:27:21: ETL_05_FEATURE_ENG Creating stats files for portal inmobiliario
2020-07-26 17:27:21: 	Info:		D:/Reference/housemodel/stats/ETL/20200721/ETL_05_FEATURE_ENG/portal inmobiliario/info.txt
2020-07-26 17:27:21: 	Describe:	D:/Reference/housemodel/stats/ETL/20200721/ETL_05_FEATURE_ENG/portal inmobiliario/describe.csv
2020-07-26 17:27:21: 	Nulls:		D:/Reference/housemodel/stats/ETL/20200721/ETL_05_FEATURE_ENG/portal inmobiliario/nulls.txt
2020-07-26 17:27:21: 	Ceros:		D:/Reference/housemodel/stats/ETL/20200721/ETL_05_FEATURE_ENG/portal inmobiliario/ceros.txt
2020-07-26 17:27:21: ETL_06_LOAD Start: 2020-07-26 17:27:21.231447
2020-07-26 17:27:24: Connection Open OK
2020-07-26 17:27:24: houses_v2 table Exists
2020-07-26 17:27:24: Processing Source: D:/Reference/housemodel/data/ETL/T/python/20200721/ETL_05_FEATURE_ENG/portal inmobiliario.csv
2020-07-26 17:27:24: loadCsv input: D:/Reference/housemodel/data/ETL/T/python/20200721/ETL_05_FEATURE_ENG/portal inmobiliario.csv
2020-07-26 17:27:33: updateSnap executing:  
    UPDATE houses_v2 
    SET "UPDATED_DT"=NOW(), "STAGE"='out' 
    WHERE "LINK" IN 
      ( SELECT A."LINK"
        FROM      (SELECT * FROM houses_v2 WHERE "SNAP_DT" < 20200721) A
        LEFT JOIN (SELECT * FROM houses_v2 WHERE "SNAP_DT" = 20200721) B
        ON A."LINK" = B."LINK"
        WHERE b IS NULL);
2020-07-26 17:27:33: Connection Closed OK
2020-07-26 17:27:33: ETL_06_LOAD End: 2020-07-26 17:27:33.314713
2020-07-26 17:27:33: ETL_06_LOAD Total Execution Time: 12.083266496658325
2020-07-26 17:27:33: Processing Snapshot: 20200723
2020-07-26 17:27:33: ETL_00_COLLECT Start: 2020-07-26 17:27:33.329674
2020-07-26 17:27:33: Processing Source: portal inmobiliario
2020-07-26 17:27:35: ETL_00_COLLECT Output Files: D:/Reference/housemodel/data/ETL/T/python/20200723/ETL_00_COLLECT/portal inmobiliario.csv
2020-07-26 17:27:35: ETL_00_COLLECT End: 2020-07-26 17:27:35.649066
2020-07-26 17:27:35: ETL_00_COLLECT Total Execution Time: 2.3193914890289307
2020-07-26 17:27:35: ETL_00_COLLECT Creating stats files for portal inmobiliario
2020-07-26 17:27:35: 	Info:		D:/Reference/housemodel/stats/ETL/20200723/ETL_00_COLLECT/portal inmobiliario/info.txt
2020-07-26 17:27:35: 	Describe:	D:/Reference/housemodel/stats/ETL/20200723/ETL_00_COLLECT/portal inmobiliario/describe.csv
2020-07-26 17:27:35: 	Nulls:		D:/Reference/housemodel/stats/ETL/20200723/ETL_00_COLLECT/portal inmobiliario/nulls.txt
2020-07-26 17:27:35: 	Ceros:		D:/Reference/housemodel/stats/ETL/20200723/ETL_00_COLLECT/portal inmobiliario/ceros.txt
2020-07-26 17:27:35: ETL_01_BUILD Start: 2020-07-26 17:27:35.927323
2020-07-26 17:27:35: Processing Source: D:/Reference/housemodel/data/ETL/T/python/20200723/ETL_00_COLLECT/portal inmobiliario.csv
2020-07-26 17:27:39: ETL_01_BUILD End: 2020-07-26 17:27:39.386022
2020-07-26 17:27:39: ETL_01_BUILD Total Execution Time: 3.4586997032165527
2020-07-26 17:27:39: ETL_01_BUILD Creating stats files for portal inmobiliario
2020-07-26 17:27:39: 	Info:		D:/Reference/housemodel/stats/ETL/20200723/ETL_01_BUILD/portal inmobiliario/info.txt
2020-07-26 17:27:39: 	Describe:	D:/Reference/housemodel/stats/ETL/20200723/ETL_01_BUILD/portal inmobiliario/describe.csv
2020-07-26 17:27:39: 	Nulls:		D:/Reference/housemodel/stats/ETL/20200723/ETL_01_BUILD/portal inmobiliario/nulls.txt
2020-07-26 17:27:39: 	Ceros:		D:/Reference/housemodel/stats/ETL/20200723/ETL_01_BUILD/portal inmobiliario/ceros.txt
2020-07-26 17:27:39: ETL_02_CLEAN Start: 2020-07-26 17:27:39.502710
2020-07-26 17:27:39: Processing Source: D:/Reference/housemodel/data/ETL/T/python/20200723/ETL_01_BUILD/portal inmobiliario.csv
2020-07-26 17:27:41: ETL_02_CLEAN End: 2020-07-26 17:27:41.482080
2020-07-26 17:27:41: ETL_02_CLEAN Total Execution Time: 1.9793691635131836
2020-07-26 17:27:41: ETL_02_CLEAN Creating stats files for portal inmobiliario
2020-07-26 17:27:41: 	Info:		D:/Reference/housemodel/stats/ETL/20200723/ETL_02_CLEAN/portal inmobiliario/info.txt
2020-07-26 17:27:41: 	Describe:	D:/Reference/housemodel/stats/ETL/20200723/ETL_02_CLEAN/portal inmobiliario/describe.csv
2020-07-26 17:27:41: 	Nulls:		D:/Reference/housemodel/stats/ETL/20200723/ETL_02_CLEAN/portal inmobiliario/nulls.txt
2020-07-26 17:27:41: 	Ceros:		D:/Reference/housemodel/stats/ETL/20200723/ETL_02_CLEAN/portal inmobiliario/ceros.txt
2020-07-26 17:27:41: ETL_03_FORMAT Start: 2020-07-26 17:27:41.597731
2020-07-26 17:27:41: Processing Source: D:/Reference/housemodel/data/ETL/T/python/20200723/ETL_02_CLEAN/portal inmobiliario.csv
2020-07-26 17:27:41: ETL_03_FORMAT End: 2020-07-26 17:27:41.769269
2020-07-26 17:27:41: ETL_03_FORMAT Total Execution Time: 0.1715383529663086
2020-07-26 17:27:41: ETL_03_FORMAT Creating stats files for portal inmobiliario
2020-07-26 17:27:41: 	Info:		D:/Reference/housemodel/stats/ETL/20200723/ETL_03_FORMAT/portal inmobiliario/info.txt
2020-07-26 17:27:41: 	Describe:	D:/Reference/housemodel/stats/ETL/20200723/ETL_03_FORMAT/portal inmobiliario/describe.csv
2020-07-26 17:27:41: 	Nulls:		D:/Reference/housemodel/stats/ETL/20200723/ETL_03_FORMAT/portal inmobiliario/nulls.txt
2020-07-26 17:27:41: 	Ceros:		D:/Reference/housemodel/stats/ETL/20200723/ETL_03_FORMAT/portal inmobiliario/ceros.txt
2020-07-26 17:27:41: ETL_04_FILL Start: 2020-07-26 17:27:41.881683
2020-07-26 17:27:41: Processing Source: D:/Reference/housemodel/data/ETL/T/python/20200723/ETL_03_FORMAT/portal inmobiliario.csv
2020-07-26 17:27:42: ETL_04_FILL End: 2020-07-26 17:27:42.016476
2020-07-26 17:27:42: ETL_04_FILL Total Execution Time: 0.13479328155517578
2020-07-26 17:27:42: ETL_04_FILL Creating stats files for portal inmobiliario
2020-07-26 17:27:42: 	Info:		D:/Reference/housemodel/stats/ETL/20200723/ETL_04_FILL/portal inmobiliario/info.txt
2020-07-26 17:27:42: 	Describe:	D:/Reference/housemodel/stats/ETL/20200723/ETL_04_FILL/portal inmobiliario/describe.csv
2020-07-26 17:27:42: 	Nulls:		D:/Reference/housemodel/stats/ETL/20200723/ETL_04_FILL/portal inmobiliario/nulls.txt
2020-07-26 17:27:42: 	Ceros:		D:/Reference/housemodel/stats/ETL/20200723/ETL_04_FILL/portal inmobiliario/ceros.txt
2020-07-26 17:27:42: ETL_05_FEATURE_ENG Start: 2020-07-26 17:27:42.176557
2020-07-26 17:27:42: Processing Source: D:/Reference/housemodel/data/ETL/T/python/20200723/ETL_04_FILL/portal inmobiliario.csv
2020-07-26 17:27:52: ETL_05_FEATURE_ENG End: 2020-07-26 17:27:52.694691
2020-07-26 17:27:52: ETL_05_FEATURE_ENG Total Execution Time: 10.518134117126465
2020-07-26 17:27:52: ETL_05_FEATURE_ENG Creating stats files for portal inmobiliario
2020-07-26 17:27:52: 	Info:		D:/Reference/housemodel/stats/ETL/20200723/ETL_05_FEATURE_ENG/portal inmobiliario/info.txt
2020-07-26 17:27:52: 	Describe:	D:/Reference/housemodel/stats/ETL/20200723/ETL_05_FEATURE_ENG/portal inmobiliario/describe.csv
2020-07-26 17:27:52: 	Nulls:		D:/Reference/housemodel/stats/ETL/20200723/ETL_05_FEATURE_ENG/portal inmobiliario/nulls.txt
2020-07-26 17:27:52: 	Ceros:		D:/Reference/housemodel/stats/ETL/20200723/ETL_05_FEATURE_ENG/portal inmobiliario/ceros.txt
2020-07-26 17:27:52: ETL_06_LOAD Start: 2020-07-26 17:27:52.849095
2020-07-26 17:28:12: Connection Open OK
2020-07-26 17:28:12: houses_v2 table Exists
2020-07-26 17:28:12: Processing Source: D:/Reference/housemodel/data/ETL/T/python/20200723/ETL_05_FEATURE_ENG/portal inmobiliario.csv
2020-07-26 17:28:13: loadCsv input: D:/Reference/housemodel/data/ETL/T/python/20200723/ETL_05_FEATURE_ENG/portal inmobiliario.csv
2020-07-26 17:28:21: updateSnap executing:  
    UPDATE houses_v2 
    SET "UPDATED_DT"=NOW(), "STAGE"='out' 
    WHERE "LINK" IN 
      ( SELECT A."LINK"
        FROM      (SELECT * FROM houses_v2 WHERE "SNAP_DT" < 20200723) A
        LEFT JOIN (SELECT * FROM houses_v2 WHERE "SNAP_DT" = 20200723) B
        ON A."LINK" = B."LINK"
        WHERE b IS NULL);
2020-07-26 17:28:21: Connection Closed OK
2020-07-26 17:28:21: ETL_06_LOAD End: 2020-07-26 17:28:21.429028
2020-07-26 17:28:21: ETL_06_LOAD Total Execution Time: 28.579932928085327
2020-07-26 17:28:21: Processing Snapshot: 20200724
2020-07-26 17:28:21: ETL_00_COLLECT Start: 2020-07-26 17:28:21.444986
2020-07-26 17:28:21: Processing Source: portal inmobiliario
2020-07-26 17:28:23: ETL_00_COLLECT Output Files: D:/Reference/housemodel/data/ETL/T/python/20200724/ETL_00_COLLECT/portal inmobiliario.csv
2020-07-26 17:28:23: ETL_00_COLLECT End: 2020-07-26 17:28:23.191731
2020-07-26 17:28:23: ETL_00_COLLECT Total Execution Time: 1.7467453479766846
2020-07-26 17:28:23: ETL_00_COLLECT Creating stats files for portal inmobiliario
2020-07-26 17:28:23: 	Info:		D:/Reference/housemodel/stats/ETL/20200724/ETL_00_COLLECT/portal inmobiliario/info.txt
2020-07-26 17:28:23: 	Describe:	D:/Reference/housemodel/stats/ETL/20200724/ETL_00_COLLECT/portal inmobiliario/describe.csv
2020-07-26 17:28:23: 	Nulls:		D:/Reference/housemodel/stats/ETL/20200724/ETL_00_COLLECT/portal inmobiliario/nulls.txt
2020-07-26 17:28:23: 	Ceros:		D:/Reference/housemodel/stats/ETL/20200724/ETL_00_COLLECT/portal inmobiliario/ceros.txt
2020-07-26 17:28:23: ETL_01_BUILD Start: 2020-07-26 17:28:23.356873
2020-07-26 17:28:23: Processing Source: D:/Reference/housemodel/data/ETL/T/python/20200724/ETL_00_COLLECT/portal inmobiliario.csv
2020-07-26 17:28:25: ETL_01_BUILD End: 2020-07-26 17:28:25.842178
2020-07-26 17:28:25: ETL_01_BUILD Total Execution Time: 2.485305070877075
2020-07-26 17:28:25: ETL_01_BUILD Creating stats files for portal inmobiliario
2020-07-26 17:28:25: 	Info:		D:/Reference/housemodel/stats/ETL/20200724/ETL_01_BUILD/portal inmobiliario/info.txt
2020-07-26 17:28:25: 	Describe:	D:/Reference/housemodel/stats/ETL/20200724/ETL_01_BUILD/portal inmobiliario/describe.csv
2020-07-26 17:28:25: 	Nulls:		D:/Reference/housemodel/stats/ETL/20200724/ETL_01_BUILD/portal inmobiliario/nulls.txt
2020-07-26 17:28:25: 	Ceros:		D:/Reference/housemodel/stats/ETL/20200724/ETL_01_BUILD/portal inmobiliario/ceros.txt
2020-07-26 17:28:25: ETL_02_CLEAN Start: 2020-07-26 17:28:25.962183
2020-07-26 17:28:25: Processing Source: D:/Reference/housemodel/data/ETL/T/python/20200724/ETL_01_BUILD/portal inmobiliario.csv
2020-07-26 17:28:27: ETL_02_CLEAN End: 2020-07-26 17:28:27.655003
2020-07-26 17:28:27: ETL_02_CLEAN Total Execution Time: 1.692819595336914
2020-07-26 17:28:27: ETL_02_CLEAN Creating stats files for portal inmobiliario
2020-07-26 17:28:27: 	Info:		D:/Reference/housemodel/stats/ETL/20200724/ETL_02_CLEAN/portal inmobiliario/info.txt
2020-07-26 17:28:27: 	Describe:	D:/Reference/housemodel/stats/ETL/20200724/ETL_02_CLEAN/portal inmobiliario/describe.csv
2020-07-26 17:28:27: 	Nulls:		D:/Reference/housemodel/stats/ETL/20200724/ETL_02_CLEAN/portal inmobiliario/nulls.txt
2020-07-26 17:28:27: 	Ceros:		D:/Reference/housemodel/stats/ETL/20200724/ETL_02_CLEAN/portal inmobiliario/ceros.txt
2020-07-26 17:28:27: ETL_03_FORMAT Start: 2020-07-26 17:28:27.799617
2020-07-26 17:28:27: Processing Source: D:/Reference/housemodel/data/ETL/T/python/20200724/ETL_02_CLEAN/portal inmobiliario.csv
2020-07-26 17:28:27: ETL_03_FORMAT End: 2020-07-26 17:28:27.985120
2020-07-26 17:28:27: ETL_03_FORMAT Total Execution Time: 0.1855030059814453
2020-07-26 17:28:28: ETL_03_FORMAT Creating stats files for portal inmobiliario
2020-07-26 17:28:28: 	Info:		D:/Reference/housemodel/stats/ETL/20200724/ETL_03_FORMAT/portal inmobiliario/info.txt
2020-07-26 17:28:28: 	Describe:	D:/Reference/housemodel/stats/ETL/20200724/ETL_03_FORMAT/portal inmobiliario/describe.csv
2020-07-26 17:28:28: 	Nulls:		D:/Reference/housemodel/stats/ETL/20200724/ETL_03_FORMAT/portal inmobiliario/nulls.txt
2020-07-26 17:28:28: 	Ceros:		D:/Reference/housemodel/stats/ETL/20200724/ETL_03_FORMAT/portal inmobiliario/ceros.txt
2020-07-26 17:28:28: ETL_04_FILL Start: 2020-07-26 17:28:28.169630
2020-07-26 17:28:28: Processing Source: D:/Reference/housemodel/data/ETL/T/python/20200724/ETL_03_FORMAT/portal inmobiliario.csv
2020-07-26 17:28:28: ETL_04_FILL End: 2020-07-26 17:28:28.299677
2020-07-26 17:28:28: ETL_04_FILL Total Execution Time: 0.13004660606384277
2020-07-26 17:28:28: ETL_04_FILL Creating stats files for portal inmobiliario
2020-07-26 17:28:28: 	Info:		D:/Reference/housemodel/stats/ETL/20200724/ETL_04_FILL/portal inmobiliario/info.txt
2020-07-26 17:28:28: 	Describe:	D:/Reference/housemodel/stats/ETL/20200724/ETL_04_FILL/portal inmobiliario/describe.csv
2020-07-26 17:28:28: 	Nulls:		D:/Reference/housemodel/stats/ETL/20200724/ETL_04_FILL/portal inmobiliario/nulls.txt
2020-07-26 17:28:28: 	Ceros:		D:/Reference/housemodel/stats/ETL/20200724/ETL_04_FILL/portal inmobiliario/ceros.txt
2020-07-26 17:28:28: ETL_05_FEATURE_ENG Start: 2020-07-26 17:28:28.417361
2020-07-26 17:28:28: Processing Source: D:/Reference/housemodel/data/ETL/T/python/20200724/ETL_04_FILL/portal inmobiliario.csv
2020-07-26 17:28:38: ETL_05_FEATURE_ENG End: 2020-07-26 17:28:38.840652
2020-07-26 17:28:38: ETL_05_FEATURE_ENG Total Execution Time: 10.423290967941284
2020-07-26 17:28:38: ETL_05_FEATURE_ENG Creating stats files for portal inmobiliario
2020-07-26 17:28:38: 	Info:		D:/Reference/housemodel/stats/ETL/20200724/ETL_05_FEATURE_ENG/portal inmobiliario/info.txt
2020-07-26 17:28:38: 	Describe:	D:/Reference/housemodel/stats/ETL/20200724/ETL_05_FEATURE_ENG/portal inmobiliario/describe.csv
2020-07-26 17:28:38: 	Nulls:		D:/Reference/housemodel/stats/ETL/20200724/ETL_05_FEATURE_ENG/portal inmobiliario/nulls.txt
2020-07-26 17:28:38: 	Ceros:		D:/Reference/housemodel/stats/ETL/20200724/ETL_05_FEATURE_ENG/portal inmobiliario/ceros.txt
2020-07-26 17:28:38: ETL_06_LOAD Start: 2020-07-26 17:28:38.984040
2020-07-26 17:28:41: Connection Open OK
2020-07-26 17:28:41: houses_v2 table Exists
2020-07-26 17:28:41: Processing Source: D:/Reference/housemodel/data/ETL/T/python/20200724/ETL_05_FEATURE_ENG/portal inmobiliario.csv
2020-07-26 17:28:41: loadCsv input: D:/Reference/housemodel/data/ETL/T/python/20200724/ETL_05_FEATURE_ENG/portal inmobiliario.csv
2020-07-26 17:28:49: updateSnap executing:  
    UPDATE houses_v2 
    SET "UPDATED_DT"=NOW(), "STAGE"='out' 
    WHERE "LINK" IN 
      ( SELECT A."LINK"
        FROM      (SELECT * FROM houses_v2 WHERE "SNAP_DT" < 20200724) A
        LEFT JOIN (SELECT * FROM houses_v2 WHERE "SNAP_DT" = 20200724) B
        ON A."LINK" = B."LINK"
        WHERE b IS NULL);
2020-07-26 17:28:50: Connection Closed OK
2020-07-26 17:28:50: ETL_06_LOAD End: 2020-07-26 17:28:50.078120
2020-07-26 17:28:50: ETL_06_LOAD Total Execution Time: 11.094079971313477
2020-07-26 17:28:50: Processing Snapshot: 20200725
2020-07-26 17:28:50: ETL_00_COLLECT Start: 2020-07-26 17:28:50.096070
2020-07-26 17:28:50: Processing Source: portal inmobiliario
2020-07-26 17:28:51: ETL_00_COLLECT Output Files: D:/Reference/housemodel/data/ETL/T/python/20200725/ETL_00_COLLECT/portal inmobiliario.csv
2020-07-26 17:28:51: ETL_00_COLLECT End: 2020-07-26 17:28:51.771999
2020-07-26 17:28:51: ETL_00_COLLECT Total Execution Time: 1.675929307937622
2020-07-26 17:28:51: ETL_00_COLLECT Creating stats files for portal inmobiliario
2020-07-26 17:28:51: 	Info:		D:/Reference/housemodel/stats/ETL/20200725/ETL_00_COLLECT/portal inmobiliario/info.txt
2020-07-26 17:28:51: 	Describe:	D:/Reference/housemodel/stats/ETL/20200725/ETL_00_COLLECT/portal inmobiliario/describe.csv
2020-07-26 17:28:51: 	Nulls:		D:/Reference/housemodel/stats/ETL/20200725/ETL_00_COLLECT/portal inmobiliario/nulls.txt
2020-07-26 17:28:51: 	Ceros:		D:/Reference/housemodel/stats/ETL/20200725/ETL_00_COLLECT/portal inmobiliario/ceros.txt
2020-07-26 17:28:51: ETL_01_BUILD Start: 2020-07-26 17:28:51.982441
2020-07-26 17:28:51: Processing Source: D:/Reference/housemodel/data/ETL/T/python/20200725/ETL_00_COLLECT/portal inmobiliario.csv
2020-07-26 17:28:54: ETL_01_BUILD End: 2020-07-26 17:28:54.339628
2020-07-26 17:28:54: ETL_01_BUILD Total Execution Time: 2.357187509536743
2020-07-26 17:28:54: ETL_01_BUILD Creating stats files for portal inmobiliario
2020-07-26 17:28:54: 	Info:		D:/Reference/housemodel/stats/ETL/20200725/ETL_01_BUILD/portal inmobiliario/info.txt
2020-07-26 17:28:54: 	Describe:	D:/Reference/housemodel/stats/ETL/20200725/ETL_01_BUILD/portal inmobiliario/describe.csv
2020-07-26 17:28:54: 	Nulls:		D:/Reference/housemodel/stats/ETL/20200725/ETL_01_BUILD/portal inmobiliario/nulls.txt
2020-07-26 17:28:54: 	Ceros:		D:/Reference/housemodel/stats/ETL/20200725/ETL_01_BUILD/portal inmobiliario/ceros.txt
2020-07-26 17:28:54: ETL_02_CLEAN Start: 2020-07-26 17:28:54.492225
2020-07-26 17:28:54: Processing Source: D:/Reference/housemodel/data/ETL/T/python/20200725/ETL_01_BUILD/portal inmobiliario.csv
2020-07-26 17:28:55: ETL_02_CLEAN End: 2020-07-26 17:28:55.997017
2020-07-26 17:28:56: ETL_02_CLEAN Total Execution Time: 1.5047924518585205
2020-07-26 17:28:56: ETL_02_CLEAN Creating stats files for portal inmobiliario
2020-07-26 17:28:56: 	Info:		D:/Reference/housemodel/stats/ETL/20200725/ETL_02_CLEAN/portal inmobiliario/info.txt
2020-07-26 17:28:56: 	Describe:	D:/Reference/housemodel/stats/ETL/20200725/ETL_02_CLEAN/portal inmobiliario/describe.csv
2020-07-26 17:28:56: 	Nulls:		D:/Reference/housemodel/stats/ETL/20200725/ETL_02_CLEAN/portal inmobiliario/nulls.txt
2020-07-26 17:28:56: 	Ceros:		D:/Reference/housemodel/stats/ETL/20200725/ETL_02_CLEAN/portal inmobiliario/ceros.txt
2020-07-26 17:28:56: ETL_03_FORMAT Start: 2020-07-26 17:28:56.181525
2020-07-26 17:28:56: Processing Source: D:/Reference/housemodel/data/ETL/T/python/20200725/ETL_02_CLEAN/portal inmobiliario.csv
2020-07-26 17:28:56: ETL_03_FORMAT End: 2020-07-26 17:28:56.379778
2020-07-26 17:28:56: ETL_03_FORMAT Total Execution Time: 0.19825315475463867
2020-07-26 17:28:56: ETL_03_FORMAT Creating stats files for portal inmobiliario
2020-07-26 17:28:56: 	Info:		D:/Reference/housemodel/stats/ETL/20200725/ETL_03_FORMAT/portal inmobiliario/info.txt
2020-07-26 17:28:56: 	Describe:	D:/Reference/housemodel/stats/ETL/20200725/ETL_03_FORMAT/portal inmobiliario/describe.csv
2020-07-26 17:28:56: 	Nulls:		D:/Reference/housemodel/stats/ETL/20200725/ETL_03_FORMAT/portal inmobiliario/nulls.txt
2020-07-26 17:28:56: 	Ceros:		D:/Reference/housemodel/stats/ETL/20200725/ETL_03_FORMAT/portal inmobiliario/ceros.txt
2020-07-26 17:28:56: ETL_04_FILL Start: 2020-07-26 17:28:56.498974
2020-07-26 17:28:56: Processing Source: D:/Reference/housemodel/data/ETL/T/python/20200725/ETL_03_FORMAT/portal inmobiliario.csv
2020-07-26 17:28:56: ETL_04_FILL End: 2020-07-26 17:28:56.654068
2020-07-26 17:28:56: ETL_04_FILL Total Execution Time: 0.15509462356567383
2020-07-26 17:28:56: ETL_04_FILL Creating stats files for portal inmobiliario
2020-07-26 17:28:56: 	Info:		D:/Reference/housemodel/stats/ETL/20200725/ETL_04_FILL/portal inmobiliario/info.txt
2020-07-26 17:28:56: 	Describe:	D:/Reference/housemodel/stats/ETL/20200725/ETL_04_FILL/portal inmobiliario/describe.csv
2020-07-26 17:28:56: 	Nulls:		D:/Reference/housemodel/stats/ETL/20200725/ETL_04_FILL/portal inmobiliario/nulls.txt
2020-07-26 17:28:56: 	Ceros:		D:/Reference/housemodel/stats/ETL/20200725/ETL_04_FILL/portal inmobiliario/ceros.txt
2020-07-26 17:28:56: ETL_05_FEATURE_ENG Start: 2020-07-26 17:28:56.799711
2020-07-26 17:28:56: Processing Source: D:/Reference/housemodel/data/ETL/T/python/20200725/ETL_04_FILL/portal inmobiliario.csv
2020-07-26 17:29:07: ETL_05_FEATURE_ENG End: 2020-07-26 17:29:07.449816
2020-07-26 17:29:07: ETL_05_FEATURE_ENG Total Execution Time: 10.650104522705078
2020-07-26 17:29:07: ETL_05_FEATURE_ENG Creating stats files for portal inmobiliario
2020-07-26 17:29:08: 	Info:		D:/Reference/housemodel/stats/ETL/20200725/ETL_05_FEATURE_ENG/portal inmobiliario/info.txt
2020-07-26 17:29:08: 	Describe:	D:/Reference/housemodel/stats/ETL/20200725/ETL_05_FEATURE_ENG/portal inmobiliario/describe.csv
2020-07-26 17:29:08: 	Nulls:		D:/Reference/housemodel/stats/ETL/20200725/ETL_05_FEATURE_ENG/portal inmobiliario/nulls.txt
2020-07-26 17:29:08: 	Ceros:		D:/Reference/housemodel/stats/ETL/20200725/ETL_05_FEATURE_ENG/portal inmobiliario/ceros.txt
2020-07-26 17:29:08: ETL_06_LOAD Start: 2020-07-26 17:29:08.131620
2020-07-26 17:29:10: Connection Open OK
2020-07-26 17:29:10: houses_v2 table Exists
2020-07-26 17:29:10: Processing Source: D:/Reference/housemodel/data/ETL/T/python/20200725/ETL_05_FEATURE_ENG/portal inmobiliario.csv
2020-07-26 17:29:10: loadCsv input: D:/Reference/housemodel/data/ETL/T/python/20200725/ETL_05_FEATURE_ENG/portal inmobiliario.csv
2020-07-26 17:29:18: updateSnap executing:  
    UPDATE houses_v2 
    SET "UPDATED_DT"=NOW(), "STAGE"='out' 
    WHERE "LINK" IN 
      ( SELECT A."LINK"
        FROM      (SELECT * FROM houses_v2 WHERE "SNAP_DT" < 20200725) A
        LEFT JOIN (SELECT * FROM houses_v2 WHERE "SNAP_DT" = 20200725) B
        ON A."LINK" = B."LINK"
        WHERE b IS NULL);
2020-07-26 17:29:18: Connection Closed OK
2020-07-26 17:29:18: ETL_06_LOAD End: 2020-07-26 17:29:18.912279
2020-07-26 17:29:18: ETL_06_LOAD Total Execution Time: 10.780659437179565
2020-07-26 17:29:18: ETL End: 2020-07-26 17:29:18.922253
2020-07-26 17:29:18: ETL Total Execution Time: 164.89615416526794
