2020-07-26 17:23:22: ETL Start: 2020-07-26 17:23:22.940701
2020-07-26 17:23:22: Available Snapshots: 20200707 20200718 20200721 20200723 20200724 20200725
2020-07-26 17:23:22: Processing Snapshot: 20200718
2020-07-26 17:23:22: ETL_00_COLLECT Start: 2020-07-26 17:23:22.972616
2020-07-26 17:23:22: Processing Source: portal inmobiliario
2020-07-26 17:23:24: ETL_00_COLLECT Output Files: D:/Reference/housemodel/data/ETL/T/python/20200718/ETL_00_COLLECT/portal inmobiliario.csv
2020-07-26 17:23:24: ETL_00_COLLECT End: 2020-07-26 17:23:24.875331
2020-07-26 17:23:24: ETL_00_COLLECT Total Execution Time: 1.9027154445648193
2020-07-26 17:23:24: ETL_00_COLLECT Creating stats files for portal inmobiliario
2020-07-26 17:23:24: 	Info:		D:/Reference/housemodel/stats/ETL/20200718/ETL_00_COLLECT/portal inmobiliario/info.txt
2020-07-26 17:23:25: 	Describe:	D:/Reference/housemodel/stats/ETL/20200718/ETL_00_COLLECT/portal inmobiliario/describe.csv
2020-07-26 17:23:25: 	Nulls:		D:/Reference/housemodel/stats/ETL/20200718/ETL_00_COLLECT/portal inmobiliario/nulls.txt
2020-07-26 17:23:25: 	Ceros:		D:/Reference/housemodel/stats/ETL/20200718/ETL_00_COLLECT/portal inmobiliario/ceros.txt
2020-07-26 17:23:25: ETL_01_BUILD Start: 2020-07-26 17:23:25.171120
2020-07-26 17:23:25: Processing Source: D:/Reference/housemodel/data/ETL/T/python/20200718/ETL_00_COLLECT/portal inmobiliario.csv
2020-07-26 17:23:28: ETL_01_BUILD End: 2020-07-26 17:23:28.043736
2020-07-26 17:23:28: ETL_01_BUILD Total Execution Time: 2.8726155757904053
2020-07-26 17:23:28: ETL_01_BUILD Creating stats files for portal inmobiliario
2020-07-26 17:23:28: 	Info:		D:/Reference/housemodel/stats/ETL/20200718/ETL_01_BUILD/portal inmobiliario/info.txt
2020-07-26 17:23:28: 	Describe:	D:/Reference/housemodel/stats/ETL/20200718/ETL_01_BUILD/portal inmobiliario/describe.csv
2020-07-26 17:23:28: 	Nulls:		D:/Reference/housemodel/stats/ETL/20200718/ETL_01_BUILD/portal inmobiliario/nulls.txt
2020-07-26 17:23:28: 	Ceros:		D:/Reference/housemodel/stats/ETL/20200718/ETL_01_BUILD/portal inmobiliario/ceros.txt
2020-07-26 17:23:28: ETL_02_CLEAN Start: 2020-07-26 17:23:28.170398
2020-07-26 17:23:28: Processing Source: D:/Reference/housemodel/data/ETL/T/python/20200718/ETL_01_BUILD/portal inmobiliario.csv
2020-07-26 17:23:29: ETL_02_CLEAN End: 2020-07-26 17:23:29.873702
2020-07-26 17:23:29: ETL_02_CLEAN Total Execution Time: 1.7033038139343262
2020-07-26 17:23:29: ETL_02_CLEAN Creating stats files for portal inmobiliario
2020-07-26 17:23:29: 	Info:		D:/Reference/housemodel/stats/ETL/20200718/ETL_02_CLEAN/portal inmobiliario/info.txt
2020-07-26 17:23:29: 	Describe:	D:/Reference/housemodel/stats/ETL/20200718/ETL_02_CLEAN/portal inmobiliario/describe.csv
2020-07-26 17:23:29: 	Nulls:		D:/Reference/housemodel/stats/ETL/20200718/ETL_02_CLEAN/portal inmobiliario/nulls.txt
2020-07-26 17:23:30: 	Ceros:		D:/Reference/housemodel/stats/ETL/20200718/ETL_02_CLEAN/portal inmobiliario/ceros.txt
2020-07-26 17:23:30: ETL_03_FORMAT Start: 2020-07-26 17:23:30.006366
2020-07-26 17:23:30: Processing Source: D:/Reference/housemodel/data/ETL/T/python/20200718/ETL_02_CLEAN/portal inmobiliario.csv
2020-07-26 17:23:30: ETL_03_FORMAT End: 2020-07-26 17:23:30.169933
2020-07-26 17:23:30: ETL_03_FORMAT Total Execution Time: 0.16356682777404785
2020-07-26 17:23:30: ETL_03_FORMAT Creating stats files for portal inmobiliario
2020-07-26 17:23:30: 	Info:		D:/Reference/housemodel/stats/ETL/20200718/ETL_03_FORMAT/portal inmobiliario/info.txt
2020-07-26 17:23:30: 	Describe:	D:/Reference/housemodel/stats/ETL/20200718/ETL_03_FORMAT/portal inmobiliario/describe.csv
2020-07-26 17:23:30: 	Nulls:		D:/Reference/housemodel/stats/ETL/20200718/ETL_03_FORMAT/portal inmobiliario/nulls.txt
2020-07-26 17:23:30: 	Ceros:		D:/Reference/housemodel/stats/ETL/20200718/ETL_03_FORMAT/portal inmobiliario/ceros.txt
2020-07-26 17:23:30: ETL_04_FILL Start: 2020-07-26 17:23:30.294630
2020-07-26 17:23:30: Processing Source: D:/Reference/housemodel/data/ETL/T/python/20200718/ETL_03_FORMAT/portal inmobiliario.csv
2020-07-26 17:23:30: ETL_04_FILL End: 2020-07-26 17:23:30.431234
2020-07-26 17:23:30: ETL_04_FILL Total Execution Time: 0.13660359382629395
2020-07-26 17:23:30: ETL_04_FILL Creating stats files for portal inmobiliario
2020-07-26 17:23:30: 	Info:		D:/Reference/housemodel/stats/ETL/20200718/ETL_04_FILL/portal inmobiliario/info.txt
2020-07-26 17:23:30: 	Describe:	D:/Reference/housemodel/stats/ETL/20200718/ETL_04_FILL/portal inmobiliario/describe.csv
2020-07-26 17:23:30: 	Nulls:		D:/Reference/housemodel/stats/ETL/20200718/ETL_04_FILL/portal inmobiliario/nulls.txt
2020-07-26 17:23:30: 	Ceros:		D:/Reference/housemodel/stats/ETL/20200718/ETL_04_FILL/portal inmobiliario/ceros.txt
2020-07-26 17:23:30: ETL_05_FEATURE_ENG Start: 2020-07-26 17:23:30.558929
2020-07-26 17:23:30: Processing Source: D:/Reference/housemodel/data/ETL/T/python/20200718/ETL_04_FILL/portal inmobiliario.csv
2020-07-26 17:23:41: ETL_05_FEATURE_ENG End: 2020-07-26 17:23:41.749881
2020-07-26 17:23:41: ETL_05_FEATURE_ENG Total Execution Time: 11.19095253944397
2020-07-26 17:23:41: ETL_05_FEATURE_ENG Creating stats files for portal inmobiliario
2020-07-26 17:23:41: 	Info:		D:/Reference/housemodel/stats/ETL/20200718/ETL_05_FEATURE_ENG/portal inmobiliario/info.txt
2020-07-26 17:23:41: 	Describe:	D:/Reference/housemodel/stats/ETL/20200718/ETL_05_FEATURE_ENG/portal inmobiliario/describe.csv
2020-07-26 17:23:41: 	Nulls:		D:/Reference/housemodel/stats/ETL/20200718/ETL_05_FEATURE_ENG/portal inmobiliario/nulls.txt
2020-07-26 17:23:41: 	Ceros:		D:/Reference/housemodel/stats/ETL/20200718/ETL_05_FEATURE_ENG/portal inmobiliario/ceros.txt
2020-07-26 17:23:41: ETL_06_LOAD Start: 2020-07-26 17:23:41.925412
2020-07-26 17:23:44: Connection Open OK
2020-07-26 17:23:44: houses_v2 table Exists
2020-07-26 17:23:44: Processing Source: D:/Reference/housemodel/data/ETL/T/python/20200718/ETL_05_FEATURE_ENG/portal inmobiliario.csv
2020-07-26 17:23:44: loadCsv input: D:/Reference/housemodel/data/ETL/T/python/20200718/ETL_05_FEATURE_ENG/portal inmobiliario.csv
