2020-07-26 17:21:30: ETL Start: 2020-07-26 17:21:30.454351
2020-07-26 17:21:30: Available Snapshots: 20200707 20200718 20200721 20200723 20200724 20200725
2020-07-26 17:21:30: Processing Snapshot: 20200718
2020-07-26 17:21:30: ETL_00_COLLECT Start: 2020-07-26 17:21:30.476267
2020-07-26 17:21:30: Processing Source: portal inmobiliario
2020-07-26 17:21:32: ETL_00_COLLECT Output Files: D:/Reference/housemodel/data/ETL/T/python/20200718/ETL_00_COLLECT/portal inmobiliario.csv
2020-07-26 17:21:32: ETL_00_COLLECT End: 2020-07-26 17:21:32.266613
2020-07-26 17:21:32: ETL_00_COLLECT Total Execution Time: 1.790346384048462
2020-07-26 17:21:32: ETL_00_COLLECT Creating stats files for portal inmobiliario
2020-07-26 17:21:32: 	Info:		D:/Reference/housemodel/stats/ETL/20200718/ETL_00_COLLECT/portal inmobiliario/info.txt
2020-07-26 17:21:32: 	Describe:	D:/Reference/housemodel/stats/ETL/20200718/ETL_00_COLLECT/portal inmobiliario/describe.csv
2020-07-26 17:21:32: 	Nulls:		D:/Reference/housemodel/stats/ETL/20200718/ETL_00_COLLECT/portal inmobiliario/nulls.txt
2020-07-26 17:21:32: 	Ceros:		D:/Reference/housemodel/stats/ETL/20200718/ETL_00_COLLECT/portal inmobiliario/ceros.txt
2020-07-26 17:21:32: ETL_01_BUILD Start: 2020-07-26 17:21:32.496505
2020-07-26 17:21:32: Processing Source: D:/Reference/housemodel/data/ETL/T/python/20200718/ETL_00_COLLECT/portal inmobiliario.csv
2020-07-26 17:21:34: ETL_01_BUILD End: 2020-07-26 17:21:34.919802
2020-07-26 17:21:34: ETL_01_BUILD Total Execution Time: 2.4232962131500244
2020-07-26 17:21:34: ETL_01_BUILD Creating stats files for portal inmobiliario
2020-07-26 17:21:34: 	Info:		D:/Reference/housemodel/stats/ETL/20200718/ETL_01_BUILD/portal inmobiliario/info.txt
2020-07-26 17:21:35: 	Describe:	D:/Reference/housemodel/stats/ETL/20200718/ETL_01_BUILD/portal inmobiliario/describe.csv
2020-07-26 17:21:35: 	Nulls:		D:/Reference/housemodel/stats/ETL/20200718/ETL_01_BUILD/portal inmobiliario/nulls.txt
2020-07-26 17:21:35: 	Ceros:		D:/Reference/housemodel/stats/ETL/20200718/ETL_01_BUILD/portal inmobiliario/ceros.txt
2020-07-26 17:21:35: ETL_02_CLEAN Start: 2020-07-26 17:21:35.077483
2020-07-26 17:21:35: Processing Source: D:/Reference/housemodel/data/ETL/T/python/20200718/ETL_01_BUILD/portal inmobiliario.csv
2020-07-26 17:21:36: ETL_02_CLEAN End: 2020-07-26 17:21:36.836417
2020-07-26 17:21:36: ETL_02_CLEAN Total Execution Time: 1.7589340209960938
2020-07-26 17:21:36: ETL_02_CLEAN Creating stats files for portal inmobiliario
2020-07-26 17:21:36: 	Info:		D:/Reference/housemodel/stats/ETL/20200718/ETL_02_CLEAN/portal inmobiliario/info.txt
2020-07-26 17:21:36: 	Describe:	D:/Reference/housemodel/stats/ETL/20200718/ETL_02_CLEAN/portal inmobiliario/describe.csv
2020-07-26 17:21:36: 	Nulls:		D:/Reference/housemodel/stats/ETL/20200718/ETL_02_CLEAN/portal inmobiliario/nulls.txt
2020-07-26 17:21:36: 	Ceros:		D:/Reference/housemodel/stats/ETL/20200718/ETL_02_CLEAN/portal inmobiliario/ceros.txt
2020-07-26 17:21:36: ETL_03_FORMAT Start: 2020-07-26 17:21:36.964037
2020-07-26 17:21:36: Processing Source: D:/Reference/housemodel/data/ETL/T/python/20200718/ETL_02_CLEAN/portal inmobiliario.csv
2020-07-26 17:21:37: ETL_03_FORMAT End: 2020-07-26 17:21:37.131126
2020-07-26 17:21:37: ETL_03_FORMAT Total Execution Time: 0.16708946228027344
2020-07-26 17:21:37: ETL_03_FORMAT Creating stats files for portal inmobiliario
2020-07-26 17:21:37: 	Info:		D:/Reference/housemodel/stats/ETL/20200718/ETL_03_FORMAT/portal inmobiliario/info.txt
2020-07-26 17:21:37: 	Describe:	D:/Reference/housemodel/stats/ETL/20200718/ETL_03_FORMAT/portal inmobiliario/describe.csv
2020-07-26 17:21:37: 	Nulls:		D:/Reference/housemodel/stats/ETL/20200718/ETL_03_FORMAT/portal inmobiliario/nulls.txt
2020-07-26 17:21:37: 	Ceros:		D:/Reference/housemodel/stats/ETL/20200718/ETL_03_FORMAT/portal inmobiliario/ceros.txt
2020-07-26 17:21:37: ETL_04_FILL Start: 2020-07-26 17:21:37.290649
2020-07-26 17:21:37: Processing Source: D:/Reference/housemodel/data/ETL/T/python/20200718/ETL_03_FORMAT/portal inmobiliario.csv
2020-07-26 17:21:37: ETL_04_FILL End: 2020-07-26 17:21:37.476152
2020-07-26 17:21:37: ETL_04_FILL Total Execution Time: 0.18550324440002441
2020-07-26 17:21:37: ETL_04_FILL Creating stats files for portal inmobiliario
2020-07-26 17:21:37: 	Info:		D:/Reference/housemodel/stats/ETL/20200718/ETL_04_FILL/portal inmobiliario/info.txt
2020-07-26 17:21:37: 	Describe:	D:/Reference/housemodel/stats/ETL/20200718/ETL_04_FILL/portal inmobiliario/describe.csv
2020-07-26 17:21:37: 	Nulls:		D:/Reference/housemodel/stats/ETL/20200718/ETL_04_FILL/portal inmobiliario/nulls.txt
2020-07-26 17:21:37: 	Ceros:		D:/Reference/housemodel/stats/ETL/20200718/ETL_04_FILL/portal inmobiliario/ceros.txt
2020-07-26 17:21:37: ETL_05_FEATURE_ENG Start: 2020-07-26 17:21:37.615778
2020-07-26 17:21:37: Processing Source: D:/Reference/housemodel/data/ETL/T/python/20200718/ETL_04_FILL/portal inmobiliario.csv
2020-07-26 17:21:48: ETL_05_FEATURE_ENG End: 2020-07-26 17:21:48.426305
2020-07-26 17:21:48: ETL_05_FEATURE_ENG Total Execution Time: 10.810526371002197
2020-07-26 17:21:48: ETL_05_FEATURE_ENG Creating stats files for portal inmobiliario
2020-07-26 17:21:48: 	Info:		D:/Reference/housemodel/stats/ETL/20200718/ETL_05_FEATURE_ENG/portal inmobiliario/info.txt
2020-07-26 17:21:48: 	Describe:	D:/Reference/housemodel/stats/ETL/20200718/ETL_05_FEATURE_ENG/portal inmobiliario/describe.csv
2020-07-26 17:21:48: 	Nulls:		D:/Reference/housemodel/stats/ETL/20200718/ETL_05_FEATURE_ENG/portal inmobiliario/nulls.txt
2020-07-26 17:21:48: 	Ceros:		D:/Reference/housemodel/stats/ETL/20200718/ETL_05_FEATURE_ENG/portal inmobiliario/ceros.txt
2020-07-26 17:21:48: ETL_06_LOAD Start: 2020-07-26 17:21:48.600808
2020-07-26 17:21:50: Connection Open OK
2020-07-26 17:21:50: houses_v2 table does not Exists
2020-07-26 17:21:50: Processing Source: D:/Reference/housemodel/data/ETL/T/python/20200718/ETL_05_FEATURE_ENG/portal inmobiliario.csv
2020-07-26 17:21:50: loadCsv input: D:/Reference/housemodel/data/ETL/T/python/20200718/ETL_05_FEATURE_ENG/portal inmobiliario.csv
