2020-07-26 17:54:49: ETL Start: 2020-07-26 17:54:49.432549
2020-07-26 17:54:49: Available Snapshots: 20200707 20200718 20200721 20200723 20200724 20200725
2020-07-26 17:54:49: Processing Snapshot: 20200718
2020-07-26 17:54:49: ETL_00_COLLECT Start: 2020-07-26 17:54:49.447520
2020-07-26 17:54:49: Processing Source: portal inmobiliario
2020-07-26 17:54:50: ETL_00_COLLECT Output Files: D:/Reference/housemodel/data/ETL/T/python/20200718/ETL_00_COLLECT/portal inmobiliario.csv
2020-07-26 17:54:50: ETL_00_COLLECT End: 2020-07-26 17:54:50.979167
2020-07-26 17:54:50: ETL_00_COLLECT Total Execution Time: 1.531646966934204
2020-07-26 17:54:51: ETL_00_COLLECT Creating stats files for portal inmobiliario
2020-07-26 17:54:51: 	Info:		D:/Reference/housemodel/stats/ETL/20200718/ETL_00_COLLECT/portal inmobiliario/info.txt
2020-07-26 17:54:51: 	Describe:	D:/Reference/housemodel/stats/ETL/20200718/ETL_00_COLLECT/portal inmobiliario/describe.csv
2020-07-26 17:54:51: 	Nulls:		D:/Reference/housemodel/stats/ETL/20200718/ETL_00_COLLECT/portal inmobiliario/nulls.txt
2020-07-26 17:54:51: 	Ceros:		D:/Reference/housemodel/stats/ETL/20200718/ETL_00_COLLECT/portal inmobiliario/ceros.txt
2020-07-26 17:54:51: ETL_01_BUILD Start: 2020-07-26 17:54:51.138322
2020-07-26 17:54:51: Processing Source: D:/Reference/housemodel/data/ETL/T/python/20200718/ETL_00_COLLECT/portal inmobiliario.csv
2020-07-26 17:54:53: ETL_01_BUILD End: 2020-07-26 17:54:53.158288
2020-07-26 17:54:53: ETL_01_BUILD Total Execution Time: 2.019965410232544
2020-07-26 17:54:53: ETL_01_BUILD Creating stats files for portal inmobiliario
2020-07-26 17:54:53: 	Info:		D:/Reference/housemodel/stats/ETL/20200718/ETL_01_BUILD/portal inmobiliario/info.txt
2020-07-26 17:54:53: 	Describe:	D:/Reference/housemodel/stats/ETL/20200718/ETL_01_BUILD/portal inmobiliario/describe.csv
2020-07-26 17:54:53: 	Nulls:		D:/Reference/housemodel/stats/ETL/20200718/ETL_01_BUILD/portal inmobiliario/nulls.txt
2020-07-26 17:54:53: 	Ceros:		D:/Reference/housemodel/stats/ETL/20200718/ETL_01_BUILD/portal inmobiliario/ceros.txt
2020-07-26 17:54:53: ETL_02_CLEAN Start: 2020-07-26 17:54:53.271526
2020-07-26 17:54:53: Processing Source: D:/Reference/housemodel/data/ETL/T/python/20200718/ETL_01_BUILD/portal inmobiliario.csv
2020-07-26 17:54:54: ETL_02_CLEAN End: 2020-07-26 17:54:54.741504
2020-07-26 17:54:54: ETL_02_CLEAN Total Execution Time: 1.469977617263794
2020-07-26 17:54:54: ETL_02_CLEAN Creating stats files for portal inmobiliario
2020-07-26 17:54:54: 	Info:		D:/Reference/housemodel/stats/ETL/20200718/ETL_02_CLEAN/portal inmobiliario/info.txt
2020-07-26 17:54:54: 	Describe:	D:/Reference/housemodel/stats/ETL/20200718/ETL_02_CLEAN/portal inmobiliario/describe.csv
2020-07-26 17:54:54: 	Nulls:		D:/Reference/housemodel/stats/ETL/20200718/ETL_02_CLEAN/portal inmobiliario/nulls.txt
2020-07-26 17:54:54: 	Ceros:		D:/Reference/housemodel/stats/ETL/20200718/ETL_02_CLEAN/portal inmobiliario/ceros.txt
2020-07-26 17:54:54: ETL_03_FORMAT Start: 2020-07-26 17:54:54.862197
2020-07-26 17:54:54: Processing Source: D:/Reference/housemodel/data/ETL/T/python/20200718/ETL_02_CLEAN/portal inmobiliario.csv
2020-07-26 17:54:55: ETL_03_FORMAT End: 2020-07-26 17:54:55.024746
2020-07-26 17:54:55: ETL_03_FORMAT Total Execution Time: 0.16254949569702148
2020-07-26 17:54:55: ETL_03_FORMAT Creating stats files for portal inmobiliario
2020-07-26 17:54:55: 	Info:		D:/Reference/housemodel/stats/ETL/20200718/ETL_03_FORMAT/portal inmobiliario/info.txt
2020-07-26 17:54:55: 	Describe:	D:/Reference/housemodel/stats/ETL/20200718/ETL_03_FORMAT/portal inmobiliario/describe.csv
2020-07-26 17:54:55: 	Nulls:		D:/Reference/housemodel/stats/ETL/20200718/ETL_03_FORMAT/portal inmobiliario/nulls.txt
2020-07-26 17:54:55: 	Ceros:		D:/Reference/housemodel/stats/ETL/20200718/ETL_03_FORMAT/portal inmobiliario/ceros.txt
2020-07-26 17:54:55: ETL_04_FILL Start: 2020-07-26 17:54:55.139492
2020-07-26 17:54:55: Processing Source: D:/Reference/housemodel/data/ETL/T/python/20200718/ETL_03_FORMAT/portal inmobiliario.csv
2020-07-26 17:54:55: ETL_04_FILL End: 2020-07-26 17:54:55.261880
2020-07-26 17:54:55: ETL_04_FILL Total Execution Time: 0.12238883972167969
2020-07-26 17:54:55: ETL_04_FILL Creating stats files for portal inmobiliario
2020-07-26 17:54:55: 	Info:		D:/Reference/housemodel/stats/ETL/20200718/ETL_04_FILL/portal inmobiliario/info.txt
2020-07-26 17:54:55: 	Describe:	D:/Reference/housemodel/stats/ETL/20200718/ETL_04_FILL/portal inmobiliario/describe.csv
2020-07-26 17:54:55: 	Nulls:		D:/Reference/housemodel/stats/ETL/20200718/ETL_04_FILL/portal inmobiliario/nulls.txt
2020-07-26 17:54:55: 	Ceros:		D:/Reference/housemodel/stats/ETL/20200718/ETL_04_FILL/portal inmobiliario/ceros.txt
2020-07-26 17:54:55: ETL_05_FEATURE_ENG Start: 2020-07-26 17:54:55.374611
2020-07-26 17:54:55: Processing Source: D:/Reference/housemodel/data/ETL/T/python/20200718/ETL_04_FILL/portal inmobiliario.csv
